"../../../licencjat/Content/StarterContent/Audio/Fire01.uasset" 0
"../../../licencjat/Content/StarterContent/Audio/Fire01_Cue.uasset" 1
"../../../licencjat/Content/StarterContent/Textures/T_Fire_SubUV.uasset" 2
"../../../licencjat/Content/StarterContent/Textures/T_Fire_Tiled_D.uasset" 3
"../../../licencjat/Content/StarterContent/Particles/Materials/M_Fire_SubUV.uasset" 4
"../../../licencjat/Content/StarterContent/Textures/T_Water_N.uasset" 5
"../../../licencjat/Content/StarterContent/Particles/Materials/M_Heat_Distortion.uasset" 6
"../../../Engine/Content/Functions/Engine_MaterialFunctions01/Gradient/RadialGradient.uasset" 7
"../../../licencjat/Content/StarterContent/Particles/Materials/M_Radial_Gradient.uasset" 8
"../../../licencjat/Content/StarterContent/Textures/T_Smoke_SubUV.uasset" 9
"../../../licencjat/Content/StarterContent/Textures/T_Smoke_Tiled_D.uasset" 10
"../../../licencjat/Content/StarterContent/Particles/Materials/M_smoke_subUV.uasset" 11
"../../../licencjat/Content/StarterContent/Particles/P_Fire.uasset" 12
"../../../licencjat/Content/StarterContent/Blueprints/Blueprint_Effect_Fire.uasset" 13
"../../../licencjat/Content/StarterContent/Audio/Smoke01.uasset" 14
"../../../licencjat/Content/StarterContent/Audio/Smoke01_Cue.uasset" 15
"../../../licencjat/Content/StarterContent/Particles/P_Smoke.uasset" 16
"../../../licencjat/Content/StarterContent/Blueprints/Blueprint_Effect_Smoke.uasset" 17
"../../../licencjat/Content/StarterContent/Audio/Fire_Sparks01.uasset" 18
"../../../licencjat/Content/StarterContent/Audio/Fire_Sparks01_Cue.uasset" 19
"../../../licencjat/Content/StarterContent/Textures/T_Spark_Core.uasset" 20
"../../../licencjat/Content/StarterContent/Particles/Materials/M_Spark.uasset" 21
"../../../licencjat/Content/StarterContent/Particles/P_Sparks.uasset" 22
"../../../licencjat/Content/StarterContent/Blueprints/Blueprint_Effect_Sparks.uasset" 23
"../../../licencjat/Content/StarterContent/Audio/Steam01.uasset" 24
"../../../licencjat/Content/StarterContent/Audio/Steam01_Cue.uasset" 25
"../../../licencjat/Content/StarterContent/Particles/P_Steam_Lit.uasset" 26
"../../../licencjat/Content/StarterContent/Blueprints/Blueprint_Effect_Steam.uasset" 27
"../../../Engine/Content/EditorBlueprintResources/StandardMacros.uasset" 28
"../../../Engine/Content/EngineSky/C_Sky_Cloud_Color.uasset" 29
"../../../Engine/Content/EngineSky/C_Sky_Horizon_Color.uasset" 30
"../../../Engine/Content/EngineSky/C_Sky_Zenith_Color.uasset" 31
"../../../Engine/Content/EngineSky/T_Sky_Blue.uasset" 32
"../../../Engine/Content/EngineSky/T_Sky_Clouds_M.uasset" 33
"../../../Engine/Content/EngineSky/T_Sky_Stars.uasset" 34
"../../../Engine/Content/EngineSky/SM_SkySphere.uasset" 35
"../../../Engine/Content/EngineSky/M_Sky_Panning_Clouds2.uasset" 36
"../../../Engine/Content/EngineSky/BP_Sky_Sphere.uasset" 37
"../../../licencjat/Content/StarterContent/Textures/T_Lamp_M.uasset" 38
"../../../licencjat/Content/StarterContent/Textures/T_Lamp_N.uasset" 39
"../../../licencjat/Content/StarterContent/Props/Materials/M_Lamp.uasset" 40
"../../../licencjat/Content/StarterContent/Props/SM_Lamp_Ceiling.uasset" 41
"../../../licencjat/Content/StarterContent/Blueprints/Blueprint_CeilingLight.uasset" 42
"../../../licencjat/Content/StarterContent/Props/SM_Lamp_Wall.uasset" 43
"../../../licencjat/Content/StarterContent/Blueprints/Blueprint_WallSconce.uasset" 44
"../../../Engine/Content/EngineFonts/RobotoDistanceField.uasset" 45
"../../../Engine/Content/Functions/Engine_MaterialFunctions03/Procedurals/ComputeFilterWidth.uasset" 46
"../../../Engine/Content/EngineMaterials/AntiAliasedTextMaterialTranslucent.uasset" 47
"../../../Engine/Content/Functions/Engine_MaterialFunctions01/Opacity/CameraDepthFade.uasset" 48
"../../../Engine/Content/EngineMaterials/T_Default_Material_Grid_M.uasset" 49
"../../../Engine/Content/EngineMaterials/T_Default_Material_Grid_N.uasset" 50
"../../../Engine/Content/EngineMaterials/WorldGridMaterial.uasset" 51
"../../../licencjat/Content/StarterContent/Textures/T_Brick_Clay_Beveled_D.uasset" 52
"../../../licencjat/Content/StarterContent/Textures/T_Brick_Clay_Beveled_M.uasset" 53
"../../../licencjat/Content/StarterContent/Textures/T_Brick_Clay_Beveled_N.uasset" 54
"../../../licencjat/Content/StarterContent/Textures/T_MacroVariation.uasset" 55
"../../../licencjat/Content/StarterContent/Materials/M_Brick_Clay_Beveled.uasset" 56
"../../../licencjat/Content/StarterContent/Textures/T_Brick_Clay_New_D.uasset" 57
"../../../licencjat/Content/StarterContent/Textures/T_Brick_Clay_New_M.uasset" 58
"../../../licencjat/Content/StarterContent/Textures/T_Brick_Clay_New_N.uasset" 59
"../../../licencjat/Content/StarterContent/Textures/T_Detail_Rocky_N.uasset" 60
"../../../licencjat/Content/StarterContent/Materials/M_Brick_Clay_New.uasset" 61
"../../../licencjat/Content/StarterContent/Textures/T_Brick_Clay_Old_D.uasset" 62
"../../../licencjat/Content/StarterContent/Textures/T_Brick_Clay_Old_N.uasset" 63
"../../../licencjat/Content/StarterContent/Textures/T_Perlin_Noise_M.uasset" 64
"../../../licencjat/Content/StarterContent/Materials/M_Brick_Clay_Old.uasset" 65
"../../../licencjat/Content/StarterContent/Textures/T_Brick_Cut_Stone_D.uasset" 66
"../../../licencjat/Content/StarterContent/Textures/T_Brick_Cut_Stone_N.uasset" 67
"../../../licencjat/Content/StarterContent/Materials/M_Brick_Cut_Stone.uasset" 68
"../../../licencjat/Content/StarterContent/Textures/T_Brick_Hewn_Stone_D.uasset" 69
"../../../licencjat/Content/StarterContent/Textures/T_Brick_Hewn_Stone_M.uasset" 70
"../../../licencjat/Content/StarterContent/Textures/T_Brick_Hewn_Stone_N.uasset" 71
"../../../licencjat/Content/StarterContent/Materials/M_Brick_Hewn_Stone.uasset" 72
"../../../licencjat/Content/StarterContent/Textures/T_Ceramic_Tile_M.uasset" 73
"../../../licencjat/Content/StarterContent/Textures/T_Ceramic_Tile_N.uasset" 74
"../../../licencjat/Content/StarterContent/Textures/T_Rock_Marble_Polished_D.uasset" 75
"../../../licencjat/Content/StarterContent/Materials/M_Ceramic_Tile_Checker.uasset" 76
"../../../licencjat/Content/StarterContent/Textures/T_CobbleStone_Pebble_D.uasset" 77
"../../../licencjat/Content/StarterContent/Textures/T_CobbleStone_Pebble_M.uasset" 78
"../../../licencjat/Content/StarterContent/Textures/T_CobbleStone_Pebble_N.uasset" 79
"../../../licencjat/Content/StarterContent/Materials/M_CobbleStone_Pebble.uasset" 80
"../../../licencjat/Content/StarterContent/Textures/T_CobbleStone_Rough_D.uasset" 81
"../../../licencjat/Content/StarterContent/Textures/T_CobbleStone_Rough_N.uasset" 82
"../../../licencjat/Content/StarterContent/Textures/T_Gradinet_01.uasset" 83
"../../../licencjat/Content/StarterContent/Textures/T_Rock_Smooth_Granite_D.uasset" 84
"../../../licencjat/Content/StarterContent/Materials/M_CobbleStone_Rough.uasset" 85
"../../../licencjat/Content/StarterContent/Textures/T_CobbleStone_Smooth_D.uasset" 86
"../../../licencjat/Content/StarterContent/Textures/T_CobbleStone_Smooth_M.uasset" 87
"../../../licencjat/Content/StarterContent/Textures/T_CobbleStone_Smooth_N.uasset" 88
"../../../licencjat/Content/StarterContent/Materials/M_CobbleStone_Smooth.uasset" 89
"../../../licencjat/Content/StarterContent/Textures/T_Concrete_Grime_D.uasset" 90
"../../../licencjat/Content/StarterContent/Textures/T_Metal_Rust_N.uasset" 91
"../../../licencjat/Content/StarterContent/Materials/M_Concrete_Grime.uasset" 92
"../../../licencjat/Content/StarterContent/Textures/T_Concrete_Panels_D.uasset" 93
"../../../licencjat/Content/StarterContent/Textures/T_Concrete_Panels_N.uasset" 94
"../../../licencjat/Content/StarterContent/Materials/M_Concrete_Panels.uasset" 95
"../../../licencjat/Content/StarterContent/Textures/T_Concrete_Poured_D.uasset" 96
"../../../licencjat/Content/StarterContent/Textures/T_Concrete_Poured_N.uasset" 97
"../../../licencjat/Content/StarterContent/Materials/M_Concrete_Poured.uasset" 98
"../../../licencjat/Content/StarterContent/Textures/T_Concrete_Tiles_D.uasset" 99
"../../../licencjat/Content/StarterContent/Textures/T_Concrete_Tiles_M.uasset" 100
"../../../licencjat/Content/StarterContent/Textures/T_Concrete_Tiles_N.uasset" 101
"../../../licencjat/Content/StarterContent/Textures/T_Concrete_Tiles_Variation_M.uasset" 102
"../../../licencjat/Content/StarterContent/Materials/M_Concrete_Tiles.uasset" 103
"../../../licencjat/Content/StarterContent/Textures/T_Ground_Grass_D.uasset" 104
"../../../licencjat/Content/StarterContent/Textures/T_Ground_Grass_N.uasset" 105
"../../../licencjat/Content/StarterContent/Materials/M_Ground_Grass.uasset" 106
"../../../licencjat/Content/StarterContent/Textures/T_Ground_Gravel_D.uasset" 107
"../../../licencjat/Content/StarterContent/Textures/T_Ground_Gravel_N.uasset" 108
"../../../licencjat/Content/StarterContent/Materials/M_Ground_Gravel.uasset" 109
"../../../licencjat/Content/StarterContent/Textures/T_ground_Moss_D.uasset" 110
"../../../licencjat/Content/StarterContent/Textures/T_Ground_Moss_N.uasset" 111
"../../../licencjat/Content/StarterContent/Materials/M_Ground_Moss.uasset" 112
"../../../licencjat/Content/StarterContent/Materials/M_Metal_Brushed_Nickel.uasset" 113
"../../../licencjat/Content/StarterContent/Textures/T_Metal_Aluminum_D.uasset" 114
"../../../licencjat/Content/StarterContent/Textures/T_Metal_Gold_N.uasset" 115
"../../../licencjat/Content/StarterContent/Materials/M_Metal_Burnished_Steel.uasset" 116
"../../../licencjat/Content/StarterContent/Materials/M_Metal_Chrome.uasset" 117
"../../../licencjat/Content/StarterContent/Textures/T_Metal_Copper_D.uasset" 118
"../../../licencjat/Content/StarterContent/Materials/M_Metal_Copper.uasset" 119
"../../../licencjat/Content/StarterContent/Textures/T_Metal_Gold_D.uasset" 120
"../../../licencjat/Content/StarterContent/Materials/M_Metal_Gold.uasset" 121
"../../../Engine/Content/Functions/Engine_MaterialFunctions02/Utility/BlendAngleCorrectedNormals.uasset" 122
"../../../licencjat/Content/StarterContent/Textures/T_Metal_Rust_D.uasset" 123
"../../../licencjat/Content/StarterContent/Materials/M_Metal_Rust.uasset" 124
"../../../licencjat/Content/StarterContent/Textures/T_Metal_Steel_D.uasset" 125
"../../../licencjat/Content/StarterContent/Textures/T_Metal_Steel_N.uasset" 126
"../../../licencjat/Content/StarterContent/Materials/M_Metal_Steel.uasset" 127
"../../../licencjat/Content/StarterContent/Textures/T_Rock_Basalt_D.uasset" 128
"../../../licencjat/Content/StarterContent/Textures/T_Rock_Basalt_N.uasset" 129
"../../../licencjat/Content/StarterContent/Materials/M_Rock_Basalt.uasset" 130
"../../../licencjat/Content/StarterContent/Materials/M_Rock_Marble_Polished.uasset" 131
"../../../licencjat/Content/StarterContent/Textures/T_Rock_Sandstone_D.uasset" 132
"../../../licencjat/Content/StarterContent/Textures/T_Rock_Sandstone_N.uasset" 133
"../../../licencjat/Content/StarterContent/Materials/M_Rock_Sandstone.uasset" 134
"../../../licencjat/Content/StarterContent/Textures/T_Rock_Slate_D.uasset" 135
"../../../licencjat/Content/StarterContent/Textures/T_Rock_Slate_N.uasset" 136
"../../../licencjat/Content/StarterContent/Materials/M_Rock_Slate.uasset" 137
"../../../licencjat/Content/StarterContent/Textures/T_Checker_Noise_M.uasset" 138
"../../../licencjat/Content/StarterContent/Textures/T_Single_Tile_N.uasset" 139
"../../../licencjat/Content/StarterContent/Textures/T_Tech_Dot_M.uasset" 140
"../../../licencjat/Content/StarterContent/Textures/T_Tech_Dot_N.uasset" 141
"../../../licencjat/Content/StarterContent/Materials/M_Tech_Checker_Dot.uasset" 142
"../../../licencjat/Content/StarterContent/Textures/T_Tech_Hex_Tile_M.uasset" 143
"../../../licencjat/Content/StarterContent/Textures/T_Tech_Hex_Tile_N.uasset" 144
"../../../licencjat/Content/StarterContent/Materials/M_Tech_Hex_Tile.uasset" 145
"../../../licencjat/Content/StarterContent/Materials/M_Tech_Hex_Tile_Pulse.uasset" 146
"../../../licencjat/Content/StarterContent/Textures/T_Tech_Panel_M.uasset" 147
"../../../licencjat/Content/StarterContent/Textures/T_Tech_Panel_N.uasset" 148
"../../../licencjat/Content/StarterContent/Materials/M_Tech_Panel.uasset" 149
"../../../licencjat/Content/StarterContent/Materials/M_Water_Lake.uasset" 150
"../../../licencjat/Content/StarterContent/Textures/T_Water_M.uasset" 151
"../../../licencjat/Content/StarterContent/Materials/M_Water_Ocean.uasset" 152
"../../../licencjat/Content/StarterContent/Textures/T_Wood_Floor_Walnut_D.uasset" 153
"../../../licencjat/Content/StarterContent/Textures/T_Wood_Floor_Walnut_M.uasset" 154
"../../../licencjat/Content/StarterContent/Textures/T_Wood_Floor_Walnut_N.uasset" 155
"../../../licencjat/Content/StarterContent/Materials/M_Wood_Floor_Walnut_Polished.uasset" 156
"../../../Engine/Content/Functions/Engine_MaterialFunctions01/Opacity/AlphaOffset.uasset" 157
"../../../licencjat/Content/StarterContent/Materials/M_Wood_Floor_Walnut_Worn.uasset" 158
"../../../licencjat/Content/StarterContent/Textures/T_Wood_Oak_D.uasset" 159
"../../../licencjat/Content/StarterContent/Textures/T_Wood_Oak_N.uasset" 160
"../../../licencjat/Content/StarterContent/Materials/M_Wood_Oak.uasset" 161
"../../../licencjat/Content/StarterContent/Textures/T_Wood_Pine_D.uasset" 162
"../../../licencjat/Content/StarterContent/Textures/T_Wood_Pine_N.uasset" 163
"../../../licencjat/Content/StarterContent/Materials/M_Wood_Pine.uasset" 164
"../../../licencjat/Content/StarterContent/Textures/T_Wood_Walnut_D.uasset" 165
"../../../licencjat/Content/StarterContent/Textures/T_Wood_Walnut_N.uasset" 166
"../../../licencjat/Content/StarterContent/Materials/M_Wood_Walnut.uasset" 167
"../../../licencjat/Content/StarterContent/Textures/T_Chair_M.uasset" 168
"../../../licencjat/Content/StarterContent/Textures/T_Chair_N.uasset" 169
"../../../licencjat/Content/StarterContent/Props/Materials/M_Chair.uasset" 170
"../../../licencjat/Content/StarterContent/Materials/M_Basic_Floor.uasset" 171
"../../../licencjat/Content/StarterContent/Architecture/Floor_400x400.uasset" 172
"../../../licencjat/Content/StarterContent/Materials/M_Basic_Wall.uasset" 173
"../../../licencjat/Content/StarterContent/Architecture/Wall_400x200.uasset" 174
"../../../licencjat/Content/StarterContent/Architecture/Wall_Door_400x300.uasset" 175
"../../../licencjat/Content/StarterContent/Architecture/Wall_Window_400x300.uasset" 176
"../../../licencjat/Content/StarterContent/Audio/Collapse01.uasset" 177
"../../../licencjat/Content/StarterContent/Audio/Collapse02.uasset" 178
"../../../licencjat/Content/StarterContent/Audio/Collapse_Cue.uasset" 179
"../../../licencjat/Content/StarterContent/Audio/Starter_Birds01.uasset" 180
"../../../licencjat/Content/StarterContent/Audio/Starter_Wind05.uasset" 181
"../../../licencjat/Content/StarterContent/Audio/Starter_Wind06.uasset" 182
"../../../licencjat/Content/StarterContent/Audio/Starter_Background_Cue.uasset" 183
"../../../licencjat/Content/StarterContent/Audio/Starter_Music01.uasset" 184
"../../../licencjat/Content/StarterContent/Audio/Starter_Music_Cue.uasset" 185
"../../../licencjat/Content/StarterContent/Textures/T_Dust_Particle_D.uasset" 186
"../../../licencjat/Content/StarterContent/Particles/Materials/M_Dust_Particle.uasset" 187
"../../../licencjat/Content/StarterContent/Particles/P_Ambient_Dust.uasset" 188
"../../../licencjat/Content/StarterContent/Props/MaterialSphere.uasset" 189
"../../../licencjat/Content/StarterContent/Props/SM_Chair.uasset" 190
"../../../licencjat/Content/StarterContent/Textures/T_Frame_M.uasset" 191
"../../../licencjat/Content/StarterContent/Textures/T_Frame_N.uasset" 192
"../../../licencjat/Content/StarterContent/Props/Materials/M_Frame.uasset" 193
"../../../licencjat/Content/StarterContent/Props/SM_CornerFrame.uasset" 194
"../../../licencjat/Content/StarterContent/Props/SM_DoorFrame.uasset" 195
"../../../licencjat/Content/StarterContent/Materials/M_Glass.uasset" 196
"../../../licencjat/Content/StarterContent/Props/SM_GlassWindow.uasset" 197
"../../../licencjat/Content/StarterContent/Props/SM_PillarFrame.uasset" 198
"../../../licencjat/Content/StarterContent/Props/SM_PillarFrame300.uasset" 199
"../../../licencjat/Content/StarterContent/Textures/T_Statue_M.uasset" 200
"../../../licencjat/Content/StarterContent/Textures/T_Statue_N.uasset" 201
"../../../licencjat/Content/StarterContent/Props/Materials/M_Statue.uasset" 202
"../../../licencjat/Content/StarterContent/Props/Materials/M_StatueGlass.uasset" 203
"../../../licencjat/Content/StarterContent/Props/SM_Statue.uasset" 204
"../../../licencjat/Content/StarterContent/Textures/T_TableRound_M.uasset" 205
"../../../licencjat/Content/StarterContent/Textures/T_TableRound_N.uasset" 206
"../../../licencjat/Content/StarterContent/Props/Materials/M_TableRound.uasset" 207
"../../../licencjat/Content/StarterContent/Props/SM_TableRound.uasset" 208
"../../../licencjat/Content/StarterContent/Props/SM_WindowFrame.uasset" 209
"../../../licencjat/Content/StarterContent/Shapes/Shape_Cube.uasset" 210
"../../../licencjat/Content/StarterContent/Shapes/Shape_QuadPyramid.uasset" 211
"../../../licencjat/Content/StarterContent/Shapes/Shape_Sphere.uasset" 212
"../../../licencjat/Content/StarterContent/Maps/StarterMap.umap" 213
"../../../licencjat/Content/Character/CharacterMaterial.uasset" 214
"../../../licencjat/Content/Character/CharacterMaterial_Inst.uasset" 215
"../../../licencjat/Content/Character/SK_Mannequin_PhysicsAsset.uasset" 216
"../../../licencjat/Content/Character/SK_Mannequin.uasset" 217
"../../../licencjat/Content/Character/SK_Mannequin_Skeleton.uasset" 218
"../../../licencjat/Content/Character/Animations/ClimbLedgePlaceHolder.uasset" 219
"../../../licencjat/Content/Character/Animations/ClimbLedgePlaceHolder_Montage.uasset" 220
"../../../licencjat/Content/Character/Animations/LedgeGrabPlaceHolder.uasset" 221
"../../../licencjat/Content/Character/Animations/ThirdPersonJump_End.uasset" 222
"../../../licencjat/Content/Character/Animations/ThirdPersonJump_Loop.uasset" 223
"../../../licencjat/Content/Character/Animations/ThirdPersonJump_Start.uasset" 224
"../../../licencjat/Content/Character/Animations/ThirdPersonIdle.uasset" 225
"../../../licencjat/Content/Character/Animations/ThirdPersonRun.uasset" 226
"../../../licencjat/Content/Character/Animations/ThirdPersonWalk.uasset" 227
"../../../licencjat/Content/Character/Animations/idle_walk_run.uasset" 228
"../../../licencjat/Content/Character/CharMoveInterface.uasset" 229
"../../../licencjat/Content/Character/CharacterAnimBP.uasset" 230
"../../../licencjat/Content/User_Interface/Game_menu/In_Game_Menu.uasset" 231
"../../../licencjat/Content/Character/CharacterBP.uasset" 232
"../../../licencjat/Content/Character/MyGame.uasset" 233
"../../../Engine/Content/BasicShapes/Cube.uasset" 234
"../../../Engine/Content/EngineMaterials/DefaultPhysicalMaterial.uasset" 235
"../../../licencjat/Content/StarterContent/Maps/Minimal_Default.umap" 236
"../../../licencjat/Content/StarterContent/Blueprints/MenuBP.uasset" 237
"../../../licencjat/Content/StarterContent/Maps/MainMenu.umap" 238
"../../../licencjat/Content/StarterContent/Blueprints/BP_Death_Floor.uasset" 239
"../../../licencjat/Content/StarterContent/Blueprints/BP_Door.uasset" 240
"../../../licencjat/Content/Land_assets/Material_001.uasset" 241
"../../../licencjat/Content/Land_assets/Column.uasset" 242
"../../../licencjat/Content/StarterContent/Maps/Level01.umap" 243
"../../../Engine/Content/Functions/MaterialLayerFunctions/MatLayerBlend_AO.uasset" 244
"../../../Engine/Content/Functions/MaterialLayerFunctions/MatLayerBlend_NormalBlend.uasset" 245
"../../../Engine/Content/Functions/MaterialLayerFunctions/MatLayerBlend_Simple.uasset" 246
"../../../licencjat/Content/AnimStarterPack/UE4_Mannequin/Materials/MaterialLayers/T_ML_Rubber_Blue_01_D.uasset" 247
"../../../licencjat/Content/AnimStarterPack/UE4_Mannequin/Materials/MaterialLayers/T_ML_Rubber_Blue_01_N.uasset" 248
"../../../licencjat/Content/AnimStarterPack/UE4_Mannequin/Materials/MaterialLayers/ML_GlossyBlack_Latex_UE4.uasset" 249
"../../../licencjat/Content/AnimStarterPack/UE4_Mannequin/Materials/MaterialLayers/ML_Plastic_Shiny_Beige.uasset" 250
"../../../licencjat/Content/AnimStarterPack/UE4_Mannequin/Textures/UE4_LOGO_CARD.uasset" 251
"../../../licencjat/Content/AnimStarterPack/UE4_Mannequin/Materials/MaterialLayers/ML_Plastic_Shiny_Beige_LOGO.uasset" 252
"../../../licencjat/Content/AnimStarterPack/UE4_Mannequin/Materials/MaterialLayers/T_ML_Aluminum01.uasset" 253
"../../../licencjat/Content/AnimStarterPack/UE4_Mannequin/Materials/MaterialLayers/T_ML_Aluminum01_N.uasset" 254
"../../../licencjat/Content/AnimStarterPack/UE4_Mannequin/Materials/MaterialLayers/ML_SoftMetal_UE4.uasset" 255
"../../../licencjat/Content/AnimStarterPack/UE4_Mannequin/Textures/UE4_Mannequin__normals.uasset" 256
"../../../licencjat/Content/AnimStarterPack/UE4_Mannequin/Textures/UE4_Mannequin_MAT_MASKA.uasset" 257
"../../../licencjat/Content/AnimStarterPack/UE4_Mannequin/Textures/UE4_Mannequin_occlusion_Mobile.uasset" 258
"../../../licencjat/Content/AnimStarterPack/UE4_Mannequin/Materials/M_UE4Man_Body.uasset" 259
"../../../licencjat/Content/AnimStarterPack/UE4_Mannequin/Textures/UE4Man_Logo_N.uasset" 260
"../../../licencjat/Content/AnimStarterPack/UE4_Mannequin/Materials/M_UE4Man_ChestLogo.uasset" 261
"../../../licencjat/Content/AnimStarterPack/UE4_Mannequin/Mesh/SK_Mannequin_PhysicsAsset.uasset" 262
"../../../licencjat/Content/AnimStarterPack/UE4_Mannequin/Mesh/SK_Mannequin.uasset" 263
"../../../licencjat/Content/AnimStarterPack/UE4_Mannequin/Mesh/UE4_Mannequin_Skeleton.uasset" 264
"../../../licencjat/Content/AnimStarterPack/Crouch_Idle_Rifle_Hip.uasset" 265
"../../../licencjat/Content/AnimStarterPack/Crouch_Idle_Rifle_Ironsights.uasset" 266
"../../../licencjat/Content/AnimStarterPack/Crouch_Walk_Fwd_Rifle_Ironsights.uasset" 267
"../../../licencjat/Content/AnimStarterPack/Equip_Pistol_Standing.uasset" 268
"../../../licencjat/Content/AnimStarterPack/Fire_Rifle_Ironsights.uasset" 269
"../../../licencjat/Content/AnimStarterPack/Hit_React_1.uasset" 270
"../../../licencjat/Content/AnimStarterPack/Hit_React_2.uasset" 271
"../../../licencjat/Content/AnimStarterPack/Hit_React_3.uasset" 272
"../../../licencjat/Content/AnimStarterPack/Idle_Rifle_Hip_Break1.uasset" 273
"../../../licencjat/Content/AnimStarterPack/Idle_Rifle_Hip_Break2.uasset" 274
"../../../licencjat/Content/AnimStarterPack/Reload_Rifle_Hip.uasset" 275
"../../../licencjat/Content/AnimStarterPack/Walk_Fwd_Rifle_Ironsights.uasset" 276
"../../../Engine/Content/TemplateResources/M_Template_Master.uasset" 277
"../../../Engine/Content/TemplateResources/MI_Template_BaseGray_03_Metal.uasset" 278
"../../../licencjat/Content/AnimStarterPack/Showcase.umap" 279
"../../../Engine/Content/EngineMaterials/DefaultMaterial.uasset" 280
"../../../Engine/Content/EngineMaterials/DefaultDiffuse.uasset" 281
"../../../Engine/Content/EngineMaterials/DefaultNormal.uasset" 282
"../../../Engine/Content/Maps/Entry.umap" 283
"../../../licencjat/Content/StarterContent/Blueprints/Assets/FogBrightnessLUT.uasset" 284
"../../../licencjat/Content/StarterContent/Blueprints/Assets/SunlightColorLUT.uasset" 285
"../../../licencjat/Content/StarterContent/Blueprints/Assets/M_LightStage_Arrows.uasset" 286
"../../../Engine/Content/MapTemplates/Sky/DaylightAmbientCubemap.uasset" 287
"../../../licencjat/Content/StarterContent/Blueprints/Assets/M_LightStage_Skybox_Master.uasset" 288
"../../../licencjat/Content/StarterContent/Blueprints/Assets/M_LightStage_Skybox_Black.uasset" 289
"../../../licencjat/Content/StarterContent/Blueprints/Assets/M_LightStage_Skybox_HDRI.uasset" 290
"../../../Engine/Content/EditorMaterials/Thumbnails/SkySphereMaterial.uasset" 291
"../../../licencjat/Content/StarterContent/Blueprints/Assets/Skybox.uasset" 292
"../../../licencjat/Content/StarterContent/Blueprints/Assets/SM_Arrows.uasset" 293
"../../../licencjat/Content/StarterContent/HDRI/HDRI_Epic_Courtyard_Daylight.uasset" 294
"../../../licencjat/Content/StarterContent/Blueprints/BP_LightStudio.uasset" 295
"../../../licencjat/Content/StarterContent/Materials/M_AssetPlatform.uasset" 296
"../../../Engine/Content/EditorMeshes/ColorCalibrator/M_ChromeBall.uasset" 297
"../../../Engine/Content/EditorMeshes/ColorCalibrator/M_ClearCoat.uasset" 298
"../../../Engine/Content/EditorMeshes/ColorCalibrator/M_ClearCoatBlack.uasset" 299
"../../../Engine/Content/EditorMeshes/ColorCalibrator/T_ColorGrid.uasset" 300
"../../../Engine/Content/EditorMeshes/ColorCalibrator/M_ColorGrid.uasset" 301
"../../../Engine/Content/EditorMeshes/ColorCalibrator/M_GreyBall.uasset" 302
"../../../Engine/Content/EditorMeshes/ColorCalibrator/SM_ColorCalibrator.uasset" 303
"../../../licencjat/Content/StarterContent/Architecture/SM_AssetPlatform.uasset" 304
"../../../licencjat/Content/StarterContent/Maps/Advanced_Lighting.umap" 305
"../../../Engine/Content/EngineFonts/Roboto.uasset" 306
"../../../Engine/Content/Functions/Engine_MaterialFunctions01/Shading/PowerToRoughness.uasset" 307
"../../../Engine/Content/Functions/Engine_MaterialFunctions01/Shading/ConvertFromDiffSpec.uasset" 308
"../../../Engine/Content/EngineMaterials/DefaultDeferredDecalMaterial.uasset" 309
"../../../Engine/Content/EngineMaterials/DefaultLightFunctionMaterial.uasset" 310
"../../../Engine/Content/Functions/Engine_MaterialFunctions02/Utility/BreakOutFloat2Components.uasset" 311
"../../../Engine/Content/EngineMaterials/DefaultPostProcessMaterial.uasset" 312
"../../../Engine/Content/EngineResources/DefaultTexture.uasset" 313
"../../../Engine/Content/Functions/Engine_MaterialFunctions02/Texturing/ScreenAlignedUVs.uasset" 314
"../../../Engine/Content/EngineResources/WhiteSquareTexture.uasset" 315
"../../../Engine/Content/EngineMaterials/Widget3DPassThrough.uasset" 316
"../../../Engine/Content/EngineMaterials/Widget3DPassThrough_Translucent.uasset" 317
"../../../Engine/Content/EngineMaterials/Widget3DPassThrough_Translucent_OneSided.uasset" 318
"../../../Engine/Content/EngineMaterials/Widget3DPassThrough_Opaque.uasset" 319
"../../../Engine/Content/EngineMaterials/Widget3DPassThrough_Opaque_OneSided.uasset" 320
"../../../Engine/Content/EngineMaterials/Widget3DPassThrough_Masked.uasset" 321
"../../../Engine/Content/EngineMaterials/Widget3DPassThrough_Masked_OneSided.uasset" 322
"../../../Engine/Content/EditorResources/S_Actor.uasset" 323
"../../../Engine/Content/Maps/Templates/Thumbnails/Default.uasset" 324
"../../../Engine/Content/EditorMaterials/ParticleSystems/PSysThumbnail_NoImage.uasset" 325
"../../../Engine/Content/EditorMaterials/ParticleSystems/PSysThumbnail_OOD.uasset" 326
"../../../Engine/Content/EditorLandscapeResources/DataLayer.uasset" 327
"../../../Engine/Content/EngineDamageTypes/DmgTypeBP_Environmental.uasset" 328
"../../../Engine/Content/EngineMeshes/Sphere.uasset" 329
"../../../Engine/Content/EngineMaterials/DefaultTextMaterialOpaque.uasset" 330
"../../../Engine/Content/EditorResources/S_Trigger.uasset" 331
"../../../Engine/Content/EngineResources/GradientTexture0.uasset" 332
"../../../Engine/Content/EngineResources/Black.uasset" 333
"../../../Engine/Content/EditorMaterials/MatineeGroups/MAT_Groups_Float.uasset" 334
"../../../Engine/Content/EditorMaterials/MatineeGroups/MAT_Groups_Director.uasset" 335
"../../../Engine/Content/EditorMaterials/MatineeGroups/MAT_Groups_Event.uasset" 336
"../../../Engine/Content/EditorMaterials/MatineeGroups/MAT_Groups_Anim.uasset" 337
"../../../Engine/Content/EditorMaterials/MatineeGroups/MAT_Groups_Fade.uasset" 338
"../../../Engine/Content/EditorMaterials/MatineeGroups/MAT_Groups_Move.uasset" 339
"../../../Engine/Content/EditorMaterials/MatineeGroups/MAT_Groups_Slomo.uasset" 340
"../../../Engine/Content/EditorMaterials/MatineeGroups/MAT_ColorTrack.uasset" 341
"../../../Engine/Content/EditorMaterials/MAT_Groups_Toggle.uasset" 342
"../../../Engine/Content/EditorMaterials/MatineeGroups/MAT_Groups_AudioMaster.uasset" 343
"../../../Engine/Content/EditorMaterials/MatineeGroups/MAT_Groups_Sound.uasset" 344
"../../../Engine/Content/EditorMaterials/MatineeGroups/MAT_Groups_Vector.uasset" 345
"../../../Engine/Content/EditorMaterials/MAT_Groups_Visibility.uasset" 346
"../../../Engine/Content/EngineResources/DefaultTextureCube.uasset" 347
"../../../Engine/Content/EngineMeshes/Cylinder.uasset" 348
"../../../Engine/Content/EngineTireTypes/DefaultTireType.uasset" 349
"../../../Engine/Content/EngineResources/AICON-Red.uasset" 350
"../../../Engine/Content/EngineResources/AICON-Green.uasset" 351
"../../../Engine/Content/Tutorial/Basics/TutorialAssets/icon_tab_Levels_40x.uasset" 352
"../../../Engine/Content/Tutorial/Basics/LevelEditorOverview.uasset" 353
"../../../Engine/Content/Tutorial/Basics/LevelEditorAttract.uasset" 354
"../../../Engine/Content/Tutorial/Foliage/TutorialAssets/Foliage.uasset" 355
"../../../Engine/Content/Tutorial/Foliage/Foliage_Settings_Tutorial.uasset" 356
"../../../Engine/Content/Tutorial/Foliage/Foliage_Using_The_Tool_Tutorial.uasset" 357
"../../../Engine/Content/Tutorial/Foliage/Foliage_Intro_Tutorial.uasset" 358
"../../../Engine/Content/Tutorial/SubEditors/TutorialAssets/icon_ShowSkeletalMeshes_40x.uasset" 359
"../../../Engine/Content/Tutorial/SubEditors/TutorialAssets/Character/TutorialTPP_Mat.uasset" 360
"../../../Engine/Content/Tutorial/SubEditors/TutorialAssets/Character/TutorialTPP_PhysicsAsset.uasset" 361
"../../../Engine/Content/Tutorial/SubEditors/TutorialAssets/Character/TutorialTPP.uasset" 362
"../../../Engine/Content/Tutorial/SubEditors/TutorialAssets/Character/TutorialTPP_Skeleton.uasset" 363
"../../../Engine/Content/Tutorial/SubEditors/TutorialAssets/Character/Tutorial_Idle.uasset" 364
"../../../Engine/Content/Tutorial/SubEditors/TutorialAssets/Character/Tutorial_Walk_Fwd.uasset" 365
"../../../Engine/Content/Tutorial/SubEditors/TutorialAssets/Character/NewBlendSpace1D.uasset" 366
"../../../Engine/Content/Tutorial/SubEditors/TutorialAssets/Character/TutorialCharacter.uasset" 367
"../../../Engine/Content/Tutorial/SubEditors/TutorialAssets/Character/TutorialTPP_AnimBlueprint.uasset" 368
"../../../Engine/Content/Tutorial/SubEditors/PersonaAnimBlueprintEditorWalkthrough.uasset" 369
"../../../Engine/Content/Tutorial/SubEditors/PersonaAnimEditorWalkThrough.uasset" 370
"../../../Engine/Content/Tutorial/ContentIntroCurve.uasset" 371
"../../../Engine/Plugins/2D/Paper2D/Content/PlaceholderTextures/DummySpriteTexture.uasset" 372
"../../../Engine/Plugins/2D/Paper2D/Content/DefaultSpriteMaterial.uasset" 373
"../../../Engine/Plugins/2D/Paper2D/Content/MaskedUnlitSpriteMaterial.uasset" 374
"../../../Engine/Plugins/2D/Paper2D/Content/OpaqueUnlitSpriteMaterial.uasset" 375
"../../../Engine/Plugins/2D/Paper2D/Content/DummySpriteTexture.uasset" 376
"../../../Engine/Plugins/2D/Paper2D/Content/DummySprite.uasset" 377
"../../../Engine/Plugins/2D/Paper2D/Content/DefaultPaperTerrainMaterial.uasset" 378
"../../../Engine/Plugins/Runtime/LeapMotionController/Content/LM_CapsuleMesh.uasset" 379
"../../../Engine/Plugins/Runtime/LeapMotionController/Content/LM_TorusMesh.uasset" 380
"../../../Engine/Plugins/Runtime/LeapMotionController/Content/LM_HandColor.uasset" 381
"../../../Engine/Plugins/Runtime/LeapMotionController/Content/LM_SampleDistortion.uasset" 382
"../../../Engine/Plugins/Runtime/LeapMotionController/Content/LM_TestTexture.uasset" 383
"../../../Engine/Plugins/Runtime/LeapMotionController/Content/LM_PassthroughMaterial.uasset" 384
"../../../Engine/Content/EngineMaterials/RemoveSurfaceMaterial.uasset" 385
"../../../Engine/Content/EngineDebugMaterials/DebugMeshMaterial.uasset" 386
"../../../Engine/Content/EngineMaterials/InvalidLightmapSettings.uasset" 387
"../../../Engine/Content/EngineMaterials/M_InvalidLightmapSettings.uasset" 388
"../../../Engine/Content/EditorMaterials/GizmoMaterial.uasset" 389
"../../../Engine/Content/EngineMaterials/Good64x64TilingNoiseHighFreq.uasset" 390
"../../../Engine/Content/EngineMaterials/DefaultBokeh.uasset" 391
"../../../Engine/Content/EngineMaterials/PreintegratedSkinBRDF.uasset" 392
"../../../Engine/Content/EngineMaterials/MiniFont.uasset" 393
"../../../Engine/Content/EngineMaterials/WeightMapPlaceholderTexture.uasset" 394
"../../../Engine/Content/EngineMaterials/DefaultWhiteGrid.uasset" 395
"../../../Engine/Content/EngineFonts/RobotoTiny.uasset" 396
"../../../licencjat/Content/StarterContent/Shapes/Shape_Wedge_B.uasset" 397
"../../../licencjat/Content/StarterContent/Shapes/Shape_WideCapsule.uasset" 398
"../../../licencjat/Content/StarterContent/Shapes/Shape_Wedge_A.uasset" 399
"../../../Engine/Content/MobileResources/HUD/MobileHUDDirectionPad2.uasset" 400
"../../../Engine/Content/MobileResources/HUD/MobileHUDDirectionPad3.uasset" 401
"../../../Engine/Content/MobileResources/HUD/MobileHUDButton1_off.uasset" 402
"../../../Engine/Content/MobileResources/HUD/MobileHUDDirectionStick.uasset" 403
"../../../licencjat/Content/AnimStarterPack/Walk_Rt_Rifle_Ironsights.uasset" 404
"../../../licencjat/Content/StarterContent/Shapes/Shape_Trim_90_In.uasset" 405
"../../../licencjat/Content/StarterContent/Shapes/Shape_Trim_90_Out.uasset" 406
"../../../licencjat/Content/StarterContent/Shapes/Shape_TriPyramid.uasset" 407
"../../../licencjat/Content/StarterContent/Shapes/Shape_Tube.uasset" 408
"../../../Engine/Content/MobileResources/HUD/MobileHUDButtonFire.uasset" 409
"../../../Engine/Content/EditorResources/LightIcons/S_LightError.uasset" 410
"../../../Engine/Content/EditorResources/EmptyActor.uasset" 411
"../../../Engine/Content/MobileResources/HUD/MobileHUDButton3.uasset" 412
"../../../Engine/Content/MobileResources/HUD/T_Castle_ThumbstickOutter.uasset" 413
"../../../licencjat/Content/AnimStarterPack/Idle_Rifle_Ironsights.uasset" 414
"../../../Engine/Content/EditorMaterials/PhAT_JointLimitMaterial.uasset" 415
"../../../Engine/Content/EditorMaterials/PreviewShadowIndicator.uasset" 416
"../../../Engine/Content/EditorMaterials/PreviewShadowIndicatorMaterial.uasset" 417
"../../../Engine/Content/EditorResources/BSPVertex.uasset" 418
"../../../Engine/Content/EditorResources/AudioIcons/S_AudioComponent.uasset" 419
"../../../Engine/Content/EditorResources/AudioIcons/S_AudioComponent_AutoActivate.uasset" 420
"../../../Engine/Content/EngineDebugMaterials/HeatmapGradient.uasset" 421
"../../../Engine/Content/EngineDebugMaterials/BoneWeightMaterial.uasset" 422
"../../../Engine/Content/EngineDebugMaterials/GeomMaterial.uasset" 423
"../../../Engine/Content/EngineMaterials/EditorBrushMaterial.uasset" 424
"../../../Engine/Content/MobileResources/T_MobileControls_texture.uasset" 425
"../../../Engine/Content/MobileResources/T_MobileMenu2.uasset" 426
"../../../Engine/Content/MobileResources/HUD/AnalogHat.uasset" 427
"../../../Engine/Content/MobileResources/HUD/VirtualJoystick_Background.uasset" 428
"../../../Engine/Content/MobileResources/HUD/VirtualJoystick_Thumb.uasset" 429
"../../../Engine/Content/MobileResources/HUD/DefaultVirtualJoysticks.uasset" 430
"../../../Engine/Content/MobileResources/HUD/LeftVirtualJoystickOnly.uasset" 431
"../../../Engine/Content/MobileResources/HUD/MobileHUDButton1_on.uasset" 432
"../../../Engine/Content/MobileResources/HUD/MobileHUDButton2_off.uasset" 433
"../../../Engine/Content/MobileResources/HUD/MobileHUDButton2_on.uasset" 434
"../../../Engine/Content/MobileResources/HUD/MobileHUDDirectionPad.uasset" 435
"../../../Engine/Content/MobileResources/HUD/T_Castle_ThumbstickInner.uasset" 436
"../../../Engine/Content/Tutorial/BlueprintTutorials/TutorialAssets/Blueprint_64x.uasset" 437
"../../../Engine/Content/Tutorial/BlueprintTutorials/BlueprintEditorTutorial.uasset" 438
"../../../Engine/Content/Tutorial/BlueprintTutorials/TutorialAssets/BlueprintInterface_64x.uasset" 439
"../../../Engine/Content/Tutorial/BlueprintTutorials/TutorialAssets/Tutorial_BP_Interface.uasset" 440
"../../../Engine/Content/Tutorial/BlueprintTutorials/BlueprintInterfacesEditorOverview.uasset" 441
"../../../Engine/Content/Tutorial/BlueprintTutorials/TutorialAssets/BlueprintMacroLibrary_64x.uasset" 442
"../../../Engine/Content/Tutorial/BlueprintTutorials/TutorialAssets/Tutorial_BP_MacroLib.uasset" 443
"../../../Engine/Content/Tutorial/BlueprintTutorials/BlueprintMacroLibrariesEditorOverview.uasset" 444
"../../../Engine/Content/Tutorial/BlueprintTutorials/LevelBlueprintEditorOverview.uasset" 445
"../../../Engine/Content/Tutorial/Landscape/TutorialAssets/Landscape.uasset" 446
"../../../Engine/Content/Tutorial/Landscape/Landscape_Painting_Mode.uasset" 447
"../../../Engine/Content/Tutorial/Landscape/Landscape_Sculpt_Mode.uasset" 448
"../../../Engine/Content/Tutorial/Landscape/Landscape_Manage_Mode.uasset" 449
"../../../Engine/Content/Tutorial/Paper2D/TutorialAssets/Paper2DFlipbook_TutorialIcon.uasset" 450
"../../../Engine/Content/Tutorial/Paper2D/FlipbookEditorTutorial.uasset" 451
"../../../Engine/Content/Tutorial/Paper2D/TutorialAssets/Paper2DSprite_TutorialIcon.uasset" 452
"../../../Engine/Content/Tutorial/Paper2D/SpriteEditorTutorial.uasset" 453
"../../../Engine/Content/EditorMeshes/EditorCube.uasset" 454
"../../../Engine/Content/Tutorial/SubEditors/TutorialAssets/Tutorial_DM.uasset" 455
"../../../Engine/Content/Tutorial/SubEditors/DestructibleMeshEditorTutorial.uasset" 456
"../../../Engine/Content/Tutorial/SubEditors/TutorialAssets/TutorialMaterial.uasset" 457
"../../../Engine/Content/Tutorial/SubEditors/MaterialEditorTutorial.uasset" 458
"../../../Engine/Content/Tutorial/SubEditors/TutorialAssets/T_SmokeSubUV_8X8.uasset" 459
"../../../Engine/Content/Tutorial/SubEditors/TutorialAssets/T_soft_smoke.uasset" 460
"../../../Engine/Content/Tutorial/SubEditors/TutorialAssets/M_smoke_subUV_blackbody.uasset" 461
"../../../Engine/Content/Tutorial/SubEditors/TutorialAssets/TutorialParticleSystem.uasset" 462
"../../../Engine/Content/Tutorial/SubEditors/ParticleSystemEditorTutorial.uasset" 463
"../../../Engine/Content/EngineMeshes/Cube.uasset" 464
"../../../Engine/Content/Tutorial/SubEditors/StaticMeshEditorTutorial.uasset" 465
"../../../Engine/Content/Tutorial/SubEditors/TutorialAssets/icon_Editor_Preferences_General_40x.uasset" 466
"../../../licencjat/Content/TriggerBox_Blueprint.uasset" 467
"../../../licencjat/Content/AnimStarterPack/Aim_Space_Hip.uasset" 468
"../../../licencjat/Content/AnimStarterPack/Aim_Space_Ironsights.uasset" 469
"../../../licencjat/Content/AnimStarterPack/Crouch_to_Stand_Rifle_Hip.uasset" 470
"../../../licencjat/Content/AnimStarterPack/Crouch_to_Stand_Rifle_Ironsights.uasset" 471
"../../../licencjat/Content/AnimStarterPack/Crouch_Walk_Bwd_Rifle_Ironsights.uasset" 472
"../../../licencjat/Content/AnimStarterPack/Crouch_Walk_Lt_Rifle_Ironsights.uasset" 473
"../../../licencjat/Content/AnimStarterPack/Crouch_Walk_Rt_Rifle_Ironsights.uasset" 474
"../../../licencjat/Content/AnimStarterPack/Death_1.uasset" 475
"../../../licencjat/Content/AnimStarterPack/Death_2.uasset" 476
"../../../licencjat/Content/AnimStarterPack/Death_3.uasset" 477
"../../../licencjat/Content/AnimStarterPack/Death_Ironsights_1.uasset" 478
"../../../licencjat/Content/AnimStarterPack/Death_Ironsights_2.uasset" 479
"../../../licencjat/Content/AnimStarterPack/Equip_Rifle_Standing.uasset" 480
"../../../licencjat/Content/AnimStarterPack/Fire_Rifle_Hip.uasset" 481
"../../../licencjat/Content/AnimStarterPack/Fire_Shotgun_Hip.uasset" 482
"../../../licencjat/Content/AnimStarterPack/Fire_Shotgun_Ironsights.uasset" 483
"../../../licencjat/Content/AnimStarterPack/Hit_React_4.uasset" 484
"../../../licencjat/Content/AnimStarterPack/Idle_Pistol.uasset" 485
"../../../licencjat/Content/AnimStarterPack/Jump_From_Stand_Ironsights.uasset" 486
"../../../licencjat/Content/AnimStarterPack/Prone_Death_1.uasset" 487
"../../../licencjat/Content/AnimStarterPack/Prone_Death_2.uasset" 488
"../../../licencjat/Content/AnimStarterPack/Prone_Fire_1.uasset" 489
"../../../licencjat/Content/AnimStarterPack/Prone_Fire_2.uasset" 490
"../../../licencjat/Content/AnimStarterPack/Prone_Idle.uasset" 491
"../../../licencjat/Content/AnimStarterPack/Prone_Reload_Rifle.uasset" 492
"../../../licencjat/Content/AnimStarterPack/Prone_Reload_Shotgun.uasset" 493
"../../../licencjat/Content/AnimStarterPack/Prone_To_Stand.uasset" 494
"../../../licencjat/Content/AnimStarterPack/Reload_Pistol.uasset" 495
"../../../licencjat/Content/AnimStarterPack/Reload_Rifle_Ironsights.uasset" 496
"../../../licencjat/Content/AnimStarterPack/Reload_Shotgun_Hip.uasset" 497
"../../../licencjat/Content/AnimStarterPack/Reload_Shotgun_Ironsights.uasset" 498
"../../../licencjat/Content/AnimStarterPack/Sprint_Fwd_Rifle.uasset" 499
"../../../licencjat/Content/AnimStarterPack/Stand_to_Crouch_Rifle_Hip.uasset" 500
"../../../licencjat/Content/AnimStarterPack/Stand_to_Crouch_Rifle_Ironsights.uasset" 501
"../../../licencjat/Content/AnimStarterPack/Stand_To_Prone.uasset" 502
"../../../licencjat/Content/AnimStarterPack/Walk_Bwd_Rifle_Ironsights.uasset" 503
"../../../licencjat/Content/AnimStarterPack/Walk_Lt_Rifle_Ironsights.uasset" 504
"../../../licencjat/Content/Character/Fbx_Default_Material_1.uasset" 505
"../../../licencjat/Content/Character/M_UE4Man_Body.uasset" 506
"../../../licencjat/Content/Character/Animations/MontageExample_End_1.uasset" 507
"../../../licencjat/Content/Character/Animations/MontageExample_End_2.uasset" 508
"../../../licencjat/Content/Character/Animations/MontageExample_Punch_1.uasset" 509
"../../../licencjat/Content/Character/Animations/MontageExample_Punch_2.uasset" 510
"../../../licencjat/Content/Character/Animations/MontageExample_Start.uasset" 511
"../../../licencjat/Content/Land_assets/Sign.uasset" 512
"../../../licencjat/Content/Land_assets/Sign_Movement.uasset" 513
"../../../licencjat/Content/Land_assets/Sign_Movement_Mat.uasset" 514
"../../../licencjat/Content/Land_assets/Stones/lambert1.uasset" 515
"../../../licencjat/Content/Land_assets/Stones/stone1.uasset" 516
"../../../licencjat/Content/Land_assets/Stones/stone2.uasset" 517
"../../../licencjat/Content/Land_assets/Stones/stone3.uasset" 518
"../../../licencjat/Content/Land_assets/Stones/stone4.uasset" 519
"../../../licencjat/Content/Land_assets/Stones/stone5.uasset" 520
"../../../licencjat/Content/Land_assets/Tree/Tree2.uasset" 521
"../../../licencjat/Content/StarterContent/Architecture/Pillar_50x500.uasset" 522
"../../../licencjat/Content/StarterContent/Architecture/Wall_400x300.uasset" 523
"../../../licencjat/Content/StarterContent/Architecture/Wall_400x400.uasset" 524
"../../../licencjat/Content/StarterContent/Architecture/Wall_500x500.uasset" 525
"../../../licencjat/Content/StarterContent/Architecture/Wall_Door_400x400.uasset" 526
"../../../licencjat/Content/StarterContent/Architecture/Wall_Window_400x400.uasset" 527
"../../../licencjat/Content/StarterContent/Audio/Light01.uasset" 528
"../../../licencjat/Content/StarterContent/Audio/Light01_Cue.uasset" 529
"../../../licencjat/Content/StarterContent/Audio/Light02.uasset" 530
"../../../licencjat/Content/StarterContent/Audio/Light02_Cue.uasset" 531
"../../../licencjat/Content/StarterContent/Audio/Explosion01.uasset" 532
"../../../licencjat/Content/StarterContent/Audio/Explosion02.uasset" 533
"../../../licencjat/Content/StarterContent/Audio/Explosion_Cue.uasset" 534
"../../../licencjat/Content/StarterContent/Textures/T_Burst_M.uasset" 535
"../../../licencjat/Content/StarterContent/Particles/Materials/M_Burst.uasset" 536
"../../../licencjat/Content/StarterContent/Textures/T_Explosion_SubUV.uasset" 537
"../../../licencjat/Content/StarterContent/Particles/Materials/M_explosion_subUV.uasset" 538
"../../../licencjat/Content/StarterContent/Particles/Materials/m_flare_01.uasset" 539
"../../../licencjat/Content/StarterContent/Particles/Materials/M_radial_ramp.uasset" 540
"../../../licencjat/Content/StarterContent/Particles/P_Explosion.uasset" 541
"../../../licencjat/Content/StarterContent/Blueprints/Blueprint_Effect_Explosion.uasset" 542
"../../../licencjat/Content/StarterContent/Materials/M_ColorGrid_LowSpec.uasset" 543
"../../../licencjat/Content/StarterContent/Textures/T_Bush_D.uasset" 544
"../../../licencjat/Content/StarterContent/Textures/T_Bush_N.uasset" 545
"../../../licencjat/Content/StarterContent/Props/Materials/M_Bush.uasset" 546
"../../../licencjat/Content/StarterContent/Props/SM_Bush.uasset" 547
"../../../licencjat/Content/StarterContent/Props/SM_Couch.uasset" 548
"../../../licencjat/Content/StarterContent/Textures/T_Door_M.uasset" 549
"../../../licencjat/Content/StarterContent/Textures/T_Door_N.uasset" 550
"../../../licencjat/Content/StarterContent/Props/Materials/M_Door.uasset" 551
"../../../licencjat/Content/StarterContent/Props/SM_Door.uasset" 552
"../../../licencjat/Content/StarterContent/Props/Materials/M_MaterialSphere.uasset" 553
"../../../licencjat/Content/StarterContent/Props/Materials/M_MaterialSphere_Plain.uasset" 554
"../../../licencjat/Content/StarterContent/Props/SM_MatPreviewMesh_02.uasset" 555
"../../../licencjat/Content/StarterContent/Textures/T_RockMesh_M.uasset" 556
"../../../licencjat/Content/StarterContent/Textures/T_RockMesh_N.uasset" 557
"../../../licencjat/Content/StarterContent/Props/Materials/M_Rock.uasset" 558
"../../../licencjat/Content/StarterContent/Props/SM_Rock.uasset" 559
"../../../licencjat/Content/StarterContent/Textures/T_Shelf_M.uasset" 560
"../../../licencjat/Content/StarterContent/Textures/T_Shelf_N.uasset" 561
"../../../licencjat/Content/StarterContent/Props/Materials/M_Shelf.uasset" 562
"../../../licencjat/Content/StarterContent/Props/SM_Shelf.uasset" 563
"../../../licencjat/Content/StarterContent/Props/SM_Stairs.uasset" 564
"../../../licencjat/Content/StarterContent/Shapes/Shape_Cone.uasset" 565
"../../../licencjat/Content/StarterContent/Shapes/Shape_Cylinder.uasset" 566
"../../../licencjat/Content/StarterContent/Shapes/Shape_NarrowCapsule.uasset" 567
"../../../licencjat/Content/StarterContent/Shapes/Shape_Pipe.uasset" 568
"../../../licencjat/Content/StarterContent/Shapes/Shape_Pipe_180.uasset" 569
"../../../licencjat/Content/StarterContent/Shapes/Shape_Pipe_90.uasset" 570
"../../../licencjat/Content/StarterContent/Shapes/Shape_Plane.uasset" 571
"../../../licencjat/Content/StarterContent/Shapes/Shape_Torus.uasset" 572
"../../../licencjat/Content/StarterContent/Shapes/Shape_Trim.uasset" 573
