\BOOKMARK [0][-]{chapter*.4}{Wprowadzenie}{}% 1
\BOOKMARK [0][-]{chapter.1}{Krótka historia silników do tworzenia gier}{}% 2
\BOOKMARK [0][-]{chapter.2}{Czym\040jest\040Game\040Design\040Document?}{}% 3
\BOOKMARK [1][-]{section.2.1}{Jak napisać dobre GDD}{chapter.2}% 4
\BOOKMARK [0][-]{chapter.3}{Przedstawienie\040Unity\040i\040Unreal\040Engine}{}% 5
\BOOKMARK [0][-]{chapter.4}{Podstawy\040tworzenia\040gier\040w\040Unity}{}% 6
\BOOKMARK [1][-]{section.4.1}{Planowanie}{chapter.4}% 7
\BOOKMARK [1][-]{section.4.2}{Początek pracy z Unity}{chapter.4}% 8
\BOOKMARK [1][-]{section.4.3}{Podstawowe\040terminy}{chapter.4}% 9
\BOOKMARK [1][-]{section.4.4}{Ekran główny}{chapter.4}% 10
\BOOKMARK [1][-]{section.4.5}{Praca z obiektami i sceną}{chapter.4}% 11
\BOOKMARK [1][-]{section.4.6}{Okno\040inspektora\040i\040komponenty}{chapter.4}% 12
\BOOKMARK [1][-]{section.4.7}{Skrypty}{chapter.4}% 13
\BOOKMARK [1][-]{section.4.8}{Kamera, światło i collidery}{chapter.4}% 14
\BOOKMARK [0][-]{chapter.5}{Podstawy\040tworzenia\040gier\040w\040Unreal\040Engine}{}% 15
\BOOKMARK [1][-]{section.5.1}{Rozpoczęcie projektu}{chapter.5}% 16
\BOOKMARK [1][-]{section.5.2}{Ekran główny}{chapter.5}% 17
\BOOKMARK [1][-]{section.5.3}{System\040Persona\040i\040Animacje}{chapter.5}% 18
\BOOKMARK [0][-]{chapter.6}{„The Jump" krok po kroku – Unity}{}% 19
\BOOKMARK [1][-]{section.6.1}{Krok 1 – przygotowanie sceny}{chapter.6}% 20
\BOOKMARK [1][-]{section.6.2}{Krok 2 – obsługa podstawowych mechanik}{chapter.6}% 21
\BOOKMARK [1][-]{section.6.3}{Krok\0403\040-\040Cele\040gry}{chapter.6}% 22
\BOOKMARK [1][-]{section.6.4}{Krok 4 – Interfejs użytkownika}{chapter.6}% 23
\BOOKMARK [1][-]{section.6.5}{Krok 5 – Kreacja świata gry}{chapter.6}% 24
\BOOKMARK [0][-]{chapter.7}{„"The Jump" krok po kroku – Unreal Engine}{}% 25
\BOOKMARK [1][-]{section.7.1}{Krok\0401\040-\040Kolizje}{chapter.7}% 26
\BOOKMARK [1][-]{section.7.2}{Krok\0402\040-\040Tracery}{chapter.7}% 27
\BOOKMARK [2][-]{subsection.7.2.1}{Wysokość}{section.7.2}% 28
\BOOKMARK [2][-]{subsection.7.2.2}{Odległość od ściany}{section.7.2}% 29
\BOOKMARK [1][-]{section.7.3}{Krok\0403\040-\040Chwytanie}{chapter.7}% 30
\BOOKMARK [0][-]{chapter.8}{Podsumowanie tworzenia gier dla obu silników}{}% 31
\BOOKMARK [1][-]{section.8.1}{Multiplatformowość}{chapter.8}% 32
\BOOKMARK [1][-]{section.8.2}{Przystępność}{chapter.8}% 33
\BOOKMARK [1][-]{section.8.3}{Grafika}{chapter.8}% 34
\BOOKMARK [1][-]{section.8.4}{Programowanie\040i\040zasoby}{chapter.8}% 35
\BOOKMARK [0][-]{chapter.9}{\040Testowanie\040gier}{}% 36
\BOOKMARK [0][-]{chapter*.5}{Zakończenie}{}% 37
\BOOKMARK [0][-]{appendix.A}{Tytuł załącznika jeden}{}% 38
\BOOKMARK [0][-]{appendix.B}{Tytuł załącznika dwa}{}% 39
\BOOKMARK [0][-]{appendix*.6}{Bibliografia}{}% 40
\BOOKMARK [0][-]{appendix*.7}{Spis\040tabel}{}% 41
\BOOKMARK [0][-]{appendix*.8}{Spis rysunków}{}% 42
\BOOKMARK [0][-]{appendix*.9}{Oświadczenie}{}% 43
