[2016.06.14-16.41.49:718][  0]Log file open, 06/14/16 18:41:49
[2016.06.14-16.41.49:718][  0]LogInit:Display: Running engine for game: licencjat
[2016.06.14-16.41.49:718][  0]LogPlatformFile: Not using cached read wrapper
[2016.06.14-16.41.49:718][  0]LogInit:Display: RandInit(877656559) SRandInit(877656563).
[2016.06.14-16.41.49:718][  0]LogTaskGraph: Started task graph with 4 named threads and 7 total threads.
[2016.06.14-16.41.49:718][  0]LogStats: Stats thread started at 0.121999
[2016.06.14-16.41.49:718][  0]LogInit: Version: 4.10.4-2872498+++depot+UE4-Releases+4.10
[2016.06.14-16.41.49:718][  0]LogInit: API Version: 2758231
[2016.06.14-16.41.49:718][  0]LogInit: Compiled (64-bit): Feb 18 2016 15:47:04
[2016.06.14-16.41.49:718][  0]LogInit: Compiled with Visual C++: 19.00.23026.00
[2016.06.14-16.41.49:718][  0]LogInit: Build Configuration: Development
[2016.06.14-16.41.49:718][  0]LogInit: Branch Name: ++depot+UE4-Releases+4.10
[2016.06.14-16.41.49:718][  0]LogInit: Command line:  
[2016.06.14-16.41.49:718][  0]LogInit: Base directory: D:/Grafika/UnrealEngine/Epic Games/4.10/Engine/Binaries/Win64/
[2016.06.14-16.41.49:718][  0]LogInit: Rocket: 1
[2016.06.14-16.41.49:731][  0]LogInit: Using libcurl 7.41.0
[2016.06.14-16.41.49:731][  0]LogInit:  - built for x86_64-pc-win32
[2016.06.14-16.41.49:731][  0]LogInit:  - supports SSL with WinSSL
[2016.06.14-16.41.49:731][  0]LogInit:  - other features:
[2016.06.14-16.41.49:731][  0]LogInit:      CURL_VERSION_SSL
[2016.06.14-16.41.49:731][  0]LogInit:      CURL_VERSION_IPV6
[2016.06.14-16.41.49:731][  0]LogInit:      CURL_VERSION_ASYNCHDNS
[2016.06.14-16.41.49:731][  0]LogInit:      CURL_VERSION_LARGEFILE
[2016.06.14-16.41.49:731][  0]LogInit:      CURL_VERSION_IDN
[2016.06.14-16.41.49:731][  0]LogInit:  CurlRequestOptions (configurable via config and command line):
[2016.06.14-16.41.49:731][  0]LogInit:  - bVerifyPeer = true  - Libcurl will verify peer certificate
[2016.06.14-16.41.49:731][  0]LogInit:  - bUseHttpProxy = false  - Libcurl will NOT use HTTP proxy
[2016.06.14-16.41.49:731][  0]LogInit:  - bDontReuseConnections = false  - Libcurl will reuse connections
[2016.06.14-16.41.49:731][  0]LogInit:  - CertBundlePath = nullptr  - Libcurl will use whatever was configured at build time.
[2016.06.14-16.41.49:745][  0]LogInit: Presizing for 0 objects not considered by GC, pre-allocating 0 bytes.
[2016.06.14-16.41.49:761][  0]LogInit: Object subsystem initialized
[2016.06.14-16.41.49:763][  0]LogInit: Selected Device Profile: [Windows]
[2016.06.14-16.41.49:763][  0]LogInit: Applying CVar settings loaded from the selected device profile: [Windows]
[2016.06.14-16.41.49:782][  0]LogInit: Computer: AGNIESZKA
[2016.06.14-16.41.49:782][  0]LogInit: User: Agnieszka
[2016.06.14-16.41.49:782][  0]LogInit: CPU Page size=4096, Cores=4
[2016.06.14-16.41.49:782][  0]LogInit: High frequency timer resolution =2.338445 MHz
[2016.06.14-16.41.49:782][  0]LogMemory: Memory total: Physical=7.9GB (8GB approx)
[2016.06.14-16.41.49:782][  0]LogMemory: Platform Memory Stats for Windows
[2016.06.14-16.41.49:782][  0]LogMemory: Process Physical Memory: 56.29 MB used, 56.29 MB peak
[2016.06.14-16.41.49:782][  0]LogMemory: Process Virtual Memory: 56.74 MB used, 56.74 MB peak
[2016.06.14-16.41.49:782][  0]LogMemory: Physical Memory: 4015.39 MB used, 8085.04 MB total
[2016.06.14-16.41.49:782][  0]LogMemory: Virtual Memory: 382.65 MB used, 134217728.00 MB total
[2016.06.14-16.41.49:849][  0]LogTextLocalizationManager: No translations for ('pl-PL') exist, falling back to 'en' for localization and internationalization data.
[2016.06.14-16.41.50:949][  0]LogD3D11RHI: Found D3D11 adapter 0: Intel(R) HD Graphics 4000 (Feature Level 11_0)
[2016.06.14-16.41.50:949][  0]LogD3D11RHI: Adapter has 32MB of dedicated video memory, 0MB of dedicated system memory, and 1760MB of shared system memory, 1 output[s]
[2016.06.14-16.41.50:970][  0]LogD3D11RHI: Found D3D11 adapter 1: AMD Radeon HD 7600M Series (Feature Level 11_0)
[2016.06.14-16.41.50:970][  0]LogD3D11RHI: Adapter has 2032MB of dedicated video memory, 0MB of dedicated system memory, and 3840MB of shared system memory, 0 output[s]
[2016.06.14-16.41.50:974][  0]LogD3D11RHI: Found D3D11 adapter 2: Microsoft Basic Render Driver (Feature Level 11_0)
[2016.06.14-16.41.50:974][  0]LogD3D11RHI: Adapter has 0MB of dedicated video memory, 0MB of dedicated system memory, and 4042MB of shared system memory, 0 output[s]
[2016.06.14-16.41.50:974][  0]LogD3D11RHI: Chosen D3D11 Adapter Id = 0
[2016.06.14-16.41.50:983][  0]LogD3D11RHI: !Direct3DDevice
[2016.06.14-16.41.50:983][  0]LogRHI: Texture pool is 638 MB (70% of 912 MB)
[2016.06.14-16.41.50:991][  0]LogD3D11RHI: Async texture creation enabled
[2016.06.14-16.41.51:006][  0]LogShaderCompilers: Guid format shader working directory is -27 characters bigger than the processId version (../../../../../../../Edytory i Programowanie/01_Projekty/Licencjat/licencjat/Intermediate/Shaders/WorkingDirectory/4256/).
[2016.06.14-16.41.51:007][  0]LogShaderCompilers: Cleaned the shader compiler working directory 'C:/Users/AGNIES~1/AppData/Local/Temp/UnrealShaderWorkingDir/18CFA7EC45B8724D95DE469C12053538/'.
[2016.06.14-16.41.51:007][  0]LogShaderCompilers:Display: Using Local Shader Compiler.
[2016.06.14-16.41.53:204][  0]LogTemp:Display: Loaded TP AllDesktopTargetPlatform
[2016.06.14-16.41.53:215][  0]LogTemp:Display: Loaded TP WindowsClientTargetPlatform
[2016.06.14-16.41.53:226][  0]LogTemp:Display: Loaded TP WindowsNoEditorTargetPlatform
[2016.06.14-16.41.53:237][  0]LogTemp:Display: Loaded TP WindowsServerTargetPlatform
[2016.06.14-16.41.53:247][  0]LogTemp:Display: Loaded TP WindowsTargetPlatform
[2016.06.14-16.41.53:255][  0]LogTemp:Display: Loaded TP AndroidTargetPlatform
[2016.06.14-16.41.53:263][  0]LogTemp:Display: Loaded TP Android_ASTCTargetPlatform
[2016.06.14-16.41.53:270][  0]LogTemp:Display: Loaded TP Android_ATCTargetPlatform
[2016.06.14-16.41.53:278][  0]LogTemp:Display: Loaded TP Android_DXTTargetPlatform
[2016.06.14-16.41.53:286][  0]LogTemp:Display: Loaded TP Android_ETC1TargetPlatform
[2016.06.14-16.41.53:294][  0]LogTemp:Display: Loaded TP Android_ETC2TargetPlatform
[2016.06.14-16.41.53:310][  0]LogTemp:Display: Loaded TP Android_MultiTargetPlatform
[2016.06.14-16.41.53:311][  0]LogTemp:Display: Loaded TP Android_PVRTCTargetPlatform
[2016.06.14-16.41.53:313][  0]LogTemp:Display: Loaded TP HTML5TargetPlatform
[2016.06.14-16.41.53:338][  0]LogTemp:Display: Loaded TP IOSTargetPlatform
[2016.06.14-16.41.53:347][  0]LogTemp:Display: Loaded TP LinuxNoEditorTargetPlatform
[2016.06.14-16.41.53:355][  0]LogTemp:Display: Loaded TP LinuxServerTargetPlatform
[2016.06.14-16.41.53:364][  0]LogTemp:Display: Loaded TP LinuxTargetPlatform
[2016.06.14-16.41.53:364][  0]LogTargetPlatformManager:Display: Building Assets For Windows
[2016.06.14-16.41.53:567][  0]LogDerivedDataCache:Display: Max Cache Size: 512 MB
[2016.06.14-16.41.53:669][  0]LogDerivedDataCache: Loaded boot cache 0.10s 41MB C:/Users/Agnieszka/AppData/Local/UnrealEngine/4.10/DerivedDataCache/Boot.ddc.
[2016.06.14-16.41.53:669][  0]LogDerivedDataCache:Display: Loaded Boot cache: C:/Users/Agnieszka/AppData/Local/UnrealEngine/4.10/DerivedDataCache/Boot.ddc
[2016.06.14-16.41.53:669][  0]LogDerivedDataCache: FDerivedDataBackendGraph:  Pak pak cache file ../../../../../../../Edytory i Programowanie/01_Projekty/Licencjat/licencjat/DerivedDataCache/DDC.ddp not found, will not use a pak cache.
[2016.06.14-16.41.53:669][  0]LogDerivedDataCache: Unable to find inner node Pak for hierarchical cache Hierarchy.
[2016.06.14-16.41.53:669][  0]LogDerivedDataCache: FDerivedDataBackendGraph:  CompressedPak pak cache file ../../../../../../../Edytory i Programowanie/01_Projekty/Licencjat/licencjat/DerivedDataCache/Compressed.ddp not found, will not use a pak cache.
[2016.06.14-16.41.53:669][  0]LogDerivedDataCache: Unable to find inner node CompressedPak for hierarchical cache Hierarchy.
[2016.06.14-16.41.53:828][  0]LogDerivedDataCache:Display: Pak cache opened for reading ../../../Engine/DerivedDataCache/Compressed.ddp.
[2016.06.14-16.41.53:842][  0]LogDerivedDataCache: Using Local data cache path C:/Users/Agnieszka/AppData/Local/UnrealEngine/Common/DerivedDataCache: Writable
[2016.06.14-16.41.54:406][  0]LogInit: Selected Device Profile: [Windows]
[2016.06.14-16.41.54:412][  0]LogContentStreaming: Texture pool size is 0.000000MB
[2016.06.14-16.41.54:693][  0]LogMeshUtilities: No automatic mesh reduction module available
[2016.06.14-16.41.54:693][  0]LogMeshUtilities: No automatic mesh merging module available
[2016.06.14-16.41.55:365][  0]LogInit: WinSock: version 1.1 (2.2), MaxSocks=32767, MaxUdp=65467
[2016.06.14-16.41.57:851][  0]UdpMessaging: Initializing bridge on interface 0.0.0.0:0 to multicast group 230.0.0.1:6666.
[2016.06.14-16.41.58:013][  0]LogAssetRegistry: FAssetRegistry took 0.0113 seconds to start up
[2016.06.14-16.41.58:464][  0]SourceControl: Info Source control is disabled
[2016.06.14-16.41.58:467][  0]SourceControl: Info Source control is disabled
[2016.06.14-16.41.58:500][  0]SourceControl: Info Source control is disabled
[2016.06.14-16.41.58:530][  0]SourceControl: Info Source control is disabled
[2016.06.14-16.41.59:216][  0]LogObj: 28633 objects as part of root set at end of initial load.
[2016.06.14-16.41.59:216][  0]LogUObjectAllocator: 6099752 out of 0 bytes used by permanent object pool.
[2016.06.14-16.41.59:352][  0]LogEngine: Initializing Engine...
[2016.06.14-16.41.59:361][  0]LogHMD: Can't find Oculus library dev build: is proper Runtime installed? Version: 0.8.0.0
[2016.06.14-16.41.59:363][  0]LogHMD: SteamVR failed to initialize.  Err: 110
[2016.06.14-16.41.59:690][  0]LogAIModule: Creating AISystem for world NewWorld
[2016.06.14-16.41.59:700][  0]LogInit: XAudio2 using 'Głośniki (Realtek High Definition Audio)' : 2 channels at 48 kHz using 32 bits per sample (channel mask 0x3)
[2016.06.14-16.41.59:727][  0]LogInit: FAudioDevice initialized.
[2016.06.14-16.41.59:767][  0]LogDerivedDataCache: Saved boot cache 0.04s 41MB C:/Users/Agnieszka/AppData/Local/UnrealEngine/4.10/DerivedDataCache/Boot.ddc.
[2016.06.14-16.41.59:773][  0]LogInit: Texture streaming: Enabled
[2016.06.14-16.41.59:782][  0]LogAnalytics: Creating configured Analytics provider AnalyticsET
[2016.06.14-16.41.59:782][  0]LogAnalytics: [UEEditor.Rocket.Release] APIServer = http://et2.epicgames.com/ET2/. AppVersion = 4.10.4-2872498+++depot+UE4-Releases+4.10
[2016.06.14-16.41.59:783][  0]LogAnalytics: [UEEditor.Rocket.Release] SetUserId d66bbfcd497e63741ecd6eb3486d0dd1|5e4c09b079964b51bc90e13aca86d390|6524e232-21bd-4a8f-b07c-eb794e8e3760
[2016.06.14-16.41.59:783][  0]LogAnalytics: [UEEditor.Rocket.Release] AnalyticsET::StartSession
[2016.06.14-16.41.59:803][  0]LogInit: Transaction tracking system initialized
[2016.06.14-16.41.59:852][  0]BlueprintLog: New page: Editor Load
[2016.06.14-16.42.00:013][  0]LocalizationService: Info Localization service is disabled
[2016.06.14-16.42.00:181][  0]LogLinker:Warning: Can't find file '/Game/ThirdPersonBP/ThirdPersonOverview'
[2016.06.14-16.42.00:181][  0]LogLinker:Warning: Can't find file '/Game/ThirdPersonBP/ThirdPersonOverview'
[2016.06.14-16.42.00:181][  0]LogUObjectGlobals:Warning: Failed to find object 'Class /Game/ThirdPersonBP/ThirdPersonOverview.ThirdPersonOverview_C'
[2016.06.14-16.42.00:583][  0]LogConsoleResponse:Display: 
[2016.06.14-16.42.01:001][  0]LogFileCache: Scanning file cache for directory 'D:/Edytory i Programowanie/01_Projekty/Licencjat/licencjat/Content/' took 0.02s
[2016.06.14-16.42.01:001][  0]LogCook:Display: Done creating registry. It took  0.00s.
[2016.06.14-16.42.01:147][  0]SourceControl: Info Source control is disabled
[2016.06.14-16.42.01:147][  0]Cmd: MAP LOAD FILE="../../../../../../../Edytory i Programowanie/01_Projekty/Licencjat/licencjat/Content/StarterContent/Maps/Minimal_Default.umap" TEMPLATE=0 SHOWPROGRESS=1 FEATURELEVEL=3
[2016.06.14-16.42.01:191][  0]LightingResults: New page: Lighting Build
[2016.06.14-16.42.01:197][  0]MapCheck: New page: Map Check
[2016.06.14-16.42.01:197][  0]LightingResults: New page: Lighting Build
[2016.06.14-16.42.01:222][  0]LogParticles: Destroying 0 GPU particle simulations for FXSystem 0x000002C25476FB00
[2016.06.14-16.42.26:888][  0]LogAIModule: Creating AISystem for world Minimal_Default
[2016.06.14-16.42.29:428][  0]LogEditorServer: Finished looking for orphan Actors (0.000 secs)
[2016.06.14-16.42.29:429][  0]Cmd: MAP CHECKDEP NOCLEARLOG
[2016.06.14-16.42.29:729][  0]MapCheck: Info Map check complete: 0 Error(s), 0 Warning(s), took 299.136ms to complete.
[2016.06.14-16.42.29:729][  0]LogFileHelpers: Loading map 'Minimal_Default' took 28.582
[2016.06.14-16.42.29:849][  0]LogCollectionManager: Loaded 0 collections in 0.004202 seconds
[2016.06.14-16.42.29:902][  0]LogFileCache: Scanning file cache for directory 'D:/Edytory i Programowanie/01_Projekty/Licencjat/licencjat/Saved/Collections/' took 0.01s
[2016.06.14-16.42.29:902][  0]LogFileCache: Scanning file cache for directory 'D:/Edytory i Programowanie/01_Projekty/Licencjat/licencjat/Content/Developers/Agnieszka/Collections/' took 0.01s
[2016.06.14-16.42.29:902][  0]LogFileCache: Scanning file cache for directory 'D:/Edytory i Programowanie/01_Projekty/Licencjat/licencjat/Content/Collections/' took 0.01s
[2016.06.14-16.42.29:902][  0]LogCollectionManager: Rebuilt the GUID cache for 0 collections in 0.000004 seconds
[2016.06.14-16.42.29:925][  0]LogContentBrowser: Native class hierarchy populated in 0.0229 seconds. Added 1893 classes and 338 folders.
[2016.06.14-16.42.29:940][  0]LogContentBrowser: Native class hierarchy updated for 'WidgetCarousel' in 0.0010 seconds. Added 0 classes and 0 folders.
[2016.06.14-16.42.30:135][  0]LogContentBrowser: Native class hierarchy updated for 'AddContentDialog' in 0.0011 seconds. Added 0 classes and 0 folders.
[2016.06.14-16.42.30:250][  0]LogContentBrowser: Native class hierarchy updated for 'SceneOutliner' in 0.0011 seconds. Added 1 classes and 2 folders.
[2016.06.14-16.42.30:429][  0]LogCrashTracker: Crashtracker disabled due to settings.
[2016.06.14-16.42.30:449][  0]LogUObjectGlobals:Warning: Failed to find object 'Class None.'
[2016.06.14-16.42.30:475][  0]LogLoad: Full Startup: 41.64 seconds (BP compile: 0.60 seconds)
[2016.06.14-16.42.30:495][  0]LogWindowsTextInputMethodSystem:Display: IME system now deactivated.
[2016.06.14-16.42.30:496][  0]LogWindowsTextInputMethodSystem:Display: IME system now deactivated.
[2016.06.14-16.42.30:506][  0]LogOcInput: Can't find Oculus library dev build: is proper Runtime installed? Version: 0.8.0.0
[2016.06.14-16.42.30:633][  0]LogContentStreaming: Texture pool size now 200 MB
[2016.06.14-16.42.31:054][  0]LogRenderer: Reallocating scene render targets to support 748x608 (Frame:2).
[2016.06.14-16.42.31:779][  1]Cmd: UpdateLandscapeEditorData -warnings
[2016.06.14-16.42.32:546][  7]LogAssetRegistry: Asset discovery search completed in 34.5443 seconds
[2016.06.14-16.42.32:547][  7]LogCollectionManager: Rebuilt the object cache for 0 collections in 0.000002 seconds (found 0 objects)
[2016.06.14-16.42.32:547][  7]LogCollectionManager: Fixed up redirectors for 0 collections in 0.000053 seconds (updated 0 objects)
[2016.06.14-16.44.42:220][211]LogBlueprintUserMessages: Early PlayInEditor Detection: Level '/Game/StarterContent/Maps/Minimal_Default.Minimal_Default:PersistentLevel' has LevelScriptBlueprint '/Game/StarterContent/Maps/Minimal_Default.Minimal_Default:PersistentLevel.Minimal_Default' with GeneratedClass '/Game/StarterContent/Maps/Minimal_Default.Minimal_Default_C' with ClassGeneratedBy '/Game/StarterContent/Maps/Minimal_Default.Minimal_Default:PersistentLevel.Minimal_Default'
[2016.06.14-16.44.42:220][211]LogPlayLevel: PlayLevel: No blueprints needed recompiling
[2016.06.14-16.44.42:221][211]PIE: New page: PIE session: Minimal_Default (Jun 14, 2016, 8:44:42 PM)
[2016.06.14-16.44.42:222][211]LogPlayLevel: Creating play world package: /Game/StarterContent/Maps/UEDPIE_0_Minimal_Default
[2016.06.14-16.44.42:302][211]LogPlayLevel: PIE: StaticDuplicateObject took: (0.079998s)
[2016.06.14-16.44.42:304][211]LogAIModule: Creating AISystem for world Minimal_Default
[2016.06.14-16.44.42:304][211]LogPlayLevel: PIE: World Init took: (0.002070s)
[2016.06.14-16.44.42:305][211]LogPlayLevel: PIE: Created PIE world by copying editor world from /Game/StarterContent/Maps/Minimal_Default.Minimal_Default to /Game/StarterContent/Maps/UEDPIE_0_Minimal_Default.Minimal_Default (0.082986s)
[2016.06.14-16.44.42:379][211]LogInit: XAudio2 using 'Głośniki (Realtek High Definition Audio)' : 2 channels at 48 kHz using 32 bits per sample (channel mask 0x3)
[2016.06.14-16.44.42:400][211]LogInit: FAudioDevice initialized.
[2016.06.14-16.44.42:523][211]LogWorld: Game class is 'MyGame_C'
[2016.06.14-16.44.42:569][211]LogWorld: Bringing World /Game/StarterContent/Maps/UEDPIE_0_Minimal_Default.Minimal_Default up for play (max tick rate 60) at 2016.06.14-18.44.42
[2016.06.14-16.44.42:569][211]LogActor:Warning: GameSession /Game/StarterContent/Maps/UEDPIE_0_Minimal_Default.Minimal_Default:PersistentLevel.GameSession_0 has natively added scene component(s), but none of them were set as the actor's RootComponent - picking one arbitrarily
[2016.06.14-16.44.42:570][211]LogActor:Warning: GameNetworkManager /Game/StarterContent/Maps/UEDPIE_0_Minimal_Default.Minimal_Default:PersistentLevel.GameNetworkManager_0 has natively added scene component(s), but none of them were set as the actor's RootComponent - picking one arbitrarily
[2016.06.14-16.44.42:572][211]LogWorld: Bringing up level for play took: 0.044225
[2016.06.14-16.44.42:576][211]PIE: Info Play in editor start time for /Game/StarterContent/Maps/UEDPIE_0_Minimal_Default 0.416
[2016.06.14-16.44.42:576][211]LogBlueprintUserMessages: Late PlayInEditor Detection: Level '/Game/StarterContent/Maps/Minimal_Default.Minimal_Default:PersistentLevel' has LevelScriptBlueprint '/Game/StarterContent/Maps/Minimal_Default.Minimal_Default:PersistentLevel.Minimal_Default' with GeneratedClass '/Game/StarterContent/Maps/Minimal_Default.Minimal_Default_C' with ClassGeneratedBy '/Game/StarterContent/Maps/Minimal_Default.Minimal_Default:PersistentLevel.Minimal_Default'
[2016.06.14-16.44.50:070][617]LogBlueprintUserMessages: Early EndPlayMap Detection: Level '/Game/StarterContent/Maps/Minimal_Default.Minimal_Default:PersistentLevel' has LevelScriptBlueprint '/Game/StarterContent/Maps/Minimal_Default.Minimal_Default:PersistentLevel.Minimal_Default' with GeneratedClass '/Game/StarterContent/Maps/Minimal_Default.Minimal_Default_C' with ClassGeneratedBy '/Game/StarterContent/Maps/Minimal_Default.Minimal_Default:PersistentLevel.Minimal_Default'
[2016.06.14-16.44.50:165][617]LogBlueprintUserMessages: Late EndPlayMap Detection: Level '/Game/StarterContent/Maps/Minimal_Default.Minimal_Default:PersistentLevel' has LevelScriptBlueprint '/Game/StarterContent/Maps/Minimal_Default.Minimal_Default:PersistentLevel.Minimal_Default' with GeneratedClass '/Game/StarterContent/Maps/Minimal_Default.Minimal_Default_C' with ClassGeneratedBy '/Game/StarterContent/Maps/Minimal_Default.Minimal_Default:PersistentLevel.Minimal_Default'
[2016.06.14-16.44.50:198][617]LogParticles: Destroying 0 GPU particle simulations for FXSystem 0x000002C262086200
[2016.06.14-17.59.25:784][446]LogLinker:Warning: Asset '../../../Engine/Content/ArtTools/RenderToTexture/Macros/RenderToTextureMacros.uasset' has been saved with empty engine version. The asset will be loaded but may be incompatible.
[2016.06.14-17.59.27:163][446]LogContentBrowser: Native class hierarchy updated for 'BlueprintGraph' in 0.0035 seconds. Added 107 classes and 0 folders.
[2016.06.14-17.59.32:226][560]LogRenderer: Reallocating scene render targets to support 840x608 (Frame:566).
[2016.06.14-17.59.41:772][797]LogSkeletalMesh: InitArticulated: Bodies already created (/Engine/Transient.DebugSkelMeshComponent_0) - call TermArticulated first.
[2016.06.14-18.23.24:162][700]LogContentBrowser:Verbose: The majority of assets in the view are of type: AnimSequence
[2016.06.14-18.29.16:106][209]LogContentBrowser:Verbose: The majority of assets in the view are of type: AnimSequence
[2016.06.14-19.24.22:852][194]LogSkeletalMesh: InitArticulated: Bodies already created (/Engine/Transient.DebugSkelMeshComponent_3) - call TermArticulated first.
[2016.06.14-19.24.23:043][194]LogContentBrowser:Verbose: The majority of assets in the view are of type: AnimSequence
[2016.06.14-21.37.02:892][874]LogActorComponent: UnregisterComponent: (/Engine/Transient.CharMoveComp) Not registered. Aborting.
[2016.06.14-21.37.03:154][874]LogParticles: Destroying 0 GPU particle simulations for FXSystem 0x000002C216024900
[2016.06.14-21.37.03:165][874]LogParticles: Destroying 0 GPU particle simulations for FXSystem 0x000002C216024360
[2016.06.14-21.37.03:175][874]LogParticles: Destroying 0 GPU particle simulations for FXSystem 0x000002C21E479800
[2016.06.14-21.37.03:186][874]LogParticles: Destroying 0 GPU particle simulations for FXSystem 0x000002C21E7AA160
[2016.06.14-21.37.03:271][874]LogFileHelpers: Editor autosave (incl. sublevels) for '/Game/StarterContent/Maps/Minimal_Default' took 0.379
[2016.06.14-21.37.03:288][874]OBJ SavePackage: Generating thumbnails for [1] asset(s) in package [/Game/Character/CharacterBP] ([1] browsable assets)...
[2016.06.14-21.37.03:391][874]OBJ SavePackage:     Rendered thumbnail for [Blueprint /Game/Character/CharacterBP.CharacterBP]
[2016.06.14-21.37.03:391][874]OBJ SavePackage: Finished generating thumbnails for package [/Game/Character/CharacterBP]
[2016.06.14-21.37.04:302][874]LogSavePackage: Save=765.743896ms
[2016.06.14-21.37.04:303][874]LogSavePackage: Moving '../../../../../../../Edytory i Programowanie/01_Projekty/Licencjat/licencjat/Saved/CharacterBP_Auto1526E26D547BA906CDEF048953937CFEE.tmp' to '../../../../../../../Edytory i Programowanie/01_Projekty/Licencjat/licencjat/Saved/Autosaves/Game/Character/CharacterBP_Auto1.uasset'
[2016.06.14-21.37.04:306][874]LogSavePackage: Total save time: 912.334908ms
[2016.06.14-21.37.04:306][874]LogSavePackage:Display: Finished SavePackage ../../../../../../../Edytory i Programowanie/01_Projekty/Licencjat/licencjat/Saved/Autosaves/Game/Character/CharacterBP_Auto1.uasset
[2016.06.14-21.37.04:306][874]LogFileHelpers: Auto-saving content packages took 1.033
[2016.06.14-21.38.51:562][926]LogActorComponent: UnregisterComponent: (/Engine/Transient.CharMoveComp) Not registered. Aborting.
[2016.06.14-21.47.05:002][540]LogActorComponent: UnregisterComponent: (/Engine/Transient.CharacterMovementComponent_0) Not registered. Aborting.
[2016.06.14-21.47.06:976][540]LogSavePackage: Save=1765.308105ms
[2016.06.14-21.47.06:976][540]LogSavePackage: Moving '../../../../../../../Edytory i Programowanie/01_Projekty/Licencjat/licencjat/Saved/Minimal_Default_Auto2060FDBEA47E23DD3A9845A8B4C24EB43.tmp' to '../../../../../../../Edytory i Programowanie/01_Projekty/Licencjat/licencjat/Saved/Autosaves/Game/StarterContent/Maps/Minimal_Default_Auto2.umap'
[2016.06.14-21.47.06:979][540]LogSavePackage: Total save time: 1833.699320ms
[2016.06.14-21.47.06:979][540]LogSavePackage:Display: Finished SavePackage ../../../../../../../Edytory i Programowanie/01_Projekty/Licencjat/licencjat/Saved/Autosaves/Game/StarterContent/Maps/Minimal_Default_Auto2.umap
[2016.06.14-21.47.07:013][540]LogFileHelpers: Editor autosave (incl. sublevels) for '/Game/StarterContent/Maps/Minimal_Default' took 2.011
[2016.06.14-21.47.07:013][540]LogFileHelpers: Editor autosave (incl. sublevels) for all levels took 2.011
[2016.06.14-21.47.07:026][540]OBJ SavePackage: Generating thumbnails for [1] asset(s) in package [/Game/Character/CharacterBP] ([1] browsable assets)...
[2016.06.14-21.47.07:075][540]OBJ SavePackage:     Rendered thumbnail for [Blueprint /Game/Character/CharacterBP.CharacterBP]
[2016.06.14-21.47.07:075][540]OBJ SavePackage: Finished generating thumbnails for package [/Game/Character/CharacterBP]
[2016.06.14-21.47.07:807][540]LogSavePackage: Save=703.759949ms
[2016.06.14-21.47.07:807][540]LogSavePackage: Moving '../../../../../../../Edytory i Programowanie/01_Projekty/Licencjat/licencjat/Saved/CharacterBP_Auto23AA725B148DCB3EA9F29AE955802C52C.tmp' to '../../../../../../../Edytory i Programowanie/01_Projekty/Licencjat/licencjat/Saved/Autosaves/Game/Character/CharacterBP_Auto2.uasset'
[2016.06.14-21.47.07:840][540]LogSavePackage: Total save time: 763.231978ms
[2016.06.14-21.47.07:840][540]LogSavePackage:Display: Finished SavePackage ../../../../../../../Edytory i Programowanie/01_Projekty/Licencjat/licencjat/Saved/Autosaves/Game/Character/CharacterBP_Auto2.uasset
[2016.06.14-21.47.07:841][540]LogFileHelpers: Auto-saving content packages took 0.825
[2016.06.14-22.12.08:276][627]LogActorComponent: UnregisterComponent: (/Engine/Transient.CharMoveComp) Not registered. Aborting.
[2016.06.14-22.12.12:753][627]LogWindowsTextInputMethodSystem:Display: IME system now deactivated.
[2016.06.14-22.12.12:754][627]LogWindowsTextInputMethodSystem:Display: IME system now deactivated.
[2016.06.14-22.12.13:478][628]Cmd: QUIT_EDITOR
[2016.06.14-22.12.14:817][628]LogExit: Preparing to exit.
[2016.06.14-22.12.16:410][628]LogExit: Editor shut down
[2016.06.14-22.12.16:413][628]LogExit: Transaction tracking system shut down
[2016.06.14-22.12.16:597][628]LogParticles: Destroying 0 GPU particle simulations for FXSystem 0x000002C24639DF80
[2016.06.14-22.12.16:608][628]LogParticles: Destroying 0 GPU particle simulations for FXSystem 0x000002C244244860
[2016.06.14-22.12.16:628][628]LogParticles: Destroying 0 GPU particle simulations for FXSystem 0x000002C25CB477E0
[2016.06.14-22.12.16:631][628]LogParticles: Destroying 0 GPU particle simulations for FXSystem 0x000002C262086CA0
[2016.06.14-22.12.16:631][628]LogParticles: Destroying 0 GPU particle simulations for FXSystem 0x000002C26696BB00
[2016.06.14-22.12.16:631][628]LogParticles: Destroying 0 GPU particle simulations for FXSystem 0x000002C243E22DE0
[2016.06.14-22.12.16:631][628]LogParticles: Destroying 0 GPU particle simulations for FXSystem 0x000002C243F6EDE0
[2016.06.14-22.12.16:632][628]LogParticles: Destroying 0 GPU particle simulations for FXSystem 0x000002C243F6DBC0
[2016.06.14-22.12.16:643][628]LogParticles: Destroying 0 GPU particle simulations for FXSystem 0x000002C243E9E340
[2016.06.14-22.12.16:643][628]LogParticles: Destroying 0 GPU particle simulations for FXSystem 0x000002C243E9C720
[2016.06.14-22.12.16:643][628]LogParticles: Destroying 0 GPU particle simulations for FXSystem 0x000002C22AE987C0
[2016.06.14-22.12.16:649][628]LogParticles: Destroying 0 GPU particle simulations for FXSystem 0x000002C22AE98220
[2016.06.14-22.12.16:654][628]LogParticles: Destroying 0 GPU particle simulations for FXSystem 0x000002C232A01F80
[2016.06.14-22.12.19:029][628]LogExit: Object subsystem successfully closed.
[2016.06.14-22.12.19:351][628]LogD3D11RHI: Shutdown
[2016.06.14-22.12.19:351][628]LogD3D11RHI: CleanupD3DDevice
[2016.06.14-22.12.19:696][628]LogD3D11RHI: ~FD3D11DynamicRHI
[2016.06.14-22.12.20:893][628]LogModuleManager: Shutting down and abandoning module CookingStats (201)
[2016.06.14-22.12.20:893][628]LogModuleManager: Shutting down and abandoning module BlueprintGraph (200)
[2016.06.14-22.12.20:893][628]LogModuleManager: Shutting down and abandoning module ExternalImagePicker (199)
[2016.06.14-22.12.20:893][628]LogModuleManager: Shutting down and abandoning module CrashTracker (198)
[2016.06.14-22.12.20:893][628]LogModuleManager: Shutting down and abandoning module SceneOutliner (197)
[2016.06.14-22.12.20:893][628]LogModuleManager: Shutting down and abandoning module SuperSearch (196)
[2016.06.14-22.12.20:893][628]LogModuleManager: Shutting down and abandoning module WidgetCarousel (195)
[2016.06.14-22.12.20:903][628]LogModuleManager: Shutting down and abandoning module AddContentDialog (194)
[2016.06.14-22.12.20:925][628]LogModuleManager: Shutting down and abandoning module EditorWidgets (193)
[2016.06.14-22.12.20:925][628]LogModuleManager: Shutting down and abandoning module CollectionManager (192)
[2016.06.14-22.12.21:034][628]LogModuleManager: Shutting down and abandoning module StatsViewer (191)
[2016.06.14-22.12.21:042][628]LogModuleManager: Shutting down and abandoning module FoliageEdit (190)
[2016.06.14-22.12.21:054][628]LogModuleManager: Shutting down and abandoning module LandscapeEditor (189)
[2016.06.14-22.12.21:080][628]LogModuleManager: Shutting down and abandoning module ActorPickerMode (188)
[2016.06.14-22.12.21:080][628]LogModuleManager: Shutting down and abandoning module GeometryMode (187)
[2016.06.14-22.12.21:080][628]LogModuleManager: Shutting down and abandoning module TextureAlignMode (186)
[2016.06.14-22.12.21:080][628]LogModuleManager: Shutting down and abandoning module BspMode (185)
[2016.06.14-22.12.21:080][628]LogModuleManager: Shutting down and abandoning module PlacementMode (184)
[2016.06.14-22.12.21:080][628]LogModuleManager: Shutting down and abandoning module AutomationWorker (183)
[2016.06.14-22.12.21:080][628]LogModuleManager: Shutting down and abandoning module CharacterAI (182)
[2016.06.14-22.12.21:080][628]LogModuleManager: Shutting down and abandoning module SmartSnapping (181)
[2016.06.14-22.12.21:080][628]LogModuleManager: Shutting down and abandoning module ViewportSnapping (180)
[2016.06.14-22.12.21:080][628]LogModuleManager: Shutting down and abandoning module LogVisualizer (179)
[2016.06.14-22.12.21:132][628]LogModuleManager: Shutting down and abandoning module GameProjectGeneration (178)
[2016.06.14-22.12.21:146][628]LogModuleManager: Shutting down and abandoning module IntroTutorials (177)
[2016.06.14-22.12.21:160][628]LogModuleManager: Shutting down and abandoning module EditorLiveStreaming (176)
[2016.06.14-22.12.21:160][628]LogModuleManager: Shutting down and abandoning module IOSPlatformEditor (175)
[2016.06.14-22.12.21:170][628]LogModuleManager: Shutting down and abandoning module HTML5PlatformEditor (174)
[2016.06.14-22.12.21:170][628]LogModuleManager: Shutting down and abandoning module AndroidDeviceDetection (173)
[2016.06.14-22.12.22:170][628]LogModuleManager: Shutting down and abandoning module AndroidPlatformEditor (172)
[2016.06.14-22.12.22:170][628]LogModuleManager: Shutting down and abandoning module IOSRuntimeSettings (171)
[2016.06.14-22.12.22:170][628]LogModuleManager: Shutting down and abandoning module AndroidRuntimeSettings (170)
[2016.06.14-22.12.22:170][628]LogModuleManager: Shutting down and abandoning module MergeActors (169)
[2016.06.14-22.12.22:194][628]LogModuleManager: Shutting down and abandoning module SizeMap (168)
[2016.06.14-22.12.22:194][628]LogModuleManager: Shutting down and abandoning module TreeMap (167)
[2016.06.14-22.12.22:211][628]LogModuleManager: Shutting down and abandoning module ReferenceViewer (166)
[2016.06.14-22.12.22:223][628]LogModuleManager: Shutting down and abandoning module LocalizationService (165)
[2016.06.14-22.12.22:231][628]LogModuleManager: Shutting down and abandoning module LocalizationDashboard (164)
[2016.06.14-22.12.22:241][628]LogModuleManager: Shutting down and abandoning module HardwareTargeting (163)
[2016.06.14-22.12.22:249][628]LogModuleManager: Shutting down and abandoning module DeviceProfileEditor (162)
[2016.06.14-22.12.22:283][628]LogModuleManager: Shutting down and abandoning module UndoHistory (161)
[2016.06.14-22.12.22:365][628]LogModuleManager: Shutting down and abandoning module GameplayTagsEditor (160)
[2016.06.14-22.12.22:376][628]LogModuleManager: Shutting down and abandoning module UserFeedback (159)
[2016.06.14-22.12.22:376][628]LogModuleManager: Shutting down and abandoning module XmlParser (158)
[2016.06.14-22.12.22:381][628]LogModuleManager: Shutting down and abandoning module Blutility (157)
[2016.06.14-22.12.22:381][628]LogModuleManager: Shutting down and abandoning module ProjectTargetPlatformEditor (156)
[2016.06.14-22.12.22:382][628]LogModuleManager: Shutting down and abandoning module ProjectSettingsViewer (155)
[2016.06.14-22.12.22:382][628]LogModuleManager: Shutting down and abandoning module InputBindingEditor (154)
[2016.06.14-22.12.22:407][628]LogModuleManager: Shutting down and abandoning module EditorSettingsViewer (153)
[2016.06.14-22.12.22:407][628]LogModuleManager: Shutting down and abandoning module SettingsEditor (152)
[2016.06.14-22.12.22:408][628]LogModuleManager: Shutting down and abandoning module ProjectLauncher (151)
[2016.06.14-22.12.22:432][628]LogModuleManager: Shutting down and abandoning module SessionFrontend (150)
[2016.06.14-22.12.22:451][628]LogModuleManager: Shutting down and abandoning module ProfilerClient (149)
[2016.06.14-22.12.22:468][628]LogModuleManager: Shutting down and abandoning module TargetDeviceServices (148)
[2016.06.14-22.12.22:468][628]LogModuleManager: Shutting down and abandoning module DeviceManager (147)
[2016.06.14-22.12.22:565][628]LogModuleManager: Shutting down and abandoning module AutomationController (146)
[2016.06.14-22.12.22:580][628]LogModuleManager: Shutting down and abandoning module AutomationWindow (145)
[2016.06.14-22.12.22:589][628]LogModuleManager: Shutting down and abandoning module Layers (144)
[2016.06.14-22.12.22:619][628]LogModuleManager: Shutting down and abandoning module ComponentVisualizers (143)
[2016.06.14-22.12.22:619][628]LogModuleManager: Shutting down and abandoning module DetailCustomizations (142)
[2016.06.14-22.12.22:619][628]LogModuleManager: Shutting down and abandoning module PackagesDialog (141)
[2016.06.14-22.12.22:620][628]LogModuleManager: Shutting down and abandoning module Persona (140)
[2016.06.14-22.12.22:620][628]LogModuleManager: Shutting down and abandoning module Kismet (139)
[2016.06.14-22.12.22:620][628]LogModuleManager: Shutting down and abandoning module GraphEditor (138)
[2016.06.14-22.12.22:621][628]LogModuleManager: Shutting down and abandoning module ClassViewer (137)
[2016.06.14-22.12.22:627][628]LogModuleManager: Shutting down and abandoning module Toolbox (136)
[2016.06.14-22.12.22:627][628]LogModuleManager: Shutting down and abandoning module ModuleUI (135)
[2016.06.14-22.12.22:651][628]LogModuleManager: Shutting down and abandoning module MovieSceneTools (134)
[2016.06.14-22.12.22:671][628]LogModuleManager: Shutting down and abandoning module OutputLog (133)
[2016.06.14-22.12.22:671][628]LogModuleManager: Shutting down and abandoning module GammaUI (132)
[2016.06.14-22.12.22:729][628]LogModuleManager: Shutting down and abandoning module Documentation (131)
[2016.06.14-22.12.22:731][628]LogModuleManager: Shutting down and abandoning module GameLiveStreaming (130)
[2016.06.14-22.12.22:746][628]LogModuleManager: Shutting down and abandoning module StreamingPauseRendering (129)
[2016.06.14-22.12.22:746][628]LogModuleManager: Shutting down and abandoning module AnalyticsET (128)
[2016.06.14-22.12.22:746][628]LogModuleManager: Shutting down and abandoning module Analytics (127)
[2016.06.14-22.12.22:746][628]LogModuleManager: Shutting down and abandoning module AITestSuite (126)
[2016.06.14-22.12.22:765][628]LogModuleManager: Shutting down and abandoning module GameplayDebugger (125)
[2016.06.14-22.12.22:773][628]LogModuleManager: Shutting down and abandoning module AIModule (124)
[2016.06.14-22.12.22:773][628]LogModuleManager: Shutting down and abandoning module ProfilerService (123)
[2016.06.14-22.12.22:980][628]LogModuleManager: Shutting down and abandoning module TaskGraph (122)
[2016.06.14-22.12.23:006][628]LogModuleManager: Shutting down and abandoning module SlateRemote (121)
[2016.06.14-22.12.23:006][628]LogModuleManager: Shutting down and abandoning module SteamVRController (120)
[2016.06.14-22.12.23:006][628]LogModuleManager: Shutting down and abandoning module SteamVR (119)
[2016.06.14-22.12.23:006][628]LogModuleManager: Shutting down and abandoning module ProceduralMeshComponent (118)
[2016.06.14-22.12.23:006][628]LogModuleManager: Shutting down and abandoning module OculusLibrary (117)
[2016.06.14-22.12.23:006][628]LogModuleManager: Shutting down and abandoning module OculusInput (116)
[2016.06.14-22.12.23:006][628]LogModuleManager: Shutting down and abandoning module LeapMotionController (115)
[2016.06.14-22.12.23:091][628]LogModuleManager: Shutting down and abandoning module CustomMeshComponent (114)
[2016.06.14-22.12.23:091][628]LogModuleManager: Shutting down and abandoning module CableComponent (113)
[2016.06.14-22.12.23:103][628]LogModuleManager: Shutting down and abandoning module ArchVisCharacter (112)
[2016.06.14-22.12.23:103][628]LogModuleManager: Shutting down and abandoning module MessagingDebugger (111)
[2016.06.14-22.12.23:144][628]LogModuleManager: Shutting down and abandoning module MediaPlayerEditor (110)
[2016.06.14-22.12.23:162][628]LogModuleManager: Shutting down and abandoning module HTML5Networking (109)
[2016.06.14-22.12.23:162][628]LogModuleManager: Shutting down and abandoning module SpeedTreeImporter (108)
[2016.06.14-22.12.23:162][628]LogModuleManager: Shutting down and abandoning module PluginBrowser (107)
[2016.06.14-22.12.23:233][628]LogModuleManager: Shutting down and abandoning module EpicSurvey (106)
[2016.06.14-22.12.23:257][628]LogModuleManager: Shutting down and abandoning module DesktopPlatform (105)
[2016.06.14-22.12.23:266][628]LogModuleManager: Shutting down and abandoning module VisualStudioSourceCodeAccess (104)
[2016.06.14-22.12.23:280][628]LogModuleManager: Shutting down and abandoning module UObjectPlugin (103)
[2016.06.14-22.12.23:280][628]LogModuleManager: Shutting down and abandoning module SubversionSourceControl (102)
[2016.06.14-22.12.23:296][628]LogModuleManager: Shutting down and abandoning module PerforceSourceControl (101)
[2016.06.14-22.12.23:316][628]LogModuleManager: Shutting down and abandoning module SourceControl (100)
[2016.06.14-22.12.23:326][628]LogModuleManager: Shutting down and abandoning module GitSourceControl (99)
[2016.06.14-22.12.23:333][628]LogModuleManager: Shutting down and abandoning module LightPropagationVolumeEditor (98)
[2016.06.14-22.12.23:333][628]LogModuleManager: Shutting down and abandoning module PaperTiledImporter (97)
[2016.06.14-22.12.23:339][628]LogModuleManager: Shutting down and abandoning module PaperSpriteSheetImporter (96)
[2016.06.14-22.12.23:339][628]LogModuleManager: Shutting down and abandoning module MeshPaint (95)
[2016.06.14-22.12.23:339][628]LogModuleManager: Shutting down and abandoning module SlateReflector (94)
[2016.06.14-22.12.23:421][628]LogModuleManager: Shutting down and abandoning module HotReload (93)
[2016.06.14-22.12.23:430][628]LogModuleManager: Shutting down and abandoning module MainFrame (92)
[2016.06.14-22.12.23:430][628]LogModuleManager: Shutting down and abandoning module LevelEditor (91)
[2016.06.14-22.12.23:446][628]LogModuleManager: Shutting down and abandoning module DirectoryWatcher (90)
[2016.06.14-22.12.23:453][628]LogModuleManager: Shutting down and abandoning module AssetRegistry (89)
[2016.06.14-22.12.23:607][628]LogModuleManager: Shutting down and abandoning module ContentBrowser (88)
[2016.06.14-22.12.23:611][628]LogModuleManager: Shutting down and abandoning module Paper2DEditor (87)
[2016.06.14-22.12.23:643][628]LogModuleManager: Shutting down and abandoning module UdpMessaging (86)
[2016.06.14-22.12.23:744][628]LogModuleManager: Shutting down and abandoning module LightPropagationVolumeRuntime (85)
[2016.06.14-22.12.23:744][628]LogModuleManager: Shutting down and abandoning module Paper2D (84)
[2016.06.14-22.12.23:766][628]LogModuleManager: Shutting down and abandoning module WindowsMoviePlayer (83)
[2016.06.14-22.12.23:779][628]LogModuleManager: Shutting down and abandoning module Media (82)
[2016.06.14-22.12.23:780][628]LogModuleManager: Shutting down and abandoning module WmfMedia (81)
[2016.06.14-22.12.23:790][628]LogModuleManager: Shutting down and abandoning module OnlineBlueprintSupport (80)
[2016.06.14-22.12.23:790][628]LogModuleManager: Shutting down and abandoning module GameplayTasksEditor (79)
[2016.06.14-22.12.23:790][628]LogModuleManager: Shutting down and abandoning module PropertyEditor (78)
[2016.06.14-22.12.23:790][628]LogModuleManager: Shutting down and abandoning module BehaviorTreeEditor (77)
[2016.06.14-22.12.23:897][628]LogModuleManager: Shutting down and abandoning module FunctionalTesting (76)
[2016.06.14-22.12.23:897][628]LogModuleManager: Shutting down and abandoning module CollisionAnalyzer (75)
[2016.06.14-22.12.23:909][628]LogModuleManager: Shutting down and abandoning module WorkspaceMenuStructure (74)
[2016.06.14-22.12.23:909][628]LogModuleManager: Shutting down and abandoning module MessageLog (73)
[2016.06.14-22.12.23:909][628]LogModuleManager: Shutting down and abandoning module Sequencer (72)
[2016.06.14-22.12.23:980][628]LogModuleManager: Shutting down and abandoning module AssetTools (71)
[2016.06.14-22.12.23:994][628]LogModuleManager: Shutting down and abandoning module UMGEditor (70)
[2016.06.14-22.12.24:085][628]LogModuleManager: Shutting down and abandoning module UMG (69)
[2016.06.14-22.12.24:109][628]LogModuleManager: Shutting down and abandoning module Slate (68)
[2016.06.14-22.12.24:109][628]LogModuleManager: Shutting down and abandoning module EditorStyle (67)
[2016.06.14-22.12.24:119][628]LogModuleManager: Shutting down and abandoning module SessionServices (66)
[2016.06.14-22.12.24:119][628]LogModuleManager: Shutting down and abandoning module SourceCodeAccess (65)
[2016.06.14-22.12.24:119][628]LogModuleManager: Shutting down and abandoning module HeadMountedDisplay (64)
[2016.06.14-22.12.24:119][628]LogModuleManager: Shutting down and abandoning module XAudio2 (63)
[2016.06.14-22.12.24:119][628]LogModuleManager: Shutting down and abandoning module Networking (61)
[2016.06.14-22.12.24:119][628]LogModuleManager: Shutting down and abandoning module Core (60)
[2016.06.14-22.12.24:119][628]LogModuleManager: Shutting down and abandoning module KismetCompiler (59)
[2016.06.14-22.12.24:119][628]LogModuleManager: Shutting down and abandoning module PhysXFormats (58)
[2016.06.14-22.12.24:133][628]LogModuleManager: Shutting down and abandoning module MeshUtilities (57)
[2016.06.14-22.12.24:155][628]LogModuleManager: Shutting down and abandoning module DerivedDataCache (56)
[2016.06.14-22.12.24:206][628]LogDerivedDataCache: Shutdown
[2016.06.14-22.12.24:206][628]LogModuleManager: Shutting down and abandoning module ShaderFormatOpenGL (55)
[2016.06.14-22.12.24:213][628]LogModuleManager: Shutting down and abandoning module ShaderFormatD3D (54)
[2016.06.14-22.12.24:224][628]LogModuleManager: Shutting down and abandoning module MetalShaderFormat (53)
[2016.06.14-22.12.24:240][628]LogModuleManager: Shutting down and abandoning module TextureFormatUncompressed (52)
[2016.06.14-22.12.24:240][628]LogModuleManager: Shutting down and abandoning module TextureFormatPVR (51)
[2016.06.14-22.12.24:256][628]LogModuleManager: Shutting down and abandoning module TextureFormatIntelISPCTexComp (50)
[2016.06.14-22.12.24:263][628]LogModuleManager: Shutting down and abandoning module TextureFormatDXT (49)
[2016.06.14-22.12.24:272][628]LogModuleManager: Shutting down and abandoning module ImageWrapper (48)
[2016.06.14-22.12.24:272][628]LogModuleManager: Shutting down and abandoning module TextureFormatASTC (47)
[2016.06.14-22.12.24:272][628]LogModuleManager: Shutting down and abandoning module TextureFormatAndroid (46)
[2016.06.14-22.12.24:272][628]LogModuleManager: Shutting down and abandoning module AudioFormatOpus (45)
[2016.06.14-22.12.24:284][628]LogModuleManager: Shutting down and abandoning module AudioFormatOgg (44)
[2016.06.14-22.12.24:302][628]LogModuleManager: Shutting down and abandoning module AudioFormatADPCM (43)
[2016.06.14-22.12.24:310][628]LogModuleManager: Shutting down and abandoning module LinuxTargetPlatform (42)
[2016.06.14-22.12.24:310][628]LogModuleManager: Shutting down and abandoning module LinuxServerTargetPlatform (41)
[2016.06.14-22.12.24:321][628]LogModuleManager: Shutting down and abandoning module LinuxNoEditorTargetPlatform (40)
[2016.06.14-22.12.24:333][628]LogModuleManager: Shutting down and abandoning module Messaging (39)
[2016.06.14-22.12.24:333][628]LogModuleManager: Shutting down and abandoning module IOSTargetPlatform (38)
[2016.06.14-22.12.24:333][628]LogModuleManager: Shutting down and abandoning module HTML5TargetPlatform (37)
[2016.06.14-22.12.24:333][628]LogModuleManager: Shutting down and abandoning module Android_PVRTCTargetPlatform (36)
[2016.06.14-22.12.24:333][628]LogModuleManager: Shutting down and abandoning module Android_MultiTargetPlatform (35)
[2016.06.14-22.12.24:333][628]LogModuleManager: Shutting down and abandoning module Android_ETC2TargetPlatform (34)
[2016.06.14-22.12.24:333][628]LogModuleManager: Shutting down and abandoning module Android_ETC1TargetPlatform (33)
[2016.06.14-22.12.24:333][628]LogModuleManager: Shutting down and abandoning module Android_DXTTargetPlatform (32)
[2016.06.14-22.12.24:333][628]LogModuleManager: Shutting down and abandoning module Android_ATCTargetPlatform (31)
[2016.06.14-22.12.24:333][628]LogModuleManager: Shutting down and abandoning module Android_ASTCTargetPlatform (30)
[2016.06.14-22.12.24:333][628]LogModuleManager: Shutting down and abandoning module AndroidTargetPlatform (29)
[2016.06.14-22.12.24:333][628]LogModuleManager: Shutting down and abandoning module WindowsTargetPlatform (28)
[2016.06.14-22.12.24:334][628]LogModuleManager: Shutting down and abandoning module WindowsServerTargetPlatform (27)
[2016.06.14-22.12.24:337][628]LogModuleManager: Shutting down and abandoning module WindowsNoEditorTargetPlatform (26)
[2016.06.14-22.12.24:347][628]LogModuleManager: Shutting down and abandoning module WindowsClientTargetPlatform (25)
[2016.06.14-22.12.24:357][628]LogModuleManager: Shutting down and abandoning module AllDesktopTargetPlatform (24)
[2016.06.14-22.12.24:357][628]LogModuleManager: Shutting down and abandoning module TargetPlatform (23)
[2016.06.14-22.12.24:357][628]LogModuleManager: Shutting down and abandoning module InputCore (22)
[2016.06.14-22.12.24:357][628]LogModuleManager: Shutting down and abandoning module Settings (21)
[2016.06.14-22.12.24:367][628]LogModuleManager: Shutting down and abandoning module OnlineSubsystem (19)
[2016.06.14-22.12.24:367][628]LogModuleManager: Shutting down and abandoning module HTTP (18)
[2016.06.14-22.12.26:370][628]LogModuleManager: Shutting down and abandoning module XMPP (17)
[2016.06.14-22.12.26:398][628]LogModuleManager: Shutting down and abandoning module OculusRift (16)
[2016.06.14-22.12.26:419][628]LogModuleManager: Shutting down and abandoning module ExampleDeviceProfileSelector (15)
[2016.06.14-22.12.26:419][628]LogModuleManager: Shutting down and abandoning module TextureCompressor (14)
[2016.06.14-22.12.26:431][628]LogModuleManager: Shutting down and abandoning module ShaderCore (13)
[2016.06.14-22.12.26:431][628]LogModuleManager: Shutting down and abandoning module Landscape (12)
[2016.06.14-22.12.26:431][628]LogModuleManager: Shutting down and abandoning module SlateRHIRenderer (11)
[2016.06.14-22.12.26:517][628]LogModuleManager: Shutting down and abandoning module OpenGLDrv (10)
[2016.06.14-22.12.26:536][628]LogModuleManager: Shutting down and abandoning module D3D11RHI (9)
[2016.06.14-22.12.26:536][628]LogModuleManager: Shutting down and abandoning module AnimGraphRuntime (8)
[2016.06.14-22.12.26:536][628]LogModuleManager: Shutting down and abandoning module Renderer (7)
[2016.06.14-22.12.26:536][628]LogModuleManager: Shutting down and abandoning module Engine (6)
[2016.06.14-22.12.26:536][628]LogModuleManager: Shutting down and abandoning module CoreUObject (5)
[2016.06.14-22.12.26:536][628]LogModuleManager: Shutting down and abandoning module NetworkFile (4)
[2016.06.14-22.12.26:561][628]LogModuleManager: Shutting down and abandoning module StreamingFile (3)
[2016.06.14-22.12.26:572][628]LogModuleManager: Shutting down and abandoning module SandboxFile (2)
[2016.06.14-22.12.26:583][628]LogModuleManager: Shutting down and abandoning module PakFile (1)
[2016.06.14-22.12.26:601][628]LogExit: Exiting.
[2016.06.14-22.12.26:675][628]Log file closed, 06/15/16 00:12:26
