[2016.05.10-19.49.46:304][  0]Log file open, 05/10/16 21:49:46
[2016.05.10-19.49.46:304][  0]LogInit:Display: Running engine for game: licencjat
[2016.05.10-19.49.46:304][  0]LogPlatformFile: Not using cached read wrapper
[2016.05.10-19.49.46:304][  0]LogInit:Display: RandInit(-264708711) SRandInit(-264708711).
[2016.05.10-19.49.46:304][  0]LogTaskGraph: Started task graph with 4 named threads and 7 total threads.
[2016.05.10-19.49.46:304][  0]LogStats: Stats thread started at 0.088246
[2016.05.10-19.49.46:304][  0]LogInit: Version: 4.10.4-2872498+++depot+UE4-Releases+4.10
[2016.05.10-19.49.46:304][  0]LogInit: API Version: 2758231
[2016.05.10-19.49.46:304][  0]LogInit: Compiled (64-bit): Feb 18 2016 15:47:04
[2016.05.10-19.49.46:304][  0]LogInit: Compiled with Visual C++: 19.00.23026.00
[2016.05.10-19.49.46:304][  0]LogInit: Build Configuration: Development
[2016.05.10-19.49.46:304][  0]LogInit: Branch Name: ++depot+UE4-Releases+4.10
[2016.05.10-19.49.46:304][  0]LogInit: Command line:  
[2016.05.10-19.49.46:304][  0]LogInit: Base directory: F:/Program Files (x86)/Epic Games/4.10/Engine/Binaries/Win64/
[2016.05.10-19.49.46:304][  0]LogInit: Rocket: 1
[2016.05.10-19.49.46:336][  0]LogInit: Using libcurl 7.41.0
[2016.05.10-19.49.46:336][  0]LogInit:  - built for x86_64-pc-win32
[2016.05.10-19.49.46:336][  0]LogInit:  - supports SSL with WinSSL
[2016.05.10-19.49.46:336][  0]LogInit:  - other features:
[2016.05.10-19.49.46:336][  0]LogInit:      CURL_VERSION_SSL
[2016.05.10-19.49.46:336][  0]LogInit:      CURL_VERSION_IPV6
[2016.05.10-19.49.46:336][  0]LogInit:      CURL_VERSION_ASYNCHDNS
[2016.05.10-19.49.46:336][  0]LogInit:      CURL_VERSION_LARGEFILE
[2016.05.10-19.49.46:336][  0]LogInit:      CURL_VERSION_IDN
[2016.05.10-19.49.46:336][  0]LogInit:  CurlRequestOptions (configurable via config and command line):
[2016.05.10-19.49.46:336][  0]LogInit:  - bVerifyPeer = true  - Libcurl will verify peer certificate
[2016.05.10-19.49.46:336][  0]LogInit:  - bUseHttpProxy = false  - Libcurl will NOT use HTTP proxy
[2016.05.10-19.49.46:336][  0]LogInit:  - bDontReuseConnections = false  - Libcurl will reuse connections
[2016.05.10-19.49.46:336][  0]LogInit:  - CertBundlePath = nullptr  - Libcurl will use whatever was configured at build time.
[2016.05.10-19.49.46:377][  0]LogInit: Presizing for 0 objects not considered by GC, pre-allocating 0 bytes.
[2016.05.10-19.49.46:385][  0]LogInit: Object subsystem initialized
[2016.05.10-19.49.46:386][  0]LogInit: Selected Device Profile: [Windows]
[2016.05.10-19.49.46:386][  0]LogInit: Applying CVar settings loaded from the selected device profile: [Windows]
[2016.05.10-19.49.46:398][  0]LogInit: Computer: MICHAŁ
[2016.05.10-19.49.46:398][  0]LogInit: User: Michal
[2016.05.10-19.49.46:398][  0]LogInit: CPU Page size=4096, Cores=4
[2016.05.10-19.49.46:398][  0]LogInit: High frequency timer resolution =2.435780 MHz
[2016.05.10-19.49.46:398][  0]LogMemory: Memory total: Physical=7.9GB (8GB approx)
[2016.05.10-19.49.46:398][  0]LogMemory: Platform Memory Stats for Windows
[2016.05.10-19.49.46:398][  0]LogMemory: Process Physical Memory: 56.47 MB used, 56.47 MB peak
[2016.05.10-19.49.46:398][  0]LogMemory: Process Virtual Memory: 56.80 MB used, 56.80 MB peak
[2016.05.10-19.49.46:398][  0]LogMemory: Physical Memory: 5230.77 MB used, 8112.11 MB total
[2016.05.10-19.49.46:398][  0]LogMemory: Virtual Memory: 383.13 MB used, 134217728.00 MB total
[2016.05.10-19.49.46:592][  0]LogTextLocalizationManager: No translations for ('pl-PL') exist, falling back to 'en' for localization and internationalization data.
[2016.05.10-19.49.47:071][  0]LogD3D11RHI: Found D3D11 adapter 0: NVIDIA GeForce GTX 860M   (Feature Level 11_0)
[2016.05.10-19.49.47:071][  0]LogD3D11RHI: Adapter has 1995MB of dedicated video memory, 0MB of dedicated system memory, and 4056MB of shared system memory, 1 output[s]
[2016.05.10-19.49.47:079][  0]LogD3D11RHI: Found D3D11 adapter 1: Intel(R) HD Graphics 4600 (Feature Level 11_0)
[2016.05.10-19.49.47:079][  0]LogD3D11RHI: Adapter has 112MB of dedicated video memory, 0MB of dedicated system memory, and 4056MB of shared system memory, 0 output[s]
[2016.05.10-19.49.47:081][  0]LogD3D11RHI: Found D3D11 adapter 2: Microsoft Basic Render Driver (Feature Level 11_0)
[2016.05.10-19.49.47:081][  0]LogD3D11RHI: Adapter has 0MB of dedicated video memory, 0MB of dedicated system memory, and 4056MB of shared system memory, 0 output[s]
[2016.05.10-19.49.47:081][  0]LogD3D11RHI: Chosen D3D11 Adapter Id = 0
[2016.05.10-19.49.47:085][  0]LogD3D11RHI: !Direct3DDevice
[2016.05.10-19.49.47:085][  0]LogRHI: Texture pool is 1361 MB (70% of 1945 MB)
[2016.05.10-19.49.47:101][  0]LogD3D11RHI: Async texture creation enabled
[2016.05.10-19.49.47:112][  0]LogShaderCompilers: Guid format shader working directory is -31 characters bigger than the processId version (../../../../../../Pliki programów (x86)/Projects/Licencjat/Licencjat/licencjat/Intermediate/Shaders/WorkingDirectory/8964/).
[2016.05.10-19.49.47:113][  0]LogShaderCompilers: Cleaned the shader compiler working directory 'C:/Users/Michal/AppData/Local/Temp/UnrealShaderWorkingDir/A0F6C9AD4D538F806BCD7C9A99EDDA34/'.
[2016.05.10-19.49.47:113][  0]LogShaderCompilers:Display: Using Local Shader Compiler.
[2016.05.10-19.49.48:320][  0]LogTemp:Display: Loaded TP AllDesktopTargetPlatform
[2016.05.10-19.49.48:330][  0]LogTemp:Display: Loaded TP WindowsClientTargetPlatform
[2016.05.10-19.49.48:343][  0]LogTemp:Display: Loaded TP WindowsNoEditorTargetPlatform
[2016.05.10-19.49.48:353][  0]LogTemp:Display: Loaded TP WindowsServerTargetPlatform
[2016.05.10-19.49.48:364][  0]LogTemp:Display: Loaded TP WindowsTargetPlatform
[2016.05.10-19.49.48:376][  0]LogTemp:Display: Loaded TP AndroidTargetPlatform
[2016.05.10-19.49.48:384][  0]LogTemp:Display: Loaded TP Android_ASTCTargetPlatform
[2016.05.10-19.49.48:395][  0]LogTemp:Display: Loaded TP Android_ATCTargetPlatform
[2016.05.10-19.49.48:405][  0]LogTemp:Display: Loaded TP Android_DXTTargetPlatform
[2016.05.10-19.49.48:415][  0]LogTemp:Display: Loaded TP Android_ETC1TargetPlatform
[2016.05.10-19.49.48:426][  0]LogTemp:Display: Loaded TP Android_ETC2TargetPlatform
[2016.05.10-19.49.48:448][  0]LogTemp:Display: Loaded TP Android_MultiTargetPlatform
[2016.05.10-19.49.48:448][  0]LogTemp:Display: Loaded TP Android_PVRTCTargetPlatform
[2016.05.10-19.49.48:457][  0]LogTemp:Display: Loaded TP HTML5TargetPlatform
[2016.05.10-19.49.48:499][  0]LogTemp:Display: Loaded TP IOSTargetPlatform
[2016.05.10-19.49.48:510][  0]LogTemp:Display: Loaded TP LinuxNoEditorTargetPlatform
[2016.05.10-19.49.48:520][  0]LogTemp:Display: Loaded TP LinuxServerTargetPlatform
[2016.05.10-19.49.48:531][  0]LogTemp:Display: Loaded TP LinuxTargetPlatform
[2016.05.10-19.49.48:531][  0]LogTargetPlatformManager:Display: Building Assets For Windows
[2016.05.10-19.49.48:780][  0]LogDerivedDataCache:Display: Max Cache Size: 512 MB
[2016.05.10-19.49.48:845][  0]LogDerivedDataCache: Loaded boot cache 0.07s 41MB C:/Users/Michal/AppData/Local/UnrealEngine/4.10/DerivedDataCache/Boot.ddc.
[2016.05.10-19.49.48:845][  0]LogDerivedDataCache:Display: Loaded Boot cache: C:/Users/Michal/AppData/Local/UnrealEngine/4.10/DerivedDataCache/Boot.ddc
[2016.05.10-19.49.48:845][  0]LogDerivedDataCache: FDerivedDataBackendGraph:  Pak pak cache file ../../../../../../Pliki programów (x86)/Projects/Licencjat/Licencjat/licencjat/DerivedDataCache/DDC.ddp not found, will not use a pak cache.
[2016.05.10-19.49.48:845][  0]LogDerivedDataCache: Unable to find inner node Pak for hierarchical cache Hierarchy.
[2016.05.10-19.49.48:845][  0]LogDerivedDataCache: FDerivedDataBackendGraph:  CompressedPak pak cache file ../../../../../../Pliki programów (x86)/Projects/Licencjat/Licencjat/licencjat/DerivedDataCache/Compressed.ddp not found, will not use a pak cache.
[2016.05.10-19.49.48:845][  0]LogDerivedDataCache: Unable to find inner node CompressedPak for hierarchical cache Hierarchy.
[2016.05.10-19.49.48:908][  0]LogDerivedDataCache:Display: Pak cache opened for reading ../../../Engine/DerivedDataCache/Compressed.ddp.
[2016.05.10-19.49.48:920][  0]LogDerivedDataCache: Using Local data cache path C:/Users/Michal/AppData/Local/UnrealEngine/Common/DerivedDataCache: Writable
[2016.05.10-19.49.49:130][  0]LogInit: Selected Device Profile: [Windows]
[2016.05.10-19.49.49:132][  0]LogContentStreaming: Texture pool size is 0.000000MB
[2016.05.10-19.49.49:274][  0]LogMeshUtilities: No automatic mesh reduction module available
[2016.05.10-19.49.49:274][  0]LogMeshUtilities: No automatic mesh merging module available
[2016.05.10-19.49.49:527][  0]LogInit: WinSock: version 1.1 (2.2), MaxSocks=32767, MaxUdp=65467
[2016.05.10-19.49.50:563][  0]UdpMessaging: Initializing bridge on interface 0.0.0.0:0 to multicast group 230.0.0.1:6666.
[2016.05.10-19.49.50:668][  0]LogAssetRegistry: FAssetRegistry took 0.0107 seconds to start up
[2016.05.10-19.49.50:843][  0]SourceControl: Info Source control is disabled
[2016.05.10-19.49.50:931][  0]SourceControl: Info Source control is disabled
[2016.05.10-19.49.50:943][  0]SourceControl: Info Source control is disabled
[2016.05.10-19.49.50:953][  0]SourceControl: Info Source control is disabled
[2016.05.10-19.49.51:186][  0]LogObj: 28633 objects as part of root set at end of initial load.
[2016.05.10-19.49.51:186][  0]LogUObjectAllocator: 6099744 out of 0 bytes used by permanent object pool.
[2016.05.10-19.49.51:241][  0]LogEngine: Initializing Engine...
[2016.05.10-19.49.51:243][  0]LogHMD: Can't find Oculus library dev build: is proper Runtime installed? Version: 0.8.0.0
[2016.05.10-19.49.51:243][  0]LogHMD: SteamVR failed to initialize.  Err: 110
[2016.05.10-19.49.51:375][  0]LogAIModule: Creating AISystem for world NewWorld
[2016.05.10-19.49.51:380][  0]LogInit: XAudio2 using 'Głośniki (Realtek High Definition Audio)' : 2 channels at 48 kHz using 32 bits per sample (channel mask 0x3)
[2016.05.10-19.49.51:394][  0]LogInit: FAudioDevice initialized.
[2016.05.10-19.49.51:430][  0]LogDerivedDataCache: Saved boot cache 0.04s 41MB C:/Users/Michal/AppData/Local/UnrealEngine/4.10/DerivedDataCache/Boot.ddc.
[2016.05.10-19.49.51:442][  0]LogInit: Texture streaming: Enabled
[2016.05.10-19.49.51:446][  0]LogAnalytics: Creating configured Analytics provider AnalyticsET
[2016.05.10-19.49.51:446][  0]LogAnalytics: [UEEditor.Rocket.Release] APIServer = http://et2.epicgames.com/ET2/. AppVersion = 4.10.4-2872498+++depot+UE4-Releases+4.10
[2016.05.10-19.49.51:446][  0]LogAnalytics: [UEEditor.Rocket.Release] SetUserId a3197f024eeaba3b4ad92f9b8fab00ba|2f2774d88abc441c9dc26ded9b423e32|d6d3d7f4-4f27-49a3-b6fc-4a29f0d1ed38
[2016.05.10-19.49.51:446][  0]LogAnalytics: [UEEditor.Rocket.Release] AnalyticsET::StartSession
[2016.05.10-19.49.51:455][  0]LogInit: Transaction tracking system initialized
[2016.05.10-19.49.51:479][  0]BlueprintLog: New page: Editor Load
[2016.05.10-19.49.51:539][  0]LocalizationService: Info Localization service is disabled
[2016.05.10-19.49.51:613][  0]LogConsoleResponse:Display: 
[2016.05.10-19.49.51:761][  0]LogCook:Display: Done creating registry. It took  0.00s.
[2016.05.10-19.49.51:818][  0]LogFileCache: Scanning file cache for directory 'F:/Pliki programów (x86)/Projects/Licencjat/Licencjat/licencjat/Content/' took 0.01s
[2016.05.10-19.49.51:818][  0]SourceControl: Info Source control is disabled
[2016.05.10-19.49.51:818][  0]Cmd: MAP LOAD FILE="../../../../../../Pliki programów (x86)/Projects/Licencjat/Licencjat/licencjat/Content/StarterContent/Maps/Minimal_Default.umap" TEMPLATE=0 SHOWPROGRESS=1 FEATURELEVEL=3
[2016.05.10-19.49.51:819][  0]LightingResults: New page: Lighting Build
[2016.05.10-19.49.51:821][  0]MapCheck: New page: Map Check
[2016.05.10-19.49.51:821][  0]LightingResults: New page: Lighting Build
[2016.05.10-19.49.51:838][  0]LogParticles: Destroying 0 GPU particle simulations for FXSystem 0x000001C409617B00
[2016.05.10-19.49.54:218][  0]LogAIModule: Creating AISystem for world Minimal_Default
[2016.05.10-19.49.54:416][  0]LogEditorServer: Finished looking for orphan Actors (0.000 secs)
[2016.05.10-19.49.54:416][  0]Cmd: MAP CHECKDEP NOCLEARLOG
[2016.05.10-19.49.54:509][  0]MapCheck: Info Map check complete: 0 Error(s), 0 Warning(s), took 92.348ms to complete.
[2016.05.10-19.49.54:509][  0]LogFileHelpers: Loading map 'Minimal_Default' took 2.691
[2016.05.10-19.49.54:790][  0]LogCollectionManager: Loaded 0 collections in 0.001161 seconds
[2016.05.10-19.49.54:834][  0]LogFileCache: Scanning file cache for directory 'F:/Pliki programów (x86)/Projects/Licencjat/Licencjat/licencjat/Saved/Collections/' took 0.01s
[2016.05.10-19.49.54:834][  0]LogFileCache: Scanning file cache for directory 'F:/Pliki programów (x86)/Projects/Licencjat/Licencjat/licencjat/Content/Developers/Michal/Collections/' took 0.01s
[2016.05.10-19.49.54:834][  0]LogFileCache: Scanning file cache for directory 'F:/Pliki programów (x86)/Projects/Licencjat/Licencjat/licencjat/Content/Collections/' took 0.01s
[2016.05.10-19.49.54:834][  0]LogCollectionManager: Rebuilt the GUID cache for 0 collections in 0.000002 seconds
[2016.05.10-19.49.54:842][  0]LogContentBrowser: Native class hierarchy populated in 0.0079 seconds. Added 1893 classes and 338 folders.
[2016.05.10-19.49.54:848][  0]LogContentBrowser: Native class hierarchy updated for 'WidgetCarousel' in 0.0003 seconds. Added 0 classes and 0 folders.
[2016.05.10-19.49.58:890][  0]LogContentBrowser: Native class hierarchy updated for 'AddContentDialog' in 0.0004 seconds. Added 0 classes and 0 folders.
[2016.05.10-19.49.59:012][  0]LogContentBrowser: Native class hierarchy updated for 'SceneOutliner' in 0.0004 seconds. Added 1 classes and 2 folders.
[2016.05.10-19.49.59:498][  0]LogCrashTracker: Crashtracker disabled due to settings.
[2016.05.10-19.49.59:517][  0]LogUObjectGlobals:Warning: Failed to find object 'Class None.'
[2016.05.10-19.49.59:542][  0]LogLoad: Full Startup: 13.79 seconds (BP compile: 0.10 seconds)
[2016.05.10-19.49.59:561][  0]LogWindowsTextInputMethodSystem:Display: IME system now deactivated.
[2016.05.10-19.49.59:575][  0]LogOcInput: Can't find Oculus library dev build: is proper Runtime installed? Version: 0.8.0.0
[2016.05.10-19.49.59:914][  0]LogContentStreaming: Texture pool size now 1000 MB
[2016.05.10-19.50.00:107][  0]LogRenderer: Reallocating scene render targets to support 1216x704 (Frame:2).
[2016.05.10-19.50.00:237][  1]Cmd: UpdateLandscapeEditorData -warnings
[2016.05.10-19.50.00:572][  3]LogEditorViewport: Clicking on Actor (LMB): Landscape (Landscape3)
[2016.05.10-19.50.14:483][157]LogAssetRegistry: Asset discovery search completed in 23.8250 seconds
[2016.05.10-19.50.14:483][157]LogCollectionManager: Rebuilt the object cache for 0 collections in 0.000001 seconds (found 0 objects)
[2016.05.10-19.50.14:483][157]LogCollectionManager: Fixed up redirectors for 0 collections in 0.000019 seconds (updated 0 objects)
[2016.05.10-19.52.37:226][368]LogActorComponent: UnregisterComponent: (/Engine/Transient.CharMoveComp) Not registered. Aborting.
[2016.05.10-19.52.37:251][368]LogMetaData: Removing '/Game/User_Interface/Game_menu/In_Game_Menu.SKEL_In_Game_Menu_C' ref from Metadata '/Game/User_Interface/Game_menu/NewWidgetBlueprint.PackageMetaData'
[2016.05.10-19.52.37:252][368]LogMetaData: Removing '/Game/User_Interface/Game_menu/In_Game_Menu.In_Game_Menu_C' ref from Metadata '/Game/User_Interface/Game_menu/NewWidgetBlueprint.PackageMetaData'
[2016.05.10-19.52.37:252][368]LogMetaData: Removing '/Game/User_Interface/Game_menu/In_Game_Menu.In_Game_Menu:EventGraph.K2Node_Event_3' ref from Metadata '/Game/User_Interface/Game_menu/NewWidgetBlueprint.PackageMetaData'
[2016.05.10-19.52.37:252][368]LogMetaData: Removing '/Game/User_Interface/Game_menu/In_Game_Menu.In_Game_Menu:EventGraph.K2Node_Event_4' ref from Metadata '/Game/User_Interface/Game_menu/NewWidgetBlueprint.PackageMetaData'
[2016.05.10-19.52.37:318][368]LogSavePackage: Save=5.848229ms
[2016.05.10-19.52.37:318][368]LogSavePackage: Moving '../../../../../../Pliki programów (x86)/Projects/Licencjat/Licencjat/licencjat/Saved/In_Game_MenuCE7155264E0001CB0ED80FAC10E6B1D8.tmp' to '../../../../../../Pliki programów (x86)/Projects/Licencjat/Licencjat/licencjat/Content/User_Interface/Game_menu/In_Game_Menu.uasset'
[2016.05.10-19.52.37:320][368]LogSavePackage: Total save time: 20.310536ms
[2016.05.10-19.52.37:320][368]LogSavePackage:Display: Finished SavePackage ../../../../../../Pliki programów (x86)/Projects/Licencjat/Licencjat/licencjat/Content/User_Interface/Game_menu/In_Game_Menu.uasset
[2016.05.10-19.52.39:286][478]LogLinker:Warning: Asset '../../../Engine/Content/ArtTools/RenderToTexture/Macros/RenderToTextureMacros.uasset' has been saved with empty engine version. The asset will be loaded but may be incompatible.
[2016.05.10-19.52.39:871][478]LogContentBrowser: Native class hierarchy updated for 'BlueprintGraph' in 0.0007 seconds. Added 107 classes and 0 folders.
[2016.05.10-19.56.42:641][217]Cmd: TRANSACTION UNDO
[2016.05.10-19.56.42:641][217]LogEditorTransaction: Undo Move Widget
[2016.05.10-19.56.43:050][225]Cmd: TRANSACTION UNDO
[2016.05.10-19.56.43:050][225]LogEditorTransaction: Undo Add Widget
[2016.05.10-19.59.16:307][311]LogEditorTransaction: Undo Set Vector Property
[2016.05.10-20.00.29:308][729]LogActorComponent: UnregisterComponent: (/Engine/Transient.CharMoveComp) Not registered. Aborting.
[2016.05.10-20.00.29:340][729]LogFileHelpers: Editor autosave (incl. sublevels) for '/Game/StarterContent/Maps/Minimal_Default' took 0.033
[2016.05.10-20.00.29:347][729]LogSavePackage: Save=0.959857ms
[2016.05.10-20.00.29:347][729]LogSavePackage: Moving '../../../../../../Pliki programów (x86)/Projects/Licencjat/Licencjat/licencjat/Saved/NewWidgetBlueprint_Auto14EBDF17C40CF594CC32F599DEEB976E3.tmp' to '../../../../../../Pliki programów (x86)/Projects/Licencjat/Licencjat/licencjat/Saved/Autosaves/Game/User_Interface/Game_menu/NewWidgetBlueprint_Auto1.uasset'
[2016.05.10-20.00.29:348][729]LogSavePackage: Total save time: 2.037540ms
[2016.05.10-20.00.29:348][729]LogSavePackage:Display: Finished SavePackage ../../../../../../Pliki programów (x86)/Projects/Licencjat/Licencjat/licencjat/Saved/Autosaves/Game/User_Interface/Game_menu/NewWidgetBlueprint_Auto1.uasset
[2016.05.10-20.00.29:351][729]OBJ SavePackage: Generating thumbnails for [0] asset(s) in package [/Game/User_Interface/Game_menu/In_Game_Menu] ([1] browsable assets)...
[2016.05.10-20.00.29:351][729]OBJ SavePackage: Finished generating thumbnails for package [/Game/User_Interface/Game_menu/In_Game_Menu]
[2016.05.10-20.00.29:363][729]LogSavePackage: Save=7.159513ms
[2016.05.10-20.00.29:363][729]LogSavePackage: Moving '../../../../../../Pliki programów (x86)/Projects/Licencjat/Licencjat/licencjat/Saved/In_Game_Menu_Auto19423F22745E43E09C7E713B4059EA653.tmp' to '../../../../../../Pliki programów (x86)/Projects/Licencjat/Licencjat/licencjat/Saved/Autosaves/Game/User_Interface/Game_menu/In_Game_Menu_Auto1.uasset'
[2016.05.10-20.00.29:364][729]LogSavePackage: Total save time: 11.385676ms
[2016.05.10-20.00.29:364][729]LogSavePackage:Display: Finished SavePackage ../../../../../../Pliki programów (x86)/Projects/Licencjat/Licencjat/licencjat/Saved/Autosaves/Game/User_Interface/Game_menu/In_Game_Menu_Auto1.uasset
[2016.05.10-20.00.29:364][729]LogFileHelpers: Auto-saving content packages took 0.022
[2016.05.10-20.07.59:873][574]BlueprintLog: New page: Compile In_Game_Menu
[2016.05.10-20.07.59:961][574]BlueprintEditorCompileResults: Info [1094.20] Compile of In_Game_Menu successful! [in 87 ms]
[2016.05.10-20.08.05:217][724]LogSavePackage: Save=0.995985ms
[2016.05.10-20.08.05:217][724]LogSavePackage: Moving '../../../../../../Pliki programów (x86)/Projects/Licencjat/Licencjat/licencjat/Saved/NewWidgetBlueprintDA7340404AFD651FD54EE99F5AD82DCF.tmp' to '../../../../../../Pliki programów (x86)/Projects/Licencjat/Licencjat/licencjat/Content/User_Interface/Game_menu/NewWidgetBlueprint.uasset'
[2016.05.10-20.08.05:219][724]LogSavePackage: Total save time: 2.765439ms
[2016.05.10-20.08.05:219][724]LogSavePackage:Display: Finished SavePackage ../../../../../../Pliki programów (x86)/Projects/Licencjat/Licencjat/licencjat/Content/User_Interface/Game_menu/NewWidgetBlueprint.uasset
[2016.05.10-20.08.05:246][724]LogSavePackage: Save=15.743622ms
[2016.05.10-20.08.05:246][724]LogSavePackage: Moving '../../../../../../Pliki programów (x86)/Projects/Licencjat/Licencjat/licencjat/Saved/In_Game_Menu7CD20BBC4F434F1DE4846ABBEDE78C08.tmp' to '../../../../../../Pliki programów (x86)/Projects/Licencjat/Licencjat/licencjat/Content/User_Interface/Game_menu/In_Game_Menu.uasset'
[2016.05.10-20.08.05:247][724]LogSavePackage: Total save time: 20.045735ms
[2016.05.10-20.08.05:248][724]LogSavePackage:Display: Finished SavePackage ../../../../../../Pliki programów (x86)/Projects/Licencjat/Licencjat/licencjat/Content/User_Interface/Game_menu/In_Game_Menu.uasset
[2016.05.10-20.11.36:881][757]BlueprintLog: New page: Compile CharacterBP
[2016.05.10-20.11.36:959][757]LogActorComponent: UnregisterComponent: (/Engine/Transient.CharMoveComp) Not registered. Aborting.
[2016.05.10-20.11.36:998][757]BlueprintEditorCompileResults: Info [1311.24] Compile of CharacterBP successful! [in 117 ms]
[2016.05.10-20.12.05:415][109]LogActorComponent: UnregisterComponent: (/Engine/Transient.CharMoveComp) Not registered. Aborting.
[2016.05.10-20.12.06:044][109]LogSavePackage: Save=521.143921ms
[2016.05.10-20.12.06:044][109]LogSavePackage: Moving '../../../../../../Pliki programów (x86)/Projects/Licencjat/Licencjat/licencjat/Saved/Minimal_Default_Auto2A3B4A72E49ADFDC89F3C06B2A3D99F0D.tmp' to '../../../../../../Pliki programów (x86)/Projects/Licencjat/Licencjat/licencjat/Saved/Autosaves/Game/StarterContent/Maps/Minimal_Default_Auto2.umap'
[2016.05.10-20.12.06:046][109]LogSavePackage: Total save time: 592.531756ms
[2016.05.10-20.12.06:046][109]LogSavePackage:Display: Finished SavePackage ../../../../../../Pliki programów (x86)/Projects/Licencjat/Licencjat/licencjat/Saved/Autosaves/Game/StarterContent/Maps/Minimal_Default_Auto2.umap
[2016.05.10-20.12.06:047][109]LogFileHelpers: Editor autosave (incl. sublevels) for '/Game/StarterContent/Maps/Minimal_Default' took 0.633
[2016.05.10-20.12.06:047][109]LogFileHelpers: Editor autosave (incl. sublevels) for all levels took 0.633
[2016.05.10-20.12.06:053][109]OBJ SavePackage: Generating thumbnails for [1] asset(s) in package [/Game/Character/CharacterBP] ([1] browsable assets)...
[2016.05.10-20.12.06:091][109]OBJ SavePackage:     Rendered thumbnail for [Blueprint /Game/Character/CharacterBP.CharacterBP]
[2016.05.10-20.12.06:091][109]OBJ SavePackage: Finished generating thumbnails for package [/Game/Character/CharacterBP]
[2016.05.10-20.12.06:203][109]LogSavePackage: Save=107.639030ms
[2016.05.10-20.12.06:203][109]LogSavePackage: Moving '../../../../../../Pliki programów (x86)/Projects/Licencjat/Licencjat/licencjat/Saved/CharacterBP_Auto2C1CFE34E45A70FA8F2B8158A7DB060E5.tmp' to '../../../../../../Pliki programów (x86)/Projects/Licencjat/Licencjat/licencjat/Saved/Autosaves/Game/Character/CharacterBP_Auto2.uasset'
[2016.05.10-20.12.06:204][109]LogSavePackage: Total save time: 111.503091ms
[2016.05.10-20.12.06:204][109]LogSavePackage:Display: Finished SavePackage ../../../../../../Pliki programów (x86)/Projects/Licencjat/Licencjat/licencjat/Saved/Autosaves/Game/Character/CharacterBP_Auto2.uasset
[2016.05.10-20.12.06:204][109]LogFileHelpers: Auto-saving content packages took 0.155
[2016.05.10-20.12.11:352][343]LogActorComponent: UnregisterComponent: (/Engine/Transient.CharMoveComp) Not registered. Aborting.
[2016.05.10-20.12.11:377][343]LogParticles: Destroying 0 GPU particle simulations for FXSystem 0x000001C47B5F1080
[2016.05.10-20.12.12:066][343]LogSavePackage: Save=533.262451ms
[2016.05.10-20.12.12:066][343]LogSavePackage: Moving '../../../../../../Pliki programów (x86)/Projects/Licencjat/Licencjat/licencjat/Saved/Minimal_Default62C0A7A142E3CBB56681428D382CA854.tmp' to '../../../../../../Pliki programów (x86)/Projects/Licencjat/Licencjat/licencjat/Content/StarterContent/Maps/Minimal_Default.umap'
[2016.05.10-20.12.12:069][343]LogSavePackage: Total save time: 538.326122ms
[2016.05.10-20.12.12:069][343]LogSavePackage:Display: Finished SavePackage ../../../../../../Pliki programów (x86)/Projects/Licencjat/Licencjat/licencjat/Content/StarterContent/Maps/Minimal_Default.umap
[2016.05.10-20.12.12:109][343]LogFileHelpers: Saving map 'Minimal_Default' took 0.700
[2016.05.10-20.12.12:114][343]Cmd: OBJ SAVEPACKAGE PACKAGE="/Game/Character/CharacterBP" FILE="../../../../../../Pliki programów (x86)/Projects/Licencjat/Licencjat/licencjat/Content/Character/CharacterBP.uasset" SILENT=true
[2016.05.10-20.12.12:161][343]LogSavePackage: Save=43.618881ms
[2016.05.10-20.12.12:161][343]LogSavePackage: Moving '../../../../../../Pliki programów (x86)/Projects/Licencjat/Licencjat/licencjat/Saved/CharacterBPF5565C014248AA94476833B35B4226FB.tmp' to '../../../../../../Pliki programów (x86)/Projects/Licencjat/Licencjat/licencjat/Content/Character/CharacterBP.uasset'
[2016.05.10-20.12.12:163][343]LogSavePackage: Total save time: 47.413561ms
[2016.05.10-20.12.12:163][343]LogSavePackage:Display: Finished SavePackage ../../../../../../Pliki programów (x86)/Projects/Licencjat/Licencjat/licencjat/Content/Character/CharacterBP.uasset
[2016.05.10-20.12.51:423][963]LogParticles: Destroying 0 GPU particle simulations for FXSystem 0x000001C47B5F2B60
[2016.05.10-20.12.51:459][963]Cmd: OBJ SAVEPACKAGE PACKAGE="/Game/Character/CharacterBP" FILE="../../../../../../Pliki programów (x86)/Projects/Licencjat/Licencjat/licencjat/Content/Character/CharacterBP.uasset" SILENT=true
[2016.05.10-20.12.51:508][963]LogSavePackage: Save=46.226669ms
[2016.05.10-20.12.51:508][963]LogSavePackage: Moving '../../../../../../Pliki programów (x86)/Projects/Licencjat/Licencjat/licencjat/Saved/CharacterBP945F4C9D4015FCC53A87158DD0F89ADF.tmp' to '../../../../../../Pliki programów (x86)/Projects/Licencjat/Licencjat/licencjat/Content/Character/CharacterBP.uasset'
[2016.05.10-20.12.51:509][963]LogSavePackage: Total save time: 50.051317ms
[2016.05.10-20.12.51:509][963]LogSavePackage:Display: Finished SavePackage ../../../../../../Pliki programów (x86)/Projects/Licencjat/Licencjat/licencjat/Content/Character/CharacterBP.uasset
[2016.05.10-20.13.59:617][745]LogActorComponent: UnregisterComponent: (/Engine/Transient.CharMoveComp) Not registered. Aborting.
[2016.05.10-20.14.02:673][745]LogSavePackage: Save=2859.244385ms
[2016.05.10-20.14.02:673][745]LogSavePackage: Moving '../../../../../../Pliki programów (x86)/Projects/Licencjat/Licencjat/licencjat/Saved/Minimal_Default82252A5F4F3243017ADE02B1ADA10956.tmp' to '../../../../../../Pliki programów (x86)/Projects/Licencjat/Licencjat/licencjat/Content/StarterContent/Maps/Minimal_Default.umap'
[2016.05.10-20.14.02:675][745]LogSavePackage: Total save time: 2863.997571ms
[2016.05.10-20.14.02:675][745]LogSavePackage:Display: Finished SavePackage ../../../../../../Pliki programów (x86)/Projects/Licencjat/Licencjat/licencjat/Content/StarterContent/Maps/Minimal_Default.umap
[2016.05.10-20.14.02:696][745]LogFileHelpers: Saving map 'Minimal_Default' took 3.012
[2016.05.10-20.14.02:742][745]Cmd: OBJ SAVEPACKAGE PACKAGE="/Game/Character/CharacterBP" FILE="../../../../../../Pliki programów (x86)/Projects/Licencjat/Licencjat/licencjat/Content/Character/CharacterBP.uasset" SILENT=true
[2016.05.10-20.14.02:840][745]LogSavePackage: Save=95.453613ms
[2016.05.10-20.14.02:840][745]LogSavePackage: Moving '../../../../../../Pliki programów (x86)/Projects/Licencjat/Licencjat/licencjat/Saved/CharacterBPAB0DD1D1495559B2F7BB25B3E6600777.tmp' to '../../../../../../Pliki programów (x86)/Projects/Licencjat/Licencjat/licencjat/Content/Character/CharacterBP.uasset'
[2016.05.10-20.14.02:842][745]LogSavePackage: Total save time: 99.382948ms
[2016.05.10-20.14.02:842][745]LogSavePackage:Display: Finished SavePackage ../../../../../../Pliki programów (x86)/Projects/Licencjat/Licencjat/licencjat/Content/Character/CharacterBP.uasset
[2016.05.10-20.14.08:701][ 97]LogActorComponent: UnregisterComponent: (/Engine/Transient.CharMoveComp) Not registered. Aborting.
[2016.05.10-20.14.08:841][ 97]LogWindowsTextInputMethodSystem:Display: IME system now deactivated.
[2016.05.10-20.14.09:140][ 98]Cmd: QUIT_EDITOR
[2016.05.10-20.14.09:287][ 98]LogExit: Preparing to exit.
[2016.05.10-20.14.10:437][ 98]LogExit: Editor shut down
[2016.05.10-20.14.10:437][ 98]LogExit: Transaction tracking system shut down
[2016.05.10-20.14.10:442][ 98]LogParticles: Destroying 0 GPU particle simulations for FXSystem 0x000001C47A96B880
[2016.05.10-20.14.10:444][ 98]LogParticles: Destroying 0 GPU particle simulations for FXSystem 0x000001C410961080
[2016.05.10-20.14.10:444][ 98]LogParticles: Destroying 0 GPU particle simulations for FXSystem 0x000001C408B1DE40
[2016.05.10-20.14.10:444][ 98]LogParticles: Destroying 0 GPU particle simulations for FXSystem 0x000001C410F9B920
[2016.05.10-20.14.10:445][ 98]LogParticles: Destroying 0 GPU particle simulations for FXSystem 0x000001C410F9B4C0
[2016.05.10-20.14.10:445][ 98]LogParticles: Destroying 0 GPU particle simulations for FXSystem 0x000001C410E07880
[2016.05.10-20.14.10:448][ 98]LogParticles: Destroying 0 GPU particle simulations for FXSystem 0x000001C45D587560
[2016.05.10-20.14.10:640][ 98]LogExit: Object subsystem successfully closed.
[2016.05.10-20.14.10:662][ 98]LogD3D11RHI: Shutdown
[2016.05.10-20.14.10:662][ 98]LogD3D11RHI: CleanupD3DDevice
[2016.05.10-20.14.10:732][ 98]LogD3D11RHI: ~FD3D11DynamicRHI
[2016.05.10-20.14.10:749][ 98]LogModuleManager: Shutting down and abandoning module ExternalImagePicker (202)
[2016.05.10-20.14.10:749][ 98]LogModuleManager: Shutting down and abandoning module SequencerWidgets (201)
[2016.05.10-20.14.10:749][ 98]LogModuleManager: Shutting down and abandoning module BlueprintGraph (200)
[2016.05.10-20.14.10:749][ 98]LogModuleManager: Shutting down and abandoning module CookingStats (199)
[2016.05.10-20.14.10:749][ 98]LogModuleManager: Shutting down and abandoning module CrashTracker (198)
[2016.05.10-20.14.10:749][ 98]LogModuleManager: Shutting down and abandoning module SceneOutliner (197)
[2016.05.10-20.14.10:749][ 98]LogModuleManager: Shutting down and abandoning module SuperSearch (196)
[2016.05.10-20.14.10:749][ 98]LogModuleManager: Shutting down and abandoning module WidgetCarousel (195)
[2016.05.10-20.14.10:749][ 98]LogModuleManager: Shutting down and abandoning module AddContentDialog (194)
[2016.05.10-20.14.10:754][ 98]LogModuleManager: Shutting down and abandoning module EditorWidgets (193)
[2016.05.10-20.14.10:754][ 98]LogModuleManager: Shutting down and abandoning module CollectionManager (192)
[2016.05.10-20.14.10:754][ 98]LogModuleManager: Shutting down and abandoning module StatsViewer (191)
[2016.05.10-20.14.10:754][ 98]LogModuleManager: Shutting down and abandoning module FoliageEdit (190)
[2016.05.10-20.14.10:754][ 98]LogModuleManager: Shutting down and abandoning module LandscapeEditor (189)
[2016.05.10-20.14.10:754][ 98]LogModuleManager: Shutting down and abandoning module ActorPickerMode (188)
[2016.05.10-20.14.10:754][ 98]LogModuleManager: Shutting down and abandoning module GeometryMode (187)
[2016.05.10-20.14.10:754][ 98]LogModuleManager: Shutting down and abandoning module TextureAlignMode (186)
[2016.05.10-20.14.10:754][ 98]LogModuleManager: Shutting down and abandoning module BspMode (185)
[2016.05.10-20.14.10:754][ 98]LogModuleManager: Shutting down and abandoning module PlacementMode (184)
[2016.05.10-20.14.10:754][ 98]LogModuleManager: Shutting down and abandoning module AutomationWorker (183)
[2016.05.10-20.14.10:754][ 98]LogModuleManager: Shutting down and abandoning module CharacterAI (182)
[2016.05.10-20.14.10:754][ 98]LogModuleManager: Shutting down and abandoning module SmartSnapping (181)
[2016.05.10-20.14.10:754][ 98]LogModuleManager: Shutting down and abandoning module ViewportSnapping (180)
[2016.05.10-20.14.10:754][ 98]LogModuleManager: Shutting down and abandoning module LogVisualizer (179)
[2016.05.10-20.14.10:755][ 98]LogModuleManager: Shutting down and abandoning module GameProjectGeneration (178)
[2016.05.10-20.14.10:755][ 98]LogModuleManager: Shutting down and abandoning module IntroTutorials (177)
[2016.05.10-20.14.10:755][ 98]LogModuleManager: Shutting down and abandoning module EditorLiveStreaming (176)
[2016.05.10-20.14.10:755][ 98]LogModuleManager: Shutting down and abandoning module IOSPlatformEditor (175)
[2016.05.10-20.14.10:755][ 98]LogModuleManager: Shutting down and abandoning module HTML5PlatformEditor (174)
[2016.05.10-20.14.10:755][ 98]LogModuleManager: Shutting down and abandoning module AndroidDeviceDetection (173)
[2016.05.10-20.14.10:988][ 98]LogModuleManager: Shutting down and abandoning module AndroidPlatformEditor (172)
[2016.05.10-20.14.10:988][ 98]LogModuleManager: Shutting down and abandoning module IOSRuntimeSettings (171)
[2016.05.10-20.14.10:988][ 98]LogModuleManager: Shutting down and abandoning module AndroidRuntimeSettings (170)
[2016.05.10-20.14.10:988][ 98]LogModuleManager: Shutting down and abandoning module MergeActors (169)
[2016.05.10-20.14.10:988][ 98]LogModuleManager: Shutting down and abandoning module SizeMap (168)
[2016.05.10-20.14.10:988][ 98]LogModuleManager: Shutting down and abandoning module TreeMap (167)
[2016.05.10-20.14.10:988][ 98]LogModuleManager: Shutting down and abandoning module ReferenceViewer (166)
[2016.05.10-20.14.10:988][ 98]LogModuleManager: Shutting down and abandoning module LocalizationService (165)
[2016.05.10-20.14.10:988][ 98]LogModuleManager: Shutting down and abandoning module LocalizationDashboard (164)
[2016.05.10-20.14.10:988][ 98]LogModuleManager: Shutting down and abandoning module HardwareTargeting (163)
[2016.05.10-20.14.10:988][ 98]LogModuleManager: Shutting down and abandoning module DeviceProfileEditor (162)
[2016.05.10-20.14.10:988][ 98]LogModuleManager: Shutting down and abandoning module UndoHistory (161)
[2016.05.10-20.14.10:988][ 98]LogModuleManager: Shutting down and abandoning module GameplayTagsEditor (160)
[2016.05.10-20.14.10:988][ 98]LogModuleManager: Shutting down and abandoning module UserFeedback (159)
[2016.05.10-20.14.10:988][ 98]LogModuleManager: Shutting down and abandoning module XmlParser (158)
[2016.05.10-20.14.10:988][ 98]LogModuleManager: Shutting down and abandoning module Blutility (157)
[2016.05.10-20.14.10:988][ 98]LogModuleManager: Shutting down and abandoning module ProjectTargetPlatformEditor (156)
[2016.05.10-20.14.10:989][ 98]LogModuleManager: Shutting down and abandoning module ProjectSettingsViewer (155)
[2016.05.10-20.14.10:989][ 98]LogModuleManager: Shutting down and abandoning module InputBindingEditor (154)
[2016.05.10-20.14.10:989][ 98]LogModuleManager: Shutting down and abandoning module EditorSettingsViewer (153)
[2016.05.10-20.14.10:989][ 98]LogModuleManager: Shutting down and abandoning module SettingsEditor (152)
[2016.05.10-20.14.10:989][ 98]LogModuleManager: Shutting down and abandoning module ProjectLauncher (151)
[2016.05.10-20.14.10:989][ 98]LogModuleManager: Shutting down and abandoning module SessionFrontend (150)
[2016.05.10-20.14.10:989][ 98]LogModuleManager: Shutting down and abandoning module ProfilerClient (149)
[2016.05.10-20.14.10:989][ 98]LogModuleManager: Shutting down and abandoning module TargetDeviceServices (148)
[2016.05.10-20.14.10:989][ 98]LogModuleManager: Shutting down and abandoning module DeviceManager (147)
[2016.05.10-20.14.10:989][ 98]LogModuleManager: Shutting down and abandoning module AutomationController (146)
[2016.05.10-20.14.10:989][ 98]LogModuleManager: Shutting down and abandoning module AutomationWindow (145)
[2016.05.10-20.14.10:989][ 98]LogModuleManager: Shutting down and abandoning module Layers (144)
[2016.05.10-20.14.10:989][ 98]LogModuleManager: Shutting down and abandoning module ComponentVisualizers (143)
[2016.05.10-20.14.10:989][ 98]LogModuleManager: Shutting down and abandoning module DetailCustomizations (142)
[2016.05.10-20.14.10:989][ 98]LogModuleManager: Shutting down and abandoning module PackagesDialog (141)
[2016.05.10-20.14.10:989][ 98]LogModuleManager: Shutting down and abandoning module Persona (140)
[2016.05.10-20.14.10:989][ 98]LogModuleManager: Shutting down and abandoning module Kismet (139)
[2016.05.10-20.14.10:989][ 98]LogModuleManager: Shutting down and abandoning module GraphEditor (138)
[2016.05.10-20.14.10:989][ 98]LogModuleManager: Shutting down and abandoning module ClassViewer (137)
[2016.05.10-20.14.10:991][ 98]LogModuleManager: Shutting down and abandoning module Toolbox (136)
[2016.05.10-20.14.10:991][ 98]LogModuleManager: Shutting down and abandoning module ModuleUI (135)
[2016.05.10-20.14.10:991][ 98]LogModuleManager: Shutting down and abandoning module MovieSceneTools (134)
[2016.05.10-20.14.10:991][ 98]LogModuleManager: Shutting down and abandoning module OutputLog (133)
[2016.05.10-20.14.10:991][ 98]LogModuleManager: Shutting down and abandoning module GammaUI (132)
[2016.05.10-20.14.10:991][ 98]LogModuleManager: Shutting down and abandoning module Documentation (131)
[2016.05.10-20.14.10:991][ 98]LogModuleManager: Shutting down and abandoning module GameLiveStreaming (130)
[2016.05.10-20.14.10:991][ 98]LogModuleManager: Shutting down and abandoning module StreamingPauseRendering (129)
[2016.05.10-20.14.10:991][ 98]LogModuleManager: Shutting down and abandoning module AnalyticsET (128)
[2016.05.10-20.14.10:991][ 98]LogModuleManager: Shutting down and abandoning module Analytics (127)
[2016.05.10-20.14.10:991][ 98]LogModuleManager: Shutting down and abandoning module AITestSuite (126)
[2016.05.10-20.14.10:991][ 98]LogModuleManager: Shutting down and abandoning module GameplayDebugger (125)
[2016.05.10-20.14.10:991][ 98]LogModuleManager: Shutting down and abandoning module AIModule (124)
[2016.05.10-20.14.10:991][ 98]LogModuleManager: Shutting down and abandoning module ProfilerService (123)
[2016.05.10-20.14.11:117][ 98]LogModuleManager: Shutting down and abandoning module TaskGraph (122)
[2016.05.10-20.14.11:117][ 98]LogModuleManager: Shutting down and abandoning module SlateRemote (121)
[2016.05.10-20.14.11:117][ 98]LogModuleManager: Shutting down and abandoning module SteamVRController (120)
[2016.05.10-20.14.11:117][ 98]LogModuleManager: Shutting down and abandoning module SteamVR (119)
[2016.05.10-20.14.11:117][ 98]LogModuleManager: Shutting down and abandoning module ProceduralMeshComponent (118)
[2016.05.10-20.14.11:117][ 98]LogModuleManager: Shutting down and abandoning module OculusLibrary (117)
[2016.05.10-20.14.11:117][ 98]LogModuleManager: Shutting down and abandoning module OculusInput (116)
[2016.05.10-20.14.11:117][ 98]LogModuleManager: Shutting down and abandoning module LeapMotionController (115)
[2016.05.10-20.14.11:130][ 98]LogModuleManager: Shutting down and abandoning module CustomMeshComponent (114)
[2016.05.10-20.14.11:130][ 98]LogModuleManager: Shutting down and abandoning module CableComponent (113)
[2016.05.10-20.14.11:130][ 98]LogModuleManager: Shutting down and abandoning module ArchVisCharacter (112)
[2016.05.10-20.14.11:130][ 98]LogModuleManager: Shutting down and abandoning module MessagingDebugger (111)
[2016.05.10-20.14.11:130][ 98]LogModuleManager: Shutting down and abandoning module MediaPlayerEditor (110)
[2016.05.10-20.14.11:130][ 98]LogModuleManager: Shutting down and abandoning module HTML5Networking (109)
[2016.05.10-20.14.11:130][ 98]LogModuleManager: Shutting down and abandoning module SpeedTreeImporter (108)
[2016.05.10-20.14.11:130][ 98]LogModuleManager: Shutting down and abandoning module PluginBrowser (107)
[2016.05.10-20.14.11:130][ 98]LogModuleManager: Shutting down and abandoning module EpicSurvey (106)
[2016.05.10-20.14.11:130][ 98]LogModuleManager: Shutting down and abandoning module DesktopPlatform (105)
[2016.05.10-20.14.11:130][ 98]LogModuleManager: Shutting down and abandoning module VisualStudioSourceCodeAccess (104)
[2016.05.10-20.14.11:130][ 98]LogModuleManager: Shutting down and abandoning module UObjectPlugin (103)
[2016.05.10-20.14.11:130][ 98]LogModuleManager: Shutting down and abandoning module SubversionSourceControl (102)
[2016.05.10-20.14.11:130][ 98]LogModuleManager: Shutting down and abandoning module PerforceSourceControl (101)
[2016.05.10-20.14.11:131][ 98]LogModuleManager: Shutting down and abandoning module SourceControl (100)
[2016.05.10-20.14.11:131][ 98]LogModuleManager: Shutting down and abandoning module GitSourceControl (99)
[2016.05.10-20.14.11:131][ 98]LogModuleManager: Shutting down and abandoning module LightPropagationVolumeEditor (98)
[2016.05.10-20.14.11:131][ 98]LogModuleManager: Shutting down and abandoning module PaperTiledImporter (97)
[2016.05.10-20.14.11:131][ 98]LogModuleManager: Shutting down and abandoning module PaperSpriteSheetImporter (96)
[2016.05.10-20.14.11:131][ 98]LogModuleManager: Shutting down and abandoning module MeshPaint (95)
[2016.05.10-20.14.11:131][ 98]LogModuleManager: Shutting down and abandoning module SlateReflector (94)
[2016.05.10-20.14.11:131][ 98]LogModuleManager: Shutting down and abandoning module HotReload (93)
[2016.05.10-20.14.11:131][ 98]LogModuleManager: Shutting down and abandoning module MainFrame (92)
[2016.05.10-20.14.11:131][ 98]LogModuleManager: Shutting down and abandoning module LevelEditor (91)
[2016.05.10-20.14.11:132][ 98]LogModuleManager: Shutting down and abandoning module DirectoryWatcher (90)
[2016.05.10-20.14.11:134][ 98]LogModuleManager: Shutting down and abandoning module AssetRegistry (89)
[2016.05.10-20.14.11:212][ 98]LogModuleManager: Shutting down and abandoning module ContentBrowser (88)
[2016.05.10-20.14.11:213][ 98]LogModuleManager: Shutting down and abandoning module Paper2DEditor (87)
[2016.05.10-20.14.11:213][ 98]LogModuleManager: Shutting down and abandoning module UdpMessaging (86)
[2016.05.10-20.14.11:314][ 98]LogModuleManager: Shutting down and abandoning module LightPropagationVolumeRuntime (85)
[2016.05.10-20.14.11:314][ 98]LogModuleManager: Shutting down and abandoning module Paper2D (84)
[2016.05.10-20.14.11:314][ 98]LogModuleManager: Shutting down and abandoning module WindowsMoviePlayer (83)
[2016.05.10-20.14.11:317][ 98]LogModuleManager: Shutting down and abandoning module Media (82)
[2016.05.10-20.14.11:317][ 98]LogModuleManager: Shutting down and abandoning module WmfMedia (81)
[2016.05.10-20.14.11:317][ 98]LogModuleManager: Shutting down and abandoning module OnlineBlueprintSupport (80)
[2016.05.10-20.14.11:317][ 98]LogModuleManager: Shutting down and abandoning module GameplayTasksEditor (79)
[2016.05.10-20.14.11:317][ 98]LogModuleManager: Shutting down and abandoning module PropertyEditor (78)
[2016.05.10-20.14.11:317][ 98]LogModuleManager: Shutting down and abandoning module BehaviorTreeEditor (77)
[2016.05.10-20.14.11:317][ 98]LogModuleManager: Shutting down and abandoning module FunctionalTesting (76)
[2016.05.10-20.14.11:317][ 98]LogModuleManager: Shutting down and abandoning module CollisionAnalyzer (75)
[2016.05.10-20.14.11:317][ 98]LogModuleManager: Shutting down and abandoning module WorkspaceMenuStructure (74)
[2016.05.10-20.14.11:317][ 98]LogModuleManager: Shutting down and abandoning module MessageLog (73)
[2016.05.10-20.14.11:317][ 98]LogModuleManager: Shutting down and abandoning module Sequencer (72)
[2016.05.10-20.14.11:317][ 98]LogModuleManager: Shutting down and abandoning module AssetTools (71)
[2016.05.10-20.14.11:317][ 98]LogModuleManager: Shutting down and abandoning module UMGEditor (70)
[2016.05.10-20.14.11:317][ 98]LogModuleManager: Shutting down and abandoning module UMG (69)
[2016.05.10-20.14.11:317][ 98]LogModuleManager: Shutting down and abandoning module Slate (68)
[2016.05.10-20.14.11:317][ 98]LogModuleManager: Shutting down and abandoning module EditorStyle (67)
[2016.05.10-20.14.11:319][ 98]LogModuleManager: Shutting down and abandoning module SessionServices (66)
[2016.05.10-20.14.11:319][ 98]LogModuleManager: Shutting down and abandoning module SourceCodeAccess (65)
[2016.05.10-20.14.11:319][ 98]LogModuleManager: Shutting down and abandoning module HeadMountedDisplay (64)
[2016.05.10-20.14.11:319][ 98]LogModuleManager: Shutting down and abandoning module XAudio2 (63)
[2016.05.10-20.14.11:319][ 98]LogModuleManager: Shutting down and abandoning module Networking (61)
[2016.05.10-20.14.11:319][ 98]LogModuleManager: Shutting down and abandoning module Core (60)
[2016.05.10-20.14.11:319][ 98]LogModuleManager: Shutting down and abandoning module KismetCompiler (59)
[2016.05.10-20.14.11:319][ 98]LogModuleManager: Shutting down and abandoning module PhysXFormats (58)
[2016.05.10-20.14.11:319][ 98]LogModuleManager: Shutting down and abandoning module MeshUtilities (57)
[2016.05.10-20.14.11:319][ 98]LogModuleManager: Shutting down and abandoning module DerivedDataCache (56)
[2016.05.10-20.14.11:405][ 98]LogDerivedDataCache: Shutdown
[2016.05.10-20.14.11:405][ 98]LogModuleManager: Shutting down and abandoning module ShaderFormatOpenGL (55)
[2016.05.10-20.14.11:405][ 98]LogModuleManager: Shutting down and abandoning module ShaderFormatD3D (54)
[2016.05.10-20.14.11:405][ 98]LogModuleManager: Shutting down and abandoning module MetalShaderFormat (53)
[2016.05.10-20.14.11:405][ 98]LogModuleManager: Shutting down and abandoning module TextureFormatUncompressed (52)
[2016.05.10-20.14.11:405][ 98]LogModuleManager: Shutting down and abandoning module TextureFormatPVR (51)
[2016.05.10-20.14.11:405][ 98]LogModuleManager: Shutting down and abandoning module TextureFormatIntelISPCTexComp (50)
[2016.05.10-20.14.11:405][ 98]LogModuleManager: Shutting down and abandoning module TextureFormatDXT (49)
[2016.05.10-20.14.11:405][ 98]LogModuleManager: Shutting down and abandoning module ImageWrapper (48)
[2016.05.10-20.14.11:405][ 98]LogModuleManager: Shutting down and abandoning module TextureFormatASTC (47)
[2016.05.10-20.14.11:405][ 98]LogModuleManager: Shutting down and abandoning module TextureFormatAndroid (46)
[2016.05.10-20.14.11:405][ 98]LogModuleManager: Shutting down and abandoning module AudioFormatOpus (45)
[2016.05.10-20.14.11:405][ 98]LogModuleManager: Shutting down and abandoning module AudioFormatOgg (44)
[2016.05.10-20.14.11:405][ 98]LogModuleManager: Shutting down and abandoning module AudioFormatADPCM (43)
[2016.05.10-20.14.11:405][ 98]LogModuleManager: Shutting down and abandoning module LinuxTargetPlatform (42)
[2016.05.10-20.14.11:405][ 98]LogModuleManager: Shutting down and abandoning module LinuxServerTargetPlatform (41)
[2016.05.10-20.14.11:405][ 98]LogModuleManager: Shutting down and abandoning module LinuxNoEditorTargetPlatform (40)
[2016.05.10-20.14.11:406][ 98]LogModuleManager: Shutting down and abandoning module Messaging (39)
[2016.05.10-20.14.11:406][ 98]LogModuleManager: Shutting down and abandoning module IOSTargetPlatform (38)
[2016.05.10-20.14.11:406][ 98]LogModuleManager: Shutting down and abandoning module HTML5TargetPlatform (37)
[2016.05.10-20.14.11:406][ 98]LogModuleManager: Shutting down and abandoning module Android_PVRTCTargetPlatform (36)
[2016.05.10-20.14.11:406][ 98]LogModuleManager: Shutting down and abandoning module Android_MultiTargetPlatform (35)
[2016.05.10-20.14.11:406][ 98]LogModuleManager: Shutting down and abandoning module Android_ETC2TargetPlatform (34)
[2016.05.10-20.14.11:406][ 98]LogModuleManager: Shutting down and abandoning module Android_ETC1TargetPlatform (33)
[2016.05.10-20.14.11:406][ 98]LogModuleManager: Shutting down and abandoning module Android_DXTTargetPlatform (32)
[2016.05.10-20.14.11:406][ 98]LogModuleManager: Shutting down and abandoning module Android_ATCTargetPlatform (31)
[2016.05.10-20.14.11:406][ 98]LogModuleManager: Shutting down and abandoning module Android_ASTCTargetPlatform (30)
[2016.05.10-20.14.11:406][ 98]LogModuleManager: Shutting down and abandoning module AndroidTargetPlatform (29)
[2016.05.10-20.14.11:406][ 98]LogModuleManager: Shutting down and abandoning module WindowsTargetPlatform (28)
[2016.05.10-20.14.11:406][ 98]LogModuleManager: Shutting down and abandoning module WindowsServerTargetPlatform (27)
[2016.05.10-20.14.11:406][ 98]LogModuleManager: Shutting down and abandoning module WindowsNoEditorTargetPlatform (26)
[2016.05.10-20.14.11:406][ 98]LogModuleManager: Shutting down and abandoning module WindowsClientTargetPlatform (25)
[2016.05.10-20.14.11:406][ 98]LogModuleManager: Shutting down and abandoning module AllDesktopTargetPlatform (24)
[2016.05.10-20.14.11:406][ 98]LogModuleManager: Shutting down and abandoning module TargetPlatform (23)
[2016.05.10-20.14.11:406][ 98]LogModuleManager: Shutting down and abandoning module InputCore (22)
[2016.05.10-20.14.11:406][ 98]LogModuleManager: Shutting down and abandoning module Settings (21)
[2016.05.10-20.14.11:406][ 98]LogModuleManager: Shutting down and abandoning module OnlineSubsystem (19)
[2016.05.10-20.14.11:406][ 98]LogModuleManager: Shutting down and abandoning module HTTP (18)
[2016.05.10-20.14.13:409][ 98]LogModuleManager: Shutting down and abandoning module XMPP (17)
[2016.05.10-20.14.13:409][ 98]LogModuleManager: Shutting down and abandoning module OculusRift (16)
[2016.05.10-20.14.13:409][ 98]LogModuleManager: Shutting down and abandoning module ExampleDeviceProfileSelector (15)
[2016.05.10-20.14.13:409][ 98]LogModuleManager: Shutting down and abandoning module TextureCompressor (14)
[2016.05.10-20.14.13:409][ 98]LogModuleManager: Shutting down and abandoning module ShaderCore (13)
[2016.05.10-20.14.13:409][ 98]LogModuleManager: Shutting down and abandoning module Landscape (12)
[2016.05.10-20.14.13:409][ 98]LogModuleManager: Shutting down and abandoning module SlateRHIRenderer (11)
[2016.05.10-20.14.13:413][ 98]LogModuleManager: Shutting down and abandoning module OpenGLDrv (10)
[2016.05.10-20.14.13:413][ 98]LogModuleManager: Shutting down and abandoning module D3D11RHI (9)
[2016.05.10-20.14.13:413][ 98]LogModuleManager: Shutting down and abandoning module AnimGraphRuntime (8)
[2016.05.10-20.14.13:413][ 98]LogModuleManager: Shutting down and abandoning module Renderer (7)
[2016.05.10-20.14.13:413][ 98]LogModuleManager: Shutting down and abandoning module Engine (6)
[2016.05.10-20.14.13:413][ 98]LogModuleManager: Shutting down and abandoning module CoreUObject (5)
[2016.05.10-20.14.13:413][ 98]LogModuleManager: Shutting down and abandoning module NetworkFile (4)
[2016.05.10-20.14.13:413][ 98]LogModuleManager: Shutting down and abandoning module StreamingFile (3)
[2016.05.10-20.14.13:413][ 98]LogModuleManager: Shutting down and abandoning module SandboxFile (2)
[2016.05.10-20.14.13:413][ 98]LogModuleManager: Shutting down and abandoning module PakFile (1)
[2016.05.10-20.14.13:415][ 98]LogExit: Exiting.
[2016.05.10-20.14.13:428][ 98]Log file closed, 05/10/16 22:14:13
