[2016.04.09-14.30.36:784][  0]Log file open, 04/09/16 16:30:36
[2016.04.09-14.30.36:784][  0]LogInit:Display: Running engine for game: licencjat
[2016.04.09-14.30.36:784][  0]LogPlatformFile: Not using cached read wrapper
[2016.04.09-14.30.36:784][  0]LogInit:Display: RandInit(682721435) SRandInit(682721436).
[2016.04.09-14.30.36:784][  0]LogTaskGraph: Started task graph with 4 named threads and 7 total threads.
[2016.04.09-14.30.36:784][  0]LogStats: Stats thread started at 0.075823
[2016.04.09-14.30.36:784][  0]LogInit: Version: 4.10.4-2872498+++depot+UE4-Releases+4.10
[2016.04.09-14.30.36:784][  0]LogInit: API Version: 2758231
[2016.04.09-14.30.36:784][  0]LogInit: Compiled (64-bit): Feb 18 2016 15:47:04
[2016.04.09-14.30.36:784][  0]LogInit: Compiled with Visual C++: 19.00.23026.00
[2016.04.09-14.30.36:784][  0]LogInit: Build Configuration: Development
[2016.04.09-14.30.36:784][  0]LogInit: Branch Name: ++depot+UE4-Releases+4.10
[2016.04.09-14.30.36:784][  0]LogInit: Command line: -EpicPortal 
[2016.04.09-14.30.36:784][  0]LogInit: Base directory: F:/Program Files (x86)/Epic Games/4.10/Engine/Binaries/Win64/
[2016.04.09-14.30.36:784][  0]LogInit: Rocket: 1
[2016.04.09-14.30.36:807][  0]LogInit: Using libcurl 7.41.0
[2016.04.09-14.30.36:807][  0]LogInit:  - built for x86_64-pc-win32
[2016.04.09-14.30.36:807][  0]LogInit:  - supports SSL with WinSSL
[2016.04.09-14.30.36:807][  0]LogInit:  - other features:
[2016.04.09-14.30.36:807][  0]LogInit:      CURL_VERSION_SSL
[2016.04.09-14.30.36:807][  0]LogInit:      CURL_VERSION_IPV6
[2016.04.09-14.30.36:807][  0]LogInit:      CURL_VERSION_ASYNCHDNS
[2016.04.09-14.30.36:807][  0]LogInit:      CURL_VERSION_LARGEFILE
[2016.04.09-14.30.36:807][  0]LogInit:      CURL_VERSION_IDN
[2016.04.09-14.30.36:807][  0]LogInit:  CurlRequestOptions (configurable via config and command line):
[2016.04.09-14.30.36:807][  0]LogInit:  - bVerifyPeer = true  - Libcurl will verify peer certificate
[2016.04.09-14.30.36:807][  0]LogInit:  - bUseHttpProxy = false  - Libcurl will NOT use HTTP proxy
[2016.04.09-14.30.36:807][  0]LogInit:  - bDontReuseConnections = false  - Libcurl will reuse connections
[2016.04.09-14.30.36:807][  0]LogInit:  - CertBundlePath = nullptr  - Libcurl will use whatever was configured at build time.
[2016.04.09-14.30.36:815][  0]LogInit: Presizing for 0 objects not considered by GC, pre-allocating 0 bytes.
[2016.04.09-14.30.36:824][  0]LogInit: Object subsystem initialized
[2016.04.09-14.30.36:825][  0]LogInit: Selected Device Profile: [Windows]
[2016.04.09-14.30.36:825][  0]LogInit: Applying CVar settings loaded from the selected device profile: [Windows]
[2016.04.09-14.30.36:845][  0]LogInit: Computer: MICHAŁ
[2016.04.09-14.30.36:845][  0]LogInit: User: Michal
[2016.04.09-14.30.36:845][  0]LogInit: CPU Page size=4096, Cores=4
[2016.04.09-14.30.36:845][  0]LogInit: High frequency timer resolution =2.435770 MHz
[2016.04.09-14.30.36:846][  0]LogMemory: Memory total: Physical=7.9GB (8GB approx)
[2016.04.09-14.30.36:846][  0]LogMemory: Platform Memory Stats for Windows
[2016.04.09-14.30.36:846][  0]LogMemory: Process Physical Memory: 56.52 MB used, 56.52 MB peak
[2016.04.09-14.30.36:846][  0]LogMemory: Process Virtual Memory: 58.86 MB used, 58.86 MB peak
[2016.04.09-14.30.36:846][  0]LogMemory: Physical Memory: 4871.86 MB used, 8112.11 MB total
[2016.04.09-14.30.36:846][  0]LogMemory: Virtual Memory: 386.07 MB used, 134217728.00 MB total
[2016.04.09-14.30.36:900][  0]LogTextLocalizationManager: No translations for ('pl-PL') exist, falling back to 'en' for localization and internationalization data.
[2016.04.09-14.30.37:397][  0]LogD3D11RHI: Found D3D11 adapter 0: NVIDIA GeForce GTX 860M   (Feature Level 11_0)
[2016.04.09-14.30.37:397][  0]LogD3D11RHI: Adapter has 1995MB of dedicated video memory, 0MB of dedicated system memory, and 4056MB of shared system memory, 1 output[s]
[2016.04.09-14.30.37:403][  0]LogD3D11RHI: Found D3D11 adapter 1: Intel(R) HD Graphics 4600 (Feature Level 11_0)
[2016.04.09-14.30.37:403][  0]LogD3D11RHI: Adapter has 112MB of dedicated video memory, 0MB of dedicated system memory, and 4056MB of shared system memory, 0 output[s]
[2016.04.09-14.30.37:404][  0]LogD3D11RHI: Found D3D11 adapter 2: Microsoft Basic Render Driver (Feature Level 11_0)
[2016.04.09-14.30.37:404][  0]LogD3D11RHI: Adapter has 0MB of dedicated video memory, 0MB of dedicated system memory, and 4056MB of shared system memory, 0 output[s]
[2016.04.09-14.30.37:404][  0]LogD3D11RHI: Chosen D3D11 Adapter Id = 0
[2016.04.09-14.30.37:409][  0]LogD3D11RHI: !Direct3DDevice
[2016.04.09-14.30.37:409][  0]LogRHI: Texture pool is 1361 MB (70% of 1945 MB)
[2016.04.09-14.30.37:422][  0]LogD3D11RHI: Async texture creation enabled
[2016.04.09-14.30.37:433][  0]LogShaderCompilers: Guid format shader working directory is -31 characters bigger than the processId version (../../../../../../Pliki programów (x86)/Projects/Licencjat/Licencjat/licencjat/Intermediate/Shaders/WorkingDirectory/6180/).
[2016.04.09-14.30.37:433][  0]LogShaderCompilers: Cleaned the shader compiler working directory 'C:/Users/Michal/AppData/Local/Temp/UnrealShaderWorkingDir/DB1C4A28416F72E3D14FE68DD3F722AC/'.
[2016.04.09-14.30.37:433][  0]LogShaderCompilers:Display: Using Local Shader Compiler.
[2016.04.09-14.30.38:321][  0]LogTemp:Display: Loaded TP AllDesktopTargetPlatform
[2016.04.09-14.30.38:325][  0]LogTemp:Display: Loaded TP WindowsClientTargetPlatform
[2016.04.09-14.30.38:329][  0]LogTemp:Display: Loaded TP WindowsNoEditorTargetPlatform
[2016.04.09-14.30.38:333][  0]LogTemp:Display: Loaded TP WindowsServerTargetPlatform
[2016.04.09-14.30.38:336][  0]LogTemp:Display: Loaded TP WindowsTargetPlatform
[2016.04.09-14.30.38:338][  0]LogTemp:Display: Loaded TP AndroidTargetPlatform
[2016.04.09-14.30.38:342][  0]LogTemp:Display: Loaded TP Android_ASTCTargetPlatform
[2016.04.09-14.30.38:346][  0]LogTemp:Display: Loaded TP Android_ATCTargetPlatform
[2016.04.09-14.30.38:348][  0]LogTemp:Display: Loaded TP Android_DXTTargetPlatform
[2016.04.09-14.30.38:351][  0]LogTemp:Display: Loaded TP Android_ETC1TargetPlatform
[2016.04.09-14.30.38:354][  0]LogTemp:Display: Loaded TP Android_ETC2TargetPlatform
[2016.04.09-14.30.38:361][  0]LogTemp:Display: Loaded TP Android_MultiTargetPlatform
[2016.04.09-14.30.38:361][  0]LogTemp:Display: Loaded TP Android_PVRTCTargetPlatform
[2016.04.09-14.30.38:362][  0]LogTemp:Display: Loaded TP HTML5TargetPlatform
[2016.04.09-14.30.38:377][  0]LogTemp:Display: Loaded TP IOSTargetPlatform
[2016.04.09-14.30.38:381][  0]LogTemp:Display: Loaded TP LinuxNoEditorTargetPlatform
[2016.04.09-14.30.38:383][  0]LogTemp:Display: Loaded TP LinuxServerTargetPlatform
[2016.04.09-14.30.38:386][  0]LogTemp:Display: Loaded TP LinuxTargetPlatform
[2016.04.09-14.30.38:386][  0]LogTargetPlatformManager:Display: Building Assets For Windows
[2016.04.09-14.30.38:462][  0]LogDerivedDataCache:Display: Max Cache Size: 512 MB
[2016.04.09-14.30.38:522][  0]LogDerivedDataCache: Loaded boot cache 0.06s 41MB C:/Users/Michal/AppData/Local/UnrealEngine/4.10/DerivedDataCache/Boot.ddc.
[2016.04.09-14.30.38:522][  0]LogDerivedDataCache:Display: Loaded Boot cache: C:/Users/Michal/AppData/Local/UnrealEngine/4.10/DerivedDataCache/Boot.ddc
[2016.04.09-14.30.38:522][  0]LogDerivedDataCache: FDerivedDataBackendGraph:  Pak pak cache file ../../../../../../Pliki programów (x86)/Projects/Licencjat/Licencjat/licencjat/DerivedDataCache/DDC.ddp not found, will not use a pak cache.
[2016.04.09-14.30.38:522][  0]LogDerivedDataCache: Unable to find inner node Pak for hierarchical cache Hierarchy.
[2016.04.09-14.30.38:522][  0]LogDerivedDataCache: FDerivedDataBackendGraph:  CompressedPak pak cache file ../../../../../../Pliki programów (x86)/Projects/Licencjat/Licencjat/licencjat/DerivedDataCache/Compressed.ddp not found, will not use a pak cache.
[2016.04.09-14.30.38:522][  0]LogDerivedDataCache: Unable to find inner node CompressedPak for hierarchical cache Hierarchy.
[2016.04.09-14.30.38:584][  0]LogDerivedDataCache:Display: Pak cache opened for reading ../../../Engine/DerivedDataCache/Compressed.ddp.
[2016.04.09-14.30.38:598][  0]LogDerivedDataCache: Using Local data cache path C:/Users/Michal/AppData/Local/UnrealEngine/Common/DerivedDataCache: Writable
[2016.04.09-14.30.38:805][  0]LogInit: Selected Device Profile: [Windows]
[2016.04.09-14.30.38:809][  0]LogContentStreaming: Texture pool size is 0.000000MB
[2016.04.09-14.30.38:989][  0]LogMeshUtilities: No automatic mesh reduction module available
[2016.04.09-14.30.38:989][  0]LogMeshUtilities: No automatic mesh merging module available
[2016.04.09-14.30.39:250][  0]LogInit: WinSock: version 1.1 (2.2), MaxSocks=32767, MaxUdp=65467
[2016.04.09-14.30.40:262][  0]UdpMessaging: Initializing bridge on interface 0.0.0.0:0 to multicast group 230.0.0.1:6666.
[2016.04.09-14.30.40:360][  0]LogAssetRegistry: FAssetRegistry took 0.0107 seconds to start up
[2016.04.09-14.30.40:823][  0]SourceControl: Info Source control is disabled
[2016.04.09-14.30.40:912][  0]SourceControl: Info Source control is disabled
[2016.04.09-14.30.40:922][  0]SourceControl: Info Source control is disabled
[2016.04.09-14.30.40:931][  0]SourceControl: Info Source control is disabled
[2016.04.09-14.30.41:165][  0]LogObj: 28633 objects as part of root set at end of initial load.
[2016.04.09-14.30.41:165][  0]LogUObjectAllocator: 6099752 out of 0 bytes used by permanent object pool.
[2016.04.09-14.30.41:221][  0]LogEngine: Initializing Engine...
[2016.04.09-14.30.41:226][  0]LogHMD: Can't find Oculus library dev build: is proper Runtime installed? Version: 0.8.0.0
[2016.04.09-14.30.41:227][  0]LogHMD: SteamVR failed to initialize.  Err: 110
[2016.04.09-14.30.41:340][  0]LogAIModule: Creating AISystem for world NewWorld
[2016.04.09-14.30.41:344][  0]LogInit: XAudio2 using 'Głośniki (Realtek High Definition Audio)' : 2 channels at 48 kHz using 32 bits per sample (channel mask 0x3)
[2016.04.09-14.30.41:358][  0]LogInit: FAudioDevice initialized.
[2016.04.09-14.30.41:399][  0]LogDerivedDataCache: Saved boot cache 0.04s 41MB C:/Users/Michal/AppData/Local/UnrealEngine/4.10/DerivedDataCache/Boot.ddc.
[2016.04.09-14.30.41:407][  0]LogInit: Texture streaming: Enabled
[2016.04.09-14.30.41:411][  0]LogAnalytics: Creating configured Analytics provider AnalyticsET
[2016.04.09-14.30.41:411][  0]LogAnalytics: [UEEditor.Rocket.Release] APIServer = http://et2.epicgames.com/ET2/. AppVersion = 4.10.4-2872498+++depot+UE4-Releases+4.10
[2016.04.09-14.30.41:411][  0]LogAnalytics: [UEEditor.Rocket.Release] SetUserId a3197f024eeaba3b4ad92f9b8fab00ba|2f2774d88abc441c9dc26ded9b423e32|d6d3d7f4-4f27-49a3-b6fc-4a29f0d1ed38
[2016.04.09-14.30.41:411][  0]LogAnalytics: [UEEditor.Rocket.Release] AnalyticsET::StartSession
[2016.04.09-14.30.41:418][  0]LogInit: Transaction tracking system initialized
[2016.04.09-14.30.41:438][  0]BlueprintLog: New page: Editor Load
[2016.04.09-14.30.41:540][  0]LocalizationService: Info Localization service is disabled
[2016.04.09-14.30.41:625][  0]LogConsoleResponse:Display: 
[2016.04.09-14.30.41:748][  0]LogCook:Display: Done creating registry. It took  0.00s.
[2016.04.09-14.30.41:796][  0]LogFileCache: Scanning file cache for directory 'F:/Pliki programów (x86)/Projects/Licencjat/Licencjat/licencjat/Content/' took 0.02s
[2016.04.09-14.30.41:796][  0]SourceControl: Info Source control is disabled
[2016.04.09-14.30.41:796][  0]Cmd: MAP LOAD FILE="../../../../../../Pliki programów (x86)/Projects/Licencjat/Licencjat/licencjat/Content/StarterContent/Maps/Minimal_Default.umap" TEMPLATE=0 SHOWPROGRESS=1 FEATURELEVEL=3
[2016.04.09-14.30.41:806][  0]LightingResults: New page: Lighting Build
[2016.04.09-14.30.41:807][  0]MapCheck: New page: Map Check
[2016.04.09-14.30.41:807][  0]LightingResults: New page: Lighting Build
[2016.04.09-14.30.41:829][  0]LogParticles: Destroying 0 GPU particle simulations for FXSystem 0x000001E330CD3B00
[2016.04.09-14.30.42:877][  0]LogAIModule: Creating AISystem for world Minimal_Default
[2016.04.09-14.30.43:021][  0]LogEditorServer: Finished looking for orphan Actors (0.000 secs)
[2016.04.09-14.30.43:022][  0]Cmd: MAP CHECKDEP N