[2016.03.18-19.37.33:913][  0]Log file open, 03/18/16 20:37:33
[2016.03.18-19.37.33:913][  0]LogInit:Display: Running engine for game: licencjat
[2016.03.18-19.37.33:913][  0]LogPlatformFile: Not using cached read wrapper
[2016.03.18-19.37.33:913][  0]LogInit:Display: RandInit(1429621189) SRandInit(1429621190).
[2016.03.18-19.37.33:913][  0]LogTaskGraph: Started task graph with 4 named threads and 7 total threads.
[2016.03.18-19.37.33:913][  0]LogStats: Stats thread started at 0.069258
[2016.03.18-19.37.33:913][  0]LogInit: Version: 4.10.4-2872498+++depot+UE4-Releases+4.10
[2016.03.18-19.37.33:913][  0]LogInit: API Version: 2758231
[2016.03.18-19.37.33:913][  0]LogInit: Compiled (64-bit): Feb 18 2016 15:47:04
[2016.03.18-19.37.33:913][  0]LogInit: Compiled with Visual C++: 19.00.23026.00
[2016.03.18-19.37.33:913][  0]LogInit: Build Configuration: Development
[2016.03.18-19.37.33:913][  0]LogInit: Branch Name: ++depot+UE4-Releases+4.10
[2016.03.18-19.37.33:913][  0]LogInit: Command line: -EpicPortal 
[2016.03.18-19.37.33:913][  0]LogInit: Base directory: F:/Program Files (x86)/Epic Games/4.10/Engine/Binaries/Win64/
[2016.03.18-19.37.33:913][  0]LogInit: Rocket: 1
[2016.03.18-19.37.33:918][  0]LogInit: Using libcurl 7.41.0
[2016.03.18-19.37.33:918][  0]LogInit:  - built for x86_64-pc-win32
[2016.03.18-19.37.33:918][  0]LogInit:  - supports SSL with WinSSL
[2016.03.18-19.37.33:918][  0]LogInit:  - other features:
[2016.03.18-19.37.33:918][  0]LogInit:      CURL_VERSION_SSL
[2016.03.18-19.37.33:918][  0]LogInit:      CURL_VERSION_IPV6
[2016.03.18-19.37.33:918][  0]LogInit:      CURL_VERSION_ASYNCHDNS
[2016.03.18-19.37.33:918][  0]LogInit:      CURL_VERSION_LARGEFILE
[2016.03.18-19.37.33:918][  0]LogInit:      CURL_VERSION_IDN
[2016.03.18-19.37.33:918][  0]LogInit:  CurlRequestOptions (configurable via config and command line):
[2016.03.18-19.37.33:918][  0]LogInit:  - bVerifyPeer = true  - Libcurl will verify peer certificate
[2016.03.18-19.37.33:918][  0]LogInit:  - bUseHttpProxy = false  - Libcurl will NOT use HTTP proxy
[2016.03.18-19.37.33:918][  0]LogInit:  - bDontReuseConnections = false  - Libcurl will reuse connections
[2016.03.18-19.37.33:918][  0]LogInit:  - CertBundlePath = nullptr  - Libcurl will use whatever was configured at build time.
[2016.03.18-19.37.33:922][  0]LogInit: Presizing for 0 objects not considered by GC, pre-allocating 0 bytes.
[2016.03.18-19.37.33:927][  0]LogInit: Object subsystem initialized
[2016.03.18-19.37.33:928][  0]LogInit: Selected Device Profile: [Windows]
[2016.03.18-19.37.33:928][  0]LogInit: Applying CVar settings loaded from the selected device profile: [Windows]
[2016.03.18-19.37.33:934][  0]LogInit: Computer: MICHAŁ
[2016.03.18-19.37.33:934][  0]LogInit: User: Michal
[2016.03.18-19.37.33:934][  0]LogInit: CPU Page size=4096, Cores=4
[2016.03.18-19.37.33:934][  0]LogInit: High frequency timer resolution =2.435776 MHz
[2016.03.18-19.37.33:934][  0]LogMemory: Memory total: Physical=7.9GB (8GB approx)
[2016.03.18-19.37.33:934][  0]LogMemory: Platform Memory Stats for Windows
[2016.03.18-19.37.33:934][  0]LogMemory: Process Physical Memory: 56.46 MB used, 56.46 MB peak
[2016.03.18-19.37.33:934][  0]LogMemory: Process Virtual Memory: 56.89 MB used, 56.89 MB peak
[2016.03.18-19.37.33:934][  0]LogMemory: Physical Memory: 4553.31 MB used, 8112.11 MB total
[2016.03.18-19.37.33:934][  0]LogMemory: Virtual Memory: 384.13 MB used, 134217728.00 MB total
[2016.03.18-19.37.33:970][  0]LogTextLocalizationManager: No translations for ('pl-PL') exist, falling back to 'en' for localization and internationalization data.
[2016.03.18-19.37.34:392][  0]LogD3D11RHI: Found D3D11 adapter 0: NVIDIA GeForce GTX 860M   (Feature Level 11_0)
[2016.03.18-19.37.34:392][  0]LogD3D11RHI: Adapter has 1995MB of dedicated video memory, 0MB of dedicated system memory, and 4056MB of shared system memory, 1 output[s]
[2016.03.18-19.37.34:397][  0]LogD3D11RHI: Found D3D11 adapter 1: Intel(R) HD Graphics 4600 (Feature Level 11_0)
[2016.03.18-19.37.34:397][  0]LogD3D11RHI: Adapter has 112MB of dedicated video memory, 0MB of dedicated system memory, and 4056MB of shared system memory, 0 output[s]
[2016.03.18-19.37.34:399][  0]LogD3D11RHI: Found D3D11 adapter 2: Microsoft Basic Render Driver (Feature Level 11_0)
[2016.03.18-19.37.34:399][  0]LogD3D11RHI: Adapter has 0MB of dedicated video memory, 0MB of dedicated system memory, and 4056MB of shared system memory, 0 output[s]
[2016.03.18-19.37.34:399][  0]LogD3D11RHI: Chosen D3D11 Adapter Id = 0
[2016.03.18-19.37.34:403][  0]LogD3D11RHI: !Direct3DDevice
[2016.03.18-19.37.34:403][  0]LogRHI: Texture pool is 1361 MB (70% of 1945 MB)
[2016.03.18-19.37.34:415][  0]LogD3D11RHI: Async texture creation enabled
[2016.03.18-19.37.34:431][  0]LogShaderCompilers: Guid format shader working directory is 4 characters bigger than the processId version (../../../../../../Unreal Projects/licencjat/Intermediate/Shaders/WorkingDirectory/7304/).
[2016.03.18-19.37.34:431][  0]LogShaderCompilers: Cleaned the shader compiler working directory 'C:/Users/Michal/AppData/Local/Temp/UnrealShaderWorkingDir/32E5EA2540828BF112120DA7C9C0CD98/'.
[2016.03.18-19.37.34:431][  0]LogShaderCompilers:Display: Using Local Shader Compiler.
[2016.03.18-19.37.35:194][  0]LogTemp:Display: Loaded TP AllDesktopTargetPlatform
[2016.03.18-19.37.35:200][  0]LogTemp:Display: Loaded TP WindowsClientTargetPlatform
[2016.03.18-19.37.35:204][  0]LogTemp:Display: Loaded TP WindowsNoEditorTargetPlatform
[2016.03.18-19.37.35:209][  0]LogTemp:Display: Loaded TP WindowsServerTargetPlatform
[2016.03.18-19.37.35:214][  0]LogTemp:Display: Loaded TP WindowsTargetPlatform
[2016.03.18-19.37.35:217][  0]LogTemp:Display: Loaded TP AndroidTargetPlatform
[2016.03.18-19.37.35:219][  0]LogTemp:Display: Loaded TP Android_ASTCTargetPlatform
[2016.03.18-19.37.35:221][  0]LogTemp:Display: Loaded TP Android_ATCTargetPlatform
[2016.03.18-19.37.35:224][  0]LogTemp:Display: Loaded TP Android_DXTTargetPlatform
[2016.03.18-19.37.35:226][  0]LogTemp:Display: Loaded TP Android_ETC1TargetPlatform
[2016.03.18-19.37.35:229][  0]LogTemp:Display: Loaded TP Android_ETC2TargetPlatform
[2016.03.18-19.37.35:235][  0]LogTemp:Display: Loaded TP Android_MultiTargetPlatform
[2016.03.18-19.37.35:235][  0]LogTemp:Display: Loaded TP Android_PVRTCTargetPlatform
[2016.03.18-19.37.35:235][  0]LogTemp:Display: Loaded TP HTML5TargetPlatform
[2016.03.18-19.37.35:251][  0]LogTemp:Display: Loaded TP IOSTargetPlatform
[2016.03.18-19.37.35:254][  0]LogTemp:Display: Loaded TP LinuxNoEditorTargetPlatform
[2016.03.18-19.37.35:256][  0]LogTemp:Display: Loaded TP LinuxServerTargetPlatform
[2016.03.18-19.37.35:259][  0]LogTemp:Display: Loaded TP LinuxTargetPlatform
[2016.03.18-19.37.35:259][  0]LogTargetPlatformManager:Display: Building Assets For Windows
[2016.03.18-19.37.35:322][  0]LogDerivedDataCache:Display: Max Cache Size: 512 MB
[2016.03.18-19.37.35:370][  0]LogDerivedDataCache: Loaded boot cache 0.05s 41MB C:/Users/Michal/AppData/Local/UnrealEngine/4.10/DerivedDataCache/Boot.ddc.
[2016.03.18-19.37.35:370][  0]LogDerivedDataCache:Display: Loaded Boot cache: C:/Users/Michal/AppData/Local/UnrealEngine/4.10/DerivedDataCache/Boot.ddc
[2016.03.18-19.37.35:370][  0]LogDerivedDataCache: FDerivedDataBackendGraph:  Pak pak cache file ../../../../../../Unreal Projects/licencjat/DerivedDataCache/DDC.ddp not found, will not use a pak cache.
[2016.03.18-19.37.35:370][  0]LogDerivedDataCache: Unable to find inner node Pak for hierarchical cache Hierarchy.
[2016.03.18-19.37.35:370][  0]LogDerivedDataCache: FDerivedDataBackendGraph:  CompressedPak pak cache file ../../../../../../Unreal Projects/licencjat/DerivedDataCache/Compressed.ddp not found, will not use a pak cache.
[2016.03.18-19.37.35:370][  0]LogDerivedDataCache: Unable to find inner node CompressedPak for hierarchical cache Hierarchy.
[2016.03.18-19.37.35:425][  0]LogDerivedDataCache:Display: Pak cache opened for reading ../../../Engine/DerivedDataCache/Compressed.ddp.
[2016.03.18-19.37.35:436][  0]LogDerivedDataCache: Using Local data cache path C:/Users/Michal/AppData/Local/UnrealEngine/Common/DerivedDataCache: Writable
[2016.03.18-19.37.35:604][  0]LogInit: Selected Device Profile: [Windows]
[2016.03.18-19.37.35:607][  0]LogContentStreaming: Texture pool size is 0.000000MB
[2016.03.18-19.37.35:700][  0]LogMeshUtilities: No automatic mesh reduction module available
[2016.03.18-19.37.35:701][  0]LogMeshUtilities: No automatic mesh merging module available
[2016.03.18-19.37.35:902][  0]LogInit: WinSock: version 1.1 (2.2), MaxSocks=32767, MaxUdp=65467
[2016.03.18-19.37.36:744][  0]UdpMessaging: Initializing bridge on interface 0.0.0.0:0 to multicast group 230.0.0.1:6666.
[2016.03.18-19.37.36:865][  0]LogAssetRegistry: FAssetRegistry took 0.0116 seconds to start up
[2016.03.18-19.37.37:013][  0]SourceControl: Info Source control is disabled
[2016.03.18-19.37.37:086][  0]SourceControl: Info Source control is disabled
[2016.03.18-19.37.37:098][  0]SourceControl: Info Source control is disabled
[2016.03.18-19.37.37:111][  0]SourceControl: Info Source control is disabled
[2016.03.18-19.37.37:320][  0]LogObj: 28633 objects as part of root set at end of initial load.
[2016.03.18-19.37.37:320][  0]LogUObjectAllocator: 6099752 out of 0 bytes used by permanent object pool.
[2016.03.18-19.37.37:370][  0]LogEngine: Initializing Engine...
[2016.03.18-19.37.37:373][  0]LogHMD: Can't find Oculus library dev build: is proper Runtime installed? Version: 0.8.0.0
[2016.03.18-19.37.37:373][  0]LogHMD: SteamVR failed to initialize.  Err: 110
[2016.03.18-19.37.37:484][  0]LogAIModule: Creating AISystem for world NewWorld
[2016.03.18-19.37.37:489][  0]LogInit: XAudio2 using 'Głośniki (Realtek High Definition Audio)' : 2 channels at 48 kHz using 32 bits per sample (channel mask 0x3)
[2016.03.18-19.37.37:501][  0]LogInit: FAudioDevice initialized.
[2016.03.18-19.37.37:526][  0]LogDerivedDataCache: Saved boot cache 0.03s 41MB C:/Users/Michal/AppData/Local/UnrealEngine/4.10/DerivedDataCache/Boot.ddc.
[2016.03.18-19.37.37:530][  0]LogInit: Texture streaming: Enabled
[2016.03.18-19.37.37:534][  0]LogAnalytics: Creating configured Analytics provider AnalyticsET
[2016.03.18-19.37.37:534][  0]LogAnalytics: [UEEditor.Rocket.Release] APIServer = http://et2.epicgames.com/ET2/. AppVersion = 4.10.4-2872498+++depot+UE4-Releases+4.10
[2016.03.18-19.37.37:534][  0]LogAnalytics: [UEEditor.Rocket.Release] SetUserId a3197f024eeaba3b4ad92f9b8fab00ba|2f2774d88abc441c9dc26ded9b423e32|d6d3d7f4-4f27-49a3-b6fc-4a29f0d1ed38
[2016.03.18-19.37.37:534][  0]LogAnalytics: [UEEditor.Rocket.Release] AnalyticsET::StartSession
[2016.03.18-19.37.37:541][  0]LogInit: Transaction tracking system initialized
[2016.03.18-19.37.37:557][  0]BlueprintLog: New page: Editor Load
[2016.03.18-19.37.37:608][  0]LocalizationService: Info Localization service is disabled
[2016.03.18-19.37.37:671][  0]LogConsoleResponse:Display: 
[2016.03.18-19.37.37:793][  0]LogCook:Display: Done creating registry. It took  0.00s.
[2016.03.18-19.37.37:843][  0]LogFileCache: Scanning file cache for directory 'F:/Unreal Projects/licencjat/Content/' took 0.02s
[2016.03.18-19.37.37:843][  0]SourceControl: Info Source control is disabled
[2016.03.18-19.37.37:843][  0]Cmd: MAP LOAD FILE="../../../../../../Unreal Projects/licencjat/Content/StarterContent/Maps/Minimal_Default.umap" TEMPLATE=0 SHOWPROGRESS=1 FEATURELEVEL=3
[2016.03.18-19.37.37:844][  0]LightingResults: New page: Lighting Build
[2016.03.18-19.37.37:845][  0]MapCheck: New page: Map Check
[2016.03.18-19.37.37:845][  0]LightingResults: New page: Lighting Build
[2016.03.18-19.37.37:858][  0]LogParticles: Destroying 0 GPU particle simulations for FXSystem 0x000001679F3A7420
[2016.03.18-19.37.38:081][  0]LogAIModule: Creating AISystem for world Minimal_Default
[2016.03.18-19.37.38:087][  0]LogEditorServer: Finished looking for orphan Actors (0.000 secs)
[2016.03.18-19.37.38:087][  0]Cmd: MAP CHECKDEP NOCLEARLOG
[2016.03.18-19.37.38:158][  0]MapCheck: Info Map check complete: 0 Error(s), 0 Warning(s), took 71.123ms to complete.
[2016.03.18-19.37.38:158][  0]LogFileHelpers: Loading map 'Minimal_Default' took 0.315
[2016.03.18-19.37.38:246][  0]LogCollectionManager: Loaded 0 collections in 0.001156 seconds
[2016.03.18-19.37.38:286][  0]LogFileCache: Scanning file cache for directory 'F:/Unreal Projects/licencjat/Saved/Collections/' took 0.01s
[2016.03.18-19.37.38:286][  0]LogFileCache: Scanning file cache for directory 'F:/Unreal Projects/licencjat/Content/Developers/Michal/Collections/' took 0.01s
[2016.03.18-19.37.38:286][  0]LogFileCache: Scanning file cache for directory 'F:/Unreal Projects/licencjat/Content/Collections/' took 0.01s
[2016.03.18-19.37.38:286][  0]LogCollectionManager: Rebuilt the GUID cache for 0 collections in 0.000002 seconds
[2016.03.18-19.37.38:292][  0]LogContentBrowser: Native class hierarchy populated in 0.0064 seconds. Added 1893 classes and 338 folders.
[2016.03.18-19.37.38:296][  0]LogContentBrowser: Native class hierarchy updated for 'WidgetCarousel' in 0.0003 seconds. Added 0 classes and 0 folders.
[2016.03.18-19.37.38:351][  0]LogContentBrowser: Native class hierarchy updated for 'AddContentDialog' in 0.0003 seconds. Added 0 classes and 0 folders.
[2016.03.18-19.37.38:354][  0]LogContentBrowser: Native class hierarchy updated for 'SceneOutliner' in 0.0003 seconds. Added 1 classes and 2 folders.
[2016.03.18-19.37.38:370][  0]LogCrashTracker: Crashtracker disabled due to settings.
[2016.03.18-19.37.38:374][  0]LogUObjectGlobals:Warning: Failed to find object 'Class None.'
[2016.03.18-19.37.38:397][  0]LogLoad: Full Startup: 4.80 seconds (BP compile: 0.03 seconds)
[2016.03.18-19.37.38:413][  0]LogWindowsTextInputMethodSystem:Display: IME system now deactivated.
[2016.03.18-19.37.38:417][  0]LogOcInput: Can't find Oculus library dev build: is proper Runtime installed? Version: 0.8.0.0
[2016.03.18-19.37.38:478][  0]LogContentStreaming: Texture pool size now 1000 MB
[2016.03.18-19.37.38:638][  1]LogRenderer: Reallocating scene render targets to support 948x616 (Frame:2).
[2016.03.18-19.37.38:862][  3]LogAssetRegistry: Asset discovery search completed in 2.0087 seconds
[2016.03.18-19.37.38:862][  3]LogCollectionManager: Rebuilt the object cache for 0 collections in 0.000001 seconds (found 0 objects)
[2016.03.18-19.37.38:862][  3]LogCollectionManager: Fixed up redirectors for 0 collections in 0.000016 seconds (updated 0 objects)
[2016.03.18-19.37.45:633][296]LogLinker:Warning: Asset '../../../Engine/Content/ArtTools/RenderToTexture/Macros/RenderToTextureMacros.uasset' has been saved with empty engine version. The asset will be loaded but may be incompatible.
[2016.03.18-19.37.45:999][296]LogContentBrowser: Native class hierarchy updated for 'BlueprintGraph' in 0.0006 seconds. Added 107 classes and 0 folders.
[2016.03.18-19.37.46:305][296]LogSkeletalMesh: InitArticulated: Bodies already created (/Engine/Transient.DebugSkelMeshComponent_0) - call TermArticulated first.
[2016.03.18-19.39.47:608][236]LogContentBrowser:Verbose: The majority of assets in the view are of type: AnimSequence
[2016.03.18-19.48.50:839][355]BlueprintLog: New page: Compile CharacterAnimBP
[2016.03.18-19.48.51:251][355]BlueprintEditorCompileResults: Info [0677.66] Compile of CharacterAnimBP successful! [in 412 ms]
[2016.03.18-19.50.25:103][547]BlueprintLog: New page: Compile CharacterAnimBP
[2016.03.18-19.50.25:231][547]BlueprintEditorCompileResults: Info [0771.64] Compile of CharacterAnimBP successful! [in 126 ms]
[2016.03.18-19.50.51:263][670]LogFileHelpers: Editor autosave (incl. sublevels) for '/Game/StarterContent/Maps/Minimal_Default' took 0.025
[2016.03.18-19.50.51:268][670]OBJ SavePackage: Generating thumbnails for [1] asset(s) in package [/Game/Character/CharacterAnimBP] ([1] browsable assets)...
[2016.03.18-19.50.51:291][670]OBJ SavePackage:     Rendered thumbnail for [AnimBlueprint /Game/Character/CharacterAnimBP.CharacterAnimBP]
[2016.03.18-19.50.51:291][670]OBJ SavePackage: Finished generating thumbnails for package [/Game/Character/CharacterAnimBP]
[2016.03.18-19.50.51:291][670]Cmd: OBJ SAVEPACKAGE PACKAGE="/Game/Character/CharacterAnimBP" FILE="../../../../../../Unreal Projects/licencjat/Saved/Autosaves/Game/Character/CharacterAnimBP_Auto1.uasset" SILENT=false AUTOSAVING=true
[2016.03.18-19.50.53:944][670]LogSavePackage: Save=87.127884ms
[2016.03.18-19.50.53:944][670]LogSavePackage: Moving '../../../../../../Unreal Projects/licencjat/Saved/CharacterAnimBP_Auto19B5B79D24946DC6E80453E8EB57E15B5.tmp' to '../../../../../../Unreal Projects/licencjat/Saved/Autosaves/Game/Character/CharacterAnimBP_Auto1.uasset'
[2016.03.18-19.50.53:945][670]LogSavePackage: Total save time: 2653.661914ms
[2016.03.18-19.50.53:945][670]LogSavePackage:Display: Finished SavePackage ../../../../../../Unreal Projects/licencjat/Saved/Autosaves/Game/Character/CharacterAnimBP_Auto1.uasset
[2016.03.18-19.50.53:945][670]LogFileHelpers: Auto-saving content packages took 2.682
[2016.03.18-20.05.16:924][326]Cmd: OBJ SAVEPACKAGE PACKAGE="/Game/Character/CharacterAnimBP" FILE="../../../../../../Unreal Projects/licencjat/Content/Character/CharacterAnimBP.uasset" SILENT=true
[2016.03.18-20.05.16:969][326]LogSavePackage: Save=42.604080ms
[2016.03.18-20.05.16:969][326]LogSavePackage: Moving '../../../../../../Unreal Projects/licencjat/Saved/CharacterAnimBP87F77BD7460554BAD5D9FCA1CC961367.tmp' to '../../../../../../Unreal Projects/licencjat/Content/Character/CharacterAnimBP.uasset'
[2016.03.18-20.05.16:971][326]LogSavePackage: Total save time: 45.711100ms
[2016.03.18-20.05.16:971][326]LogSavePackage:Display: Finished SavePackage ../../../../../../Unreal Projects/licencjat/Content/Character/CharacterAnimBP.uasset
[2016.03.18-20.05.29:309][839]BlueprintLog: New page: Compile CharacterAnimBP
[2016.03.18-20.05.29:438][839]BlueprintEditorCompileResults: Info [1675.85] Compile of CharacterAnimBP successful! [in 128 ms]
[2016.03.18-20.05.58:818][ 55]BlueprintLog: New page: Compile CharacterAnimBP
[2016.03.18-20.05.58:956][ 55]BlueprintEditorCompileResults: Info [1705.36] Compile of CharacterAnimBP successful! [in 137 ms]
[2016.03.18-20.07.46:756][207]LogFileHelpers: Editor autosave (incl. sublevels) for '/Game/StarterContent/Maps/Minimal_Default' took 0.037
[2016.03.18-20.07.46:760][207]OBJ SavePackage: Generating thumbnails for [1] asset(s) in package [/Game/Character/CharacterAnimBP] ([1] browsable assets)...
[2016.03.18-20.07.46:776][207]OBJ SavePackage:     Rendered thumbnail for [AnimBlueprint /Game/Character/CharacterAnimBP.CharacterAnimBP]
[2016.03.18-20.07.46:776][207]OBJ SavePackage: Finished generating thumbnails for package [/Game/Character/CharacterAnimBP]
[2016.03.18-20.07.46:776][207]Cmd: OBJ SAVEPACKAGE PACKAGE="/Game/Character/CharacterAnimBP" FILE="../../../../../../Unreal Projects/licencjat/Saved/Autosaves/Game/Character/CharacterAnimBP_Auto2.uasset" SILENT=false AUTOSAVING=true
[2016.03.18-20.07.46:827][207]LogSavePackage: Save=49.974628ms
[2016.03.18-20.07.46:827][207]LogSavePackage: Moving '../../../../../../Unreal Projects/licencjat/Saved/CharacterAnimBP_Auto2A9D41D5C442A903945EBD9A3D8DC9952.tmp' to '../../../../../../Unreal Projects/licencjat/Saved/Autosaves/Game/Character/CharacterAnimBP_Auto2.uasset'
[2016.03.18-20.07.46:828][207]LogSavePackage: Total save time: 51.809359ms
[2016.03.18-20.07.46:828][207]LogSavePackage:Display: Finished SavePackage ../../../../../../Unreal Projects/licencjat/Saved/Autosaves/Game/Character/CharacterAnimBP_Auto2.uasset
[2016.03.18-20.07.46:828][207]LogFileHelpers: Auto-saving content packages took 0.072
[2016.03.18-20.10.45:968][170]BlueprintLog: New page: Compile CharacterAnimBP
[2016.03.18-20.10.46:135][170]BlueprintEditorCompileResults: Info [1992.54] Compile of CharacterAnimBP successful! [in 166 ms]
[2016.03.18-20.12.41:867][842]LogRenderer: Reallocating scene render targets to support 1296x652 (Frame:85056).
[2016.03.18-20.13.52:016][574]LogParticles: Destroying 0 GPU particle simulations for FXSystem 0x0000016792DC85E0
[2016.03.18-20.13.52:017][574]LogParticles: Destroying 0 GPU particle simulations for FXSystem 0x00000167ACD8C2C0
[2016.03.18-20.13.52:022][574]LogParticles: Destroying 0 GPU particle simulations for FXSystem 0x00000167CDA4B100
[2016.03.18-20.13.54:457][574]Cmd: OBJ SAVEPACKAGE PACKAGE="/Game/Character/CharacterAnimBP" FILE="../../../../../../Unreal Projects/licencjat/Content/Character/CharacterAnimBP.uasset" SILENT=true
[2016.03.18-20.13.54:516][574]LogSavePackage: Save=55.989140ms
[2016.03.18-20.13.54:516][574]LogSavePackage: Moving '../../../../../../Unreal Projects/licencjat/Saved/CharacterAnimBPBBCD51C84C67F2B39D394F81BACF6FF8.tmp' to '../../../../../../Unreal Projects/licencjat/Content/Character/CharacterAnimBP.uasset'
[2016.03.18-20.13.54:518][574]LogSavePackage: Total save time: 59.562128ms
[2016.03.18-20.13.54:518][574]LogSavePackage:Display: Finished SavePackage ../../../../../../Unreal Projects/licencjat/Content/Character/CharacterAnimBP.uasset
[2016.03.18-20.13.54:534][574]Cmd: OBJ SAVEPACKAGE PACKAGE="/Game/Character/CharacterBP" FILE="../../../../../../Unreal Projects/licencjat/Content/Character/CharacterBP.uasset" SILENT=true
[2016.03.18-20.13.54:550][574]LogSavePackage: Save=15.025601ms
[2016.03.18-20.13.54:550][574]LogSavePackage: Moving '../../../../../../Unreal Projects/licencjat/Saved/CharacterBP5241CD7745DFB8B1EBE3F687229361C4.tmp' to '../../../../../../Unreal Projects/licencjat/Content/Character/CharacterBP.uasset'
[2016.03.18-20.13.54:552][574]LogSavePackage: Total save time: 16.868960ms
[2016.03.18-20.13.54:552][574]LogSavePackage:Display: Finished SavePackage ../../../../../../Unreal Projects/licencjat/Content/Character/CharacterBP.uasset
[2016.03.18-20.13.55:889][622]LogRenderer: Reallocating scene render targets to support 1296x756 (Frame:86958).
[2016.03.18-20.15.34:382][729]LogRenderer: Reallocating scene render targets to support 1296x936 (Frame:90061).
[2016.03.18-20.18.09:130][356]LogActorComponent: UnregisterComponent: (/Engine/Transient.CharMoveComp) Not registered. Aborting.
[2016.03.18-20.19.10:221][776]LogActorComponent: UnregisterComponent: (/Engine/Transient.CharacterMovementComponent_0) Not registered. Aborting.
[2016.03.18-20.19.17:656][ 44]LogActorComponent: UnregisterComponent: (/Engine/Transient.CharacterMovementComponent_1) Not registered. Aborting.
[2016.03.18-20.19.47:723][643]LogActorComponent: UnregisterComponent: (/Engine/Transient.CharacterMovementComponent_2) Not registered. Aborting.
[2016.03.18-20.20.08:244][372]LogActorComponent: UnregisterComponent: (/Engine/Transient.CharacterMovementComponent_3) Not registered. Aborting.
[2016.03.18-20.20.08:290][372]LogFileHelpers: Editor autosave (incl. sublevels) for '/Game/StarterContent/Maps/Minimal_Default' took 0.046
[2016.03.18-20.20.08:296][372]OBJ SavePackage: Generating thumbnails for [1] asset(s) in package [/Game/Character/CharacterBP] ([1] browsable assets)...
[2016.03.18-20.20.08:314][372]OBJ SavePackage:     Rendered thumbnail for [Blueprint /Game/Character/CharacterBP.CharacterBP]
[2016.03.18-20.20.08:314][372]OBJ SavePackage: Finished generating thumbnails for package [/Game/Character/CharacterBP]
[2016.03.18-20.20.08:314][372]Cmd: OBJ SAVEPACKAGE PACKAGE="/Game/Character/CharacterBP" FILE="../../../../../../Unreal Projects/licencjat/Saved/Autosaves/Game/Character/CharacterBP_Auto3.uasset" SILENT=false AUTOSAVING=true
[2016.03.18-20.20.08:341][372]LogSavePackage: Save=23.642569ms
[2016.03.18-20.20.08:341][372]LogSavePackage: Moving '../../../../../../Unreal Projects/licencjat/Saved/CharacterBP_Auto3743AD60C4726C3D92571D0A28B1F78DA.tmp' to '../../../../../../Unreal Projects/licencjat/Saved/Autosaves/Game/Character/CharacterBP_Auto3.uasset'
[2016.03.18-20.20.08:343][372]LogSavePackage: Total save time: 27.365405ms
[2016.03.18-20.20.08:343][372]LogSavePackage:Display: Finished SavePackage ../../../../../../Unreal Projects/licencjat/Saved/Autosaves/Game/Character/CharacterBP_Auto3.uasset
[2016.03.18-20.20.08:343][372]LogFileHelpers: Auto-saving content packages took 0.052
[2016.03.18-20.20.20:709][780]LogActorComponent: UnregisterComponent: (/Engine/Transient.CharMoveComp) Not registered. Aborting.
[2016.03.18-20.20.33:397][ 75]LogActorComponent: UnregisterComponent: (/Engine/Transient.CharacterMovementComponent_4) Not registered. Aborting.
[2016.03.18-20.21.14:359][752]LogActorComponent: UnregisterComponent: (/Engine/Transient.CharacterMovementComponent_5) Not registered. Aborting.
[2016.03.18-20.21.24:289][127]LogActorComponent: UnregisterComponent: (/Engine/Transient.CharacterMovementComponent_6) Not registered. Aborting.
[2016.03.18-20.22.05:114][283]LogActorComponent: UnregisterComponent: (/Engine/Transient.CharacterMovementComponent_7) Not registered. Aborting.
[2016.03.18-20.22.46:030][718]LogActorComponent: UnregisterComponent: (/Engine/Transient.CharacterMovementComponent_8) Not registered. Aborting.
[2016.03.18-20.23.01:716][ 94]BlueprintLog: New page: Compile CharacterBP
[2016.03.18-20.23.01:816][ 94]LogActorComponent: UnregisterComponent: (/Engine/Transient.CharacterMovementComponent_9) Not registered. Aborting.
[2016.03.18-20.23.01:854][ 94]BlueprintEditorCompileResults: Info [2728.26] Compile of CharacterBP successful! [in 138 ms]
[2016.03.18-20.23.04:365][154]Cmd: OBJ SAVEPACKAGE PACKAGE="/Game/Character/CharacterBP" FILE="../../../../../../Unreal Projects/licencjat/Content/Character/CharacterBP.uasset" SILENT=true
[2016.03.18-20.23.04:391][154]LogSavePackage: Save=23.723446ms
[2016.03.18-20.23.04:391][154]LogSavePackage: Moving '../../../../../../Unreal Projects/licencjat/Saved/CharacterBPC676F57F4C10C1919183198A9BD36903.tmp' to '../../../../../../Unreal Projects/licencjat/Content/Character/CharacterBP.uasset'
[2016.03.18-20.23.04:393][154]LogSavePackage: Total save time: 26.586600ms
[2016.03.18-20.23.04:393][154]LogSavePackage:Display: Finished SavePackage ../../../../../../Unreal Projects/licencjat/Content/Character/CharacterBP.uasset
[2016.03.18-20.23.58:684][575]LogActorComponent: UnregisterComponent: (/Engine/Transient.CharMoveComp) Not registered. Aborting.
[2016.03.18-20.24.01:077][575]LogWindowsTextInputMethodSystem:Display: IME system now deactivated.
[2016.03.18-20.24.01:316][576]Cmd: QUIT_EDITOR
[2016.03.18-20.24.01:446][576]LogExit: Preparing to exit.
[2016.03.18-20.24.02:544][576]LogExit: Editor shut down
[2016.03.18-20.24.02:545][576]LogExit: Transaction tracking system shut down
[2016.03.18-20.24.02:549][576]LogParticles: Destroying 0 GPU particle simulations for FXSystem 0x00000167936839C0
[2016.03.18-20.24.02:549][576]LogParticles: Destroying 0 GPU particle simulations for FXSystem 0x00000167AA1D7880
[2016.03.18-20.24.02:551][576]LogParticles: Destroying 0 GPU particle simulations for FXSystem 0x00000167CFB9D620
[2016.03.18-20.24.02:553][576]LogParticles: Destroying 0 GPU particle simulations for FXSystem 0x00000167CFB9D1C0
[2016.03.18-20.24.02:553][576]LogParticles: Destroying 0 GPU particle simulations for FXSystem 0x00000167CFB9D120
[2016.03.18-20.24.02:553][576]LogParticles: Destroying 0 GPU particle simulations for FXSystem 0x00000167E14E2B60
[2016.03.18-20.24.02:553][576]LogParticles: Destroying 0 GPU particle simulations for FXSystem 0x00000167E83DC9A0
[2016.03.18-20.24.02:554][576]LogParticles: Destroying 0 GPU particle simulations for FXSystem 0x00000167CD443CE0
[2016.03.18-20.24.02:554][576]LogParticles: Destroying 0 GPU particle simulations for FXSystem 0x00000167CB13BB00
[2016.03.18-20.24.02:743][576]LogExit: Object subsystem successfully closed.
[2016.03.18-20.24.02:766][576]LogD3D11RHI: Shutdown
[2016.03.18-20.24.02:766][576]LogD3D11RHI: CleanupD3DDevice
[2016.03.18-20.24.02:843][576]LogD3D11RHI: ~FD3D11DynamicRHI
[2016.03.18-20.24.02:856][576]LogModuleManager: Shutting down and abandoning module CookingStats (200)
[2016.03.18-20.24.02:856][576]LogModuleManager: Shutting down and abandoning module BlueprintGraph (199)
[2016.03.18-20.24.02:856][576]LogModuleManager: Shutting down and abandoning module CrashTracker (198)
[2016.03.18-20.24.02:856][576]LogModuleManager: Shutting down and abandoning module SceneOutliner (197)
[2016.03.18-20.24.02:856][576]LogModuleManager: Shutting down and abandoning module SuperSearch (196)
[2016.03.18-20.24.02:856][576]LogModuleManager: Shutting down and abandoning module WidgetCarousel (195)
[2016.03.18-20.24.02:856][576]LogModuleManager: Shutting down and abandoning module AddContentDialog (194)
[2016.03.18-20.24.02:861][576]LogModuleManager: Shutting down and abandoning module EditorWidgets (193)
[2016.03.18-20.24.02:861][576]LogModuleManager: Shutting down and abandoning module CollectionManager (192)
[2016.03.18-20.24.02:862][576]LogModuleManager: Shutting down and abandoning module StatsViewer (191)
[2016.03.18-20.24.02:862][576]LogModuleManager: Shutting down and abandoning module FoliageEdit (190)
[2016.03.18-20.24.02:862][576]LogModuleManager: Shutting down and abandoning module LandscapeEditor (189)
[2016.03.18-20.24.02:862][576]LogModuleManager: Shutting down and abandoning module ActorPickerMode (188)
[2016.03.18-20.24.02:862][576]LogModuleManager: Shutting down and abandoning module GeometryMode (187)
[2016.03.18-20.24.02:862][576]LogModuleManager: Shutting down and abandoning module TextureAlignMode (186)
[2016.03.18-20.24.02:862][576]LogModuleManager: Shutting down and abandoning module BspMode (185)
[2016.03.18-20.24.02:862][576]LogModuleManager: Shutting down and abandoning module PlacementMode (184)
[2016.03.18-20.24.02:862][576]LogModuleManager: Shutting down and abandoning module AutomationWorker (183)
[2016.03.18-20.24.02:862][576]LogModuleManager: Shutting down and abandoning module CharacterAI (182)
[2016.03.18-20.24.02:862][576]LogModuleManager: Shutting down and abandoning module SmartSnapping (181)
[2016.03.18-20.24.02:862][576]LogModuleManager: Shutting down and abandoning module ViewportSnapping (180)
[2016.03.18-20.24.02:862][576]LogModuleManager: Shutting down and abandoning module LogVisualizer (179)
[2016.03.18-20.24.02:862][576]LogModuleManager: Shutting down and abandoning module GameProjectGeneration (178)
[2016.03.18-20.24.02:862][576]LogModuleManager: Shutting down and abandoning module IntroTutorials (177)
[2016.03.18-20.24.02:862][576]LogModuleManager: Shutting down and abandoning module EditorLiveStreaming (176)
[2016.03.18-20.24.02:862][576]LogModuleManager: Shutting down and abandoning module IOSPlatformEditor (175)
[2016.03.18-20.24.02:862][576]LogModuleManager: Shutting down and abandoning module HTML5PlatformEditor (174)
[2016.03.18-20.24.02:862][576]LogModuleManager: Shutting down and abandoning module AndroidDeviceDetection (173)
[2016.03.18-20.24.03:434][576]LogModuleManager: Shutting down and abandoning module AndroidPlatformEditor (172)
[2016.03.18-20.24.03:434][576]LogModuleManager: Shutting down and abandoning module IOSRuntimeSettings (171)
[2016.03.18-20.24.03:434][576]LogModuleManager: Shutting down and abandoning module AndroidRuntimeSettings (170)
[2016.03.18-20.24.03:434][576]LogModuleManager: Shutting down and abandoning module MergeActors (169)
[2016.03.18-20.24.03:434][576]LogModuleManager: Shutting down and abandoning module SizeMap (168)
[2016.03.18-20.24.03:434][576]LogModuleManager: Shutting down and abandoning module TreeMap (167)
[2016.03.18-20.24.03:434][576]LogModuleManager: Shutting down and abandoning module ReferenceViewer (166)
[2016.03.18-20.24.03:434][576]LogModuleManager: Shutting down and abandoning module LocalizationService (165)
[2016.03.18-20.24.03:434][576]LogModuleManager: Shutting down and abandoning module LocalizationDashboard (164)
[2016.03.18-20.24.03:435][576]LogModuleManager: Shutting down and abandoning module HardwareTargeting (163)
[2016.03.18-20.24.03:435][576]LogModuleManager: Shutting down and abandoning module DeviceProfileEditor (162)
[2016.03.18-20.24.03:435][576]LogModuleManager: Shutting down and abandoning module UndoHistory (161)
[2016.03.18-20.24.03:435][576]LogModuleManager: Shutting down and abandoning module GameplayTagsEditor (160)
[2016.03.18-20.24.03:435][576]LogModuleManager: Shutting down and abandoning module UserFeedback (159)
[2016.03.18-20.24.03:435][576]LogModuleManager: Shutting down and abandoning module XmlParser (158)
[2016.03.18-20.24.03:435][576]LogModuleManager: Shutting down and abandoning module Blutility (157)
[2016.03.18-20.24.03:435][576]LogModuleManager: Shutting down and abandoning module ProjectTargetPlatformEditor (156)
[2016.03.18-20.24.03:436][576]LogModuleManager: Shutting down and abandoning module ProjectSettingsViewer (155)
[2016.03.18-20.24.03:436][576]LogModuleManager: Shutting down and abandoning module InputBindingEditor (154)
[2016.03.18-20.24.03:436][576]LogModuleManager: Shutting down and abandoning module EditorSettingsViewer (153)
[2016.03.18-20.24.03:436][576]LogModuleManager: Shutting down and abandoning module SettingsEditor (152)
[2016.03.18-20.24.03:437][576]LogModuleManager: Shutting down and abandoning module ProjectLauncher (151)
[2016.03.18-20.24.03:437][576]LogModuleManager: Shutting down and abandoning module SessionFrontend (150)
[2016.03.18-20.24.03:437][576]LogModuleManager: Shutting down and abandoning module ProfilerClient (149)
[2016.03.18-20.24.03:437][576]LogModuleManager: Shutting down and abandoning module TargetDeviceServices (148)
[2016.03.18-20.24.03:437][576]LogModuleManager: Shutting down and abandoning module DeviceManager (147)
[2016.03.18-20.24.03:437][576]LogModuleManager: Shutting down and abandoning module AutomationController (146)
[2016.03.18-20.24.03:438][576]LogModuleManager: Shutting down and abandoning module AutomationWindow (145)
[2016.03.18-20.24.03:438][576]LogModuleManager: Shutting down and abandoning module Layers (144)
[2016.03.18-20.24.03:438][576]LogModuleManager: Shutting down and abandoning module ComponentVisualizers (143)
[2016.03.18-20.24.03:438][576]LogModuleManager: Shutting down and abandoning module DetailCustomizations (142)
[2016.03.18-20.24.03:438][576]LogModuleManager: Shutting down and abandoning module PackagesDialog (141)
[2016.03.18-20.24.03:439][576]LogModuleManager: Shutting down and abandoning module Persona (140)
[2016.03.18-20.24.03:439][576]LogModuleManager: Shutting down and abandoning module Kismet (139)
[2016.03.18-20.24.03:439][576]LogModuleManager: Shutting down and abandoning module GraphEditor (138)
[2016.03.18-20.24.03:439][576]LogModuleManager: Shutting down and abandoning module ClassViewer (137)
[2016.03.18-20.24.03:442][576]LogModuleManager: Shutting down and abandoning module Toolbox (136)
[2016.03.18-20.24.03:442][576]LogModuleManager: Shutting down and abandoning module ModuleUI (135)
[2016.03.18-20.24.03:442][576]LogModuleManager: Shutting down and abandoning module MovieSceneTools (134)
[2016.03.18-20.24.03:442][576]LogModuleManager: Shutting down and abandoning module OutputLog (133)
[2016.03.18-20.24.03:442][576]LogModuleManager: Shutting down and abandoning module GammaUI (132)
[2016.03.18-20.24.03:442][576]LogModuleManager: Shutting down and abandoning module Documentation (131)
[2016.03.18-20.24.03:442][576]LogModuleManager: Shutting down and abandoning module GameLiveStreaming (130)
[2016.03.18-20.24.03:443][576]LogModuleManager: Shutting down and abandoning module StreamingPauseRendering (129)
[2016.03.18-20.24.03:443][576]LogModuleManager: Shutting down and abandoning module AnalyticsET (128)
[2016.03.18-20.24.03:443][576]LogModuleManager: Shutting down and abandoning module Analytics (127)
[2016.03.18-20.24.03:443][576]LogModuleManager: Shutting down and abandoning module AITestSuite (126)
[2016.03.18-20.24.03:443][576]LogModuleManager: Shutting down and abandoning module GameplayDebugger (125)
[2016.03.18-20.24.03:443][576]LogModuleManager: Shutting down and abandoning module AIModule (124)
[2016.03.18-20.24.03:443][576]LogModuleManager: Shutting down and abandoning module ProfilerService (123)
[2016.03.18-20.24.03:599][576]LogModuleManager: Shutting down and abandoning module TaskGraph (122)
[2016.03.18-20.24.03:600][576]LogModuleManager: Shutting down and abandoning module SlateRemote (121)
[2016.03.18-20.24.03:600][576]LogModuleManager: Shutting down and abandoning module SteamVRController (120)
[2016.03.18-20.24.03:600][576]LogModuleManager: Shutting down and abandoning module SteamVR (119)
[2016.03.18-20.24.03:600][576]LogModuleManager: Shutting down and abandoning module ProceduralMeshComponent (118)
[2016.03.18-20.24.03:600][576]LogModuleManager: Shutting down and abandoning module OculusLibrary (117)
[2016.03.18-20.24.03:600][576]LogModuleManager: Shutting down and abandoning module OculusInput (116)
[2016.03.18-20.24.03:600][576]LogModuleManager: Shutting down and abandoning module LeapMotionController (115)
[2016.03.18-20.24.03:637][576]LogModuleManager: Shutting down and abandoning module CustomMeshComponent (114)
[2016.03.18-20.24.03:637][576]LogModuleManager: Shutting down and abandoning module CableComponent (113)
[2016.03.18-20.24.03:637][576]LogModuleManager: Shutting down and abandoning module ArchVisCharacter (112)
[2016.03.18-20.24.03:637][576]LogModuleManager: Shutting down and abandoning module MessagingDebugger (111)
[2016.03.18-20.24.03:637][576]LogModuleManager: Shutting down and abandoning module MediaPlayerEditor (110)
[2016.03.18-20.24.03:637][576]LogModuleManager: Shutting down and abandoning module HTML5Networking (109)
[2016.03.18-20.24.03:637][576]LogModuleManager: Shutting down and abandoning module SpeedTreeImporter (108)
[2016.03.18-20.24.03:637][576]LogModuleManager: Shutting down and abandoning module PluginBrowser (107)
[2016.03.18-20.24.03:638][576]LogModuleManager: Shutting down and abandoning module EpicSurvey (106)
[2016.03.18-20.24.03:638][576]LogModuleManager: Shutting down and abandoning module DesktopPlatform (105)
[2016.03.18-20.24.03:638][576]LogModuleManager: Shutting down and abandoning module VisualStudioSourceCodeAccess (104)
[2016.03.18-20.24.03:638][576]LogModuleManager: Shutting down and abandoning module UObjectPlugin (103)
[2016.03.18-20.24.03:638][576]LogModuleManager: Shutting down and abandoning module SubversionSourceControl (102)
[2016.03.18-20.24.03:638][576]LogModuleManager: Shutting down and abandoning module PerforceSourceControl (101)
[2016.03.18-20.24.03:638][576]LogModuleManager: Shutting down and abandoning module SourceControl (100)
[2016.03.18-20.24.03:638][576]LogModuleManager: Shutting down and abandoning module GitSourceControl (99)
[2016.03.18-20.24.03:638][576]LogModuleManager: Shutting down and abandoning module LightPropagationVolumeEditor (98)
[2016.03.18-20.24.03:638][576]LogModuleManager: Shutting down and abandoning module PaperTiledImporter (97)
[2016.03.18-20.24.03:638][576]LogModuleManager: Shutting down and abandoning module PaperSpriteSheetImporter (96)
[2016.03.18-20.24.03:638][576]LogModuleManager: Shutting down and abandoning module MeshPaint (95)
[2016.03.18-20.24.03:638][576]LogModuleManager: Shutting down and abandoning module SlateReflector (94)
[2016.03.18-20.24.03:638][576]LogModuleManager: Shutting down and abandoning module HotReload (93)
[2016.03.18-20.24.03:638][576]LogModuleManager: Shutting down and abandoning module MainFrame (92)
[2016.03.18-20.24.03:638][576]LogModuleManager: Shutting down and abandoning module LevelEditor (91)
[2016.03.18-20.24.03:641][576]LogModuleManager: Shutting down and abandoning module DirectoryWatcher (90)
[2016.03.18-20.24.03:645][576]LogModuleManager: Shutting down and abandoning module AssetRegistry (89)
[2016.03.18-20.24.03:803][576]LogModuleManager: Shutting down and abandoning module ContentBrowser (88)
[2016.03.18-20.24.03:804][576]LogModuleManager: Shutting down and abandoning module Paper2DEditor (87)
[2016.03.18-20.24.03:804][576]LogModuleManager: Shutting down and abandoning module UdpMessaging (86)
[2016.03.18-20.24.03:905][576]LogModuleManager: Shutting down and abandoning module LightPropagationVolumeRuntime (85)
[2016.03.18-20.24.03:905][576]LogModuleManager: Shutting down and abandoning module Paper2D (84)
[2016.03.18-20.24.03:905][576]LogModuleManager: Shutting down and abandoning module WindowsMoviePlayer (83)
[2016.03.18-20.24.03:913][576]LogModuleManager: Shutting down and abandoning module Media (82)
[2016.03.18-20.24.03:913][576]LogModuleManager: Shutting down and abandoning module WmfMedia (81)
[2016.03.18-20.24.03:914][576]LogModuleManager: Shutting down and abandoning module OnlineBlueprintSupport (80)
[2016.03.18-20.24.03:914][576]LogModuleManager: Shutting down and abandoning module GameplayTasksEditor (79)
[2016.03.18-20.24.03:914][576]LogModuleManager: Shutting down and abandoning module PropertyEditor (78)
[2016.03.18-20.24.03:914][576]LogModuleManager: Shutting down and abandoning module BehaviorTreeEditor (77)
[2016.03.18-20.24.03:914][576]LogModuleManager: Shutting down and abandoning module FunctionalTesting (76)
[2016.03.18-20.24.03:914][576]LogModuleManager: Shutting down and abandoning module CollisionAnalyzer (75)
[2016.03.18-20.24.03:914][576]LogModuleManager: Shutting down and abandoning module WorkspaceMenuStructure (74)
[2016.03.18-20.24.03:915][576]LogModuleManager: Shutting down and abandoning module MessageLog (73)
[2016.03.18-20.24.03:915][576]LogModuleManager: Shutting down and abandoning module Sequencer (72)
[2016.03.18-20.24.03:915][576]LogModuleManager: Shutting down and abandoning module AssetTools (71)
[2016.03.18-20.24.03:915][576]LogModuleManager: Shutting down and abandoning module UMGEditor (70)
[2016.03.18-20.24.03:915][576]LogModuleManager: Shutting down and abandoning module UMG (69)
[2016.03.18-20.24.03:915][576]LogModuleManager: Shutting down and abandoning module Slate (68)
[2016.03.18-20.24.03:915][576]LogModuleManager: Shutting down and abandoning module EditorStyle (67)
[2016.03.18-20.24.03:921][576]LogModuleManager: Shutting down and abandoning module SessionServices (66)
[2016.03.18-20.24.03:921][576]LogModuleManager: Shutting down and abandoning module SourceCodeAccess (65)
[2016.03.18-20.24.03:921][576]LogModuleManager: Shutting down and abandoning module HeadMountedDisplay (64)
[2016.03.18-20.24.03:921][576]LogModuleManager: Shutting down and abandoning module XAudio2 (63)
[2016.03.18-20.24.03:921][576]LogModuleManager: Shutting down and abandoning module Networking (61)
[2016.03.18-20.24.03:921][576]LogModuleManager: Shutting down and abandoning module Core (60)
[2016.03.18-20.24.03:921][576]LogModuleManager: Shutting down and abandoning module KismetCompiler (59)
[2016.03.18-20.24.03:921][576]LogModuleManager: Shutting down and abandoning module PhysXFormats (58)
[2016.03.18-20.24.03:921][576]LogModuleManager: Shutting down and abandoning module MeshUtilities (57)
[2016.03.18-20.24.03:921][576]LogModuleManager: Shutting down and abandoning module DerivedDataCache (56)
[2016.03.18-20.24.03:931][576]LogDerivedDataCache: Shutdown
[2016.03.18-20.24.03:931][576]LogModuleManager: Shutting down and abandoning module ShaderFormatOpenGL (55)
[2016.03.18-20.24.03:931][576]LogModuleManager: Shutting down and abandoning module ShaderFormatD3D (54)
[2016.03.18-20.24.03:931][576]LogModuleManager: Shutting down and abandoning module MetalShaderFormat (53)
[2016.03.18-20.24.03:931][576]LogModuleManager: Shutting down and abandoning module TextureFormatUncompressed (52)
[2016.03.18-20.24.03:931][576]LogModuleManager: Shutting down and abandoning module TextureFormatPVR (51)
[2016.03.18-20.24.03:931][576]LogModuleManager: Shutting down and abandoning module TextureFormatIntelISPCTexComp (50)
[2016.03.18-20.24.03:931][576]LogModuleManager: Shutting down and abandoning module TextureFormatDXT (49)
[2016.03.18-20.24.03:931][576]LogModuleManager: Shutting down and abandoning module ImageWrapper (48)
[2016.03.18-20.24.03:931][576]LogModuleManager: Shutting down and abandoning module TextureFormatASTC (47)
[2016.03.18-20.24.03:931][576]LogModuleManager: Shutting down and abandoning module TextureFormatAndroid (46)
[2016.03.18-20.24.03:931][576]LogModuleManager: Shutting down and abandoning module AudioFormatOpus (45)
[2016.03.18-20.24.03:931][576]LogModuleManager: Shutting down and abandoning module AudioFormatOgg (44)
[2016.03.18-20.24.03:931][576]LogModuleManager: Shutting down and abandoning module AudioFormatADPCM (43)
[2016.03.18-20.24.03:932][576]LogModuleManager: Shutting down and abandoning module LinuxTargetPlatform (42)
[2016.03.18-20.24.03:932][576]LogModuleManager: Shutting down and abandoning module LinuxServerTargetPlatform (41)
[2016.03.18-20.24.03:932][576]LogModuleManager: Shutting down and abandoning module LinuxNoEditorTargetPlatform (40)
[2016.03.18-20.24.03:932][576]LogModuleManager: Shutting down and abandoning module Messaging (39)
[2016.03.18-20.24.03:932][576]LogModuleManager: Shutting down and abandoning module IOSTargetPlatform (38)
[2016.03.18-20.24.03:932][576]LogModuleManager: Shutting down and abandoning module HTML5TargetPlatform (37)
[2016.03.18-20.24.03:932][576]LogModuleManager: Shutting down and abandoning module Android_PVRTCTargetPlatform (36)
[2016.03.18-20.24.03:932][576]LogModuleManager: Shutting down and abandoning module Android_MultiTargetPlatform (35)
[2016.03.18-20.24.03:932][576]LogModuleManager: Shutting down and abandoning module Android_ETC2TargetPlatform (34)
[2016.03.18-20.24.03:932][576]LogModuleManager: Shutting down and abandoning module Android_ETC1TargetPlatform (33)
[2016.03.18-20.24.03:932][576]LogModuleManager: Shutting down and abandoning module Android_DXTTargetPlatform (32)
[2016.03.18-20.24.03:932][576]LogModuleManager: Shutting down and abandoning module Android_ATCTargetPlatform (31)
[2016.03.18-20.24.03:932][576]LogModuleManager: Shutting down and abandoning module Android_ASTCTargetPlatform (30)
[2016.03.18-20.24.03:932][576]LogModuleManager: Shutting down and abandoning module AndroidTargetPlatform (29)
[2016.03.18-20.24.03:932][576]LogModuleManager: Shutting down and abandoning module WindowsTargetPlatform (28)
[2016.03.18-20.24.03:933][576]LogModuleManager: Shutting down and abandoning module WindowsServerTargetPlatform (27)
[2016.03.18-20.24.03:933][576]LogModuleManager: Shutting down and abandoning module WindowsNoEditorTargetPlatform (26)
[2016.03.18-20.24.03:933][576]LogModuleManager: Shutting down and abandoning module WindowsClientTargetPlatform (25)
[2016.03.18-20.24.03:933][576]LogModuleManager: Shutting down and abandoning module AllDesktopTargetPlatform (24)
[2016.03.18-20.24.03:933][576]LogModuleManager: Shutting down and abandoning module TargetPlatform (23)
[2016.03.18-20.24.03:933][576]LogModuleManager: Shutting down and abandoning module InputCore (22)
[2016.03.18-20.24.03:933][576]LogModuleManager: Shutting down and abandoning module Settings (21)
[2016.03.18-20.24.03:934][576]LogModuleManager: Shutting down and abandoning module OnlineSubsystem (19)
[2016.03.18-20.24.03:934][576]LogModuleManager: Shutting down and abandoning module HTTP (18)
[2016.03.18-20.24.04:935][576]LogModuleManager: Shutting down and abandoning module XMPP (17)
[2016.03.18-20.24.04:936][576]LogModuleManager: Shutting down and abandoning module OculusRift (16)
[2016.03.18-20.24.04:936][576]LogModuleManager: Shutting down and abandoning module ExampleDeviceProfileSelector (15)
[2016.03.18-20.24.04:936][576]LogModuleManager: Shutting down and abandoning module TextureCompressor (14)
[2016.03.18-20.24.04:936][576]LogModuleManager: Shutting down and abandoning module ShaderCore (13)
[2016.03.18-20.24.04:936][576]LogModuleManager: Shutting down and abandoning module Landscape (12)
[2016.03.18-20.24.04:936][576]LogModuleManager: Shutting down and abandoning module SlateRHIRenderer (11)
[2016.03.18-20.24.04:945][576]LogModuleManager: Shutting down and abandoning module OpenGLDrv (10)
[2016.03.18-20.24.04:945][576]LogModuleManager: Shutting down and abandoning module D3D11RHI (9)
[2016.03.18-20.24.04:945][576]LogModuleManager: Shutting down and abandoning module AnimGraphRuntime (8)
[2016.03.18-20.24.04:945][576]LogModuleManager: Shutting down and abandoning module Renderer (7)
[2016.03.18-20.24.04:945][576]LogModuleManager: Shutting down and abandoning module Engine (6)
[2016.03.18-20.24.04:945][576]LogModuleManager: Shutting down and abandoning module CoreUObject (5)
[2016.03.18-20.24.04:945][576]LogModuleManager: Shutting down and abandoning module NetworkFile (4)
[2016.03.18-20.24.04:945][576]LogModuleManager: Shutting down and abandoning module StreamingFile (3)
[2016.03.18-20.24.04:945][576]LogModuleManager: Shutting down and abandoning module SandboxFile (2)
[2016.03.18-20.24.04:945][576]LogModuleManager: Shutting down and abandoning module PakFile (1)
[2016.03.18-20.24.04:949][576]LogExit: Exiting.
[2016.03.18-20.24.04:960][576]Log file closed, 03/18/16 21:24:04
