[2016.06.13-23.15.15:273][  0]Log file open, 06/14/16 01:15:15
[2016.06.13-23.15.15:273][  0]LogInit:Display: Running engine for game: licencjat
[2016.06.13-23.15.15:273][  0]LogPlatformFile: Not using cached read wrapper
[2016.06.13-23.15.15:273][  0]LogInit:Display: RandInit(26288453) SRandInit(26288456).
[2016.06.13-23.15.15:273][  0]LogTaskGraph: Started task graph with 4 named threads and 7 total threads.
[2016.06.13-23.15.15:273][  0]LogStats: Stats thread started at 0.123665
[2016.06.13-23.15.15:273][  0]LogInit: Version: 4.10.4-2872498+++depot+UE4-Releases+4.10
[2016.06.13-23.15.15:273][  0]LogInit: API Version: 2758231
[2016.06.13-23.15.15:273][  0]LogInit: Compiled (64-bit): Feb 18 2016 15:47:04
[2016.06.13-23.15.15:273][  0]LogInit: Compiled with Visual C++: 19.00.23026.00
[2016.06.13-23.15.15:273][  0]LogInit: Build Configuration: Development
[2016.06.13-23.15.15:273][  0]LogInit: Branch Name: ++depot+UE4-Releases+4.10
[2016.06.13-23.15.15:273][  0]LogInit: Command line:  
[2016.06.13-23.15.15:273][  0]LogInit: Base directory: D:/Grafika/UnrealEngine/Epic Games/4.10/Engine/Binaries/Win64/
[2016.06.13-23.15.15:273][  0]LogInit: Rocket: 1
[2016.06.13-23.15.15:303][  0]LogInit: Using libcurl 7.41.0
[2016.06.13-23.15.15:303][  0]LogInit:  - built for x86_64-pc-win32
[2016.06.13-23.15.15:303][  0]LogInit:  - supports SSL with WinSSL
[2016.06.13-23.15.15:303][  0]LogInit:  - other features:
[2016.06.13-23.15.15:303][  0]LogInit:      CURL_VERSION_SSL
[2016.06.13-23.15.15:303][  0]LogInit:      CURL_VERSION_IPV6
[2016.06.13-23.15.15:303][  0]LogInit:      CURL_VERSION_ASYNCHDNS
[2016.06.13-23.15.15:303][  0]LogInit:      CURL_VERSION_LARGEFILE
[2016.06.13-23.15.15:303][  0]LogInit:      CURL_VERSION_IDN
[2016.06.13-23.15.15:303][  0]LogInit:  CurlRequestOptions (configurable via config and command line):
[2016.06.13-23.15.15:304][  0]LogInit:  - bVerifyPeer = true  - Libcurl will verify peer certificate
[2016.06.13-23.15.15:304][  0]LogInit:  - bUseHttpProxy = false  - Libcurl will NOT use HTTP proxy
[2016.06.13-23.15.15:304][  0]LogInit:  - bDontReuseConnections = false  - Libcurl will reuse connections
[2016.06.13-23.15.15:304][  0]LogInit:  - CertBundlePath = nullptr  - Libcurl will use whatever was configured at build time.
[2016.06.13-23.15.15:318][  0]LogInit: Presizing for 0 objects not considered by GC, pre-allocating 0 bytes.
[2016.06.13-23.15.15:336][  0]LogInit: Object subsystem initialized
[2016.06.13-23.15.15:339][  0]LogInit: Selected Device Profile: [Windows]
[2016.06.13-23.15.15:339][  0]LogInit: Applying CVar settings loaded from the selected device profile: [Windows]
[2016.06.13-23.15.15:360][  0]LogInit: Computer: AGNIESZKA
[2016.06.13-23.15.15:360][  0]LogInit: User: Agnieszka
[2016.06.13-23.15.15:360][  0]LogInit: CPU Page size=4096, Cores=4
[2016.06.13-23.15.15:360][  0]LogInit: High frequency timer resolution =2.338445 MHz
[2016.06.13-23.15.15:360][  0]LogMemory: Memory total: Physical=7.9GB (8GB approx)
[2016.06.13-23.15.15:360][  0]LogMemory: Platform Memory Stats for Windows
[2016.06.13-23.15.15:360][  0]LogMemory: Process Physical Memory: 56.29 MB used, 56.29 MB peak
[2016.06.13-23.15.15:360][  0]LogMemory: Process Virtual Memory: 55.70 MB used, 55.70 MB peak
[2016.06.13-23.15.15:360][  0]LogMemory: Physical Memory: 4429.82 MB used, 8085.04 MB total
[2016.06.13-23.15.15:360][  0]LogMemory: Virtual Memory: 381.59 MB used, 134217728.00 MB total
[2016.06.13-23.15.15:430][  0]LogTextLocalizationManager: No translations for ('pl-PL') exist, falling back to 'en' for localization and internationalization data.
[2016.06.13-23.15.16:673][  0]LogD3D11RHI: Found D3D11 adapter 0: Intel(R) HD Graphics 4000 (Feature Level 11_0)
[2016.06.13-23.15.16:673][  0]LogD3D11RHI: Adapter has 32MB of dedicated video memory, 0MB of dedicated system memory, and 1760MB of shared system memory, 1 output[s]
[2016.06.13-23.15.16:740][  0]LogD3D11RHI: Found D3D11 adapter 1: AMD Radeon HD 7600M Series (Feature Level 11_0)
[2016.06.13-23.15.16:740][  0]LogD3D11RHI: Adapter has 2032MB of dedicated video memory, 0MB of dedicated system memory, and 3840MB of shared system memory, 0 output[s]
[2016.06.13-23.15.16:744][  0]LogD3D11RHI: Found D3D11 adapter 2: Microsoft Basic Render Driver (Feature Level 11_0)
[2016.06.13-23.15.16:744][  0]LogD3D11RHI: Adapter has 0MB of dedicated video memory, 0MB of dedicated system memory, and 4042MB of shared system memory, 0 output[s]
[2016.06.13-23.15.16:744][  0]LogD3D11RHI: Chosen D3D11 Adapter Id = 0
[2016.06.13-23.15.16:754][  0]LogD3D11RHI: !Direct3DDevice
[2016.06.13-23.15.16:754][  0]LogRHI: Texture pool is 638 MB (70% of 912 MB)
[2016.06.13-23.15.16:764][  0]LogD3D11RHI: Async texture creation enabled
[2016.06.13-23.15.16:774][  0]LogShaderCompilers: Guid format shader working directory is -27 characters bigger than the processId version (../../../../../../../Edytory i Programowanie/01_Projekty/Licencjat/licencjat/Intermediate/Shaders/WorkingDirectory/6860/).
[2016.06.13-23.15.16:775][  0]LogShaderCompilers: Cleaned the shader compiler working directory 'C:/Users/AGNIES~1/AppData/Local/Temp/UnrealShaderWorkingDir/F89A718B434DCFF0126F73941E7AE271/'.
[2016.06.13-23.15.16:775][  0]LogShaderCompilers:Display: Using Local Shader Compiler.
[2016.06.13-23.15.19:274][  0]LogTemp:Display: Loaded TP AllDesktopTargetPlatform
[2016.06.13-23.15.19:285][  0]LogTemp:Display: Loaded TP WindowsClientTargetPlatform
[2016.06.13-23.15.19:295][  0]LogTemp:Display: Loaded TP WindowsNoEditorTargetPlatform
[2016.06.13-23.15.19:305][  0]LogTemp:Display: Loaded TP WindowsServerTargetPlatform
[2016.06.13-23.15.19:315][  0]LogTemp:Display: Loaded TP WindowsTargetPlatform
[2016.06.13-23.15.19:323][  0]LogTemp:Display: Loaded TP AndroidTargetPlatform
[2016.06.13-23.15.19:330][  0]LogTemp:Display: Loaded TP Android_ASTCTargetPlatform
[2016.06.13-23.15.19:337][  0]LogTemp:Display: Loaded TP Android_ATCTargetPlatform
[2016.06.13-23.15.19:344][  0]LogTemp:Display: Loaded TP Android_DXTTargetPlatform
[2016.06.13-23.15.19:351][  0]LogTemp:Display: Loaded TP Android_ETC1TargetPlatform
[2016.06.13-23.15.19:358][  0]LogTemp:Display: Loaded TP Android_ETC2TargetPlatform
[2016.06.13-23.15.19:375][  0]LogTemp:Display: Loaded TP Android_MultiTargetPlatform
[2016.06.13-23.15.19:375][  0]LogTemp:Display: Loaded TP Android_PVRTCTargetPlatform
[2016.06.13-23.15.19:377][  0]LogTemp:Display: Loaded TP HTML5TargetPlatform
[2016.06.13-23.15.19:403][  0]LogTemp:Display: Loaded TP IOSTargetPlatform
[2016.06.13-23.15.19:412][  0]LogTemp:Display: Loaded TP LinuxNoEditorTargetPlatform
[2016.06.13-23.15.19:422][  0]LogTemp:Display: Loaded TP LinuxServerTargetPlatform
[2016.06.13-23.15.19:432][  0]LogTemp:Display: Loaded TP LinuxTargetPlatform
[2016.06.13-23.15.19:432][  0]LogTargetPlatformManager:Display: Building Assets For Windows
[2016.06.13-23.15.19:633][  0]LogDerivedDataCache:Display: Max Cache Size: 512 MB
[2016.06.13-23.15.19:749][  0]LogDerivedDataCache: Loaded boot cache 0.12s 41MB C:/Users/Agnieszka/AppData/Local/UnrealEngine/4.10/DerivedDataCache/Boot.ddc.
[2016.06.13-23.15.19:749][  0]LogDerivedDataCache:Display: Loaded Boot cache: C:/Users/Agnieszka/AppData/Local/UnrealEngine/4.10/DerivedDataCache/Boot.ddc
[2016.06.13-23.15.19:749][  0]LogDerivedDataCache: FDerivedDataBackendGraph:  Pak pak cache file ../../../../../../../Edytory i Programowanie/01_Projekty/Licencjat/licencjat/DerivedDataCache/DDC.ddp not found, will not use a pak cache.
[2016.06.13-23.15.19:749][  0]LogDerivedDataCache: Unable to find inner node Pak for hierarchical cache Hierarchy.
[2016.06.13-23.15.19:749][  0]LogDerivedDataCache: FDerivedDataBackendGraph:  CompressedPak pak cache file ../../../../../../../Edytory i Programowanie/01_Projekty/Licencjat/licencjat/DerivedDataCache/Compressed.ddp not found, will not use a pak cache.
[2016.06.13-23.15.19:749][  0]LogDerivedDataCache: Unable to find inner node CompressedPak for hierarchical cache Hierarchy.
[2016.06.13-23.15.19:895][  0]LogDerivedDataCache:Display: Pak cache opened for reading ../../../Engine/DerivedDataCache/Compressed.ddp.
[2016.06.13-23.15.19:909][  0]LogDerivedDataCache: Using Local data cache path C:/Users/Agnieszka/AppData/Local/UnrealEngine/Common/DerivedDataCache: Writable
[2016.06.13-23.15.20:483][  0]LogInit: Selected Device Profile: [Windows]
[2016.06.13-23.15.20:489][  0]LogContentStreaming: Texture pool size is 0.000000MB
[2016.06.13-23.15.20:789][  0]LogMeshUtilities: No automatic mesh reduction module available
[2016.06.13-23.15.20:789][  0]LogMeshUtilities: No automatic mesh merging module available
[2016.06.13-23.15.21:461][  0]LogInit: WinSock: version 1.1 (2.2), MaxSocks=32767, MaxUdp=65467
[2016.06.13-23.15.31:065][  0]UdpMessaging: Initializing bridge on interface 0.0.0.0:0 to multicast group 230.0.0.1:6666.
[2016.06.13-23.15.31:312][  0]LogAssetRegistry: FAssetRegistry took 0.0115 seconds to start up
[2016.06.13-23.15.31:747][  0]SourceControl: Info Source control is disabled
[2016.06.13-23.15.31:751][  0]SourceControl: Info Source control is disabled
[2016.06.13-23.15.31:791][  0]SourceControl: Info Source control is disabled
[2016.06.13-23.15.31:829][  0]SourceControl: Info Source control is disabled
[2016.06.13-23.15.33:055][  0]LogObj: 28633 objects as part of root set at end of initial load.
[2016.06.13-23.15.33:055][  0]LogUObjectAllocator: 6099752 out of 0 bytes used by permanent object pool.
[2016.06.13-23.15.33:220][  0]LogEngine: Initializing Engine...
[2016.06.13-23.15.33:228][  0]LogHMD: Can't find Oculus library dev build: is proper Runtime installed? Version: 0.8.0.0
[2016.06.13-23.15.33:230][  0]LogHMD: SteamVR failed to initialize.  Err: 110
[2016.06.13-23.15.33:608][  0]LogAIModule: Creating AISystem for world NewWorld
[2016.06.13-23.15.33:622][  0]LogInit: XAudio2 using 'Głośniki (Realtek High Definition Audio)' : 2 channels at 48 kHz using 32 bits per sample (channel mask 0x3)
[2016.06.13-23.15.33:657][  0]LogInit: FAudioDevice initialized.
[2016.06.13-23.15.33:708][  0]LogDerivedDataCache: Saved boot cache 0.05s 41MB C:/Users/Agnieszka/AppData/Local/UnrealEngine/4.10/DerivedDataCache/Boot.ddc.
[2016.06.13-23.15.33:715][  0]LogInit: Texture streaming: Enabled
[2016.06.13-23.15.33:727][  0]LogAnalytics: Creating configured Analytics provider AnalyticsET
[2016.06.13-23.15.33:727][  0]LogAnalytics: [UEEditor.Rocket.Release] APIServer = http://et2.epicgames.com/ET2/. AppVersion = 4.10.4-2872498+++depot+UE4-Releases+4.10
[2016.06.13-23.15.33:727][  0]LogAnalytics: [UEEditor.Rocket.Release] SetUserId d66bbfcd497e63741ecd6eb3486d0dd1|5e4c09b079964b51bc90e13aca86d390|6524e232-21bd-4a8f-b07c-eb794e8e3760
[2016.06.13-23.15.33:728][  0]LogAnalytics: [UEEditor.Rocket.Release] AnalyticsET::StartSession
[2016.06.13-23.15.33:965][  0]LogInit: Transaction tracking system initialized
[2016.06.13-23.15.34:031][  0]BlueprintLog: New page: Editor Load
[2016.06.13-23.15.34:230][  0]LocalizationService: Info Localization service is disabled
[2016.06.13-23.15.34:409][  0]LogLinker:Warning: Can't find file '/Game/ThirdPersonBP/ThirdPersonOverview'
[2016.06.13-23.15.34:409][  0]LogLinker:Warning: Can't find file '/Game/ThirdPersonBP/ThirdPersonOverview'
[2016.06.13-23.15.34:409][  0]LogUObjectGlobals:Warning: Failed to find object 'Class /Game/ThirdPersonBP/ThirdPersonOverview.ThirdPersonOverview_C'
[2016.06.13-23.15.34:821][  0]LogConsoleResponse:Display: 
[2016.06.13-23.15.35:201][  0]LogCook:Display: Done creating registry. It took  0.00s.
[2016.06.13-23.15.35:239][  0]LogFileCache: Scanning file cache for directory 'D:/Edytory i Programowanie/01_Projekty/Licencjat/licencjat/Content/' took 0.02s
[2016.06.13-23.15.35:365][  0]SourceControl: Info Source control is disabled
[2016.06.13-23.15.35:365][  0]Cmd: MAP LOAD FILE="../../../../../../../Edytory i Programowanie/01_Projekty/Licencjat/licencjat/Content/StarterContent/Maps/Minimal_Default.umap" TEMPLATE=0 SHOWPROGRESS=1 FEATURELEVEL=3
[2016.06.13-23.15.35:543][  0]LightingResults: New page: Lighting Build
[2016.06.13-23.15.35:550][  0]MapCheck: New page: Map Check
[2016.06.13-23.15.35:550][  0]LightingResults: New page: Lighting Build
[2016.06.13-23.15.35:583][  0]LogParticles: Destroying 0 GPU particle simulations for FXSystem 0x000001332547FB00
[2016.06.13-23.16.06:520][  0]LogAIModule: Creating AISystem for world Minimal_Default
[2016.06.13-23.16.17:288][  0]LogEditorServer: Finished looking for orphan Actors (0.000 secs)
[2016.06.13-23.16.17:289][  0]Cmd: MAP CHECKDEP NOCLEARLOG
[2016.06.13-23.16.17:564][  0]MapCheck: Info Map check complete: 0 Error(s), 0 Warning(s), took 275.033ms to complete.
[2016.06.13-23.16.17:564][  0]LogFileHelpers: Loading map 'Minimal_Default' took 42.199
[2016.06.13-23.16.17:689][  0]LogCollectionManager: Loaded 0 collections in 0.005191 seconds
[2016.06.13-23.16.17:738][  0]LogFileCache: Scanning file cache for directory 'D:/Edytory i Programowanie/01_Projekty/Licencjat/licencjat/Saved/Collections/' took 0.01s
[2016.06.13-23.16.17:738][  0]LogFileCache: Scanning file cache for directory 'D:/Edytory i Programowanie/01_Projekty/Licencjat/licencjat/Content/Developers/Agnieszka/Collections/' took 0.01s
[2016.06.13-23.16.17:738][  0]LogFileCache: Scanning file cache for directory 'D:/Edytory i Programowanie/01_Projekty/Licencjat/licencjat/Content/Collections/' took 0.01s
[2016.06.13-23.16.17:738][  0]LogCollectionManager: Rebuilt the GUID cache for 0 collections in 0.000004 seconds
[2016.06.13-23.16.17:758][  0]LogContentBrowser: Native class hierarchy populated in 0.0202 seconds. Added 1893 classes and 338 folders.
[2016.06.13-23.16.17:770][  0]LogContentBrowser: Native class hierarchy updated for 'WidgetCarousel' in 0.0009 seconds. Added 0 classes and 0 folders.
[2016.06.13-23.16.17:974][  0]LogContentBrowser: Native class hierarchy updated for 'AddContentDialog' in 0.0012 seconds. Added 0 classes and 0 folders.
[2016.06.13-23.16.18:089][  0]LogContentBrowser: Native class hierarchy updated for 'SceneOutliner' in 0.0010 seconds. Added 1 classes and 2 folders.
[2016.06.13-23.16.18:266][  0]LogCrashTracker: Crashtracker disabled due to settings.
[2016.06.13-23.16.18:281][  0]LogUObjectGlobals:Warning: Failed to find object 'Class None.'
[2016.06.13-23.16.18:306][  0]LogLoad: Full Startup: 64.31 seconds (BP compile: 0.71 seconds)
[2016.06.13-23.16.18:653][  0]LogOcInput: Can't find Oculus library dev build: is proper Runtime installed? Version: 0.8.0.0
[2016.06.13-23.16.18:814][  0]LogContentStreaming: Texture pool size now 200 MB
[2016.06.13-23.16.19:219][  0]LogRenderer: Reallocating scene render targets to support 748x608 (Frame:2).
[2016.06.13-23.16.19:922][  1]Cmd: UpdateLandscapeEditorData -warnings
[2016.06.13-23.16.22:705][  9]LogAssetRegistry: Asset discovery search completed in 51.4038 seconds
[2016.06.13-23.16.22:705][  9]LogCollectionManager: Rebuilt the object cache for 0 collections in 0.000002 seconds (found 0 objects)
[2016.06.13-23.16.22:705][  9]LogCollectionManager: Fixed up redirectors for 0 collections in 0.000049 seconds (updated 0 objects)
[2016.06.13-23.31.17:698][694]LogWindowsTextInputMethodSystem:Display: IME system now deactivated.
[2016.06.13-23.31.17:699][694]LogWindowsTextInputMethodSystem:Display: IME system now deactivated.
[2016.06.13-23.50.15:176][255]Cmd: TRANSACTION UNDO
[2016.06.13-23.50.15:177][255]LogEditorTransaction: Undo Add Action Mapping
[2016.06.14-00.12.00:418][332]LogActorComponent: UnregisterComponent: (/Engine/Transient.CharMoveComp) Not registered. Aborting.
[2016.06.14-00.12.01:465][333]Cmd: QUIT_EDITOR
[2016.06.14-00.12.01:674][333]LogWindowsTextInputMethodSystem:Display: IME system now deactivated.
[2016.06.14-00.12.01:674][333]LogWindowsTextInputMethodSystem:Display: IME system now deactivated.
[2016.06.14-00.12.01:840][333]LogExit: Preparing to exit.
[2016.06.14-00.12.03:534][333]LogExit: Editor shut down
[2016.06.14-00.12.03:538][333]LogExit: Transaction tracking system shut down
[2016.06.14-00.12.03:552][333]LogParticles: Destroying 0 GPU particle simulations for FXSystem 0x0000013324DA1DA0
[2016.06.14-00.12.03:569][333]LogParticles: Destroying 0 GPU particle simulations for FXSystem 0x000001332EA0F880
[2016.06.14-00.12.04:022][333]LogParticles: Destroying 0 GPU particle simulations for FXSystem 0x000001332EEE58A0
[2016.06.14-00.12.04:022][333]LogParticles: Destroying 0 GPU particle simulations for FXSystem 0x000001332EEE56C0
[2016.06.14-00.12.04:022][333]LogParticles: Destroying 0 GPU particle simulations for FXSystem 0x0000013307BD7EC0
[2016.06.14-00.12.04:022][333]LogParticles: Destroying 0 GPU particle simulations for FXSystem 0x0000013325C20860
[2016.06.14-00.12.04:022][333]LogParticles: Destroying 0 GPU particle simulations for FXSystem 0x00000133333B8B80
[2016.06.14-00.12.04:022][333]LogExit: Object subsystem successfully closed.
[2016.06.14-00.12.04:128][333]LogD3D11RHI: Shutdown
[2016.06.14-00.12.04:128][333]LogD3D11RHI: CleanupD3DDevice
[2016.06.14-00.12.04:265][333]LogD3D11RHI: ~FD3D11DynamicRHI
[2016.06.14-00.12.05:046][333]LogModuleManager: Shutting down and abandoning module ExternalImagePicker (199)
[2016.06.14-00.12.05:046][333]LogModuleManager: Shutting down and abandoning module CrashTracker (198)
[2016.06.14-00.12.05:046][333]LogModuleManager: Shutting down and abandoning module SceneOutliner (197)
[2016.06.14-00.12.05:046][333]LogModuleManager: Shutting down and abandoning module SuperSearch (196)
[2016.06.14-00.12.05:046][333]LogModuleManager: Shutting down and abandoning module WidgetCarousel (195)
[2016.06.14-00.12.05:046][333]LogModuleManager: Shutting down and abandoning module AddContentDialog (194)
[2016.06.14-00.12.05:069][333]LogModuleManager: Shutting down and abandoning module EditorWidgets (193)
[2016.06.14-00.12.05:069][333]LogModuleManager: Shutting down and abandoning module CollectionManager (192)
[2016.06.14-00.12.05:070][333]LogModuleManager: Shutting down and abandoning module StatsViewer (191)
[2016.06.14-00.12.05:084][333]LogModuleManager: Shutting down and abandoning module FoliageEdit (190)
[2016.06.14-00.12.05:096][333]LogModuleManager: Shutting down and abandoning module LandscapeEditor (189)
[2016.06.14-00.12.05:122][333]LogModuleManager: Shutting down and abandoning module ActorPickerMode (188)
[2016.06.14-00.12.05:122][333]LogModuleManager: Shutting down and abandoning module GeometryMode (187)
[2016.06.14-00.12.05:122][333]LogModuleManager: Shutting down and abandoning module TextureAlignMode (186)
[2016.06.14-00.12.05:122][333]LogModuleManager: Shutting down and abandoning module BspMode (185)
[2016.06.14-00.12.05:122][333]LogModuleManager: Shutting down and abandoning module PlacementMode (184)
[2016.06.14-00.12.05:122][333]LogModuleManager: Shutting down and abandoning module AutomationWorker (183)
[2016.06.14-00.12.05:122][333]LogModuleManager: Shutting down and abandoning module CharacterAI (182)
[2016.06.14-00.12.05:122][333]LogModuleManager: Shutting down and abandoning module SmartSnapping (181)
[2016.06.14-00.12.05:122][333]LogModuleManager: Shutting down and abandoning module ViewportSnapping (180)
[2016.06.14-00.12.05:122][333]LogModuleManager: Shutting down and abandoning module LogVisualizer (179)
[2016.06.14-00.12.05:219][333]LogModuleManager: Shutting down and abandoning module GameProjectGeneration (178)
[2016.06.14-00.12.05:233][333]LogModuleManager: Shutting down and abandoning module IntroTutorials (177)
[2016.06.14-00.12.05:247][333]LogModuleManager: Shutting down and abandoning module EditorLiveStreaming (176)
[2016.06.14-00.12.05:247][333]LogModuleManager: Shutting down and abandoning module IOSPlatformEditor (175)
[2016.06.14-00.12.05:256][333]LogModuleManager: Shutting down and abandoning module HTML5PlatformEditor (174)
[2016.06.14-00.12.05:256][333]LogModuleManager: Shutting down and abandoning module AndroidDeviceDetection (173)
[2016.06.14-00.12.05:369][333]LogModuleManager: Shutting down and abandoning module AndroidPlatformEditor (172)
[2016.06.14-00.12.05:369][333]LogModuleManager: Shutting down and abandoning module IOSRuntimeSettings (171)
[2016.06.14-00.12.05:369][333]LogModuleManager: Shutting down and abandoning module AndroidRuntimeSettings (170)
[2016.06.14-00.12.05:369][333]LogModuleManager: Shutting down and abandoning module MergeActors (169)
[2016.06.14-00.12.05:383][333]LogModuleManager: Shutting down and abandoning module SizeMap (168)
[2016.06.14-00.12.05:383][333]LogModuleManager: Shutting down and abandoning module TreeMap (167)
[2016.06.14-00.12.05:399][333]LogModuleManager: Shutting down and abandoning module ReferenceViewer (166)
[2016.06.14-00.12.05:412][333]LogModuleManager: Shutting down and abandoning module LocalizationService (165)
[2016.06.14-00.12.05:420][333]LogModuleManager: Shutting down and abandoning module LocalizationDashboard (164)
[2016.06.14-00.12.05:429][333]LogModuleManager: Shutting down and abandoning module HardwareTargeting (163)
[2016.06.14-00.12.05:438][333]LogModuleManager: Shutting down and abandoning module DeviceProfileEditor (162)
[2016.06.14-00.12.05:528][333]LogModuleManager: Shutting down and abandoning module UndoHistory (161)
[2016.06.14-00.12.05:543][333]LogModuleManager: Shutting down and abandoning module GameplayTagsEditor (160)
[2016.06.14-00.12.05:554][333]LogModuleManager: Shutting down and abandoning module UserFeedback (159)
[2016.06.14-00.12.05:554][333]LogModuleManager: Shutting down and abandoning module XmlParser (158)
[2016.06.14-00.12.05:559][333]LogModuleManager: Shutting down and abandoning module Blutility (157)
[2016.06.14-00.12.05:559][333]LogModuleManager: Shutting down and abandoning module ProjectTargetPlatformEditor (156)
[2016.06.14-00.12.05:559][333]LogModuleManager: Shutting down and abandoning module ProjectSettingsViewer (155)
[2016.06.14-00.12.05:559][333]LogModuleManager: Shutting down and abandoning module InputBindingEditor (154)
[2016.06.14-00.12.05:573][333]LogModuleManager: Shutting down and abandoning module EditorSettingsViewer (153)
[2016.06.14-00.12.05:574][333]LogModuleManager: Shutting down and abandoning module SettingsEditor (152)
[2016.06.14-00.12.05:574][333]LogModuleManager: Shutting down and abandoning module ProjectLauncher (151)
[2016.06.14-00.12.05:598][333]LogModuleManager: Shutting down and abandoning module SessionFrontend (150)
[2016.06.14-00.12.05:617][333]LogModuleManager: Shutting down and abandoning module ProfilerClient (149)
[2016.06.14-00.12.05:634][333]LogModuleManager: Shutting down and abandoning module TargetDeviceServices (148)
[2016.06.14-00.12.05:634][333]LogModuleManager: Shutting down and abandoning module DeviceManager (147)
[2016.06.14-00.12.05:709][333]LogModuleManager: Shutting down and abandoning module AutomationController (146)
[2016.06.14-00.12.05:724][333]LogModuleManager: Shutting down and abandoning module AutomationWindow (145)
[2016.06.14-00.12.05:734][333]LogModuleManager: Shutting down and abandoning module Layers (144)
[2016.06.14-00.12.05:763][333]LogModuleManager: Shutting down and abandoning module ComponentVisualizers (143)
[2016.06.14-00.12.05:763][333]LogModuleManager: Shutting down and abandoning module DetailCustomizations (142)
[2016.06.14-00.12.05:773][333]LogModuleManager: Shutting down and abandoning module PackagesDialog (141)
[2016.06.14-00.12.05:773][333]LogModuleManager: Shutting down and abandoning module Persona (140)
[2016.06.14-00.12.05:885][333]LogModuleManager: Shutting down and abandoning module Kismet (139)
[2016.06.14-00.12.05:895][333]LogModuleManager: Shutting down and abandoning module GraphEditor (138)
[2016.06.14-00.12.05:980][333]LogModuleManager: Shutting down and abandoning module ClassViewer (137)
[2016.06.14-00.12.05:988][333]LogModuleManager: Shutting down and abandoning module Toolbox (136)
[2016.06.14-00.12.05:988][333]LogModuleManager: Shutting down and abandoning module ModuleUI (135)
[2016.06.14-00.12.05:994][333]LogModuleManager: Shutting down and abandoning module MovieSceneTools (134)
[2016.06.14-00.12.06:071][333]LogModuleManager: Shutting down and abandoning module OutputLog (133)
[2016.06.14-00.12.06:071][333]LogModuleManager: Shutting down and abandoning module GammaUI (132)
[2016.06.14-00.12.06:084][333]LogModuleManager: Shutting down and abandoning module Documentation (131)
[2016.06.14-00.12.06:084][333]LogModuleManager: Shutting down and abandoning module GameLiveStreaming (130)
[2016.06.14-00.12.06:090][333]LogModuleManager: Shutting down and abandoning module StreamingPauseRendering (129)
[2016.06.14-00.12.06:090][333]LogModuleManager: Shutting down and abandoning module AnalyticsET (128)
[2016.06.14-00.12.06:090][333]LogModuleManager: Shutting down and abandoning module Analytics (127)
[2016.06.14-00.12.06:090][333]LogModuleManager: Shutting down and abandoning module AITestSuite (126)
[2016.06.14-00.12.06:108][333]LogModuleManager: Shutting down and abandoning module GameplayDebugger (125)
[2016.06.14-00.12.06:116][333]LogModuleManager: Shutting down and abandoning module AIModule (124)
[2016.06.14-00.12.06:125][333]LogModuleManager: Shutting down and abandoning module ProfilerService (123)
[2016.06.14-00.12.06:311][333]LogModuleManager: Shutting down and abandoning module TaskGraph (122)
[2016.06.14-00.12.06:311][333]LogModuleManager: Shutting down and abandoning module SlateRemote (121)
[2016.06.14-00.12.06:311][333]LogModuleManager: Shutting down and abandoning module SteamVRController (120)
[2016.06.14-00.12.06:311][333]LogModuleManager: Shutting down and abandoning module SteamVR (119)
[2016.06.14-00.12.06:311][333]LogModuleManager: Shutting down and abandoning module ProceduralMeshComponent (118)
[2016.06.14-00.12.06:311][333]LogModuleManager: Shutting down and abandoning module OculusLibrary (117)
[2016.06.14-00.12.06:311][333]LogModuleManager: Shutting down and abandoning module OculusInput (116)
[2016.06.14-00.12.06:311][333]LogModuleManager: Shutting down and abandoning module LeapMotionController (115)
[2016.06.14-00.12.06:379][333]LogModuleManager: Shutting down and abandoning module CustomMeshComponent (114)
[2016.06.14-00.12.06:379][333]LogModuleManager: Shutting down and abandoning module CableComponent (113)
[2016.06.14-00.12.06:391][333]LogModuleManager: Shutting down and abandoning module ArchVisCharacter (112)
[2016.06.14-00.12.06:391][333]LogModuleManager: Shutting down and abandoning module MessagingDebugger (111)
[2016.06.14-00.12.06:488][333]LogModuleManager: Shutting down and abandoning module MediaPlayerEditor (110)
[2016.06.14-00.12.06:506][333]LogModuleManager: Shutting down and abandoning module HTML5Networking (109)
[2016.06.14-00.12.06:506][333]LogModuleManager: Shutting down and abandoning module SpeedTreeImporter (108)
[2016.06.14-00.12.06:506][333]LogModuleManager: Shutting down and abandoning module PluginBrowser (107)
[2016.06.14-00.12.06:521][333]LogModuleManager: Shutting down and abandoning module EpicSurvey (106)
[2016.06.14-00.12.06:534][333]LogModuleManager: Shutting down and abandoning module DesktopPlatform (105)
[2016.06.14-00.12.06:543][333]LogModuleManager: Shutting down and abandoning module VisualStudioSourceCodeAccess (104)
[2016.06.14-00.12.06:543][333]LogModuleManager: Shutting down and abandoning module UObjectPlugin (103)
[2016.06.14-00.12.06:543][333]LogModuleManager: Shutting down and abandoning module SubversionSourceControl (102)
[2016.06.14-00.12.06:561][333]LogModuleManager: Shutting down and abandoning module PerforceSourceControl (101)
[2016.06.14-00.12.06:582][333]LogModuleManager: Shutting down and abandoning module SourceControl (100)
[2016.06.14-00.12.06:590][333]LogModuleManager: Shutting down and abandoning module GitSourceControl (99)
[2016.06.14-00.12.06:599][333]LogModuleManager: Shutting down and abandoning module LightPropagationVolumeEditor (98)
[2016.06.14-00.12.06:599][333]LogModuleManager: Shutting down and abandoning module PaperTiledImporter (97)
[2016.06.14-00.12.06:661][333]LogModuleManager: Shutting down and abandoning module PaperSpriteSheetImporter (96)
[2016.06.14-00.12.06:661][333]LogModuleManager: Shutting down and abandoning module MeshPaint (95)
[2016.06.14-00.12.06:661][333]LogModuleManager: Shutting down and abandoning module SlateReflector (94)
[2016.06.14-00.12.06:675][333]LogModuleManager: Shutting down and abandoning module HotReload (93)
[2016.06.14-00.12.06:684][333]LogModuleManager: Shutting down and abandoning module MainFrame (92)
[2016.06.14-00.12.06:685][333]LogModuleManager: Shutting down and abandoning module LevelEditor (91)
[2016.06.14-00.12.06:698][333]LogModuleManager: Shutting down and abandoning module DirectoryWatcher (90)
[2016.06.14-00.12.06:713][333]LogModuleManager: Shutting down and abandoning module AssetRegistry (89)
[2016.06.14-00.12.06:974][333]LogModuleManager: Shutting down and abandoning module ContentBrowser (88)
[2016.06.14-00.12.06:975][333]LogModuleManager: Shutting down and abandoning module Paper2DEditor (87)
[2016.06.14-00.12.06:976][333]LogModuleManager: Shutting down and abandoning module UdpMessaging (86)
[2016.06.14-00.12.07:076][333]LogModuleManager: Shutting down and abandoning module LightPropagationVolumeRuntime (85)
[2016.06.14-00.12.07:076][333]LogModuleManager: Shutting down and abandoning module Paper2D (84)
[2016.06.14-00.12.07:076][333]LogModuleManager: Shutting down and abandoning module WindowsMoviePlayer (83)
[2016.06.14-00.12.07:082][333]LogModuleManager: Shutting down and abandoning module Media (82)
[2016.06.14-00.12.07:082][333]LogModuleManager: Shutting down and abandoning module WmfMedia (81)
[2016.06.14-00.12.07:082][333]LogModuleManager: Shutting down and abandoning module OnlineBlueprintSupport (80)
[2016.06.14-00.12.07:082][333]LogModuleManager: Shutting down and abandoning module GameplayTasksEditor (79)
[2016.06.14-00.12.07:082][333]LogModuleManager: Shutting down and abandoning module PropertyEditor (78)
[2016.06.14-00.12.07:082][333]LogModuleManager: Shutting down and abandoning module BehaviorTreeEditor (77)
[2016.06.14-00.12.07:163][333]LogModuleManager: Shutting down and abandoning module FunctionalTesting (76)
[2016.06.14-00.12.07:163][333]LogModuleManager: Shutting down and abandoning module CollisionAnalyzer (75)
[2016.06.14-00.12.07:174][333]LogModuleManager: Shutting down and abandoning module WorkspaceMenuStructure (74)
[2016.06.14-00.12.07:175][333]LogModuleManager: Shutting down and abandoning module MessageLog (73)
[2016.06.14-00.12.07:175][333]LogModuleManager: Shutting down and abandoning module Sequencer (72)
[2016.06.14-00.12.07:224][333]LogModuleManager: Shutting down and abandoning module AssetTools (71)
[2016.06.14-00.12.07:226][333]LogModuleManager: Shutting down and abandoning module UMGEditor (70)
[2016.06.14-00.12.07:262][333]LogModuleManager: Shutting down and abandoning module UMG (69)
[2016.06.14-00.12.07:275][333]LogModuleManager: Shutting down and abandoning module Slate (68)
[2016.06.14-00.12.07:275][333]LogModuleManager: Shutting down and abandoning module EditorStyle (67)
[2016.06.14-00.12.07:280][333]LogModuleManager: Shutting down and abandoning module SessionServices (66)
[2016.06.14-00.12.07:280][333]LogModuleManager: Shutting down and abandoning module SourceCodeAccess (65)
[2016.06.14-00.12.07:280][333]LogModuleManager: Shutting down and abandoning module HeadMountedDisplay (64)
[2016.06.14-00.12.07:280][333]LogModuleManager: Shutting down and abandoning module XAudio2 (63)
[2016.06.14-00.12.07:280][333]LogModuleManager: Shutting down and abandoning module Networking (61)
[2016.06.14-00.12.07:280][333]LogModuleManager: Shutting down and abandoning module Core (60)
[2016.06.14-00.12.07:280][333]LogModuleManager: Shutting down and abandoning module KismetCompiler (59)
[2016.06.14-00.12.07:280][333]LogModuleManager: Shutting down and abandoning module PhysXFormats (58)
[2016.06.14-00.12.07:280][333]LogModuleManager: Shutting down and abandoning module MeshUtilities (57)
[2016.06.14-00.12.07:354][333]LogModuleManager: Shutting down and abandoning module DerivedDataCache (56)
[2016.06.14-00.12.07:384][333]LogDerivedDataCache: Shutdown
[2016.06.14-00.12.07:384][333]LogModuleManager: Shutting down and abandoning module ShaderFormatOpenGL (55)
[2016.06.14-00.12.07:391][333]LogModuleManager: Shutting down and abandoning module ShaderFormatD3D (54)
[2016.06.14-00.12.07:391][333]LogModuleManager: Shutting down and abandoning module MetalShaderFormat (53)
[2016.06.14-00.12.07:406][333]LogModuleManager: Shutting down and abandoning module TextureFormatUncompressed (52)
[2016.06.14-00.12.07:406][333]LogModuleManager: Shutting down and abandoning module TextureFormatPVR (51)
[2016.06.14-00.12.07:406][333]LogModuleManager: Shutting down and abandoning module TextureFormatIntelISPCTexComp (50)
[2016.06.14-00.12.07:406][333]LogModuleManager: Shutting down and abandoning module TextureFormatDXT (49)
[2016.06.14-00.12.07:406][333]LogModuleManager: Shutting down and abandoning module ImageWrapper (48)
[2016.06.14-00.12.07:407][333]LogModuleManager: Shutting down and abandoning module TextureFormatASTC (47)
[2016.06.14-00.12.07:407][333]LogModuleManager: Shutting down and abandoning module TextureFormatAndroid (46)
[2016.06.14-00.12.07:407][333]LogModuleManager: Shutting down and abandoning module AudioFormatOpus (45)
[2016.06.14-00.12.07:417][333]LogModuleManager: Shutting down and abandoning module AudioFormatOgg (44)
[2016.06.14-00.12.07:417][333]LogModuleManager: Shutting down and abandoning module AudioFormatADPCM (43)
[2016.06.14-00.12.07:417][333]LogModuleManager: Shutting down and abandoning module LinuxTargetPlatform (42)
[2016.06.14-00.12.07:417][333]LogModuleManager: Shutting down and abandoning module LinuxServerTargetPlatform (41)
[2016.06.14-00.12.07:417][333]LogModuleManager: Shutting down and abandoning module LinuxNoEditorTargetPlatform (40)
[2016.06.14-00.12.07:417][333]LogModuleManager: Shutting down and abandoning module Messaging (39)
[2016.06.14-00.12.07:417][333]LogModuleManager: Shutting down and abandoning module IOSTargetPlatform (38)
[2016.06.14-00.12.07:417][333]LogModuleManager: Shutting down and abandoning module HTML5TargetPlatform (37)
[2016.06.14-00.12.07:417][333]LogModuleManager: Shutting down and abandoning module Android_PVRTCTargetPlatform (36)
[2016.06.14-00.12.07:417][333]LogModuleManager: Shutting down and abandoning module Android_MultiTargetPlatform (35)
[2016.06.14-00.12.07:417][333]LogModuleManager: Shutting down and abandoning module Android_ETC2TargetPlatform (34)
[2016.06.14-00.12.07:417][333]LogModuleManager: Shutting down and abandoning module Android_ETC1TargetPlatform (33)
[2016.06.14-00.12.07:417][333]LogModuleManager: Shutting down and abandoning module Android_DXTTargetPlatform (32)
[2016.06.14-00.12.07:417][333]LogModuleManager: Shutting down and abandoning module Android_ATCTargetPlatform (31)
[2016.06.14-00.12.07:417][333]LogModuleManager: Shutting down and abandoning module Android_ASTCTargetPlatform (30)
[2016.06.14-00.12.07:418][333]LogModuleManager: Shutting down and abandoning module AndroidTargetPlatform (29)
[2016.06.14-00.12.07:418][333]LogModuleManager: Shutting down and abandoning module WindowsTargetPlatform (28)
[2016.06.14-00.12.07:418][333]LogModuleManager: Shutting down and abandoning module WindowsServerTargetPlatform (27)
[2016.06.14-00.12.07:426][333]LogModuleManager: Shutting down and abandoning module WindowsNoEditorTargetPlatform (26)
[2016.06.14-00.12.07:426][333]LogModuleManager: Shutting down and abandoning module WindowsClientTargetPlatform (25)
[2016.06.14-00.12.07:426][333]LogModuleManager: Shutting down and abandoning module AllDesktopTargetPlatform (24)
[2016.06.14-00.12.07:426][333]LogModuleManager: Shutting down and abandoning module TargetPlatform (23)
[2016.06.14-00.12.07:426][333]LogModuleManager: Shutting down and abandoning module InputCore (22)
[2016.06.14-00.12.07:426][333]LogModuleManager: Shutting down and abandoning module Settings (21)
[2016.06.14-00.12.07:427][333]LogModuleManager: Shutting down and abandoning module OnlineSubsystem (19)
[2016.06.14-00.12.07:427][333]LogModuleManager: Shutting down and abandoning module HTTP (18)
[2016.06.14-00.12.09:430][333]LogModuleManager: Shutting down and abandoning module XMPP (17)
[2016.06.14-00.12.09:631][333]LogModuleManager: Shutting down and abandoning module OculusRift (16)
[2016.06.14-00.12.09:708][333]LogModuleManager: Shutting down and abandoning module ExampleDeviceProfileSelector (15)
[2016.06.14-00.12.09:708][333]LogModuleManager: Shutting down and abandoning module TextureCompressor (14)
[2016.06.14-00.12.09:719][333]LogModuleManager: Shutting down and abandoning module ShaderCore (13)
[2016.06.14-00.12.09:719][333]LogModuleManager: Shutting down and abandoning module Landscape (12)
[2016.06.14-00.12.09:720][333]LogModuleManager: Shutting down and abandoning module SlateRHIRenderer (11)
[2016.06.14-00.12.09:745][333]LogModuleManager: Shutting down and abandoning module OpenGLDrv (10)
[2016.06.14-00.12.09:769][333]LogModuleManager: Shutting down and abandoning module D3D11RHI (9)
[2016.06.14-00.12.09:769][333]LogModuleManager: Shutting down and abandoning module AnimGraphRuntime (8)
[2016.06.14-00.12.09:783][333]LogModuleManager: Shutting down and abandoning module Renderer (7)
[2016.06.14-00.12.09:783][333]LogModuleManager: Shutting down and abandoning module Engine (6)
[2016.06.14-00.12.09:783][333]LogModuleManager: Shutting down and abandoning module CoreUObject (5)
[2016.06.14-00.12.09:783][333]LogModuleManager: Shutting down and abandoning module NetworkFile (4)
[2016.06.14-00.12.09:804][333]LogModuleManager: Shutting down and abandoning module StreamingFile (3)
[2016.06.14-00.12.09:804][333]LogModuleManager: Shutting down and abandoning module SandboxFile (2)
[2016.06.14-00.12.09:816][333]LogModuleManager: Shutting down and abandoning module PakFile (1)
[2016.06.14-00.12.09:834][333]LogExit: Exiting.
[2016.06.14-00.12.09:919][333]Log file closed, 06/14/16 02:12:09
