[2016.05.15-15.56.05:618][  0]Log file open, 05/15/16 17:56:05
[2016.05.15-15.56.05:618][  0]LogInit:Display: Running engine for game: licencjat
[2016.05.15-15.56.05:618][  0]LogPlatformFile: Not using cached read wrapper
[2016.05.15-15.56.05:618][  0]LogInit:Display: RandInit(-1458538629) SRandInit(-1458538626).
[2016.05.15-15.56.05:618][  0]LogTaskGraph: Started task graph with 4 named threads and 7 total threads.
[2016.05.15-15.56.05:618][  0]LogStats: Stats thread started at 0.117909
[2016.05.15-15.56.05:618][  0]LogInit: Version: 4.10.4-2872498+++depot+UE4-Releases+4.10
[2016.05.15-15.56.05:618][  0]LogInit: API Version: 2758231
[2016.05.15-15.56.05:618][  0]LogInit: Compiled (64-bit): Feb 18 2016 15:47:04
[2016.05.15-15.56.05:619][  0]LogInit: Compiled with Visual C++: 19.00.23026.00
[2016.05.15-15.56.05:619][  0]LogInit: Build Configuration: Development
[2016.05.15-15.56.05:619][  0]LogInit: Branch Name: ++depot+UE4-Releases+4.10
[2016.05.15-15.56.05:619][  0]LogInit: Command line:  
[2016.05.15-15.56.05:619][  0]LogInit: Base directory: D:/Grafika/UnrealEngine/Epic Games/4.10/Engine/Binaries/Win64/
[2016.05.15-15.56.05:619][  0]LogInit: Rocket: 1
[2016.05.15-15.56.05:633][  0]LogInit: Using libcurl 7.41.0
[2016.05.15-15.56.05:634][  0]LogInit:  - built for x86_64-pc-win32
[2016.05.15-15.56.05:634][  0]LogInit:  - supports SSL with WinSSL
[2016.05.15-15.56.05:634][  0]LogInit:  - other features:
[2016.05.15-15.56.05:634][  0]LogInit:      CURL_VERSION_SSL
[2016.05.15-15.56.05:634][  0]LogInit:      CURL_VERSION_IPV6
[2016.05.15-15.56.05:634][  0]LogInit:      CURL_VERSION_ASYNCHDNS
[2016.05.15-15.56.05:634][  0]LogInit:      CURL_VERSION_LARGEFILE
[2016.05.15-15.56.05:634][  0]LogInit:      CURL_VERSION_IDN
[2016.05.15-15.56.05:634][  0]LogInit:  CurlRequestOptions (configurable via config and command line):
[2016.05.15-15.56.05:634][  0]LogInit:  - bVerifyPeer = true  - Libcurl will verify peer certificate
[2016.05.15-15.56.05:634][  0]LogInit:  - bUseHttpProxy = false  - Libcurl will NOT use HTTP proxy
[2016.05.15-15.56.05:634][  0]LogInit:  - bDontReuseConnections = false  - Libcurl will reuse connections
[2016.05.15-15.56.05:634][  0]LogInit:  - CertBundlePath = nullptr  - Libcurl will use whatever was configured at build time.
[2016.05.15-15.56.05:651][  0]LogInit: Presizing for 0 objects not considered by GC, pre-allocating 0 bytes.
[2016.05.15-15.56.05:669][  0]LogInit: Object subsystem initialized
[2016.05.15-15.56.05:671][  0]LogInit: Selected Device Profile: [Windows]
[2016.05.15-15.56.05:671][  0]LogInit: Applying CVar settings loaded from the selected device profile: [Windows]
[2016.05.15-15.56.05:691][  0]LogInit: Computer: AGNIESZKA
[2016.05.15-15.56.05:691][  0]LogInit: User: Agnieszka
[2016.05.15-15.56.05:691][  0]LogInit: CPU Page size=4096, Cores=4
[2016.05.15-15.56.05:691][  0]LogInit: High frequency timer resolution =2.338449 MHz
[2016.05.15-15.56.05:691][  0]LogMemory: Memory total: Physical=7.9GB (8GB approx)
[2016.05.15-15.56.05:691][  0]LogMemory: Platform Memory Stats for Windows
[2016.05.15-15.56.05:691][  0]LogMemory: Process Physical Memory: 56.45 MB used, 56.45 MB peak
[2016.05.15-15.56.05:691][  0]LogMemory: Process Virtual Memory: 56.81 MB used, 56.81 MB peak
[2016.05.15-15.56.05:691][  0]LogMemory: Physical Memory: 3511.25 MB used, 8085.04 MB total
[2016.05.15-15.56.05:691][  0]LogMemory: Virtual Memory: 379.04 MB used, 134217728.00 MB total
[2016.05.15-15.56.05:758][  0]LogTextLocalizationManager: No translations for ('pl-PL') exist, falling back to 'en' for localization and internationalization data.
[2016.05.15-15.56.06:734][  0]LogD3D11RHI: Found D3D11 adapter 0: Intel(R) HD Graphics 4000 (Feature Level 11_0)
[2016.05.15-15.56.06:734][  0]LogD3D11RHI: Adapter has 32MB of dedicated video memory, 0MB of dedicated system memory, and 1760MB of shared system memory, 1 output[s]
[2016.05.15-15.56.06:794][  0]LogD3D11RHI: Found D3D11 adapter 1: AMD Radeon HD 7600M Series (Feature Level 11_0)
[2016.05.15-15.56.06:794][  0]LogD3D11RHI: Adapter has 2032MB of dedicated video memory, 0MB of dedicated system memory, and 3840MB of shared system memory, 0 output[s]
[2016.05.15-15.56.06:797][  0]LogD3D11RHI: Found D3D11 adapter 2: Microsoft Basic Render Driver (Feature Level 11_0)
[2016.05.15-15.56.06:797][  0]LogD3D11RHI: Adapter has 0MB of dedicated video memory, 0MB of dedicated system memory, and 4042MB of shared system memory, 0 output[s]
[2016.05.15-15.56.06:797][  0]LogD3D11RHI: Chosen D3D11 Adapter Id = 0
[2016.05.15-15.56.06:804][  0]LogD3D11RHI: !Direct3DDevice
[2016.05.15-15.56.06:804][  0]LogRHI: Texture pool is 638 MB (70% of 912 MB)
[2016.05.15-15.56.06:810][  0]LogD3D11RHI: Async texture creation enabled
[2016.05.15-15.56.06:818][  0]LogShaderCompilers: Guid format shader working directory is -28 characters bigger than the processId version (../../../../../../../Edytory i Programowanie/01_Projekty/Licencjat/licencjat/Intermediate/Shaders/WorkingDirectory/10128/).
[2016.05.15-15.56.06:819][  0]LogShaderCompilers: Cleaned the shader compiler working directory 'C:/Users/AGNIES~1/AppData/Local/Temp/UnrealShaderWorkingDir/E7DFDC8B40973EE4010C29AC5EC8C02F/'.
[2016.05.15-15.56.06:819][  0]LogShaderCompilers:Display: Using Local Shader Compiler.
[2016.05.15-15.56.08:795][  0]LogTemp:Display: Loaded TP AllDesktopTargetPlatform
[2016.05.15-15.56.08:805][  0]LogTemp:Display: Loaded TP WindowsClientTargetPlatform
[2016.05.15-15.56.08:815][  0]LogTemp:Display: Loaded TP WindowsNoEditorTargetPlatform
[2016.05.15-15.56.08:825][  0]LogTemp:Display: Loaded TP WindowsServerTargetPlatform
[2016.05.15-15.56.08:834][  0]LogTemp:Display: Loaded TP WindowsTargetPlatform
[2016.05.15-15.56.08:843][  0]LogTemp:Display: Loaded TP AndroidTargetPlatform
[2016.05.15-15.56.08:849][  0]LogTemp:Display: Loaded TP Android_ASTCTargetPlatform
[2016.05.15-15.56.08:856][  0]LogTemp:Display: Loaded TP Android_ATCTargetPlatform
[2016.05.15-15.56.08:864][  0]LogTemp:Display: Loaded TP Android_DXTTargetPlatform
[2016.05.15-15.56.08:871][  0]LogTemp:Display: Loaded TP Android_ETC1TargetPlatform
[2016.05.15-15.56.08:878][  0]LogTemp:Display: Loaded TP Android_ETC2TargetPlatform
[2016.05.15-15.56.08:894][  0]LogTemp:Display: Loaded TP Android_MultiTargetPlatform
[2016.05.15-15.56.08:894][  0]LogTemp:Display: Loaded TP Android_PVRTCTargetPlatform
[2016.05.15-15.56.08:896][  0]LogTemp:Display: Loaded TP HTML5TargetPlatform
[2016.05.15-15.56.08:921][  0]LogTemp:Display: Loaded TP IOSTargetPlatform
[2016.05.15-15.56.08:929][  0]LogTemp:Display: Loaded TP LinuxNoEditorTargetPlatform
[2016.05.15-15.56.08:936][  0]LogTemp:Display: Loaded TP LinuxServerTargetPlatform
[2016.05.15-15.56.08:945][  0]LogTemp:Display: Loaded TP LinuxTargetPlatform
[2016.05.15-15.56.08:945][  0]LogTargetPlatformManager:Display: Building Assets For Windows
[2016.05.15-15.56.09:138][  0]LogDerivedDataCache:Display: Max Cache Size: 512 MB
[2016.05.15-15.56.09:249][  0]LogDerivedDataCache: Loaded boot cache 0.11s 41MB C:/Users/Agnieszka/AppData/Local/UnrealEngine/4.10/DerivedDataCache/Boot.ddc.
[2016.05.15-15.56.09:249][  0]LogDerivedDataCache:Display: Loaded Boot cache: C:/Users/Agnieszka/AppData/Local/UnrealEngine/4.10/DerivedDataCache/Boot.ddc
[2016.05.15-15.56.09:249][  0]LogDerivedDataCache: FDerivedDataBackendGraph:  Pak pak cache file ../../../../../../../Edytory i Programowanie/01_Projekty/Licencjat/licencjat/DerivedDataCache/DDC.ddp not found, will not use a pak cache.
[2016.05.15-15.56.09:249][  0]LogDerivedDataCache: Unable to find inner node Pak for hierarchical cache Hierarchy.
[2016.05.15-15.56.09:249][  0]LogDerivedDataCache: FDerivedDataBackendGraph:  CompressedPak pak cache file ../../../../../../../Edytory i Programowanie/01_Projekty/Licencjat/licencjat/DerivedDataCache/Compressed.ddp not found, will not use a pak cache.
[2016.05.15-15.56.09:249][  0]LogDerivedDataCache: Unable to find inner node CompressedPak for hierarchical cache Hierarchy.
[2016.05.15-15.56.09:397][  0]LogDerivedDataCache:Display: Pak cache opened for reading ../../../Engine/DerivedDataCache/Compressed.ddp.
[2016.05.15-15.56.09:410][  0]LogDerivedDataCache: Using Local data cache path C:/Users/Agnieszka/AppData/Local/UnrealEngine/Common/DerivedDataCache: Writable
[2016.05.15-15.56.09:911][  0]LogInit: Selected Device Profile: [Windows]
[2016.05.15-15.56.09:918][  0]LogContentStreaming: Texture pool size is 0.000000MB
[2016.05.15-15.56.10:153][  0]LogMeshUtilities: No automatic mesh reduction module available
[2016.05.15-15.56.10:153][  0]LogMeshUtilities: No automatic mesh merging module available
[2016.05.15-15.56.10:654][  0]LogInit: WinSock: version 1.1 (2.2), MaxSocks=32767, MaxUdp=65467
[2016.05.15-15.56.12:348][  0]UdpMessaging: Initializing bridge on interface 0.0.0.0:0 to multicast group 230.0.0.1:6666.
[2016.05.15-15.56.12:507][  0]LogAssetRegistry: FAssetRegistry took 0.0115 seconds to start up
[2016.05.15-15.56.12:941][  0]SourceControl: Info Source control is disabled
[2016.05.15-15.56.12:944][  0]SourceControl: Info Source control is disabled
[2016.05.15-15.56.12:974][  0]SourceControl: Info Source control is disabled
[2016.05.15-15.56.13:006][  0]SourceControl: Info Source control is disabled
[2016.05.15-15.56.13:695][  0]LogObj: 28633 objects as part of root set at end of initial load.
[2016.05.15-15.56.13:695][  0]LogUObjectAllocator: 6099744 out of 0 bytes used by permanent object pool.
[2016.05.15-15.56.13:832][  0]LogEngine: Initializing Engine...
[2016.05.15-15.56.13:837][  0]LogHMD: Can't find Oculus library dev build: is proper Runtime installed? Version: 0.8.0.0
[2016.05.15-15.56.13:839][  0]LogHMD: SteamVR failed to initialize.  Err: 110
[2016.05.15-15.56.14:142][  0]LogAIModule: Creating AISystem for world NewWorld
[2016.05.15-15.56.14:150][  0]LogInit: XAudio2 using 'Głośniki (Realtek High Definition Audio)' : 2 channels at 48 kHz using 32 bits per sample (channel mask 0x3)
[2016.05.15-15.56.14:170][  0]LogInit: FAudioDevice initialized.
[2016.05.15-15.56.14:207][  0]LogDerivedDataCache: Saved boot cache 0.04s 41MB C:/Users/Agnieszka/AppData/Local/UnrealEngine/4.10/DerivedDataCache/Boot.ddc.
[2016.05.15-15.56.14:211][  0]LogInit: Texture streaming: Enabled
[2016.05.15-15.56.14:220][  0]LogAnalytics: Creating configured Analytics provider AnalyticsET
[2016.05.15-15.56.14:220][  0]LogAnalytics: [UEEditor.Rocket.Release] APIServer = http://et2.epicgames.com/ET2/. AppVersion = 4.10.4-2872498+++depot+UE4-Releases+4.10
[2016.05.15-15.56.14:220][  0]LogAnalytics: [UEEditor.Rocket.Release] SetUserId d66bbfcd497e63741ecd6eb3486d0dd1|5e4c09b079964b51bc90e13aca86d390|6524e232-21bd-4a8f-b07c-eb794e8e3760
[2016.05.15-15.56.14:220][  0]LogAnalytics: [UEEditor.Rocket.Release] AnalyticsET::StartSession
[2016.05.15-15.56.14:234][  0]LogInit: Transaction tracking system initialized
[2016.05.15-15.56.14:274][  0]BlueprintLog: New page: Editor Load
[2016.05.15-15.56.14:394][  0]LocalizationService: Info Localization service is disabled
[2016.05.15-15.56.14:814][  0]LogConsoleResponse:Display: 
[2016.05.15-15.56.15:083][  0]LogCook:Display: Done creating registry. It took  0.00s.
[2016.05.15-15.56.15:216][  0]LogFileCache: Scanning file cache for directory 'D:/Edytory i Programowanie/01_Projekty/Licencjat/licencjat/Content/' took 0.02s
[2016.05.15-15.56.15:216][  0]SourceControl: Info Source control is disabled
[2016.05.15-15.56.15:217][  0]Cmd: MAP LOAD FILE="../../../../../../../Edytory i Programowanie/01_Projekty/Licencjat/licencjat/Content/StarterContent/Maps/Minimal_Default.umap" TEMPLATE=0 SHOWPROGRESS=1 FEATURELEVEL=3
[2016.05.15-15.56.15:218][  0]LightingResults: New page: Lighting Build
[2016.05.15-15.56.15:223][  0]MapCheck: New page: Map Check
[2016.05.15-15.56.15:223][  0]LightingResults: New page: Lighting Build
[2016.05.15-15.56.15:257][  0]LogParticles: Destroying 0 GPU particle simulations for FXSystem 0x00000009E7B0BB00
[2016.05.15-15.56.17:082][  0]LogAIModule: Creating AISystem for world Minimal_Default
[2016.05.15-15.56.17:219][  0]LogEditorServer: Finished looking for orphan Actors (0.000 secs)
[2016.05.15-15.56.17:220][  0]Cmd: MAP CHECKDEP NOCLEARLOG
[2016.05.15-15.56.17:441][  0]MapCheck: Info Map check complete: 0 Error(s), 0 Warning(s), took 220.047ms to complete.
[2016.05.15-15.56.17:441][  0]LogFileHelpers: Loading map 'Minimal_Default' took 2.225
[2016.05.15-15.56.17:578][  0]LogCollectionManager: Loaded 0 collections in 0.003891 seconds
[2016.05.15-15.56.17:627][  0]LogFileCache: Scanning file cache for directory 'D:/Edytory i Programowanie/01_Projekty/Licencjat/licencjat/Saved/Collections/' took 0.01s
[2016.05.15-15.56.17:627][  0]LogFileCache: Scanning file cache for directory 'D:/Edytory i Programowanie/01_Projekty/Licencjat/licencjat/Content/Developers/Agnieszka/Collections/' took 0.01s
[2016.05.15-15.56.17:627][  0]LogFileCache: Scanning file cache for directory 'D:/Edytory i Programowanie/01_Projekty/Licencjat/licencjat/Content/Collections/' took 0.01s
[2016.05.15-15.56.17:627][  0]LogCollectionManager: Rebuilt the GUID cache for 0 collections in 0.000004 seconds
[2016.05.15-15.56.17:648][  0]LogContentBrowser: Native class hierarchy populated in 0.0206 seconds. Added 1893 classes and 338 folders.
[2016.05.15-15.56.17:660][  0]LogContentBrowser: Native class hierarchy updated for 'WidgetCarousel' in 0.0009 seconds. Added 0 classes and 0 folders.
[2016.05.15-15.56.17:818][  0]LogContentBrowser: Native class hierarchy updated for 'AddContentDialog' in 0.0010 seconds. Added 0 classes and 0 folders.
[2016.05.15-15.56.17:908][  0]LogContentBrowser: Native class hierarchy updated for 'SceneOutliner' in 0.0009 seconds. Added 1 classes and 2 folders.
[2016.05.15-15.56.18:044][  0]LogCrashTracker: Crashtracker disabled due to settings.
[2016.05.15-15.56.18:052][  0]LogUObjectGlobals:Warning: Failed to find object 'Class None.'
[2016.05.15-15.56.18:076][  0]LogLoad: Full Startup: 13.38 seconds (BP compile: 0.45 seconds)
[2016.05.15-15.56.18:094][  0]LogWindowsTextInputMethodSystem:Display: IME system now deactivated.
[2016.05.15-15.56.18:099][  0]LogOcInput: Can't find Oculus library dev build: is proper Runtime installed? Version: 0.8.0.0
[2016.05.15-15.56.18:244][  0]LogContentStreaming: Texture pool size now 200 MB
[2016.05.15-15.56.18:612][  0]LogRenderer: Reallocating scene render targets to support 728x608 (Frame:2).
[2016.05.15-15.56.19:213][  1]Cmd: UpdateLandscapeEditorData -warnings
[2016.05.15-15.56.20:160][  7]LogAssetRegistry: Asset discovery search completed in 7.6648 seconds
[2016.05.15-15.56.20:160][  7]LogCollectionManager: Rebuilt the object cache for 0 collections in 0.000003 seconds (found 0 objects)
[2016.05.15-15.56.20:160][  7]LogCollectionManager: Fixed up redirectors for 0 collections in 0.000061 seconds (updated 0 objects)
[2016.05.15-15.58.29:640][126]LogAIModule: Creating AISystem for world Level_01
[2016.05.15-15.58.29:737][127]Cmd: UpdateLandscapeEditorData -warnings
[2016.05.15-15.58.36:429][409]LogActorComponent: UnregisterComponent: (/Engine/Transient.CharMoveComp) Not registered. Aborting.
[2016.05.15-15.58.36:503][409]Cmd: MAP LOAD FILE="../../../../../../../Edytory i Programowanie/01_Projekty/Licencjat/licencjat/Content/StarterContent/Maps/Level_01.umap" TEMPLATE=0 SHOWPROGRESS=1 FEATURELEVEL=3
[2016.05.15-15.58.36:503][409]LightingResults: New page: Lighting Build
[2016.05.15-15.58.36:576][409]LoadErrors: New page: Loading map: Level_01.umap
[2016.05.15-15.58.36:580][409]MapCheck: New page: Map Check
[2016.05.15-15.58.36:580][409]LightingResults: New page: Lighting Build
[2016.05.15-15.58.36:626][409]LogParticles: Destroying 0 GPU particle simulations for FXSystem 0x00000009D6DEFB00
[2016.05.15-15.58.39:142][409]LogEditorServer: Finished looking for orphan Actors (0.000 secs)
[2016.05.15-15.58.39:233][409]Cmd: MAP CHECKDEP NOCLEARLOG
[2016.05.15-15.58.39:444][409]MapCheck: Info Map check complete: 0 Error(s), 0 Warning(s), took 211.611ms to complete.
[2016.05.15-15.58.39:446][409]LogFileHelpers: Loading map 'Level_01' took 2.947
[2016.05.15-15.58.39:474][410]Cmd: UpdateLandscapeEditorData
[2016.05.15-15.58.41:752][486]LogPlayLevel: PlayLevel: No blueprints needed recompiling
[2016.05.15-15.58.41:753][486]PIE: New page: PIE session: Level_01 (May 15, 2016, 7:58:41 PM)
[2016.05.15-15.58.41:753][486]LogPlayLevel: Creating play world package: /Game/StarterContent/Maps/UEDPIE_0_Level_01
[2016.05.15-15.58.41:847][486]LogPlayLevel: PIE: StaticDuplicateObject took: (0.094320s)
[2016.05.15-15.58.41:849][486]LogAIModule: Creating AISystem for world Level_01
[2016.05.15-15.58.41:849][486]LogPlayLevel: PIE: World Init took: (0.001648s)
[2016.05.15-15.58.41:849][486]LogPlayLevel: PIE: Created PIE world by copying editor world from /Game/StarterContent/Maps/Level_01.Level_01 to /Game/StarterContent/Maps/UEDPIE_0_Level_01.Level_01 (0.096425s)
[2016.05.15-15.58.41:849][486]LogActorComponent: UnregisterComponent: (/Engine/Transient.CharMoveComp) Not registered. Aborting.
[2016.05.15-15.58.41:894][486]LogInit: XAudio2 using 'Głośniki (Realtek High Definition Audio)' : 2 channels at 48 kHz using 32 bits per sample (channel mask 0x3)
[2016.05.15-15.58.41:915][486]LogInit: FAudioDevice initialized.
[2016.05.15-15.58.41:990][486]LogWorld: Game class is 'MyGame_C'
[2016.05.15-15.58.42:032][486]LogWorld: Bringing World /Game/StarterContent/Maps/UEDPIE_0_Level_01.Level_01 up for play (max tick rate 60) at 2016.05.15-17.58.42
[2016.05.15-15.58.42:032][486]LogActor:Warning: GameSession /Game/StarterContent/Maps/UEDPIE_0_Level_01.Level_01:PersistentLevel.GameSession_0 has natively added scene component(s), but none of them were set as the actor's RootComponent - picking one arbitrarily
[2016.05.15-15.58.42:033][486]LogActor:Warning: GameNetworkManager /Game/StarterContent/Maps/UEDPIE_0_Level_01.Level_01:PersistentLevel.GameNetworkManager_0 has natively added scene component(s), but none of them were set as the actor's RootComponent - picking one arbitrarily
[2016.05.15-15.58.42:034][486]LogWorld: Bringing up level for play took: 0.040326
[2016.05.15-15.58.42:038][486]PIE: Info Play in editor start time for /Game/StarterContent/Maps/UEDPIE_0_Level_01 0.983
[2016.05.15-15.58.55:475][275]LogParticles: Destroying 0 GPU particle simulations for FXSystem 0x00000009D342CCC0
[2016.05.15-15.59.08:916][684]LogLinker:Warning: Asset '../../../Engine/Content/ArtTools/RenderToTexture/Macros/RenderToTextureMacros.uasset' has been saved with empty engine version. The asset will be loaded but may be incompatible.
[2016.05.15-15.59.09:956][684]LogContentBrowser: Native class hierarchy updated for 'BlueprintGraph' in 0.0017 seconds. Added 107 classes and 0 folders.
[2016.05.15-15.59.25:697][167]LogPlayLevel: PlayLevel: No blueprints needed recompiling
[2016.05.15-15.59.25:697][167]PIE: New page: PIE session: Level_01 (May 15, 2016, 7:59:25 PM)
[2016.05.15-15.59.25:697][167]LogPlayLevel: Creating play world package: /Game/StarterContent/Maps/UEDPIE_0_Level_01
[2016.05.15-15.59.25:770][167]LogPlayLevel: PIE: StaticDuplicateObject took: (0.072986s)
[2016.05.15-15.59.25:771][167]LogAIModule: Creating AISystem for world Level_01
[2016.05.15-15.59.25:772][167]LogPlayLevel: PIE: World Init took: (0.001578s)
[2016.05.15-15.59.25:772][167]LogPlayLevel: PIE: Created PIE world by copying editor world from /Game/StarterContent/Maps/Level_01.Level_01 to /Game/StarterContent/Maps/UEDPIE_0_Level_01.Level_01 (0.075008s)
[2016.05.15-15.59.25:772][167]LogActorComponent: UnregisterComponent: (/Engine/Transient.CharMoveComp) Not registered. Aborting.
[2016.05.15-15.59.25:831][167]LogInit: XAudio2 using 'Głośniki (Realtek High Definition Audio)' : 2 channels at 48 kHz using 32 bits per sample (channel mask 0x3)
[2016.05.15-15.59.25:848][167]LogInit: FAudioDevice initialized.
[2016.05.15-15.59.25:963][167]LogWorld: Game class is 'MyGame_C'
[2016.05.15-15.59.26:006][167]LogWorld: Bringing World /Game/StarterContent/Maps/UEDPIE_0_Level_01.Level_01 up for play (max tick rate 60) at 2016.05.15-17.59.26
[2016.05.15-15.59.26:006][167]LogActor:Warning: GameSession /Game/StarterContent/Maps/UEDPIE_0_Level_01.Level_01:PersistentLevel.GameSession_1 has natively added scene component(s), but none of them were set as the actor's RootComponent - picking one arbitrarily
[2016.05.15-15.59.26:007][167]LogActor:Warning: GameNetworkManager /Game/StarterContent/Maps/UEDPIE_0_Level_01.Level_01:PersistentLevel.GameNetworkManager_1 has natively added scene component(s), but none of them were set as the actor's RootComponent - picking one arbitrarily
[2016.05.15-15.59.26:009][167]LogWorld: Bringing up level for play took: 0.042989
[2016.05.15-15.59.26:010][167]LogGameMode: Warning - PATHS NOT DEFINED or NO PLAYERSTART with positive rating
[2016.05.15-15.59.26:113][167]PIE: Info Play in editor start time for /Game/StarterContent/Maps/UEDPIE_0_Level_01 1.058
[2016.05.15-16.00.11:690][596]LogParticles: Destroying 0 GPU particle simulations for FXSystem 0x00000009B5F6EF20
[2016.05.15-16.00.42:929][231]BlueprintLog: New page: Pre-Play auto-recompile
[2016.05.15-16.00.42:949][231]LogActorComponent: UnregisterComponent: (/Engine/Transient.CharMoveComp) Not registered. Aborting.
[2016.05.15-16.00.42:982][231]LogPlayLevel: [PlayLevel] Compiling CharacterBP before play...
[2016.05.15-16.00.43:309][231]LogPlayLevel: PlayLevel: Blueprint regeneration took 379 ms (1 blueprints)
[2016.05.15-16.00.43:367][231]PIE: New page: PIE session: Level_01 (May 15, 2016, 8:00:43 PM)
[2016.05.15-16.00.43:367][231]LogPlayLevel: Creating play world package: /Game/StarterContent/Maps/UEDPIE_0_Level_01
[2016.05.15-16.00.43:438][231]LogPlayLevel: PIE: StaticDuplicateObject took: (0.071413s)
[2016.05.15-16.00.43:439][231]LogAIModule: Creating AISystem for world Level_01
[2016.05.15-16.00.43:440][231]LogPlayLevel: PIE: World Init took: (0.001475s)
[2016.05.15-16.00.43:440][231]LogPlayLevel: PIE: Created PIE world by copying editor world from /Game/StarterContent/Maps/Level_01.Level_01 to /Game/StarterContent/Maps/UEDPIE_0_Level_01.Level_01 (0.073276s)
[2016.05.15-16.00.43:491][231]LogInit: XAudio2 using 'Głośniki (Realtek High Definition Audio)' : 2 channels at 48 kHz using 32 bits per sample (channel mask 0x3)
[2016.05.15-16.00.43:509][231]LogInit: FAudioDevice initialized.
[2016.05.15-16.00.43:601][231]LogWorld: Game class is 'MyGame_C'
[2016.05.15-16.00.43:641][231]LogWorld: Bringing World /Game/StarterContent/Maps/UEDPIE_0_Level_01.Level_01 up for play (max tick rate 60) at 2016.05.15-18.00.43
[2016.05.15-16.00.43:641][231]LogActor:Warning: GameSession /Game/StarterContent/Maps/UEDPIE_0_Level_01.Level_01:PersistentLevel.GameSession_2 has natively added scene component(s), but none of them were set as the actor's RootComponent - picking one arbitrarily
[2016.05.15-16.00.43:641][231]LogActor:Warning: GameNetworkManager /Game/StarterContent/Maps/UEDPIE_0_Level_01.Level_01:PersistentLevel.GameNetworkManager_2 has natively added scene component(s), but none of them were set as the actor's RootComponent - picking one arbitrarily
[2016.05.15-16.00.43:643][231]LogWorld: Bringing up level for play took: 0.039093
[2016.05.15-16.00.43:644][231]LogGameMode: Warning - PATHS NOT DEFINED or NO PLAYERSTART with positive rating
[2016.05.15-16.00.43:665][231]PIE: Info Play in editor start time for /Game/StarterContent/Maps/UEDPIE_0_Level_01 0.61
[2016.05.15-16.00.52:034][576]LogActorComponent: UnregisterComponent: (/Engine/Transient.CharMoveComp) Not registered. Aborting.
[2016.05.15-16.00.52:238][577]LogParticles: Destroying 0 GPU particle simulations for FXSystem 0x00000009B5F6F2E0
[2016.05.15-16.00.53:718][664]BlueprintLog: New page: Compile CharacterBP
[2016.05.15-16.00.54:096][664]BlueprintEditorCompileResults: Info [0289.40] Compile of CharacterBP successful! [in 377 ms]
[2016.05.15-16.00.54:840][705]LogActorComponent: UnregisterComponent: (/Engine/Transient.CharMoveComp) Not registered. Aborting.
[2016.05.15-16.00.56:535][705]LogSavePackage: Save=1258.638062ms
[2016.05.15-16.00.56:535][705]LogSavePackage: Moving '../../../../../../../Edytory i Programowanie/01_Projekty/Licencjat/licencjat/Saved/Level_016F1F95304745AAB1CF7BF19368F8F97C.tmp' to '../../../../../../../Edytory i Programowanie/01_Projekty/Licencjat/licencjat/Content/StarterContent/Maps/Level_01.umap'
[2016.05.15-16.00.56:541][705]LogSavePackage: Total save time: 1294.386148ms
[2016.05.15-16.00.56:541][705]LogSavePackage:Display: Finished SavePackage ../../../../../../../Edytory i Programowanie/01_Projekty/Licencjat/licencjat/Content/StarterContent/Maps/Level_01.umap
[2016.05.15-16.00.56:627][705]LogFileHelpers: Saving map 'Level_01' took 1.696
[2016.05.15-16.00.56:678][705]Cmd: OBJ SAVEPACKAGE PACKAGE="/Game/Character/CharacterBP" FILE="../../../../../../../Edytory i Programowanie/01_Projekty/Licencjat/licencjat/Content/Character/CharacterBP.uasset" SILENT=true
[2016.05.15-16.00.57:397][705]LogSavePackage: Save=697.466125ms
[2016.05.15-16.00.57:397][705]LogSavePackage: Moving '../../../../../../../Edytory i Programowanie/01_Projekty/Licencjat/licencjat/Saved/CharacterBP2A80042F40E99EFC05D11D86B809A5E3.tmp' to '../../../../../../../Edytory i Programowanie/01_Projekty/Licencjat/licencjat/Content/Character/CharacterBP.uasset'
[2016.05.15-16.00.57:402][705]LogSavePackage: Total save time: 722.870160ms
[2016.05.15-16.00.57:402][705]LogSavePackage:Display: Finished SavePackage ../../../../../../../Edytory i Programowanie/01_Projekty/Licencjat/licencjat/Content/Character/CharacterBP.uasset
[2016.05.15-16.01.30:005][861]LogActorComponent: UnregisterComponent: (/Engine/Transient.CharMoveComp) Not registered. Aborting.
[2016.05.15-16.01.35:146][861]LogSavePackage: Save=17.615950ms
[2016.05.15-16.01.35:146][861]LogSavePackage: Moving '../../../../../../../Edytory i Programowanie/01_Projekty/Licencjat/licencjat/Saved/MainMenu5D733A2542E74FFCD0DEEFAF93DD8775.tmp' to '../../../../../../../Edytory i Programowanie/01_Projekty/Licencjat/licencjat/Content/StarterContent/Maps/MainMenu.umap'
[2016.05.15-16.01.35:151][861]LogSavePackage: Total save time: 22.905353ms
[2016.05.15-16.01.35:151][861]LogSavePackage:Display: Finished SavePackage ../../../../../../../Edytory i Programowanie/01_Projekty/Licencjat/licencjat/Content/StarterContent/Maps/MainMenu.umap
[2016.05.15-16.01.35:151][861]LogFileHelpers: Saving map 'MainMenu' took 0.341
[2016.05.15-16.01.35:160][861]Cmd: MAP LOAD FILE="../../../../../../../Edytory i Programowanie/01_Projekty/Licencjat/licencjat/Content/StarterContent/Maps/MainMenu.umap" TEMPLATE=0 SHOWPROGRESS=1 FEATURELEVEL=3
[2016.05.15-16.01.35:160][861]LightingResults: New page: Lighting Build
[2016.05.15-16.01.35:215][861]LoadErrors: New page: Loading map: MainMenu.umap
[2016.05.15-16.01.35:218][861]MapCheck: New page: Map Check
[2016.05.15-16.01.35:218][861]LightingResults: New page: Lighting Build
[2016.05.15-16.01.35:270][861]LogParticles: Destroying 0 GPU particle simulations for FXSystem 0x00000009E893F4C0
[2016.05.15-16.01.35:438][861]LogEditorServer: Finished looking for orphan Actors (0.000 secs)
[2016.05.15-16.01.35:439][861]LogAIModule: Creating AISystem for world MainMenu
[2016.05.15-16.01.35:535][861]Cmd: MAP CHECKDEP NOCLEARLOG
[2016.05.15-16.01.35:784][861]MapCheck: Info Map check complete: 0 Error(s), 0 Warning(s), took 248.326ms to complete.
[2016.05.15-16.01.35:785][861]LogFileHelpers: Loading map 'MainMenu' took 0.627
[2016.05.15-16.01.35:812][862]Cmd: UpdateLandscapeEditorData
[2016.05.15-16.05.35:102][332]LogEditorTransaction: Undo Move Widget
[2016.05.15-16.07.20:406][600]BlueprintLog: New page: Compile MenuBP
[2016.05.15-16.07.20:516][600]LogActorComponent: UnregisterComponent: (/Engine/Transient.CharMoveComp) Not registered. Aborting.
[2016.05.15-16.07.20:620][600]BlueprintEditorCompileResults: Info [0675.93] Compile of MenuBP successful! [in 213 ms]
[2016.05.15-16.07.32:574][288]LogParticles: Destroying 0 GPU particle simulations for FXSystem 0x00000009801EBF60
[2016.05.15-16.07.32:639][288]LogSavePackage: Save=26.545801ms
[2016.05.15-16.07.32:639][288]LogSavePackage: Moving '../../../../../../../Edytory i Programowanie/01_Projekty/Licencjat/licencjat/Saved/MenuBPAE719C504EAE2032EF3A0DA616464531.tmp' to '../../../../../../../Edytory i Programowanie/01_Projekty/Licencjat/licencjat/Content/StarterContent/Blueprints/MenuBP.uasset'
[2016.05.15-16.07.32:644][288]LogSavePackage: Total save time: 31.966485ms
[2016.05.15-16.07.32:644][288]LogSavePackage:Display: Finished SavePackage ../../../../../../../Edytory i Programowanie/01_Projekty/Licencjat/licencjat/Content/StarterContent/Blueprints/MenuBP.uasset
[2016.05.15-16.07.34:809][374]Cmd: QUIT_EDITOR
[2016.05.15-16.07.35:737][374]LogWindowsTextInputMethodSystem:Display: IME system now deactivated.
[2016.05.15-16.07.35:907][374]LogExit: Preparing to exit.
[2016.05.15-16.07.36:902][374]LogExit: Editor shut down
[2016.05.15-16.07.36:903][374]LogExit: Transaction tracking system shut down
[2016.05.15-16.07.36:911][374]LogParticles: Destroying 0 GPU particle simulations for FXSystem 0x00000009D3CB2AC0
[2016.05.15-16.07.36:911][374]LogParticles: Destroying 0 GPU particle simulations for FXSystem 0x00000009D43A84A0
[2016.05.15-16.07.36:912][374]LogParticles: Destroying 0 GPU particle simulations for FXSystem 0x00000009F7983880
[2016.05.15-16.07.36:912][374]LogParticles: Destroying 0 GPU particle simulations for FXSystem 0x00000009E893E340
[2016.05.15-16.07.36:912][374]LogParticles: Destroying 0 GPU particle simulations for FXSystem 0x00000009FFB863E0
[2016.05.15-16.07.36:912][374]LogParticles: Destroying 0 GPU particle simulations for FXSystem 0x00000009801EB100
[2016.05.15-16.07.36:912][374]LogParticles: Destroying 0 GPU particle simulations for FXSystem 0x00000009801E8900
[2016.05.15-16.07.36:912][374]LogParticles: Destroying 0 GPU particle simulations for FXSystem 0x00000009FFB84860
[2016.05.15-16.07.36:913][374]LogParticles: Destroying 0 GPU particle simulations for FXSystem 0x00000009D3CB00E0
[2016.05.15-16.07.36:916][374]LogParticles: Destroying 0 GPU particle simulations for FXSystem 0x00000009D8DC9EE0
[2016.05.15-16.07.36:921][374]LogParticles: Destroying 0 GPU particle simulations for FXSystem 0x00000009B2282E80
[2016.05.15-16.07.37:371][374]LogExit: Object subsystem successfully closed.
[2016.05.15-16.07.37:394][374]LogD3D11RHI: Shutdown
[2016.05.15-16.07.37:394][374]LogD3D11RHI: CleanupD3DDevice
[2016.05.15-16.07.37:563][374]LogD3D11RHI: ~FD3D11DynamicRHI
[2016.05.15-16.07.37:613][374]LogModuleManager: Shutting down and abandoning module SequencerWidgets (201)
[2016.05.15-16.07.37:613][374]LogModuleManager: Shutting down and abandoning module CookingStats (200)
[2016.05.15-16.07.37:613][374]LogModuleManager: Shutting down and abandoning module BlueprintGraph (199)
[2016.05.15-16.07.37:613][374]LogModuleManager: Shutting down and abandoning module CrashTracker (198)
[2016.05.15-16.07.37:613][374]LogModuleManager: Shutting down and abandoning module SceneOutliner (197)
[2016.05.15-16.07.37:613][374]LogModuleManager: Shutting down and abandoning module SuperSearch (196)
[2016.05.15-16.07.37:613][374]LogModuleManager: Shutting down and abandoning module WidgetCarousel (195)
[2016.05.15-16.07.37:613][374]LogModuleManager: Shutting down and abandoning module AddContentDialog (194)
[2016.05.15-16.07.37:615][374]LogModuleManager: Shutting down and abandoning module EditorWidgets (193)
[2016.05.15-16.07.37:615][374]LogModuleManager: Shutting down and abandoning module CollectionManager (192)
[2016.05.15-16.07.37:616][374]LogModuleManager: Shutting down and abandoning module StatsViewer (191)
[2016.05.15-16.07.37:616][374]LogModuleManager: Shutting down and abandoning module FoliageEdit (190)
[2016.05.15-16.07.37:616][374]LogModuleManager: Shutting down and abandoning module LandscapeEditor (189)
[2016.05.15-16.07.37:616][374]LogModuleManager: Shutting down and abandoning module ActorPickerMode (188)
[2016.05.15-16.07.37:616][374]LogModuleManager: Shutting down and abandoning module GeometryMode (187)
[2016.05.15-16.07.37:616][374]LogModuleManager: Shutting down and abandoning module TextureAlignMode (186)
[2016.05.15-16.07.37:616][374]LogModuleManager: Shutting down and abandoning module BspMode (185)
[2016.05.15-16.07.37:616][374]LogModuleManager: Shutting down and abandoning module PlacementMode (184)
[2016.05.15-16.07.37:616][374]LogModuleManager: Shutting down and abandoning module AutomationWorker (183)
[2016.05.15-16.07.37:616][374]LogModuleManager: Shutting down and abandoning module CharacterAI (182)
[2016.05.15-16.07.37:617][374]LogModuleManager: Shutting down and abandoning module SmartSnapping (181)
[2016.05.15-16.07.37:617][374]LogModuleManager: Shutting down and abandoning module ViewportSnapping (180)
[2016.05.15-16.07.37:617][374]LogModuleManager: Shutting down and abandoning module LogVisualizer (179)
[2016.05.15-16.07.37:617][374]LogModuleManager: Shutting down and abandoning module GameProjectGeneration (178)
[2016.05.15-16.07.37:617][374]LogModuleManager: Shutting down and abandoning module IntroTutorials (177)
[2016.05.15-16.07.37:617][374]LogModuleManager: Shutting down and abandoning module EditorLiveStreaming (176)
[2016.05.15-16.07.37:617][374]LogModuleManager: Shutting down and abandoning module IOSPlatformEditor (175)
[2016.05.15-16.07.37:617][374]LogModuleManager: Shutting down and abandoning module HTML5PlatformEditor (174)
[2016.05.15-16.07.37:617][374]LogModuleManager: Shutting down and abandoning module AndroidDeviceDetection (173)
[2016.05.15-16.07.37:861][374]LogModuleManager: Shutting down and abandoning module AndroidPlatformEditor (172)
[2016.05.15-16.07.37:862][374]LogModuleManager: Shutting down and abandoning module IOSRuntimeSettings (171)
[2016.05.15-16.07.37:862][374]LogModuleManager: Shutting down and abandoning module AndroidRuntimeSettings (170)
[2016.05.15-16.07.37:862][374]LogModuleManager: Shutting down and abandoning module MergeActors (169)
[2016.05.15-16.07.37:862][374]LogModuleManager: Shutting down and abandoning module SizeMap (168)
[2016.05.15-16.07.37:862][374]LogModuleManager: Shutting down and abandoning module TreeMap (167)
[2016.05.15-16.07.37:862][374]LogModuleManager: Shutting down and abandoning module ReferenceViewer (166)
[2016.05.15-16.07.37:862][374]LogModuleManager: Shutting down and abandoning module LocalizationService (165)
[2016.05.15-16.07.37:862][374]LogModuleManager: Shutting down and abandoning module LocalizationDashboard (164)
[2016.05.15-16.07.37:862][374]LogModuleManager: Shutting down and abandoning module HardwareTargeting (163)
[2016.05.15-16.07.37:862][374]LogModuleManager: Shutting down and abandoning module DeviceProfileEditor (162)
[2016.05.15-16.07.37:862][374]LogModuleManager: Shutting down and abandoning module UndoHistory (161)
[2016.05.15-16.07.37:862][374]LogModuleManager: Shutting down and abandoning module GameplayTagsEditor (160)
[2016.05.15-16.07.37:862][374]LogModuleManager: Shutting down and abandoning module UserFeedback (159)
[2016.05.15-16.07.37:862][374]LogModuleManager: Shutting down and abandoning module XmlParser (158)
[2016.05.15-16.07.37:862][374]LogModuleManager: Shutting down and abandoning module Blutility (157)
[2016.05.15-16.07.37:862][374]LogModuleManager: Shutting down and abandoning module ProjectTargetPlatformEditor (156)
[2016.05.15-16.07.37:862][374]LogModuleManager: Shutting down and abandoning module ProjectSettingsViewer (155)
[2016.05.15-16.07.37:862][374]LogModuleManager: Shutting down and abandoning module InputBindingEditor (154)
[2016.05.15-16.07.37:863][374]LogModuleManager: Shutting down and abandoning module EditorSettingsViewer (153)
[2016.05.15-16.07.37:863][374]LogModuleManager: Shutting down and abandoning module SettingsEditor (152)
[2016.05.15-16.07.37:863][374]LogModuleManager: Shutting down and abandoning module ProjectLauncher (151)
[2016.05.15-16.07.37:863][374]LogModuleManager: Shutting down and abandoning module SessionFrontend (150)
[2016.05.15-16.07.37:863][374]LogModuleManager: Shutting down and abandoning module ProfilerClient (149)
[2016.05.15-16.07.37:863][374]LogModuleManager: Shutting down and abandoning module TargetDeviceServices (148)
[2016.05.15-16.07.37:863][374]LogModuleManager: Shutting down and abandoning module DeviceManager (147)
[2016.05.15-16.07.37:863][374]LogModuleManager: Shutting down and abandoning module AutomationController (146)
[2016.05.15-16.07.37:863][374]LogModuleManager: Shutting down and abandoning module AutomationWindow (145)
[2016.05.15-16.07.37:863][374]LogModuleManager: Shutting down and abandoning module Layers (144)
[2016.05.15-16.07.37:864][374]LogModuleManager: Shutting down and abandoning module ComponentVisualizers (143)
[2016.05.15-16.07.37:864][374]LogModuleManager: Shutting down and abandoning module DetailCustomizations (142)
[2016.05.15-16.07.37:864][374]LogModuleManager: Shutting down and abandoning module PackagesDialog (141)
[2016.05.15-16.07.37:864][374]LogModuleManager: Shutting down and abandoning module Persona (140)
[2016.05.15-16.07.37:864][374]LogModuleManager: Shutting down and abandoning module Kismet (139)
[2016.05.15-16.07.37:864][374]LogModuleManager: Shutting down and abandoning module GraphEditor (138)
[2016.05.15-16.07.37:864][374]LogModuleManager: Shutting down and abandoning module ClassViewer (137)
[2016.05.15-16.07.37:867][374]LogModuleManager: Shutting down and abandoning module Toolbox (136)
[2016.05.15-16.07.37:867][374]LogModuleManager: Shutting down and abandoning module ModuleUI (135)
[2016.05.15-16.07.37:867][374]LogModuleManager: Shutting down and abandoning module MovieSceneTools (134)
[2016.05.15-16.07.37:867][374]LogModuleManager: Shutting down and abandoning module OutputLog (133)
[2016.05.15-16.07.37:867][374]LogModuleManager: Shutting down and abandoning module GammaUI (132)
[2016.05.15-16.07.37:867][374]LogModuleManager: Shutting down and abandoning module Documentation (131)
[2016.05.15-16.07.37:867][374]LogModuleManager: Shutting down and abandoning module GameLiveStreaming (130)
[2016.05.15-16.07.37:867][374]LogModuleManager: Shutting down and abandoning module StreamingPauseRendering (129)
[2016.05.15-16.07.37:867][374]LogModuleManager: Shutting down and abandoning module AnalyticsET (128)
[2016.05.15-16.07.37:867][374]LogModuleManager: Shutting down and abandoning module Analytics (127)
[2016.05.15-16.07.37:867][374]LogModuleManager: Shutting down and abandoning module AITestSuite (126)
[2016.05.15-16.07.37:867][374]LogModuleManager: Shutting down and abandoning module GameplayDebugger (125)
[2016.05.15-16.07.37:867][374]LogModuleManager: Shutting down and abandoning module AIModule (124)
[2016.05.15-16.07.37:867][374]LogModuleManager: Shutting down and abandoning module ProfilerService (123)
[2016.05.15-16.07.38:102][374]LogModuleManager: Shutting down and abandoning module TaskGraph (122)
[2016.05.15-16.07.38:102][374]LogModuleManager: Shutting down and abandoning module SlateRemote (121)
[2016.05.15-16.07.38:103][374]LogModuleManager: Shutting down and abandoning module SteamVRController (120)
[2016.05.15-16.07.38:103][374]LogModuleManager: Shutting down and abandoning module SteamVR (119)
[2016.05.15-16.07.38:103][374]LogModuleManager: Shutting down and abandoning module ProceduralMeshComponent (118)
[2016.05.15-16.07.38:103][374]LogModuleManager: Shutting down and abandoning module OculusLibrary (117)
[2016.05.15-16.07.38:103][374]LogModuleManager: Shutting down and abandoning module OculusInput (116)
[2016.05.15-16.07.38:103][374]LogModuleManager: Shutting down and abandoning module LeapMotionController (115)
[2016.05.15-16.07.38:136][374]LogModuleManager: Shutting down and abandoning module CustomMeshComponent (114)
[2016.05.15-16.07.38:136][374]LogModuleManager: Shutting down and abandoning module CableComponent (113)
[2016.05.15-16.07.38:136][374]LogModuleManager: Shutting down and abandoning module ArchVisCharacter (112)
[2016.05.15-16.07.38:137][374]LogModuleManager: Shutting down and abandoning module MessagingDebugger (111)
[2016.05.15-16.07.38:137][374]LogModuleManager: Shutting down and abandoning module MediaPlayerEditor (110)
[2016.05.15-16.07.38:137][374]LogModuleManager: Shutting down and abandoning module HTML5Networking (109)
[2016.05.15-16.07.38:137][374]LogModuleManager: Shutting down and abandoning module SpeedTreeImporter (108)
[2016.05.15-16.07.38:137][374]LogModuleManager: Shutting down and abandoning module PluginBrowser (107)
[2016.05.15-16.07.38:137][374]LogModuleManager: Shutting down and abandoning module EpicSurvey (106)
[2016.05.15-16.07.38:137][374]LogModuleManager: Shutting down and abandoning module DesktopPlatform (105)
[2016.05.15-16.07.38:137][374]LogModuleManager: Shutting down and abandoning module VisualStudioSourceCodeAccess (104)
[2016.05.15-16.07.38:137][374]LogModuleManager: Shutting down and abandoning module UObjectPlugin (103)
[2016.05.15-16.07.38:137][374]LogModuleManager: Shutting down and abandoning module SubversionSourceControl (102)
[2016.05.15-16.07.38:137][374]LogModuleManager: Shutting down and abandoning module PerforceSourceControl (101)
[2016.05.15-16.07.38:137][374]LogModuleManager: Shutting down and abandoning module SourceControl (100)
[2016.05.15-16.07.38:137][374]LogModuleManager: Shutting down and abandoning module GitSourceControl (99)
[2016.05.15-16.07.38:137][374]LogModuleManager: Shutting down and abandoning module LightPropagationVolumeEditor (98)
[2016.05.15-16.07.38:137][374]LogModuleManager: Shutting down and abandoning module PaperTiledImporter (97)
[2016.05.15-16.07.38:137][374]LogModuleManager: Shutting down and abandoning module PaperSpriteSheetImporter (96)
[2016.05.15-16.07.38:137][374]LogModuleManager: Shutting down and abandoning module MeshPaint (95)
[2016.05.15-16.07.38:137][374]LogModuleManager: Shutting down and abandoning module SlateReflector (94)
[2016.05.15-16.07.38:137][374]LogModuleManager: Shutting down and abandoning module HotReload (93)
[2016.05.15-16.07.38:138][374]LogModuleManager: Shutting down and abandoning module MainFrame (92)
[2016.05.15-16.07.38:138][374]LogModuleManager: Shutting down and abandoning module LevelEditor (91)
[2016.05.15-16.07.38:140][374]LogModuleManager: Shutting down and abandoning module DirectoryWatcher (90)
[2016.05.15-16.07.38:141][374]LogModuleManager: Shutting down and abandoning module AssetRegistry (89)
[2016.05.15-16.07.38:307][374]LogModuleManager: Shutting down and abandoning module ContentBrowser (88)
[2016.05.15-16.07.38:309][374]LogModuleManager: Shutting down and abandoning module Paper2DEditor (87)
[2016.05.15-16.07.38:309][374]LogModuleManager: Shutting down and abandoning module UdpMessaging (86)
[2016.05.15-16.07.38:410][374]LogModuleManager: Shutting down and abandoning module LightPropagationVolumeRuntime (85)
[2016.05.15-16.07.38:410][374]LogModuleManager: Shutting down and abandoning module Paper2D (84)
[2016.05.15-16.07.38:410][374]LogModuleManager: Shutting down and abandoning module WindowsMoviePlayer (83)
[2016.05.15-16.07.38:418][374]LogModuleManager: Shutting down and abandoning module Media (82)
[2016.05.15-16.07.38:418][374]LogModuleManager: Shutting down and abandoning module WmfMedia (81)
[2016.05.15-16.07.38:418][374]LogModuleManager: Shutting down and abandoning module OnlineBlueprintSupport (80)
[2016.05.15-16.07.38:418][374]LogModuleManager: Shutting down and abandoning module GameplayTasksEditor (79)
[2016.05.15-16.07.38:418][374]LogModuleManager: Shutting down and abandoning module PropertyEditor (78)
[2016.05.15-16.07.38:418][374]LogModuleManager: Shutting down and abandoning module BehaviorTreeEditor (77)
[2016.05.15-16.07.38:418][374]LogModuleManager: Shutting down and abandoning module FunctionalTesting (76)
[2016.05.15-16.07.38:418][374]LogModuleManager: Shutting down and abandoning module CollisionAnalyzer (75)
[2016.05.15-16.07.38:418][374]LogModuleManager: Shutting down and abandoning module WorkspaceMenuStructure (74)
[2016.05.15-16.07.38:418][374]LogModuleManager: Shutting down and abandoning module MessageLog (73)
[2016.05.15-16.07.38:418][374]LogModuleManager: Shutting down and abandoning module Sequencer (72)
[2016.05.15-16.07.38:419][374]LogModuleManager: Shutting down and abandoning module AssetTools (71)
[2016.05.15-16.07.38:419][374]LogModuleManager: Shutting down and abandoning module UMGEditor (70)
[2016.05.15-16.07.38:419][374]LogModuleManager: Shutting down and abandoning module UMG (69)
[2016.05.15-16.07.38:419][374]LogModuleManager: Shutting down and abandoning module Slate (68)
[2016.05.15-16.07.38:419][374]LogModuleManager: Shutting down and abandoning module EditorStyle (67)
[2016.05.15-16.07.38:424][374]LogModuleManager: Shutting down and abandoning module SessionServices (66)
[2016.05.15-16.07.38:424][374]LogModuleManager: Shutting down and abandoning module SourceCodeAccess (65)
[2016.05.15-16.07.38:424][374]LogModuleManager: Shutting down and abandoning module HeadMountedDisplay (64)
[2016.05.15-16.07.38:424][374]LogModuleManager: Shutting down and abandoning module XAudio2 (63)
[2016.05.15-16.07.38:424][374]LogModuleManager: Shutting down and abandoning module Networking (61)
[2016.05.15-16.07.38:424][374]LogModuleManager: Shutting down and abandoning module Core (60)
[2016.05.15-16.07.38:425][374]LogModuleManager: Shutting down and abandoning module KismetCompiler (59)
[2016.05.15-16.07.38:425][374]LogModuleManager: Shutting down and abandoning module PhysXFormats (58)
[2016.05.15-16.07.38:425][374]LogModuleManager: Shutting down and abandoning module MeshUtilities (57)
[2016.05.15-16.07.38:425][374]LogModuleManager: Shutting down and abandoning module DerivedDataCache (56)
[2016.05.15-16.07.38:495][374]LogDerivedDataCache: Shutdown
[2016.05.15-16.07.38:495][374]LogModuleManager: Shutting down and abandoning module ShaderFormatOpenGL (55)
[2016.05.15-16.07.38:495][374]LogModuleManager: Shutting down and abandoning module ShaderFormatD3D (54)
[2016.05.15-16.07.38:495][374]LogModuleManager: Shutting down and abandoning module MetalShaderFormat (53)
[2016.05.15-16.07.38:496][374]LogModuleManager: Shutting down and abandoning module TextureFormatUncompressed (52)
[2016.05.15-16.07.38:496][374]LogModuleManager: Shutting down and abandoning module TextureFormatPVR (51)
[2016.05.15-16.07.38:496][374]LogModuleManager: Shutting down and abandoning module TextureFormatIntelISPCTexComp (50)
[2016.05.15-16.07.38:496][374]LogModuleManager: Shutting down and abandoning module TextureFormatDXT (49)
[2016.05.15-16.07.38:496][374]LogModuleManager: Shutting down and abandoning module ImageWrapper (48)
[2016.05.15-16.07.38:496][374]LogModuleManager: Shutting down and abandoning module TextureFormatASTC (47)
[2016.05.15-16.07.38:496][374]LogModuleManager: Shutting down and abandoning module TextureFormatAndroid (46)
[2016.05.15-16.07.38:496][374]LogModuleManager: Shutting down and abandoning module AudioFormatOpus (45)
[2016.05.15-16.07.38:496][374]LogModuleManager: Shutting down and abandoning module AudioFormatOgg (44)
[2016.05.15-16.07.38:496][374]LogModuleManager: Shutting down and abandoning module AudioFormatADPCM (43)
[2016.05.15-16.07.38:496][374]LogModuleManager: Shutting down and abandoning module LinuxTargetPlatform (42)
[2016.05.15-16.07.38:496][374]LogModuleManager: Shutting down and abandoning module LinuxServerTargetPlatform (41)
[2016.05.15-16.07.38:496][374]LogModuleManager: Shutting down and abandoning module LinuxNoEditorTargetPlatform (40)
[2016.05.15-16.07.38:496][374]LogModuleManager: Shutting down and abandoning module Messaging (39)
[2016.05.15-16.07.38:496][374]LogModuleManager: Shutting down and abandoning module IOSTargetPlatform (38)
[2016.05.15-16.07.38:496][374]LogModuleManager: Shutting down and abandoning module HTML5TargetPlatform (37)
[2016.05.15-16.07.38:496][374]LogModuleManager: Shutting down and abandoning module Android_PVRTCTargetPlatform (36)
[2016.05.15-16.07.38:496][374]LogModuleManager: Shutting down and abandoning module Android_MultiTargetPlatform (35)
[2016.05.15-16.07.38:496][374]LogModuleManager: Shutting down and abandoning module Android_ETC2TargetPlatform (34)
[2016.05.15-16.07.38:496][374]LogModuleManager: Shutting down and abandoning module Android_ETC1TargetPlatform (33)
[2016.05.15-16.07.38:496][374]LogModuleManager: Shutting down and abandoning module Android_DXTTargetPlatform (32)
[2016.05.15-16.07.38:496][374]LogModuleManager: Shutting down and abandoning module Android_ATCTargetPlatform (31)
[2016.05.15-16.07.38:496][374]LogModuleManager: Shutting down and abandoning module Android_ASTCTargetPlatform (30)
[2016.05.15-16.07.38:496][374]LogModuleManager: Shutting down and abandoning module AndroidTargetPlatform (29)
[2016.05.15-16.07.38:496][374]LogModuleManager: Shutting down and abandoning module WindowsTargetPlatform (28)
[2016.05.15-16.07.38:496][374]LogModuleManager: Shutting down and abandoning module WindowsServerTargetPlatform (27)
[2016.05.15-16.07.38:496][374]LogModuleManager: Shutting down and abandoning module WindowsNoEditorTargetPlatform (26)
[2016.05.15-16.07.38:496][374]LogModuleManager: Shutting down and abandoning module WindowsClientTargetPlatform (25)
[2016.05.15-16.07.38:496][374]LogModuleManager: Shutting down and abandoning module AllDesktopTargetPlatform (24)
[2016.05.15-16.07.38:496][374]LogModuleManager: Shutting down and abandoning module TargetPlatform (23)
[2016.05.15-16.07.38:496][374]LogModuleManager: Shutting down and abandoning module InputCore (22)
[2016.05.15-16.07.38:496][374]LogModuleManager: Shutting down and abandoning module Settings (21)
[2016.05.15-16.07.38:496][374]LogModuleManager: Shutting down and abandoning module OnlineSubsystem (19)
[2016.05.15-16.07.38:497][374]LogModuleManager: Shutting down and abandoning module HTTP (18)
[2016.05.15-16.07.39:497][374]LogModuleManager: Shutting down and abandoning module XMPP (17)
[2016.05.15-16.07.39:497][374]LogModuleManager: Shutting down and abandoning module OculusRift (16)
[2016.05.15-16.07.39:497][374]LogModuleManager: Shutting down and abandoning module ExampleDeviceProfileSelector (15)
[2016.05.15-16.07.39:497][374]LogModuleManager: Shutting down and abandoning module TextureCompressor (14)
[2016.05.15-16.07.39:497][374]LogModuleManager: Shutting down and abandoning module ShaderCore (13)
[2016.05.15-16.07.39:497][374]LogModuleManager: Shutting down and abandoning module Landscape (12)
[2016.05.15-16.07.39:497][374]LogModuleManager: Shutting down and abandoning module SlateRHIRenderer (11)
[2016.05.15-16.07.39:502][374]LogModuleManager: Shutting down and abandoning module OpenGLDrv (10)
[2016.05.15-16.07.39:502][374]LogModuleManager: Shutting down and abandoning module D3D11RHI (9)
[2016.05.15-16.07.39:502][374]LogModuleManager: Shutting down and abandoning module AnimGraphRuntime (8)
[2016.05.15-16.07.39:502][374]LogModuleManager: Shutting down and abandoning module Renderer (7)
[2016.05.15-16.07.39:503][374]LogModuleManager: Shutting down and abandoning module Engine (6)
[2016.05.15-16.07.39:503][374]LogModuleManager: Shutting down and abandoning module CoreUObject (5)
[2016.05.15-16.07.39:503][374]LogModuleManager: Shutting down and abandoning module NetworkFile (4)
[2016.05.15-16.07.39:503][374]LogModuleManager: Shutting down and abandoning module StreamingFile (3)
[2016.05.15-16.07.39:503][374]LogModuleManager: Shutting down and abandoning module SandboxFile (2)
[2016.05.15-16.07.39:503][374]LogModuleManager: Shutting down and abandoning module PakFile (1)
[2016.05.15-16.07.39:506][374]LogExit: Exiting.
[2016.05.15-16.07.39:546][374]Log file closed, 05/15/16 18:07:39
