[2016.04.09-18.22.51:563][  0]Log file open, 04/09/16 20:22:51
[2016.04.09-18.22.51:563][  0]LogInit:Display: Running engine for game: licencjat
[2016.04.09-18.22.51:563][  0]LogPlatformFile: Not using cached read wrapper
[2016.04.09-18.22.51:563][  0]LogInit:Display: RandInit(-825652039) SRandInit(-825652036).
[2016.04.09-18.22.51:563][  0]LogTaskGraph: Started task graph with 4 named threads and 7 total threads.
[2016.04.09-18.22.51:563][  0]LogStats: Stats thread started at 0.126881
[2016.04.09-18.22.51:563][  0]LogInit: Version: 4.10.4-2872498+++depot+UE4-Releases+4.10
[2016.04.09-18.22.51:563][  0]LogInit: API Version: 2758231
[2016.04.09-18.22.51:563][  0]LogInit: Compiled (64-bit): Feb 18 2016 15:47:04
[2016.04.09-18.22.51:563][  0]LogInit: Compiled with Visual C++: 19.00.23026.00
[2016.04.09-18.22.51:563][  0]LogInit: Build Configuration: Development
[2016.04.09-18.22.51:563][  0]LogInit: Branch Name: ++depot+UE4-Releases+4.10
[2016.04.09-18.22.51:563][  0]LogInit: Command line:  
[2016.04.09-18.22.51:563][  0]LogInit: Base directory: D:/Grafika/UnrealEngine/Epic Games/4.10/Engine/Binaries/Win64/
[2016.04.09-18.22.51:563][  0]LogInit: Rocket: 1
[2016.04.09-18.22.51:577][  0]LogInit: Using libcurl 7.41.0
[2016.04.09-18.22.51:577][  0]LogInit:  - built for x86_64-pc-win32
[2016.04.09-18.22.51:577][  0]LogInit:  - supports SSL with WinSSL
[2016.04.09-18.22.51:577][  0]LogInit:  - other features:
[2016.04.09-18.22.51:577][  0]LogInit:      CURL_VERSION_SSL
[2016.04.09-18.22.51:577][  0]LogInit:      CURL_VERSION_IPV6
[2016.04.09-18.22.51:577][  0]LogInit:      CURL_VERSION_ASYNCHDNS
[2016.04.09-18.22.51:577][  0]LogInit:      CURL_VERSION_LARGEFILE
[2016.04.09-18.22.51:577][  0]LogInit:      CURL_VERSION_IDN
[2016.04.09-18.22.51:578][  0]LogInit:  CurlRequestOptions (configurable via config and command line):
[2016.04.09-18.22.51:578][  0]LogInit:  - bVerifyPeer = true  - Libcurl will verify peer certificate
[2016.04.09-18.22.51:578][  0]LogInit:  - bUseHttpProxy = false  - Libcurl will NOT use HTTP proxy
[2016.04.09-18.22.51:578][  0]LogInit:  - bDontReuseConnections = false  - Libcurl will reuse connections
[2016.04.09-18.22.51:578][  0]LogInit:  - CertBundlePath = nullptr  - Libcurl will use whatever was configured at build time.
[2016.04.09-18.22.51:593][  0]LogInit: Presizing for 0 objects not considered by GC, pre-allocating 0 bytes.
[2016.04.09-18.22.51:612][  0]LogInit: Object subsystem initialized
[2016.04.09-18.22.51:614][  0]LogInit: Selected Device Profile: [Windows]
[2016.04.09-18.22.51:614][  0]LogInit: Applying CVar settings loaded from the selected device profile: [Windows]
[2016.04.09-18.22.51:685][  0]LogInit: Computer: AGNIESZKA
[2016.04.09-18.22.51:685][  0]LogInit: User: Agnieszka
[2016.04.09-18.22.51:685][  0]LogInit: CPU Page size=4096, Cores=4
[2016.04.09-18.22.51:685][  0]LogInit: High frequency timer resolution =2.338443 MHz
[2016.04.09-18.22.51:685][  0]LogMemory: Memory total: Physical=7.9GB (8GB approx)
[2016.04.09-18.22.51:685][  0]LogMemory: Platform Memory Stats for Windows
[2016.04.09-18.22.51:686][  0]LogMemory: Process Physical Memory: 56.07 MB used, 56.07 MB peak
[2016.04.09-18.22.51:686][  0]LogMemory: Process Virtual Memory: 56.78 MB used, 56.78 MB peak
[2016.04.09-18.22.51:686][  0]LogMemory: Physical Memory: 4332.52 MB used, 8085.04 MB total
[2016.04.09-18.22.51:686][  0]LogMemory: Virtual Memory: 378.77 MB used, 134217728.00 MB total
[2016.04.09-18.22.51:752][  0]LogTextLocalizationManager: No translations for ('pl-PL') exist, falling back to 'en' for localization and internationalization data.
[2016.04.09-18.22.52:713][  0]LogD3D11RHI: Found D3D11 adapter 0: Intel(R) HD Graphics 4000 (Feature Level 11_0)
[2016.04.09-18.22.52:713][  0]LogD3D11RHI: Adapter has 32MB of dedicated video memory, 0MB of dedicated system memory, and 1760MB of shared system memory, 1 output[s]
[2016.04.09-18.22.52:780][  0]LogD3D11RHI: Found D3D11 adapter 1: AMD Radeon HD 7600M Series (Feature Level 11_0)
[2016.04.09-18.22.52:781][  0]LogD3D11RHI: Adapter has 2032MB of dedicated video memory, 0MB of dedicated system memory, and 3840MB of shared system memory, 0 output[s]
[2016.04.09-18.22.52:785][  0]LogD3D11RHI: Found D3D11 adapter 2: Microsoft Basic Render Driver (Feature Level 11_0)
[2016.04.09-18.22.52:785][  0]LogD3D11RHI: Adapter has 0MB of dedicated video memory, 0MB of dedicated system memory, and 4042MB of shared system memory, 0 output[s]
[2016.04.09-18.22.52:785][  0]LogD3D11RHI: Chosen D3D11 Adapter Id = 0
[2016.04.09-18.22.52:796][  0]LogD3D11RHI: !Direct3DDevice
[2016.04.09-18.22.52:796][  0]LogRHI: Texture pool is 638 MB (70% of 912 MB)
[2016.04.09-18.22.52:804][  0]LogD3D11RHI: Async texture creation enabled
[2016.04.09-18.22.52:817][  0]LogShaderCompilers: Guid format shader working directory is -27 characters bigger than the processId version (../../../../../../../Edytory i Programowanie/01_Projekty/Licencjat/licencjat/Intermediate/Shaders/WorkingDirectory/8296/).
[2016.04.09-18.22.52:817][  0]LogShaderCompilers: Cleaned the shader compiler working directory 'C:/Users/AGNIES~1/AppData/Local/Temp/UnrealShaderWorkingDir/EBDD3DB44D49C7473D4547845A69BBED/'.
[2016.04.09-18.22.52:817][  0]LogShaderCompilers:Display: Using Local Shader Compiler.
[2016.04.09-18.22.55:541][  0]LogTemp:Display: Loaded TP AllDesktopTargetPlatform
[2016.04.09-18.22.55:554][  0]LogTemp:Display: Loaded TP WindowsClientTargetPlatform
[2016.04.09-18.22.55:565][  0]LogTemp:Display: Loaded TP WindowsNoEditorTargetPlatform
[2016.04.09-18.22.55:576][  0]LogTemp:Display: Loaded TP WindowsServerTargetPlatform
[2016.04.09-18.22.55:586][  0]LogTemp:Display: Loaded TP WindowsTargetPlatform
[2016.04.09-18.22.55:594][  0]LogTemp:Display: Loaded TP AndroidTargetPlatform
[2016.04.09-18.22.55:602][  0]LogTemp:Display: Loaded TP Android_ASTCTargetPlatform
[2016.04.09-18.22.55:610][  0]LogTemp:Display: Loaded TP Android_ATCTargetPlatform
[2016.04.09-18.22.55:618][  0]LogTemp:Display: Loaded TP Android_DXTTargetPlatform
[2016.04.09-18.22.55:626][  0]LogTemp:Display: Loaded TP Android_ETC1TargetPlatform
[2016.04.09-18.22.55:635][  0]LogTemp:Display: Loaded TP Android_ETC2TargetPlatform
[2016.04.09-18.22.55:652][  0]LogTemp:Display: Loaded TP Android_MultiTargetPlatform
[2016.04.09-18.22.55:652][  0]LogTemp:Display: Loaded TP Android_PVRTCTargetPlatform
[2016.04.09-18.22.55:654][  0]LogTemp:Display: Loaded TP HTML5TargetPlatform
[2016.04.09-18.22.55:681][  0]LogTemp:Display: Loaded TP IOSTargetPlatform
[2016.04.09-18.22.55:689][  0]LogTemp:Display: Loaded TP LinuxNoEditorTargetPlatform
[2016.04.09-18.22.55:697][  0]LogTemp:Display: Loaded TP LinuxServerTargetPlatform
[2016.04.09-18.22.55:705][  0]LogTemp:Display: Loaded TP LinuxTargetPlatform
[2016.04.09-18.22.55:705][  0]LogTargetPlatformManager:Display: Building Assets For Windows
[2016.04.09-18.22.55:936][  0]LogDerivedDataCache:Display: Max Cache Size: 512 MB
[2016.04.09-18.22.56:736][  0]LogDerivedDataCache: Loaded boot cache 0.80s 41MB C:/Users/Agnieszka/AppData/Local/UnrealEngine/4.10/DerivedDataCache/Boot.ddc.
[2016.04.09-18.22.56:736][  0]LogDerivedDataCache:Display: Loaded Boot cache: C:/Users/Agnieszka/AppData/Local/UnrealEngine/4.10/DerivedDataCache/Boot.ddc
[2016.04.09-18.22.56:736][  0]LogDerivedDataCache: FDerivedDataBackendGraph:  Pak pak cache file ../../../../../../../Edytory i Programowanie/01_Projekty/Licencjat/licencjat/DerivedDataCache/DDC.ddp not found, will not use a pak cache.
[2016.04.09-18.22.56:736][  0]LogDerivedDataCache: Unable to find inner node Pak for hierarchical cache Hierarchy.
[2016.04.09-18.22.56:737][  0]LogDerivedDataCache: FDerivedDataBackendGraph:  CompressedPak pak cache file ../../../../../../../Edytory i Programowanie/01_Projekty/Licencjat/licencjat/DerivedDataCache/Compressed.ddp not found, will not use a pak cache.
[2016.04.09-18.22.56:737][  0]LogDerivedDataCache: Unable to find inner node CompressedPak for hierarchical cache Hierarchy.
[2016.04.09-18.22.56:911][  0]LogDerivedDataCache:Display: Pak cache opened for reading ../../../Engine/DerivedDataCache/Compressed.ddp.
[2016.04.09-18.22.56:926][  0]LogDerivedDataCache: Using Local data cache path C:/Users/Agnieszka/AppData/Local/UnrealEngine/Common/DerivedDataCache: Writable
[2016.04.09-18.22.59:361][  0]LogInit: Selected Device Profile: [Windows]
[2016.04.09-18.22.59:367][  0]LogContentStreaming: Texture pool size is 0.000000MB
[2016.04.09-18.22.59:671][  0]LogMeshUtilities: No automatic mesh reduction module available
[2016.04.09-18.22.59:671][  0]LogMeshUtilities: No automatic mesh merging module available
[2016.04.09-18.23.00:437][  0]LogInit: WinSock: version 1.1 (2.2), MaxSocks=32767, MaxUdp=65467
[2016.04.09-18.23.04:280][  0]UdpMessaging: Initializing bridge on interface 0.0.0.0:0 to multicast group 230.0.0.1:6666.
[2016.04.09-18.23.04:457][  0]LogAssetRegistry: FAssetRegistry took 0.0121 seconds to start up
[2016.04.09-18.23.04:953][  0]SourceControl: Info Source control is disabled
[2016.04.09-18.23.04:957][  0]SourceControl: Info Source control is disabled
[2016.04.09-18.23.04:992][  0]SourceControl: Info Source control is disabled
[2016.04.09-18.23.05:023][  0]SourceControl: Info Source control is disabled
[2016.04.09-18.23.06:101][  0]LogObj: 28633 objects as part of root set at end of initial load.
[2016.04.09-18.23.06:101][  0]LogUObjectAllocator: 6099744 out of 0 bytes used by permanent object pool.
[2016.04.09-18.23.06:268][  0]LogEngine: Initializing Engine...
[2016.04.09-18.23.06:275][  0]LogHMD: Can't find Oculus library dev build: is proper Runtime installed? Version: 0.8.0.0
[2016.04.09-18.23.06:277][  0]LogHMD: SteamVR failed to initialize.  Err: 110
[2016.04.09-18.23.06:611][  0]LogAIModule: Creating AISystem for world NewWorld
[2016.04.09-18.23.06:622][  0]LogInit: XAudio2 using 'Głośniki (Realtek High Definition Audio)' : 2 channels at 48 kHz using 32 bits per sample (channel mask 0x3)
[2016.04.09-18.23.06:662][  0]LogInit: FAudioDevice initialized.
[2016.04.09-18.23.06:708][  0]LogDerivedDataCache: Saved boot cache 0.05s 41MB C:/Users/Agnieszka/AppData/Local/UnrealEngine/4.10/DerivedDataCache/Boot.ddc.
[2016.04.09-18.23.06:714][  0]LogInit: Texture streaming: Enabled
[2016.04.09-18.23.06:727][  0]LogAnalytics: Creating configured Analytics provider AnalyticsET
[2016.04.09-18.23.06:727][  0]LogAnalytics: [UEEditor.Rocket.Release] APIServer = http://et2.epicgames.com/ET2/. AppVersion = 4.10.4-2872498+++depot+UE4-Releases+4.10
[2016.04.09-18.23.06:727][  0]LogAnalytics: [UEEditor.Rocket.Release] SetUserId d66bbfcd497e63741ecd6eb3486d0dd1|5e4c09b079964b51bc90e13aca86d390|6524e232-21bd-4a8f-b07c-eb794e8e3760
[2016.04.09-18.23.06:727][  0]LogAnalytics: [UEEditor.Rocket.Release] AnalyticsET::StartSession
[2016.04.09-18.23.06:748][  0]LogInit: Transaction tracking system initialized
[2016.04.09-18.23.06:803][  0]BlueprintLog: New page: Editor Load
[2016.04.09-18.23.07:043][  0]LocalizationService: Info Localization service is disabled
[2016.04.09-18.23.07:278][  0]LogLinker:Warning: Can't find file '/Game/ThirdPersonBP/ThirdPersonOverview'
[2016.04.09-18.23.07:279][  0]LogLinker:Warning: Can't find file '/Game/ThirdPersonBP/ThirdPersonOverview'
[2016.04.09-18.23.07:279][  0]LogUObjectGlobals:Warning: Failed to find object 'Class /Game/ThirdPersonBP/ThirdPersonOverview.ThirdPersonOverview_C'
[2016.04.09-18.23.07:399][  0]LogConsoleResponse:Display: 
[2016.04.09-18.23.07:736][  0]LogCook:Display: Done creating registry. It took  0.00s.
[2016.04.09-18.23.08:074][  0]LogFileCache: Scanning file cache for directory 'D:/Edytory i Programowanie/01_Projekty/Licencjat/licencjat/Content/' took 0.02s
[2016.04.09-18.23.08:074][  0]SourceControl: Info Source control is disabled
[2016.04.09-18.23.08:075][  0]Cmd: MAP LOAD FILE="../../../../../../../Edytory i Programowanie/01_Projekty/Licencjat/licencjat/Content/StarterContent/Maps/Minimal_Default.umap" TEMPLATE=0 SHOWPROGRESS=1 FEATURELEVEL=3
[2016.04.09-18.23.08:157][  0]LightingResults: New page: Lighting Build
[2016.04.09-18.23.08:164][  0]MapCheck: New page: Map Check
[2016.04.09-18.23.08:164][  0]LightingResults: New page: Lighting Build
[2016.04.09-18.23.08:195][  0]LogParticles: Destroying 0 GPU particle simulations for FXSystem 0x0000006133E43B00
[2016.04.09-18.23.13:713][  0]LogMaterial: Missing cached shader map for material CharacterMaterial, compiling. 
[2016.04.09-18.23.14:963][  0]LogTexture:Display: Building textures: Texture2D_9 (BGRA8)
[2016.04.09-18.23.15:103][  0]LogTexture:Display: Building textures: HQ_Lightmap0_1 (AutoDXT)
[2016.04.09-18.23.15:199][  0]LogTexture:Display: Building textures: HQ_Lightmap0_10 (AutoDXT)
[2016.04.09-18.23.15:364][  0]LogTexture:Display: Building textures: HQ_Lightmap0_11 (AutoDXT)
[2016.04.09-18.23.15:427][  0]LogTexture:Display: Building textures: HQ_Lightmap0_12 (AutoDXT)
[2016.04.09-18.23.15:504][  0]LogTexture:Display: Building textures: HQ_Lightmap0_13 (AutoDXT)
[2016.04.09-18.23.15:592][  0]LogTexture:Display: Building textures: HQ_Lightmap0_14 (AutoDXT)
[2016.04.09-18.23.15:670][  0]LogTexture:Display: Building textures: HQ_Lightmap0_15 (AutoDXT)
[2016.04.09-18.23.15:715][  0]LogTexture:Display: Building textures: HQ_Lightmap0_16 (AutoDXT)
[2016.04.09-18.23.15:761][  0]LogTexture:Display: Building textures: HQ_Lightmap0_17 (AutoDXT)
[2016.04.09-18.23.15:814][  0]LogTexture:Display: Building textures: HQ_Lightmap0_18 (AutoDXT)
[2016.04.09-18.23.15:870][  0]LogTexture:Display: Building textures: HQ_Lightmap0_19 (AutoDXT)
[2016.04.09-18.23.15:919][  0]LogTexture:Display: Building textures: HQ_Lightmap0_2 (AutoDXT)
[2016.04.09-18.23.15:981][  0]LogTexture:Display: Building textures: HQ_Lightmap0_20 (AutoDXT)
[2016.04.09-18.23.16:027][  0]LogTexture:Display: Building textures: HQ_Lightmap0_21 (AutoDXT)
[2016.04.09-18.23.16:092][  0]LogTexture:Display: Building textures: HQ_Lightmap0_22 (AutoDXT)
[2016.04.09-18.23.16:147][  0]LogTexture:Display: Building textures: HQ_Lightmap0_23 (AutoDXT)
[2016.04.09-18.23.16:203][  0]LogTexture:Display: Building textures: HQ_Lightmap0_24 (AutoDXT)
[2016.04.09-18.23.16:250][  0]LogTexture:Display: Building textures: HQ_Lightmap0_25 (AutoDXT)
[2016.04.09-18.23.16:292][  0]LogTexture:Display: Building textures: HQ_Lightmap0_26 (AutoDXT)
[2016.04.09-18.23.16:354][  0]LogTexture:Display: Building textures: HQ_Lightmap0_27 (AutoDXT)
[2016.04.09-18.23.16:394][  0]LogTexture:Display: Building textures: HQ_Lightmap0_28 (AutoDXT)
[2016.04.09-18.23.16:430][  0]LogTexture:Display: Building textures: HQ_Lightmap0_29 (AutoDXT)
[2016.04.09-18.23.16:493][  0]LogTexture:Display: Building textures: HQ_Lightmap0_3 (AutoDXT)
[2016.04.09-18.23.16:572][  0]LogTexture:Display: Building textures: HQ_Lightmap0_30 (AutoDXT)
[2016.04.09-18.23.16:654][  0]LogTexture:Display: Building textures: HQ_Lightmap0_31 (AutoDXT)
[2016.04.09-18.23.16:689][  0]LogTexture:Display: Building textures: HQ_Lightmap0_32 (AutoDXT)
[2016.04.09-18.23.16:755][  0]LogTexture:Display: Building textures: HQ_Lightmap0_33 (AutoDXT)
[2016.04.09-18.23.16:830][  0]LogTexture:Display: Building textures: HQ_Lightmap0_34 (AutoDXT)
[2016.04.09-18.23.16:883][  0]LogTexture:Display: Building textures: HQ_Lightmap0_35 (AutoDXT)
[2016.04.09-18.23.16:922][  0]LogTexture:Display: Building textures: HQ_Lightmap0_36 (AutoDXT)
[2016.04.09-18.23.16:992][  0]LogTexture:Display: Building textures: HQ_Lightmap0_37 (AutoDXT)
[2016.04.09-18.23.17:059][  0]LogTexture:Display: Building textures: HQ_Lightmap0_38 (AutoDXT)
[2016.04.09-18.23.17:103][  0]LogTexture:Display: Building textures: HQ_Lightmap0_39 (AutoDXT)
[2016.04.09-18.23.17:181][  0]LogTexture:Display: Building textures: HQ_Lightmap0_4 (AutoDXT)
[2016.04.09-18.23.17:222][  0]LogTexture:Display: Building textures: HQ_Lightmap0_40 (AutoDXT)
[2016.04.09-18.23.17:257][  0]LogTexture:Display: Building textures: HQ_Lightmap0_41 (AutoDXT)
[2016.04.09-18.23.17:359][  0]LogTexture:Display: Building textures: HQ_Lightmap0_42 (AutoDXT)
[2016.04.09-18.23.17:388][  0]LogTexture:Display: Building textures: HQ_Lightmap0_43 (AutoDXT)
[2016.04.09-18.23.17:433][  0]LogTexture:Display: Building textures: HQ_Lightmap0_44 (AutoDXT)
[2016.04.09-18.23.17:468][  0]LogTexture:Display: Building textures: HQ_Lightmap0_45 (AutoDXT)
[2016.04.09-18.23.17:511][  0]LogTexture:Display: Building textures: HQ_Lightmap0_46 (AutoDXT)
[2016.04.09-18.23.17:551][  0]LogTexture:Display: Building textures: HQ_Lightmap0_47 (AutoDXT)
[2016.04.09-18.23.17:584][  0]LogTexture:Display: Building textures: HQ_Lightmap0_48 (AutoDXT)
[2016.04.09-18.23.17:615][  0]LogTexture:Display: Building textures: HQ_Lightmap0_49 (AutoDXT)
[2016.04.09-18.23.17:644][  0]LogTexture:Display: Building textures: HQ_Lightmap0_5 (AutoDXT)
[2016.04.09-18.23.17:692][  0]LogTexture:Display: Building textures: HQ_Lightmap0_50 (AutoDXT)
[2016.04.09-18.23.17:726][  0]LogTexture:Display: Building textures: HQ_Lightmap0_51 (AutoDXT)
[2016.04.09-18.23.17:772][  0]LogTexture:Display: Building textures: HQ_Lightmap0_52 (AutoDXT)
[2016.04.09-18.23.17:804][  0]LogTexture:Display: Building textures: HQ_Lightmap0_53 (AutoDXT)
[2016.04.09-18.23.17:842][  0]LogTexture:Display: Building textures: HQ_Lightmap0_54 (AutoDXT)
[2016.04.09-18.23.17:876][  0]LogTexture:Display: Building textures: HQ_Lightmap0_55 (AutoDXT)
[2016.04.09-18.23.17:907][  0]LogTexture:Display: Building textures: HQ_Lightmap0_56 (AutoDXT)
[2016.04.09-18.23.17:947][  0]LogTexture:Display: Building textures: HQ_Lightmap0_57 (AutoDXT)
[2016.04.09-18.23.17:992][  0]LogTexture:Display: Building textures: HQ_Lightmap0_58 (AutoDXT)
[2016.04.09-18.23.18:049][  0]LogTexture:Display: Building textures: HQ_Lightmap0_59 (AutoDXT)
[2016.04.09-18.23.18:091][  0]LogTexture:Display: Building textures: HQ_Lightmap0_6 (AutoDXT)
[2016.04.09-18.23.18:123][  0]LogTexture:Display: Building textures: HQ_Lightmap0_60 (AutoDXT)
[2016.04.09-18.23.18:161][  0]LogTexture:Display: Building textures: HQ_Lightmap0_61 (AutoDXT)
[2016.04.09-18.23.18:201][  0]LogTexture:Display: Building textures: HQ_Lightmap0_62 (AutoDXT)
[2016.04.09-18.23.18:237][  0]LogTexture:Display: Building textures: HQ_Lightmap0_63 (AutoDXT)
[2016.04.09-18.23.18:269][  0]LogTexture:Display: Building textures: HQ_Lightmap0_64 (AutoDXT)
[2016.04.09-18.23.18:304][  0]LogTexture:Display: Building textures: HQ_Lightmap0_65 (AutoDXT)
[2016.04.09-18.23.18:324][  0]LogTexture:Display: Building textures: HQ_Lightmap0_7 (AutoDXT)
[2016.04.09-18.23.18:359][  0]LogTexture:Display: Building textures: HQ_Lightmap0_8 (AutoDXT)
[2016.04.09-18.23.18:389][  0]LogTexture:Display: Building textures: HQ_Lightmap0_9 (AutoDXT)
[2016.04.09-18.23.18:503][  0]LogTexture:Display: Building textures: LQ_Lightmap_0_1 (DXT1)
[2016.04.09-18.23.18:582][  0]LogTexture:Display: Building textures: LQ_Lightmap_0_10 (DXT1)
[2016.04.09-18.23.18:598][  0]LogTexture:Display: Building textures: LQ_Lightmap_0_11 (DXT1)
[2016.04.09-18.23.18:617][  0]LogTexture:Display: Building textures: LQ_Lightmap_0_12 (DXT1)
[2016.04.09-18.23.18:626][  0]LogTexture:Display: Building textures: LQ_Lightmap_0_13 (DXT1)
[2016.04.09-18.23.18:638][  0]LogTexture:Display: Building textures: LQ_Lightmap_0_14 (DXT1)
[2016.04.09-18.23.18:647][  0]LogTexture:Display: Building textures: LQ_Lightmap_0_15 (DXT1)
[2016.04.09-18.23.18:669][  0]LogTexture:Display: Building textures: LQ_Lightmap_0_16 (DXT1)
[2016.04.09-18.23.18:678][  0]LogTexture:Display: Building textures: LQ_Lightmap_0_17 (DXT1)
[2016.04.09-18.23.18:689][  0]LogTexture:Display: Building textures: LQ_Lightmap_0_18 (DXT1)
[2016.04.09-18.23.18:698][  0]LogTexture:Display: Building textures: LQ_Lightmap_0_19 (DXT1)
[2016.04.09-18.23.18:706][  0]LogTexture:Display: Building textures: LQ_Lightmap_0_2 (DXT1)
[2016.04.09-18.23.18:729][  0]LogTexture:Display: Building textures: LQ_Lightmap_0_20 (DXT1)
[2016.04.09-18.23.18:738][  0]LogTexture:Display: Building textures: LQ_Lightmap_0_21 (DXT1)
[2016.04.09-18.23.18:748][  0]LogTexture:Display: Building textures: LQ_Lightmap_0_22 (DXT1)
[2016.04.09-18.23.18:757][  0]LogTexture:Display: Building textures: LQ_Lightmap_0_23 (DXT1)
[2016.04.09-18.23.18:767][  0]LogTexture:Display: Building textures: LQ_Lightmap_0_24 (DXT1)
[2016.04.09-18.23.18:777][  0]LogTexture:Display: Building textures: LQ_Lightmap_0_25 (DXT1)
[2016.04.09-18.23.18:786][  0]LogTexture:Display: Building textures: LQ_Lightmap_0_26 (DXT1)
[2016.04.09-18.23.18:795][  0]LogTexture:Display: Building textures: LQ_Lightmap_0_27 (DXT1)
[2016.04.09-18.23.18:805][  0]LogTexture:Display: Building textures: LQ_Lightmap_0_28 (DXT1)
[2016.04.09-18.23.18:815][  0]LogTexture:Display: Building textures: LQ_Lightmap_0_29 (DXT1)
[2016.04.09-18.23.18:846][  0]LogTexture:Display: Building textures: LQ_Lightmap_0_3 (DXT1)
[2016.04.09-18.23.18:857][  0]LogTexture:Display: Building textures: LQ_Lightmap_0_30 (DXT1)
[2016.04.09-18.23.18:877][  0]LogTexture:Display: Building textures: LQ_Lightmap_0_31 (DXT1)
[2016.04.09-18.23.18:887][  0]LogTexture:Display: Building textures: LQ_Lightmap_0_32 (DXT1)
[2016.04.09-18.23.18:900][  0]LogTexture:Display: Building textures: LQ_Lightmap_0_33 (DXT1)
[2016.04.09-18.23.18:919][  0]LogTexture:Display: Building textures: LQ_Lightmap_0_34 (DXT1)
[2016.04.09-18.23.18:938][  0]LogTexture:Display: Building textures: LQ_Lightmap_0_35 (DXT1)
[2016.04.09-18.23.18:960][  0]LogTexture:Display: Building textures: LQ_Lightmap_0_36 (DXT1)
[2016.04.09-18.23.18:982][  0]LogTexture:Display: Building textures: LQ_Lightmap_0_37 (DXT1)
[2016.04.09-18.23.19:005][  0]LogTexture:Display: Building textures: LQ_Lightmap_0_38 (DXT1)
[2016.04.09-18.23.19:031][  0]LogTexture:Display: Building textures: LQ_Lightmap_0_39 (DXT1)
[2016.04.09-18.23.19:060][  0]LogTexture:Display: Building textures: LQ_Lightmap_0_4 (DXT1)
[2016.04.09-18.23.19:116][  0]LogTexture:Display: Building textures: LQ_Lightmap_0_40 (DXT1)
[2016.04.09-18.23.19:124][  0]LogTexture:Display: Building textures: LQ_Lightmap_0_41 (DXT1)
[2016.04.09-18.23.19:132][  0]LogTexture:Display: Building textures: LQ_Lightmap_0_42 (DXT1)
[2016.04.09-18.23.19:143][  0]LogTexture:Display: Building textures: LQ_Lightmap_0_43 (DXT1)
[2016.04.09-18.23.19:158][  0]LogTexture:Display: Building textures: LQ_Lightmap_0_44 (DXT1)
[2016.04.09-18.23.19:178][  0]LogTexture:Display: Building textures: LQ_Lightmap_0_45 (DXT1)
[2016.04.09-18.23.19:193][  0]LogTexture:Display: Building textures: LQ_Lightmap_0_46 (DXT1)
[2016.04.09-18.23.19:206][  0]LogTexture:Display: Building textures: LQ_Lightmap_0_47 (DXT1)
[2016.04.09-18.23.19:215][  0]LogTexture:Display: Building textures: LQ_Lightmap_0_48 (DXT1)
[2016.04.09-18.23.19:228][  0]LogTexture:Display: Building textures: LQ_Lightmap_0_49 (DXT1)
[2016.04.09-18.23.19:243][  0]LogTexture:Display: Building textures: LQ_Lightmap_0_5 (DXT1)
[2016.04.09-18.23.19:263][  0]LogTexture:Display: Building textures: LQ_Lightmap_0_50 (DXT1)
[2016.04.09-18.23.19:276][  0]LogTexture:Display: Building textures: LQ_Lightmap_0_51 (DXT1)
[2016.04.09-18.23.19:284][  0]LogTexture:Display: Building textures: LQ_Lightmap_0_52 (DXT1)
[2016.04.09-18.23.19:308][  0]LogTexture:Display: Building textures: LQ_Lightmap_0_53 (DXT1)
[2016.04.09-18.23.19:340][  0]LogTexture:Display: Building textures: LQ_Lightmap_0_54 (DXT1)
[2016.04.09-18.23.19:373][  0]LogTexture:Display: Building textures: LQ_Lightmap_0_55 (DXT1)
[2016.04.09-18.23.19:382][  0]LogTexture:Display: Building textures: LQ_Lightmap_0_56 (DXT1)
[2016.04.09-18.23.19:414][  0]LogTexture:Display: Building textures: LQ_Lightmap_0_57 (DXT1)
[2016.04.09-18.23.19:423][  0]LogTexture:Display: Building textures: LQ_Lightmap_0_58 (DXT1)
[2016.04.09-18.23.19:431][  0]LogTexture:Display: Building textures: LQ_Lightmap_0_59 (DXT1)
[2016.04.09-18.23.19:441][  0]LogTexture:Display: Building textures: LQ_Lightmap_0_6 (DXT1)
[2016.04.09-18.23.19:452][  0]LogTexture:Display: Building textures: LQ_Lightmap_0_60 (DXT1)
[2016.04.09-18.23.19:464][  0]LogTexture:Display: Building textures: LQ_Lightmap_0_61 (DXT1)
[2016.04.09-18.23.19:472][  0]LogTexture:Display: Building textures: LQ_Lightmap_0_62 (DXT1)
[2016.04.09-18.23.19:482][  0]LogTexture:Display: Building textures: LQ_Lightmap_0_63 (DXT1)
[2016.04.09-18.23.19:491][  0]LogTexture:Display: Building textures: LQ_Lightmap_0_64 (DXT1)
[2016.04.09-18.23.19:498][  0]LogTexture:Display: Building textures: LQ_Lightmap_0_65 (DXT1)
[2016.04.09-18.23.19:506][  0]LogTexture:Display: Building textures: LQ_Lightmap_0_7 (DXT1)
[2016.04.09-18.23.19:515][  0]LogTexture:Display: Building textures: LQ_Lightmap_0_8 (DXT1)
[2016.04.09-18.23.19:522][  0]LogTexture:Display: Building textures: LQ_Lightmap_0_9 (DXT1)
[2016.04.09-18.23.19:530][  0]LogTexture:Display: Building textures: SkyOcclusion0_1 (AutoDXT)
[2016.04.09-18.23.19:531][  0]LogTexture:Display: Building textures: SkyOcclusion0_10 (AutoDXT)
[2016.04.09-18.23.19:532][  0]LogTexture:Display: Building textures: SkyOcclusion0_11 (AutoDXT)
[2016.04.09-18.23.19:533][  0]LogTexture:Display: Building textures: SkyOcclusion0_12 (AutoDXT)
[2016.04.09-18.23.19:535][  0]LogTexture:Display: Building textures: SkyOcclusion0_13 (AutoDXT)
[2016.04.09-18.23.19:536][  0]LogTexture:Display: Building textures: SkyOcclusion0_14 (AutoDXT)
[2016.04.09-18.23.19:537][  0]LogTexture:Display: Building textures: SkyOcclusion0_15 (AutoDXT)
[2016.04.09-18.23.19:538][  0]LogTexture:Display: Building textures: SkyOcclusion0_16 (AutoDXT)
[2016.04.09-18.23.19:539][  0]LogTexture:Display: Building textures: SkyOcclusion0_17 (AutoDXT)
[2016.04.09-18.23.19:540][  0]LogTexture:Display: Building textures: SkyOcclusion0_18 (AutoDXT)
[2016.04.09-18.23.19:541][  0]LogTexture:Display: Building textures: SkyOcclusion0_19 (AutoDXT)
[2016.04.09-18.23.19:542][  0]LogTexture:Display: Building textures: SkyOcclusion0_2 (AutoDXT)
[2016.04.09-18.23.19:543][  0]LogTexture:Display: Building textures: SkyOcclusion0_20 (AutoDXT)
[2016.04.09-18.23.19:544][  0]LogTexture:Display: Building textures: SkyOcclusion0_21 (AutoDXT)
[2016.04.09-18.23.19:545][  0]LogTexture:Display: Building textures: SkyOcclusion0_22 (AutoDXT)
[2016.04.09-18.23.19:546][  0]LogTexture:Display: Building textures: SkyOcclusion0_23 (AutoDXT)
[2016.04.09-18.23.19:547][  0]LogTexture:Display: Building textures: SkyOcclusion0_24 (AutoDXT)
[2016.04.09-18.23.19:548][  0]LogTexture:Display: Building textures: SkyOcclusion0_25 (AutoDXT)
[2016.04.09-18.23.19:549][  0]LogTexture:Display: Building textures: SkyOcclusion0_26 (AutoDXT)
[2016.04.09-18.23.19:550][  0]LogTexture:Display: Building textures: SkyOcclusion0_27 (AutoDXT)
[2016.04.09-18.23.19:552][  0]LogTexture:Display: Building textures: SkyOcclusion0_28 (AutoDXT)
[2016.04.09-18.23.19:553][  0]LogTexture:Display: Building textures: SkyOcclusion0_29 (AutoDXT)
[2016.04.09-18.23.19:554][  0]LogTexture:Display: Building textures: SkyOcclusion0_3 (AutoDXT)
[2016.04.09-18.23.19:555][  0]LogTexture:Display: Building textures: SkyOcclusion0_30 (AutoDXT)
[2016.04.09-18.23.19:556][  0]LogTexture:Display: Building textures: SkyOcclusion0_31 (AutoDXT)
[2016.04.09-18.23.19:557][  0]LogTexture:Display: Building textures: SkyOcclusion0_32 (AutoDXT)
[2016.04.09-18.23.19:558][  0]LogTexture:Display: Building textures: SkyOcclusion0_33 (AutoDXT)
[2016.04.09-18.23.19:559][  0]LogTexture:Display: Building textures: SkyOcclusion0_34 (AutoDXT)
[2016.04.09-18.23.19:560][  0]LogTexture:Display: Building textures: SkyOcclusion0_35 (AutoDXT)
[2016.04.09-18.23.19:561][  0]LogTexture:Display: Building textures: SkyOcclusion0_36 (AutoDXT)
[2016.04.09-18.23.19:562][  0]LogTexture:Display: Building textures: SkyOcclusion0_37 (AutoDXT)
[2016.04.09-18.23.19:564][  0]LogTexture:Display: Building textures: SkyOcclusion0_38 (AutoDXT)
[2016.04.09-18.23.19:565][  0]LogTexture:Display: Building textures: SkyOcclusion0_39 (AutoDXT)
[2016.04.09-18.23.19:566][  0]LogTexture:Display: Building textures: SkyOcclusion0_4 (AutoDXT)
[2016.04.09-18.23.19:567][  0]LogTexture:Display: Building textures: SkyOcclusion0_40 (AutoDXT)
[2016.04.09-18.23.19:568][  0]LogTexture:Display: Building textures: SkyOcclusion0_41 (AutoDXT)
[2016.04.09-18.23.19:569][  0]LogTexture:Display: Building textures: SkyOcclusion0_42 (AutoDXT)
[2016.04.09-18.23.19:570][  0]LogTexture:Display: Building textures: SkyOcclusion0_43 (AutoDXT)
[2016.04.09-18.23.19:572][  0]LogTexture:Display: Building textures: SkyOcclusion0_44 (AutoDXT)
[2016.04.09-18.23.19:573][  0]LogTexture:Display: Building textures: SkyOcclusion0_45 (AutoDXT)
[2016.04.09-18.23.19:574][  0]LogTexture:Display: Building textures: SkyOcclusion0_46 (AutoDXT)
[2016.04.09-18.23.19:575][  0]LogTexture:Display: Building textures: SkyOcclusion0_47 (AutoDXT)
[2016.04.09-18.23.19:576][  0]LogTexture:Display: Building textures: SkyOcclusion0_48 (AutoDXT)
[2016.04.09-18.23.19:577][  0]LogTexture:Display: Building textures: SkyOcclusion0_49 (AutoDXT)
[2016.04.09-18.23.19:578][  0]LogTexture:Display: Building textures: SkyOcclusion0_5 (AutoDXT)
[2016.04.09-18.23.19:579][  0]LogTexture:Display: Building textures: SkyOcclusion0_50 (AutoDXT)
[2016.04.09-18.23.19:580][  0]LogTexture:Display: Building textures: SkyOcclusion0_51 (AutoDXT)
[2016.04.09-18.23.19:581][  0]LogTexture:Display: Building textures: SkyOcclusion0_52 (AutoDXT)
[2016.04.09-18.23.19:583][  0]LogTexture:Display: Building textures: SkyOcclusion0_53 (AutoDXT)
[2016.04.09-18.23.19:584][  0]LogTexture:Display: Building textures: SkyOcclusion0_54 (AutoDXT)
[2016.04.09-18.23.19:585][  0]LogTexture:Display: Building textures: SkyOcclusion0_55 (AutoDXT)
[2016.04.09-18.23.19:586][  0]LogTexture:Display: Building textures: SkyOcclusion0_56 (AutoDXT)
[2016.04.09-18.23.19:587][  0]LogTexture:Display: Building textures: SkyOcclusion0_57 (AutoDXT)
[2016.04.09-18.23.19:588][  0]LogTexture:Display: Building textures: SkyOcclusion0_58 (AutoDXT)
[2016.04.09-18.23.19:589][  0]LogTexture:Display: Building textures: SkyOcclusion0_59 (AutoDXT)
[2016.04.09-18.23.19:591][  0]LogTexture:Display: Building textures: SkyOcclusion0_6 (AutoDXT)
[2016.04.09-18.23.19:592][  0]LogTexture:Display: Building textures: SkyOcclusion0_60 (AutoDXT)
[2016.04.09-18.23.19:593][  0]LogTexture:Display: Building textures: SkyOcclusion0_61 (AutoDXT)
[2016.04.09-18.23.19:594][  0]LogTexture:Display: Building textures: SkyOcclusion0_62 (AutoDXT)
[2016.04.09-18.23.19:595][  0]LogTexture:Display: Building textures: SkyOcclusion0_63 (AutoDXT)
[2016.04.09-18.23.19:596][  0]LogTexture:Display: Building textures: SkyOcclusion0_64 (AutoDXT)
[2016.04.09-18.23.19:597][  0]LogTexture:Display: Building textures: SkyOcclusion0_65 (AutoDXT)
[2016.04.09-18.23.19:601][  0]LogTexture:Display: Building textures: SkyOcclusion0_7 (AutoDXT)
[2016.04.09-18.23.19:603][  0]LogTexture:Display: Building textures: SkyOcclusion0_8 (AutoDXT)
[2016.04.09-18.23.19:604][  0]LogTexture:Display: Building textures: SkyOcclusion0_9 (AutoDXT)
[2016.04.09-18.23.19:605][  0]LogTexture:Display: Building textures: ShadowMapTexture2D_0 (G8)
[2016.04.09-18.23.19:606][  0]LogTexture:Display: Building textures: ShadowMapTexture2D_1 (G8)
[2016.04.09-18.23.19:607][  0]LogTexture:Display: Building textures: ShadowMapTexture2D_10 (G8)
[2016.04.09-18.23.19:608][  0]LogTexture:Display: Building textures: ShadowMapTexture2D_11 (G8)
[2016.04.09-18.23.19:609][  0]LogTexture:Display: Building textures: ShadowMapTexture2D_12 (G8)
[2016.04.09-18.23.19:610][  0]LogTexture:Display: Building textures: ShadowMapTexture2D_13 (G8)
[2016.04.09-18.23.19:610][  0]LogTexture:Display: Building textures: ShadowMapTexture2D_14 (G8)
[2016.04.09-18.23.19:611][  0]LogTexture:Display: Building textures: ShadowMapTexture2D_15 (G8)
[2016.04.09-18.23.19:612][  0]LogTexture:Display: Building textures: ShadowMapTexture2D_16 (G8)
[2016.04.09-18.23.19:613][  0]LogTexture:Display: Building textures: ShadowMapTexture2D_17 (G8)
[2016.04.09-18.23.19:614][  0]LogTexture:Display: Building textures: ShadowMapTexture2D_18 (G8)
[2016.04.09-18.23.19:614][  0]LogTexture:Display: Building textures: ShadowMapTexture2D_19 (G8)
[2016.04.09-18.23.19:615][  0]LogTexture:Display: Building textures: ShadowMapTexture2D_2 (G8)
[2016.04.09-18.23.19:616][  0]LogTexture:Display: Building textures: ShadowMapTexture2D_20 (G8)
[2016.04.09-18.23.19:617][  0]LogTexture:Display: Building textures: ShadowMapTexture2D_21 (G8)
[2016.04.09-18.23.19:618][  0]LogTexture:Display: Building textures: ShadowMapTexture2D_22 (G8)
[2016.04.09-18.23.19:619][  0]LogTexture:Display: Building textures: ShadowMapTexture2D_23 (G8)
[2016.04.09-18.23.19:620][  0]LogTexture:Display: Building textures: ShadowMapTexture2D_24 (G8)
[2016.04.09-18.23.19:621][  0]LogTexture:Display: Building textures: ShadowMapTexture2D_25 (G8)
[2016.04.09-18.23.19:623][  0]LogTexture:Display: Building textures: ShadowMapTexture2D_26 (G8)
[2016.04.09-18.23.19:624][  0]LogTexture:Display: Building textures: ShadowMapTexture2D_27 (G8)
[2016.04.09-18.23.19:625][  0]LogTexture:Display: Building textures: ShadowMapTexture2D_28 (G8)
[2016.04.09-18.23.19:626][  0]LogTexture:Display: Building textures: ShadowMapTexture2D_29 (G8)
[2016.04.09-18.23.19:627][  0]LogTexture:Display: Building textures: ShadowMapTexture2D_30 (G8)
[2016.04.09-18.23.19:628][  0]LogTexture:Display: Building textures: ShadowMapTexture2D_31 (G8)
[2016.04.09-18.23.19:629][  0]LogTexture:Display: Building textures: ShadowMapTexture2D_32 (G8)
[2016.04.09-18.23.19:629][  0]LogTexture:Display: Building textures: ShadowMapTexture2D_33 (G8)
[2016.04.09-18.23.19:630][  0]LogTexture:Display: Building textures: ShadowMapTexture2D_34 (G8)
[2016.04.09-18.23.19:631][  0]LogTexture:Display: Building textures: ShadowMapTexture2D_35 (G8)
[2016.04.09-18.23.19:632][  0]LogTexture:Display: Building textures: ShadowMapTexture2D_36 (G8)
[2016.04.09-18.23.19:633][  0]LogTexture:Display: Building textures: ShadowMapTexture2D_37 (G8)
[2016.04.09-18.23.19:633][  0]LogTexture:Display: Building textures: ShadowMapTexture2D_38 (G8)
[2016.04.09-18.23.19:635][  0]LogTexture:Display: Building textures: ShadowMapTexture2D_39 (G8)
[2016.04.09-18.23.19:635][  0]LogTexture:Display: Building textures: ShadowMapTexture2D_4 (G8)
[2016.04.09-18.23.19:636][  0]LogTexture:Display: Building textures: ShadowMapTexture2D_40 (G8)
[2016.04.09-18.23.19:637][  0]LogTexture:Display: Building textures: ShadowMapTexture2D_41 (G8)
[2016.04.09-18.23.19:638][  0]LogTexture:Display: Building textures: ShadowMapTexture2D_42 (G8)
[2016.04.09-18.23.19:639][  0]LogTexture:Display: Building textures: ShadowMapTexture2D_43 (G8)
[2016.04.09-18.23.19:640][  0]LogTexture:Display: Building textures: ShadowMapTexture2D_44 (G8)
[2016.04.09-18.23.19:641][  0]LogTexture:Display: Building textures: ShadowMapTexture2D_45 (G8)
[2016.04.09-18.23.19:642][  0]LogTexture:Display: Building textures: ShadowMapTexture2D_46 (G8)
[2016.04.09-18.23.19:643][  0]LogTexture:Display: Building textures: ShadowMapTexture2D_47 (G8)
[2016.04.09-18.23.19:644][  0]LogTexture:Display: Building textures: ShadowMapTexture2D_48 (G8)
[2016.04.09-18.23.19:645][  0]LogTexture:Display: Building textures: ShadowMapTexture2D_49 (G8)
[2016.04.09-18.23.19:646][  0]LogTexture:Display: Building textures: ShadowMapTexture2D_5 (G8)
[2016.04.09-18.23.19:646][  0]LogTexture:Display: Building textures: ShadowMapTexture2D_50 (G8)
[2016.04.09-18.23.19:647][  0]LogTexture:Display: Building textures: ShadowMapTexture2D_51 (G8)
[2016.04.09-18.23.19:648][  0]LogTexture:Display: Building textures: ShadowMapTexture2D_52 (G8)
[2016.04.09-18.23.19:649][  0]LogTexture:Display: Building textures: ShadowMapTexture2D_53 (G8)
[2016.04.09-18.23.19:650][  0]LogTexture:Display: Building textures: ShadowMapTexture2D_54 (G8)
[2016.04.09-18.23.19:650][  0]LogTexture:Display: Building textures: ShadowMapTexture2D_55 (G8)
[2016.04.09-18.23.19:651][  0]LogTexture:Display: Building textures: ShadowMapTexture2D_56 (G8)
[2016.04.09-18.23.19:652][  0]LogTexture:Display: Building textures: ShadowMapTexture2D_57 (G8)
[2016.04.09-18.23.19:653][  0]LogTexture:Display: Building textures: ShadowMapTexture2D_58 (G8)
[2016.04.09-18.23.19:654][  0]LogTexture:Display: Building textures: ShadowMapTexture2D_59 (G8)
[2016.04.09-18.23.19:655][  0]LogTexture:Display: Building textures: ShadowMapTexture2D_6 (G8)
[2016.04.09-18.23.19:655][  0]LogTexture:Display: Building textures: ShadowMapTexture2D_60 (G8)
[2016.04.09-18.23.19:656][  0]LogTexture:Display: Building textures: ShadowMapTexture2D_61 (G8)
[2016.04.09-18.23.19:657][  0]LogTexture:Display: Building textures: ShadowMapTexture2D_62 (G8)
[2016.04.09-18.23.19:658][  0]LogTexture:Display: Building textures: ShadowMapTexture2D_63 (G8)
[2016.04.09-18.23.19:659][  0]LogTexture:Display: Building textures: ShadowMapTexture2D_64 (G8)
[2016.04.09-18.23.19:659][  0]LogTexture:Display: Building textures: ShadowMapTexture2D_65 (G8)
[2016.04.09-18.23.19:660][  0]LogTexture:Display: Building textures: ShadowMapTexture2D_7 (G8)
[2016.04.09-18.23.19:661][  0]LogTexture:Display: Building textures: ShadowMapTexture2D_8 (G8)
[2016.04.09-18.23.19:662][  0]LogTexture:Display: Building textures: ShadowMapTexture2D_9 (G8)
[2016.04.09-18.23.19:737][  0]LogAIModule: Creating AISystem for world Minimal_Default
[2016.04.09-18.23.20:871][  0]LogEditorServer: Finished looking for orphan Actors (0.000 secs)
[2016.04.09-18.23.20:872][  0]Cmd: MAP CHECKDEP NOCLEARLOG
[2016.04.09-18.23.21:015][  0]MapCheck: Info Map check complete: 0 Error(s), 0 Warning(s), took 141.717ms to complete.
[2016.04.09-18.23.21:015][  0]LogFileHelpers: Loading map 'Minimal_Default' took 12.940
[2016.04.09-18.23.21:533][  0]LogCollectionManager: Loaded 0 collections in 0.001251 seconds
[2016.04.09-18.23.21:577][  0]LogFileCache: Scanning file cache for directory 'D:/Edytory i Programowanie/01_Projekty/Licencjat/licencjat/Saved/Collections/' took 0.01s
[2016.04.09-18.23.21:577][  0]LogFileCache: Scanning file cache for directory 'D:/Edytory i Programowanie/01_Projekty/Licencjat/licencjat/Content/Developers/Agnieszka/Collections/' took 0.01s
[2016.04.09-18.23.21:577][  0]LogFileCache: Scanning file cache for directory 'D:/Edytory i Programowanie/01_Projekty/Licencjat/licencjat/Content/Collections/' took 0.01s
[2016.04.09-18.23.21:577][  0]LogCollectionManager: Rebuilt the GUID cache for 0 collections in 0.000003 seconds
[2016.04.09-18.23.21:586][  0]LogContentBrowser: Native class hierarchy populated in 0.0094 seconds. Added 1893 classes and 338 folders.
[2016.04.09-18.23.21:593][  0]LogContentBrowser: Native class hierarchy updated for 'WidgetCarousel' in 0.0006 seconds. Added 0 classes and 0 folders.
[2016.04.09-18.23.31:507][  0]LogContentBrowser: Native class hierarchy updated for 'AddContentDialog' in 0.0011 seconds. Added 0 classes and 0 folders.
[2016.04.09-18.23.32:028][  0]LogContentBrowser: Native class hierarchy updated for 'SceneOutliner' in 0.0011 seconds. Added 1 classes and 2 folders.
[2016.04.09-18.23.32:605][  0]LogCrashTracker: Crashtracker disabled due to settings.
[2016.04.09-18.23.32:692][  0]LogWindowsTextInputMethodSystem:Display: IME system now deactivated.
[2016.04.09-18.23.33:017][  0]LogLoad: Full Startup: 42.70 seconds (BP compile: 0.34 seconds)
[2016.04.09-18.23.33:034][  0]LogOcInput: Can't find Oculus library dev build: is proper Runtime installed? Version: 0.8.0.0
[2016.04.09-18.23.33:564][  0]LogContentStreaming: Texture pool size now 1000 MB
[2016.04.09-18.23.34:041][  1]Cmd: UpdateLandscapeEditorData -warnings
[2016.04.09-18.23.34:253][  1]LogRenderer: Reallocating scene render targets to support 716x364 (Frame:2).
[2016.04.09-18.23.40:644][ 21]LogAssetRegistry: Asset discovery search completed in 36.1998 seconds
[2016.04.09-18.23.40:644][ 21]LogCollectionManager: Rebuilt the object cache for 0 collections in 0.000002 seconds (found 0 objects)
[2016.04.09-18.23.40:644][ 21]LogCollectionManager: Fixed up redirectors for 0 collections in 0.000053 seconds (updated 0 objects)
[2016.04.09-18.24.07:864][189]LogRenderer: Reallocating scene render targets to support 716x368 (Frame:123).
[2016.04.09-18.24.09:693][221]LogBlueprintUserMessages: Early PlayInEditor Detection: Level '/Game/StarterContent/Maps/Minimal_Default.Minimal_Default:PersistentLevel' has LevelScriptBlueprint '/Game/StarterContent/Maps/Minimal_Default.Minimal_Default:PersistentLevel.Minimal_Default' with GeneratedClass '/Game/StarterContent/Maps/Minimal_Default.Minimal_Default_C' with ClassGeneratedBy '/Game/StarterContent/Maps/Minimal_Default.Minimal_Default:PersistentLevel.Minimal_Default'
[2016.04.09-18.24.09:693][221]LogPlayLevel: PlayLevel: No blueprints needed recompiling
[2016.04.09-18.24.09:694][221]PIE: New page: PIE session: Minimal_Default (Apr 9, 2016, 10:24:09 PM)
[2016.04.09-18.24.09:694][221]LogPlayLevel: Creating play world package: /Game/StarterContent/Maps/UEDPIE_0_Minimal_Default
[2016.04.09-18.24.09:775][221]LogPlayLevel: PIE: StaticDuplicateObject took: (0.080104s)
[2016.04.09-18.24.09:776][221]LogAIModule: Creating AISystem for world Minimal_Default
[2016.04.09-18.24.09:777][221]LogPlayLevel: PIE: World Init took: (0.001753s)
[2016.04.09-18.24.09:777][221]LogPlayLevel: PIE: Created PIE world by copying editor world from /Game/StarterContent/Maps/Minimal_Default.Minimal_Default to /Game/StarterContent/Maps/UEDPIE_0_Minimal_Default.Minimal_Default (0.082588s)
[2016.04.09-18.24.09:777][221]LogActorComponent: UnregisterComponent: (/Engine/Transient.CharMoveComp) Not registered. Aborting.
[2016.04.09-18.24.09:831][221]LogInit: XAudio2 using 'Głośniki (Realtek High Definition Audio)' : 2 channels at 48 kHz using 32 bits per sample (channel mask 0x3)
[2016.04.09-18.24.09:858][221]LogInit: FAudioDevice initialized.
[2016.04.09-18.24.09:987][221]LogWorld: Game class is 'MyGame_C'
[2016.04.09-18.24.10:031][221]LogWorld: Bringing World /Game/StarterContent/Maps/UEDPIE_0_Minimal_Default.Minimal_Default up for play (max tick rate 0) at 2016.04.09-20.24.10
[2016.04.09-18.24.10:031][221]LogActor:Warning: GameSession /Game/StarterContent/Maps/UEDPIE_0_Minimal_Default.Minimal_Default:PersistentLevel.GameSession_0 has natively added scene component(s), but none of them were set as the actor's RootComponent - picking one arbitrarily
[2016.04.09-18.24.10:032][221]LogActor:Warning: GameNetworkManager /Game/StarterContent/Maps/UEDPIE_0_Minimal_Default.Minimal_Default:PersistentLevel.GameNetworkManager_0 has natively added scene component(s), but none of them were set as the actor's RootComponent - picking one arbitrarily
[2016.04.09-18.24.10:033][221]LogWorld: Bringing up level for play took: 0.041605
[2016.04.09-18.24.10:038][221]PIE: Info Play in editor start time for /Game/StarterContent/Maps/UEDPIE_0_Minimal_Default -0.547
[2016.04.09-18.24.10:038][221]LogBlueprintUserMessages: Late PlayInEditor Detection: Level '/Game/StarterContent/Maps/Minimal_Default.Minimal_Default:PersistentLevel' has LevelScriptBlueprint '/Game/StarterContent/Maps/Minimal_Default.Minimal_Default:PersistentLevel.Minimal_Default' with GeneratedClass '/Game/StarterContent/Maps/Minimal_Default.Minimal_Default_C' with ClassGeneratedBy '/Game/StarterContent/Maps/Minimal_Default.Minimal_Default:PersistentLevel.Minimal_Default'
[2016.04.09-18.25.26:270][114]LogBlueprintUserMessages: Early EndPlayMap Detection: Level '/Game/StarterContent/Maps/Minimal_Default.Minimal_Default:PersistentLevel' has LevelScriptBlueprint '/Game/StarterContent/Maps/Minimal_Default.Minimal_Default:PersistentLevel.Minimal_Default' with GeneratedClass '/Game/StarterContent/Maps/Minimal_Default.Minimal_Default_C' with ClassGeneratedBy '/Game/StarterContent/Maps/Minimal_Default.Minimal_Default:PersistentLevel.Minimal_Default'
[2016.04.09-18.25.26:382][114]LogBlueprintUserMessages: Late EndPlayMap Detection: Level '/Game/StarterContent/Maps/Minimal_Default.Minimal_Default:PersistentLevel' has LevelScriptBlueprint '/Game/StarterContent/Maps/Minimal_Default.Minimal_Default:PersistentLevel.Minimal_Default' with GeneratedClass '/Game/StarterContent/Maps/Minimal_Default.Minimal_Default_C' with ClassGeneratedBy '/Game/StarterContent/Maps/Minimal_Default.Minimal_Default:PersistentLevel.Minimal_Default'
[2016.04.09-18.25.26:434][114]LogParticles: Destroying 0 GPU particle simulations for FXSystem 0x00000061450168E0
[2016.04.09-18.25.28:461][151]LogWindowsTextInputMethodSystem:Display: IME system now deactivated.
[2016.04.09-18.25.28:811][152]Cmd: QUIT_EDITOR
[2016.04.09-18.25.29:947][152]LogExit: Preparing to exit.
[2016.04.09-18.25.30:474][152]LogExit: Editor shut down
[2016.04.09-18.25.30:474][152]LogExit: Transaction tracking system shut down
[2016.04.09-18.25.30:478][152]LogParticles: Destroying 0 GPU particle simulations for FXSystem 0x0000006134B1E520
[2016.04.09-18.25.30:482][152]LogParticles: Destroying 0 GPU particle simulations for FXSystem 0x0000006145014FE0
[2016.04.09-18.25.30:482][152]LogParticles: Destroying 0 GPU particle simulations for FXSystem 0x0000006144E9DDA0
[2016.04.09-18.25.30:482][152]LogParticles: Destroying 0 GPU particle simulations for FXSystem 0x0000006120DAB880
[2016.04.09-18.25.30:482][152]LogParticles: Destroying 0 GPU particle simulations for FXSystem 0x000000614EEDBA60
[2016.04.09-18.25.30:482][152]LogParticles: Destroying 0 GPU particle simulations for FXSystem 0x0000006133872AC0
[2016.04.09-18.25.30:822][152]LogExit: Object subsystem successfully closed.
[2016.04.09-18.25.30:837][152]LogD3D11RHI: Shutdown
[2016.04.09-18.25.30:837][152]LogD3D11RHI: CleanupD3DDevice
[2016.04.09-18.25.31:019][152]LogD3D11RHI: ~FD3D11DynamicRHI
[2016.04.09-18.25.31:075][152]LogModuleManager: Shutting down and abandoning module CrashTracker (198)
[2016.04.09-18.25.31:075][152]LogModuleManager: Shutting down and abandoning module SceneOutliner (197)
[2016.04.09-18.25.31:075][152]LogModuleManager: Shutting down and abandoning module SuperSearch (196)
[2016.04.09-18.25.31:075][152]LogModuleManager: Shutting down and abandoning module WidgetCarousel (195)
[2016.04.09-18.25.31:076][152]LogModuleManager: Shutting down and abandoning module AddContentDialog (194)
[2016.04.09-18.25.31:078][152]LogModuleManager: Shutting down and abandoning module EditorWidgets (193)
[2016.04.09-18.25.31:078][152]LogModuleManager: Shutting down and abandoning module CollectionManager (192)
[2016.04.09-18.25.31:078][152]LogModuleManager: Shutting down and abandoning module StatsViewer (191)
[2016.04.09-18.25.31:078][152]LogModuleManager: Shutting down and abandoning module FoliageEdit (190)
[2016.04.09-18.25.31:078][152]LogModuleManager: Shutting down and abandoning module LandscapeEditor (189)
[2016.04.09-18.25.31:079][152]LogModuleManager: Shutting down and abandoning module ActorPickerMode (188)
[2016.04.09-18.25.31:079][152]LogModuleManager: Shutting down and abandoning module GeometryMode (187)
[2016.04.09-18.25.31:079][152]LogModuleManager: Shutting down and abandoning module TextureAlignMode (186)
[2016.04.09-18.25.31:079][152]LogModuleManager: Shutting down and abandoning module BspMode (185)
[2016.04.09-18.25.31:079][152]LogModuleManager: Shutting down and abandoning module PlacementMode (184)
[2016.04.09-18.25.31:079][152]LogModuleManager: Shutting down and abandoning module AutomationWorker (183)
[2016.04.09-18.25.31:079][152]LogModuleManager: Shutting down and abandoning module CharacterAI (182)
[2016.04.09-18.25.31:079][152]LogModuleManager: Shutting down and abandoning module SmartSnapping (181)
[2016.04.09-18.25.31:079][152]LogModuleManager: Shutting down and abandoning module ViewportSnapping (180)
[2016.04.09-18.25.31:079][152]LogModuleManager: Shutting down and abandoning module LogVisualizer (179)
[2016.04.09-18.25.31:079][152]LogModuleManager: Shutting down and abandoning module GameProjectGeneration (178)
[2016.04.09-18.25.31:079][152]LogModuleManager: Shutting down and abandoning module IntroTutorials (177)
[2016.04.09-18.25.31:080][152]LogModuleManager: Shutting down and abandoning module EditorLiveStreaming (176)
[2016.04.09-18.25.31:080][152]LogModuleManager: Shutting down and abandoning module IOSPlatformEditor (175)
[2016.04.09-18.25.31:080][152]LogModuleManager: Shutting down and abandoning module HTML5PlatformEditor (174)
[2016.04.09-18.25.31:080][152]LogModuleManager: Shutting down and abandoning module AndroidDeviceDetection (173)
[2016.04.09-18.25.31:381][152]LogModuleManager: Shutting down and abandoning module AndroidPlatformEditor (172)
[2016.04.09-18.25.31:381][152]LogModuleManager: Shutting down and abandoning module IOSRuntimeSettings (171)
[2016.04.09-18.25.31:381][152]LogModuleManager: Shutting down and abandoning module AndroidRuntimeSettings (170)
[2016.04.09-18.25.31:382][152]LogModuleManager: Shutting down and abandoning module MergeActors (169)
[2016.04.09-18.25.31:382][152]LogModuleManager: Shutting down and abandoning module SizeMap (168)
[2016.04.09-18.25.31:382][152]LogModuleManager: Shutting down and abandoning module TreeMap (167)
[2016.04.09-18.25.31:382][152]LogModuleManager: Shutting down and abandoning module ReferenceViewer (166)
[2016.04.09-18.25.31:382][152]LogModuleManager: Shutting down and abandoning module LocalizationService (165)
[2016.04.09-18.25.31:382][152]LogModuleManager: Shutting down and abandoning module LocalizationDashboard (164)
[2016.04.09-18.25.31:382][152]LogModuleManager: Shutting down and abandoning module HardwareTargeting (163)
[2016.04.09-18.25.31:382][152]LogModuleManager: Shutting down and abandoning module DeviceProfileEditor (162)
[2016.04.09-18.25.31:382][152]LogModuleManager: Shutting down and abandoning module UndoHistory (161)
[2016.04.09-18.25.31:382][152]LogModuleManager: Shutting down and abandoning module GameplayTagsEditor (160)
[2016.04.09-18.25.31:382][152]LogModuleManager: Shutting down and abandoning module UserFeedback (159)
[2016.04.09-18.25.31:382][152]LogModuleManager: Shutting down and abandoning module XmlParser (158)
[2016.04.09-18.25.31:382][152]LogModuleManager: Shutting down and abandoning module Blutility (157)
[2016.04.09-18.25.31:382][152]LogModuleManager: Shutting down and abandoning module ProjectTargetPlatformEditor (156)
[2016.04.09-18.25.31:382][152]LogModuleManager: Shutting down and abandoning module ProjectSettingsViewer (155)
[2016.04.09-18.25.31:382][152]LogModuleManager: Shutting down and abandoning module InputBindingEditor (154)
[2016.04.09-18.25.31:383][152]LogModuleManager: Shutting down and abandoning module EditorSettingsViewer (153)
[2016.04.09-18.25.31:383][152]LogModuleManager: Shutting down and abandoning module SettingsEditor (152)
[2016.04.09-18.25.31:383][152]LogModuleManager: Shutting down and abandoning module ProjectLauncher (151)
[2016.04.09-18.25.31:383][152]LogModuleManager: Shutting down and abandoning module SessionFrontend (150)
[2016.04.09-18.25.31:383][152]LogModuleManager: Shutting down and abandoning module ProfilerClient (149)
[2016.04.09-18.25.31:383][152]LogModuleManager: Shutting down and abandoning module TargetDeviceServices (148)
[2016.04.09-18.25.31:383][152]LogModuleManager: Shutting down and abandoning module DeviceManager (147)
[2016.04.09-18.25.31:383][152]LogModuleManager: Shutting down and abandoning module AutomationController (146)
[2016.04.09-18.25.31:383][152]LogModuleManager: Shutting down and abandoning module AutomationWindow (145)
[2016.04.09-18.25.31:383][152]LogModuleManager: Shutting down and abandoning module Layers (144)
[2016.04.09-18.25.31:383][152]LogModuleManager: Shutting down and abandoning module ComponentVisualizers (143)
[2016.04.09-18.25.31:383][152]LogModuleManager: Shutting down and abandoning module DetailCustomizations (142)
[2016.04.09-18.25.31:383][152]LogModuleManager: Shutting down and abandoning module PackagesDialog (141)
[2016.04.09-18.25.31:383][152]LogModuleManager: Shutting down and abandoning module Persona (140)
[2016.04.09-18.25.31:383][152]LogModuleManager: Shutting down and abandoning module Kismet (139)
[2016.04.09-18.25.31:383][152]LogModuleManager: Shutting down and abandoning module GraphEditor (138)
[2016.04.09-18.25.31:384][152]LogModuleManager: Shutting down and abandoning module ClassViewer (137)
[2016.04.09-18.25.31:384][152]LogModuleManager: Shutting down and abandoning module Toolbox (136)
[2016.04.09-18.25.31:384][152]LogModuleManager: Shutting down and abandoning module ModuleUI (135)
[2016.04.09-18.25.31:384][152]LogModuleManager: Shutting down and abandoning module MovieSceneTools (134)
[2016.04.09-18.25.31:384][152]LogModuleManager: Shutting down and abandoning module OutputLog (133)
[2016.04.09-18.25.31:384][152]LogModuleManager: Shutting down and abandoning module GammaUI (132)
[2016.04.09-18.25.31:384][152]LogModuleManager: Shutting down and abandoning module Documentation (131)
[2016.04.09-18.25.31:384][152]LogModuleManager: Shutting down and abandoning module GameLiveStreaming (130)
[2016.04.09-18.25.31:384][152]LogModuleManager: Shutting down and abandoning module StreamingPauseRendering (129)
[2016.04.09-18.25.31:384][152]LogModuleManager: Shutting down and abandoning module AnalyticsET (128)
[2016.04.09-18.25.31:384][152]LogModuleManager: Shutting down and abandoning module Analytics (127)
[2016.04.09-18.25.31:384][152]LogModuleManager: Shutting down and abandoning module AITestSuite (126)
[2016.04.09-18.25.31:384][152]LogModuleManager: Shutting down and abandoning module GameplayDebugger (125)
[2016.04.09-18.25.31:384][152]LogModuleManager: Shutting down and abandoning module AIModule (124)
[2016.04.09-18.25.31:384][152]LogModuleManager: Shutting down and abandoning module ProfilerService (123)
[2016.04.09-18.25.31:621][152]LogModuleManager: Shutting down and abandoning module TaskGraph (122)
[2016.04.09-18.25.31:622][152]LogModuleManager: Shutting down and abandoning module SlateRemote (121)
[2016.04.09-18.25.31:622][152]LogModuleManager: Shutting down and abandoning module SteamVRController (120)
[2016.04.09-18.25.31:622][152]LogModuleManager: Shutting down and abandoning module SteamVR (119)
[2016.04.09-18.25.31:622][152]LogModuleManager: Shutting down and abandoning module ProceduralMeshComponent (118)
[2016.04.09-18.25.31:622][152]LogModuleManager: Shutting down and abandoning module OculusLibrary (117)
[2016.04.09-18.25.31:622][152]LogModuleManager: Shutting down and abandoning module OculusInput (116)
[2016.04.09-18.25.31:622][152]LogModuleManager: Shutting down and abandoning module LeapMotionController (115)
[2016.04.09-18.25.31:659][152]LogModuleManager: Shutting down and abandoning module CustomMeshComponent (114)
[2016.04.09-18.25.31:659][152]LogModuleManager: Shutting down and abandoning module CableComponent (113)
[2016.04.09-18.25.31:659][152]LogModuleManager: Shutting down and abandoning module ArchVisCharacter (112)
[2016.04.09-18.25.31:659][152]LogModuleManager: Shutting down and abandoning module MessagingDebugger (111)
[2016.04.09-18.25.31:660][152]LogModuleManager: Shutting down and abandoning module MediaPlayerEditor (110)
[2016.04.09-18.25.31:660][152]LogModuleManager: Shutting down and abandoning module HTML5Networking (109)
[2016.04.09-18.25.31:660][152]LogModuleManager: Shutting down and abandoning module SpeedTreeImporter (108)
[2016.04.09-18.25.31:660][152]LogModuleManager: Shutting down and abandoning module PluginBrowser (107)
[2016.04.09-18.25.31:660][152]LogModuleManager: Shutting down and abandoning module EpicSurvey (106)
[2016.04.09-18.25.31:660][152]LogModuleManager: Shutting down and abandoning module DesktopPlatform (105)
[2016.04.09-18.25.31:660][152]LogModuleManager: Shutting down and abandoning module VisualStudioSourceCodeAccess (104)
[2016.04.09-18.25.31:660][152]LogModuleManager: Shutting down and abandoning module UObjectPlugin (103)
[2016.04.09-18.25.31:660][152]LogModuleManager: Shutting down and abandoning module SubversionSourceControl (102)
[2016.04.09-18.25.31:660][152]LogModuleManager: Shutting down and abandoning module PerforceSourceControl (101)
[2016.04.09-18.25.31:660][152]LogModuleManager: Shutting down and abandoning module SourceControl (100)
[2016.04.09-18.25.31:660][152]LogModuleManager: Shutting down and abandoning module GitSourceControl (99)
[2016.04.09-18.25.31:660][152]LogModuleManager: Shutting down and abandoning module LightPropagationVolumeEditor (98)
[2016.04.09-18.25.31:660][152]LogModuleManager: Shutting down and abandoning module PaperTiledImporter (97)
[2016.04.09-18.25.31:660][152]LogModuleManager: Shutting down and abandoning module PaperSpriteSheetImporter (96)
[2016.04.09-18.25.31:660][152]LogModuleManager: Shutting down and abandoning module MeshPaint (95)
[2016.04.09-18.25.31:660][152]LogModuleManager: Shutting down and abandoning module SlateReflector (94)
[2016.04.09-18.25.31:660][152]LogModuleManager: Shutting down and abandoning module HotReload (93)
[2016.04.09-18.25.31:661][152]LogModuleManager: Shutting down and abandoning module MainFrame (92)
[2016.04.09-18.25.31:661][152]LogModuleManager: Shutting down and abandoning module LevelEditor (91)
[2016.04.09-18.25.31:662][152]LogModuleManager: Shutting down and abandoning module DirectoryWatcher (90)
[2016.04.09-18.25.31:664][152]LogModuleManager: Shutting down and abandoning module AssetRegistry (89)
[2016.04.09-18.25.31:803][152]LogModuleManager: Shutting down and abandoning module ContentBrowser (88)
[2016.04.09-18.25.31:805][152]LogModuleManager: Shutting down and abandoning module Paper2DEditor (87)
[2016.04.09-18.25.31:805][152]LogModuleManager: Shutting down and abandoning module UdpMessaging (86)
[2016.04.09-18.25.31:906][152]LogModuleManager: Shutting down and abandoning module LightPropagationVolumeRuntime (85)
[2016.04.09-18.25.31:906][152]LogModuleManager: Shutting down and abandoning module Paper2D (84)
[2016.04.09-18.25.31:906][152]LogModuleManager: Shutting down and abandoning module WindowsMoviePlayer (83)
[2016.04.09-18.25.31:911][152]LogModuleManager: Shutting down and abandoning module Media (82)
[2016.04.09-18.25.31:911][152]LogModuleManager: Shutting down and abandoning module WmfMedia (81)
[2016.04.09-18.25.31:911][152]LogModuleManager: Shutting down and abandoning module OnlineBlueprintSupport (80)
[2016.04.09-18.25.31:911][152]LogModuleManager: Shutting down and abandoning module GameplayTasksEditor (79)
[2016.04.09-18.25.31:911][152]LogModuleManager: Shutting down and abandoning module PropertyEditor (78)
[2016.04.09-18.25.31:912][152]LogModuleManager: Shutting down and abandoning module BehaviorTreeEditor (77)
[2016.04.09-18.25.31:912][152]LogModuleManager: Shutting down and abandoning module FunctionalTesting (76)
[2016.04.09-18.25.31:912][152]LogModuleManager: Shutting down and abandoning module CollisionAnalyzer (75)
[2016.04.09-18.25.31:912][152]LogModuleManager: Shutting down and abandoning module WorkspaceMenuStructure (74)
[2016.04.09-18.25.31:912][152]LogModuleManager: Shutting down and abandoning module MessageLog (73)
[2016.04.09-18.25.31:912][152]LogModuleManager: Shutting down and abandoning module Sequencer (72)
[2016.04.09-18.25.31:912][152]LogModuleManager: Shutting down and abandoning module AssetTools (71)
[2016.04.09-18.25.31:912][152]LogModuleManager: Shutting down and abandoning module UMGEditor (70)
[2016.04.09-18.25.31:912][152]LogModuleManager: Shutting down and abandoning module UMG (69)
[2016.04.09-18.25.31:912][152]LogModuleManager: Shutting down and abandoning module Slate (68)
[2016.04.09-18.25.31:912][152]LogModuleManager: Shutting down and abandoning module EditorStyle (67)
[2016.04.09-18.25.31:917][152]LogModuleManager: Shutting down and abandoning module SessionServices (66)
[2016.04.09-18.25.31:917][152]LogModuleManager: Shutting down and abandoning module SourceCodeAccess (65)
[2016.04.09-18.25.31:917][152]LogModuleManager: Shutting down and abandoning module HeadMountedDisplay (64)
[2016.04.09-18.25.31:917][152]LogModuleManager: Shutting down and abandoning module XAudio2 (63)
[2016.04.09-18.25.31:917][152]LogModuleManager: Shutting down and abandoning module Networking (61)
[2016.04.09-18.25.31:917][152]LogModuleManager: Shutting down and abandoning module Core (60)
[2016.04.09-18.25.31:917][152]LogModuleManager: Shutting down and abandoning module KismetCompiler (59)
[2016.04.09-18.25.31:917][152]LogModuleManager: Shutting down and abandoning module PhysXFormats (58)
[2016.04.09-18.25.31:917][152]LogModuleManager: Shutting down and abandoning module MeshUtilities (57)
[2016.04.09-18.25.31:917][152]LogModuleManager: Shutting down and abandoning module DerivedDataCache (56)
[2016.04.09-18.25.31:952][152]LogDerivedDataCache: Shutdown
[2016.04.09-18.25.31:952][152]LogModuleManager: Shutting down and abandoning module ShaderFormatOpenGL (55)
[2016.04.09-18.25.31:953][152]LogModuleManager: Shutting down and abandoning module ShaderFormatD3D (54)
[2016.04.09-18.25.31:953][152]LogModuleManager: Shutting down and abandoning module MetalShaderFormat (53)
[2016.04.09-18.25.31:953][152]LogModuleManager: Shutting down and abandoning module TextureFormatUncompressed (52)
[2016.04.09-18.25.31:953][152]LogModuleManager: Shutting down and abandoning module TextureFormatPVR (51)
[2016.04.09-18.25.31:953][152]LogModuleManager: Shutting down and abandoning module TextureFormatIntelISPCTexComp (50)
[2016.04.09-18.25.31:953][152]LogModuleManager: Shutting down and abandoning module TextureFormatDXT (49)
[2016.04.09-18.25.31:953][152]LogModuleManager: Shutting down and abandoning module ImageWrapper (48)
[2016.04.09-18.25.31:953][152]LogModuleManager: Shutting down and abandoning module TextureFormatASTC (47)
[2016.04.09-18.25.31:953][152]LogModuleManager: Shutting down and abandoning module TextureFormatAndroid (46)
[2016.04.09-18.25.31:953][152]LogModuleManager: Shutting down and abandoning module AudioFormatOpus (45)
[2016.04.09-18.25.31:953][152]LogModuleManager: Shutting down and abandoning module AudioFormatOgg (44)
[2016.04.09-18.25.31:953][152]LogModuleManager: Shutting down and abandoning module AudioFormatADPCM (43)
[2016.04.09-18.25.31:953][152]LogModuleManager: Shutting down and abandoning module LinuxTargetPlatform (42)
[2016.04.09-18.25.31:953][152]LogModuleManager: Shutting down and abandoning module LinuxServerTargetPlatform (41)
[2016.04.09-18.25.31:953][152]LogModuleManager: Shutting down and abandoning module LinuxNoEditorTargetPlatform (40)
[2016.04.09-18.25.31:953][152]LogModuleManager: Shutting down and abandoning module Messaging (39)
[2016.04.09-18.25.31:953][152]LogModuleManager: Shutting down and abandoning module IOSTargetPlatform (38)
[2016.04.09-18.25.31:953][152]LogModuleManager: Shutting down and abandoning module HTML5TargetPlatform (37)
[2016.04.09-18.25.31:953][152]LogModuleManager: Shutting down and abandoning module Android_PVRTCTargetPlatform (36)
[2016.04.09-18.25.31:953][152]LogModuleManager: Shutting down and abandoning module Android_MultiTargetPlatform (35)
[2016.04.09-18.25.31:953][152]LogModuleManager: Shutting down and abandoning module Android_ETC2TargetPlatform (34)
[2016.04.09-18.25.31:953][152]LogModuleManager: Shutting down and abandoning module Android_ETC1TargetPlatform (33)
[2016.04.09-18.25.31:953][152]LogModuleManager: Shutting down and abandoning module Android_DXTTargetPlatform (32)
[2016.04.09-18.25.31:953][152]LogModuleManager: Shutting down and abandoning module Android_ATCTargetPlatform (31)
[2016.04.09-18.25.31:953][152]LogModuleManager: Shutting down and abandoning module Android_ASTCTargetPlatform (30)
[2016.04.09-18.25.31:953][152]LogModuleManager: Shutting down and abandoning module AndroidTargetPlatform (29)
[2016.04.09-18.25.31:953][152]LogModuleManager: Shutting down and abandoning module WindowsTargetPlatform (28)
[2016.04.09-18.25.31:953][152]LogModuleManager: Shutting down and abandoning module WindowsServerTargetPlatform (27)
[2016.04.09-18.25.31:953][152]LogModuleManager: Shutting down and abandoning module WindowsNoEditorTargetPlatform (26)
[2016.04.09-18.25.31:953][152]LogModuleManager: Shutting down and abandoning module WindowsClientTargetPlatform (25)
[2016.04.09-18.25.31:953][152]LogModuleManager: Shutting down and abandoning module AllDesktopTargetPlatform (24)
[2016.04.09-18.25.31:953][152]LogModuleManager: Shutting down and abandoning module TargetPlatform (23)
[2016.04.09-18.25.31:953][152]LogModuleManager: Shutting down and abandoning module InputCore (22)
[2016.04.09-18.25.31:953][152]LogModuleManager: Shutting down and abandoning module Settings (21)
[2016.04.09-18.25.31:954][152]LogModuleManager: Shutting down and abandoning module OnlineSubsystem (19)
[2016.04.09-18.25.31:954][152]LogModuleManager: Shutting down and abandoning module HTTP (18)
[2016.04.09-18.25.32:956][152]LogModuleManager: Shutting down and abandoning module XMPP (17)
[2016.04.09-18.25.32:956][152]LogModuleManager: Shutting down and abandoning module OculusRift (16)
[2016.04.09-18.25.32:956][152]LogModuleManager: Shutting down and abandoning module ExampleDeviceProfileSelector (15)
[2016.04.09-18.25.32:956][152]LogModuleManager: Shutting down and abandoning module TextureCompressor (14)
[2016.04.09-18.25.32:956][152]LogModuleManager: Shutting down and abandoning module ShaderCore (13)
[2016.04.09-18.25.32:956][152]LogModuleManager: Shutting down and abandoning module Landscape (12)
[2016.04.09-18.25.32:956][152]LogModuleManager: Shutting down and abandoning module SlateRHIRenderer (11)
[2016.04.09-18.25.32:958][152]LogModuleManager: Shutting down and abandoning module OpenGLDrv (10)
[2016.04.09-18.25.32:958][152]LogModuleManager: Shutting down and abandoning module D3D11RHI (9)
[2016.04.09-18.25.32:958][152]LogModuleManager: Shutting down and abandoning module AnimGraphRuntime (8)
[2016.04.09-18.25.32:958][152]LogModuleManager: Shutting down and abandoning module Renderer (7)
[2016.04.09-18.25.32:958][152]LogModuleManager: Shutting down and abandoning module Engine (6)
[2016.04.09-18.25.32:958][152]LogModuleManager: Shutting down and abandoning module CoreUObject (5)
[2016.04.09-18.25.32:958][152]LogModuleManager: Shutting down and abandoning module NetworkFile (4)
[2016.04.09-18.25.32:958][152]LogModuleManager: Shutting down and abandoning module StreamingFile (3)
[2016.04.09-18.25.32:958][152]LogModuleManager: Shutting down and abandoning module SandboxFile (2)
[2016.04.09-18.25.32:958][152]LogModuleManager: Shutting down and abandoning module PakFile (1)
[2016.04.09-18.25.32:961][152]LogExit: Exiting.
[2016.04.09-18.25.32:995][152]Log file closed, 04/09/16 20:25:32
